WARNING: Solid "track_overlay" > Shape  > PBRAppearance "PBRAppearance" > ImageTexture : Texture image size of 'D:/用户/Lenovo/桌面/Robocup/generated/track_with_obstacle_start.png' is not a power of two: rescaling it from 3820x2600 to 4096x4096.
INFO: line_follow_transfer: Starting controller: python.exe -u line_follow_transfer.py
line_follow_transfer: camera=320x240, timestep=32ms
th=120 steer=0.0 ex=0.00cm ang=0.0deg z=0.0cm tg=1.00 mode=1 conf=0.00 lost=1 L=5.10 R=5.10 expx=0.0
th=120 steer=11.0 ex=0.00cm ang=0.0deg z=0.0cm tg=1.00 mode=1 conf=0.00 lost=9 L=4.09 R=4.49 expx=0.0
th=120 steer=11.0 ex=0.00cm ang=0.0deg z=0.0cm tg=1.00 mode=1 conf=0.00 lost=17 L=4.09 R=4.49 expx=0.0
th=120 steer=11.0 ex=0.00cm ang=0.0deg z=0.0cm tg=1.00 mode=1 conf=0.00 lost=25 L=4.09 R=4.49 expx=0.0
th=120 steer=11.0 ex=0.00cm ang=0.0deg z=0.0cm tg=1.00 mode=1 conf=0.00 lost=33 L=4.09 R=4.49 expx=0.0
th=120 steer=11.0 ex=0.00cm ang=0.0deg z=0.0cm tg=1.00 mode=1 conf=0.00 lost=41 L=4.09 R=4.49 expx=0.0
th=120 steer=11.0 ex=0.00cm ang=0.0deg z=0.0cm tg=1.00 mode=1 conf=0.00 lost=49 L=4.09 R=4.49 expx=0.0
th=120 steer=11.0 ex=0.00cm ang=0.0deg z=0.0cm tg=1.00 mode=1 conf=0.00 lost=57 L=4.09 R=4.49 expx=0.0
th=120 steer=11.0 ex=0.00cm ang=0.0deg z=0.0cm tg=1.00 mode=1 conf=0.00 lost=65 L=4.09 R=4.49 expx=0.0
th=120 steer=11.0 ex=0.00cm ang=0.0deg z=0.0cm tg=1.00 mode=1 conf=0.00 lost=73 L=4.09 R=4.49 expx=0.0
th=120 steer=11.0 ex=0.00cm ang=0.0deg z=0.0cm tg=1.00 mode=1 conf=0.00 lost=81 L=4.09 R=4.49 expx=0.0
th=120 steer=11.0 ex=0.00cm ang=0.0deg z=0.0cm tg=1.00 mode=1 conf=0.00 lost=89 L=4.09 R=4.49 expx=0.0
th=120 steer=11.0 ex=0.00cm ang=0.0deg z=0.0cm tg=1.00 mode=1 conf=0.00 lost=97 L=4.09 R=4.49 expx=0.0
th=120 steer=11.0 ex=0.00cm ang=0.0deg z=0.0cm tg=1.00 mode=1 conf=0.00 lost=105 L=4.09 R=4.49 expx=0.0
th=120 steer=11.0 ex=0.00cm ang=0.0deg z=0.0cm tg=1.00 mode=1 conf=0.00 lost=113 L=4.09 R=4.49 expx=0.0
th=120 steer=11.0 ex=0.00cm ang=0.0deg z=0.0cm tg=1.00 mode=1 conf=0.00 lost=121 L=4.09 R=4.49 expx=0.0
th=120 steer=11.0 ex=0.00cm ang=0.0deg z=0.0cm tg=1.00 mode=1 conf=0.00 lost=129 L=4.09 R=4.49 expx=0.0
th=120 steer=11.0 ex=0.00cm ang=0.0deg z=0.0cm tg=1.00 mode=1 conf=0.00 lost=137 L=4.09 R=4.49 expx=0.0
th=120 steer=11.0 ex=0.00cm ang=0.0deg z=0.0cm tg=1.00 mode=1 conf=0.00 lost=145 L=4.09 R=4.49 expx=0.0
th=120 steer=11.0 ex=0.00cm ang=0.0deg z=0.0cm tg=1.00 mode=1 conf=0.00 lost=153 L=4.09 R=4.49 expx=0.0
th=120 steer=11.0 ex=0.00cm ang=0.0deg z=0.0cm tg=1.00 mode=1 conf=0.00 lost=161 L=4.09 R=4.49 expx=0.0
th=120 steer=11.0 ex=0.00cm ang=0.0deg z=0.0cm tg=1.00 mode=1 conf=0.00 lost=169 L=4.09 R=4.49 expx=0.0
th=120 steer=11.0 ex=0.00cm ang=0.0deg z=0.0cm tg=1.00 mode=1 conf=0.00 lost=177 L=4.09 R=4.49 expx=0.0
th=120 steer=11.0 ex=0.00cm ang=0.0deg z=0.0cm tg=1.00 mode=1 conf=0.00 lost=185 L=4.09 R=4.49 expx=0.0
th=120 steer=11.0 ex=0.00cm ang=0.0deg z=0.0cm tg=1.00 mode=1 conf=0.00 lost=193 L=4.09 R=4.49 expx=0.0
th=120 steer=11.0 ex=0.00cm ang=0.0deg z=0.0cm tg=1.00 mode=1 conf=0.00 lost=201 L=4.09 R=4.49 expx=0.0
th=120 steer=11.0 ex=0.00cm ang=0.0deg z=0.0cm tg=1.00 mode=1 conf=0.00 lost=209 L=4.09 R=4.49 expx=0.0
th=120 steer=11.0 ex=0.00cm ang=0.0deg z=0.0cm tg=1.00 mode=1 conf=0.00 lost=217 L=4.09 R=4.49 expx=0.0
th=120 steer=11.0 ex=0.00cm ang=0.0deg z=0.0cm tg=1.00 mode=1 conf=0.00 lost=225 L=4.09 R=4.49 expx=0.0
th=120 steer=11.0 ex=0.00cm ang=0.0deg z=0.0cm tg=1.00 mode=1 conf=0.00 lost=233 L=4.09 R=4.49 expx=0.0
th=120 steer=11.0 ex=0.00cm ang=0.0deg z=0.0cm tg=1.00 mode=1 conf=0.00 lost=241 L=4.09 R=4.49 expx=0.0
th=120 steer=11.0 ex=0.00cm ang=0.0deg z=0.0cm tg=1.00 mode=1 conf=0.00 lost=249 L=4.09 R=4.49 expx=0.0
th=120 steer=11.0 ex=0.00cm ang=0.0deg z=0.0cm tg=1.00 mode=1 conf=0.00 lost=257 L=4.09 R=4.49 expx=0.0
th=120 steer=11.0 ex=0.00cm ang=0.0deg z=0.0cm tg=1.00 mode=1 conf=0.00 lost=265 L=4.09 R=4.49 expx=0.0
th=120 steer=11.0 ex=0.00cm ang=0.0deg z=0.0cm tg=1.00 mode=1 conf=0.00 lost=273 L=4.09 R=4.49 expx=0.0
th=120 steer=11.0 ex=0.00cm ang=0.0deg z=0.0cm tg=1.00 mode=1 conf=0.00 lost=281 L=4.09 R=4.49 expx=0.0
th=120 steer=11.0 ex=0.00cm ang=0.0deg z=0.0cm tg=1.00 mode=1 conf=0.00 lost=289 L=4.09 R=4.49 expx=0.0
th=120 steer=11.0 ex=0.00cm ang=0.0deg z=0.0cm tg=1.00 mode=1 conf=0.00 lost=297 L=4.09 R=4.49 expx=0.0
th=120 steer=11.0 ex=0.00cm ang=0.0deg z=0.0cm tg=1.00 mode=1 conf=0.00 lost=305 L=4.09 R=4.49 expx=0.0
th=120 steer=11.0 ex=0.00cm ang=0.0deg z=0.0cm tg=1.00 mode=1 conf=0.00 lost=313 L=4.09 R=4.49 expx=0.0
th=120 steer=11.0 ex=0.00cm ang=0.0deg z=0.0cm tg=1.00 mode=1 conf=0.00 lost=321 L=4.09 R=4.49 expx=0.0
th=120 steer=11.0 ex=0.00cm ang=0.0deg z=0.0cm tg=1.00 mode=1 conf=0.00 lost=329 L=4.09 R=4.49 expx=0.0
th=120 steer=11.0 ex=0.00cm ang=0.0deg z=0.0cm tg=1.00 mode=1 conf=0.00 lost=337 L=4.09 R=4.49 expx=0.0
th=120 steer=11.0 ex=0.00cm ang=0.0deg z=0.0cm tg=1.00 mode=1 conf=0.00 lost=345 L=4.09 R=4.49 expx=0.0
th=120 steer=11.0 ex=0.00cm ang=0.0deg z=0.0cm tg=1.00 mode=1 conf=0.00 lost=353 L=4.09 R=4.49 expx=0.0
th=120 steer=11.0 ex=0.00cm ang=0.0deg z=0.0cm tg=1.00 mode=1 conf=0.00 lost=361 L=4.09 R=4.49 expx=0.0
th=120 steer=11.0 ex=0.00cm ang=0.0deg z=0.0cm tg=1.00 mode=1 conf=0.00 lost=369 L=4.09 R=4.49 expx=0.0
th=120 steer=11.0 ex=0.00cm ang=0.0deg z=0.0cm tg=1.00 mode=1 conf=0.00 lost=377 L=4.09 R=4.49 expx=0.0
th=120 steer=11.0 ex=0.00cm ang=0.0deg z=0.0cm tg=1.00 mode=1 conf=0.00 lost=385 L=4.09 R=4.49 expx=0.0
th=120 steer=11.0 ex=0.00cm ang=0.0deg z=0.0cm tg=1.00 mode=1 conf=0.00 lost=393 L=4.09 R=4.49 expx=0.0
th=120 steer=11.0 ex=0.00cm ang=0.0deg z=0.0cm tg=1.00 mode=1 conf=0.00 lost=401 L=4.09 R=4.49 expx=0.0
th=120 steer=11.0 ex=0.00cm ang=0.0deg z=0.0cm tg=1.00 mode=1 conf=0.00 lost=409 L=4.09 R=4.49 expx=0.0
th=120 steer=11.0 ex=0.00cm ang=0.0deg z=0.0cm tg=1.00 mode=1 conf=0.00 lost=417 L=4.09 R=4.49 expx=0.0
th=120 steer=11.0 ex=0.00cm ang=0.0deg z=0.0cm tg=1.00 mode=1 conf=0.00 lost=425 L=4.09 R=4.49 expx=0.0
th=120 steer=11.0 ex=0.00cm ang=0.0deg z=0.0cm tg=1.00 mode=1 conf=0.00 lost=433 L=4.09 R=4.49 expx=0.0
th=120 steer=11.0 ex=0.00cm ang=0.0deg z=0.0cm tg=1.00 mode=1 conf=0.00 lost=441 L=4.09 R=4.49 expx=0.0
th=120 steer=11.0 ex=0.00cm ang=0.0deg z=0.0cm tg=1.00 mode=1 conf=0.00 lost=449 L=4.09 R=4.49 expx=0.0
th=120 steer=11.0 ex=0.00cm ang=0.0deg z=0.0cm tg=1.00 mode=1 conf=0.00 lost=457 L=4.09 R=4.49 expx=0.0
th=120 steer=11.0 ex=0.00cm ang=0.0deg z=0.0cm tg=1.00 mode=1 conf=0.00 lost=465 L=4.09 R=4.49 expx=0.0
th=120 steer=20.2 ex=-8.02cm ang=-31.4deg z=70.1cm tg=0.00 mode=0 conf=0.29 lost=0 L=3.88 R=4.62 expx=-34.2
th=120 steer=8.7 ex=-5.68cm ang=-21.3deg z=72.4cm tg=1.00 mode=1 conf=0.00 lost=2 L=4.30 R=4.62 expx=-22.0
th=120 steer=5.1 ex=-3.03cm ang=-24.2deg z=75.0cm tg=1.00 mode=1 conf=0.00 lost=1 L=4.63 R=4.82 expx=-11.8
th=120 steer=11.0 ex=-3.03cm ang=-24.2deg z=75.0cm tg=1.00 mode=1 conf=0.00 lost=9 L=4.09 R=4.49 expx=-11.8
th=120 steer=2.4 ex=-0.14cm ang=-24.8deg z=80.4cm tg=0.00 mode=0 conf=0.21 lost=0 L=5.75 R=5.84 expx=-0.5
th=120 steer=-0.6 ex=3.87cm ang=-50.3deg z=77.5cm tg=0.00 mode=0 conf=0.81 lost=0 L=5.96 R=5.93 expx=15.0
th=120 steer=-0.9 ex=5.43cm ang=-54.1deg z=80.4cm tg=0.00 mode=0 conf=0.64 lost=0 L=5.94 R=5.90 expx=20.5
th=120 steer=-2.7 ex=7.18cm ang=-50.3deg z=80.4cm tg=0.00 mode=0 conf=0.50 lost=0 L=5.81 R=5.71 expx=27.0
th=120 steer=-3.7 ex=8.32cm ang=-50.1deg z=83.2cm tg=0.00 mode=0 conf=0.48 lost=0 L=5.75 R=5.62 expx=30.0
th=120 steer=-3.7 ex=9.01cm ang=-50.7deg z=86.4cm tg=0.00 mode=0 conf=0.36 lost=0 L=5.75 R=5.62 expx=31.5
th=120 steer=-7.4 ex=9.27cm ang=-20.5deg z=140.2cm tg=1.00 mode=1 conf=0.31 lost=0 L=5.49 R=5.22 expx=32.2
th=120 steer=5.5 ex=-0.70cm ang=-41.8deg z=140.2cm tg=0.00 mode=0 conf=0.78 lost=0 L=5.42 R=5.63 expx=-1.5
th=120 steer=-0.4 ex=6.07cm ang=-46.0deg z=140.2cm tg=0.00 mode=0 conf=0.73 lost=0 L=5.97 R=5.96 expx=13.0
th=120 steer=-3.2 ex=11.67cm ang=-43.7deg z=140.2cm tg=0.00 mode=0 conf=0.76 lost=0 L=5.78 R=5.66 expx=25.0
th=120 steer=-5.1 ex=15.64cm ang=-42.8deg z=140.2cm tg=0.00 mode=0 conf=0.50 lost=0 L=5.65 R=5.47 expx=33.5
th=120 steer=-4.9 ex=17.68cm ang=-39.4deg z=149.6cm tg=1.00 mode=1 conf=0.00 lost=1 L=4.83 R=4.65 expx=35.8
th=120 steer=-5.0 ex=19.33cm ang=-39.5deg z=159.0cm tg=1.00 mode=1 conf=0.00 lost=4 L=4.82 R=4.64 expx=36.5
th=120 steer=11.0 ex=19.33cm ang=-39.5deg z=159.0cm tg=1.00 mode=1 conf=0.00 lost=12 L=4.09 R=4.49 expx=36.5
th=120 steer=11.0 ex=19.33cm ang=-39.5deg z=159.0cm tg=1.00 mode=1 conf=0.00 lost=20 L=4.09 R=4.49 expx=36.5
th=120 steer=11.0 ex=19.33cm ang=-39.5deg z=159.0cm tg=1.00 mode=1 conf=0.00 lost=28 L=4.09 R=4.49 expx=36.5
th=120 steer=11.0 ex=19.33cm ang=-39.5deg z=159.0cm tg=1.00 mode=1 conf=0.00 lost=36 L=4.09 R=4.49 expx=36.5
th=120 steer=11.0 ex=19.33cm ang=-39.5deg z=159.0cm tg=1.00 mode=1 conf=0.00 lost=44 L=4.09 R=4.49 expx=36.5
th=120 steer=11.0 ex=19.33cm ang=-39.5deg z=159.0cm tg=1.00 mode=1 conf=0.00 lost=52 L=4.09 R=4.49 expx=36.5
th=120 steer=11.0 ex=19.33cm ang=-39.5deg z=159.0cm tg=1.00 mode=1 conf=0.00 lost=60 L=4.09 R=4.49 expx=36.5
th=120 steer=11.0 ex=19.33cm ang=-39.5deg z=159.0cm tg=1.00 mode=1 conf=0.00 lost=68 L=4.09 R=4.49 expx=36.5
th=120 steer=11.0 ex=19.33cm ang=-39.5deg z=159.0cm tg=1.00 mode=1 conf=0.00 lost=76 L=4.09 R=4.49 expx=36.5
th=120 steer=11.0 ex=19.33cm ang=-39.5deg z=159.0cm tg=1.00 mode=1 conf=0.00 lost=84 L=4.09 R=4.49 expx=36.5
th=120 steer=11.0 ex=19.33cm ang=-39.5deg z=159.0cm tg=1.00 mode=1 conf=0.00 lost=92 L=4.09 R=4.49 expx=36.5
th=120 steer=11.0 ex=19.33cm ang=-39.5deg z=159.0cm tg=1.00 mode=1 conf=0.00 lost=100 L=4.09 R=4.49 expx=36.5
th=120 steer=11.0 ex=19.33cm ang=-39.5deg z=159.0cm tg=1.00 mode=1 conf=0.00 lost=108 L=4.09 R=4.49 expx=36.5
th=120 steer=11.0 ex=19.33cm ang=-39.5deg z=159.0cm tg=1.00 mode=1 conf=0.00 lost=116 L=4.09 R=4.49 expx=36.5
th=120 steer=11.0 ex=19.33cm ang=-39.5deg z=159.0cm tg=1.00 mode=1 conf=0.00 lost=124 L=4.09 R=4.49 expx=36.5
th=120 steer=11.0 ex=19.33cm ang=-39.5deg z=159.0cm tg=1.00 mode=1 conf=0.00 lost=132 L=4.09 R=4.49 expx=36.5
th=120 steer=11.0 ex=19.33cm ang=-39.5deg z=159.0cm tg=1.00 mode=1 conf=0.00 lost=140 L=4.09 R=4.49 expx=36.5
th=120 steer=-12.6 ex=13.95cm ang=33.7deg z=80.4cm tg=1.00 mode=1 conf=0.00 lost=1 L=4.40 R=3.94 expx=52.0
th=120 steer=11.0 ex=13.95cm ang=33.7deg z=80.4cm tg=1.00 mode=1 conf=0.00 lost=9 L=4.09 R=4.49 expx=52.0
th=120 steer=-10.6 ex=13.28cm ang=33.7deg z=86.4cm tg=1.00 mode=1 conf=0.00 lost=2 L=4.52 R=4.13 expx=46.0
th=120 steer=11.0 ex=12.41cm ang=33.7deg z=86.4cm tg=1.00 mode=1 conf=0.00 lost=7 L=4.09 R=4.49 expx=43.0
th=120 steer=-6.9 ex=8.52cm ang=29.1deg z=86.4cm tg=1.00 mode=1 conf=0.00 lost=3 L=4.72 R=4.47 expx=29.5
th=120 steer=-5.1 ex=5.28cm ang=26.6deg z=86.4cm tg=0.00 mode=0 conf=0.27 lost=0 L=5.65 R=5.46 expx=18.2
th=120 steer=-4.1 ex=2.50cm ang=35.8deg z=83.2cm tg=0.00 mode=0 conf=0.40 lost=0 L=5.72 R=5.57 expx=9.0
th=120 steer=-1.6 ex=-0.50cm ang=41.6deg z=80.4cm tg=1.00 mode=1 conf=0.00 lost=1 L=5.01 R=4.95 expx=-2.0
th=120 steer=-0.4 ex=-1.86cm ang=40.7deg z=83.6cm tg=0.00 mode=0 conf=0.29 lost=0 L=5.98 R=5.96 expx=-7.2
th=120 steer=0.7 ex=-2.84cm ang=40.7deg z=83.6cm tg=1.00 mode=1 conf=0.00 lost=5 L=5.03 R=5.06 expx=-10.8
th=120 steer=1.8 ex=-3.85cm ang=37.9deg z=86.4cm tg=1.00 mode=1 conf=0.00 lost=1 L=4.94 R=5.00 expx=-13.5
th=120 steer=2.8 ex=-5.15cm ang=37.9deg z=86.4cm tg=1.00 mode=1 conf=0.00 lost=1 L=4.84 R=4.94 expx=-18.0
th=120 steer=11.0 ex=-5.15cm ang=37.9deg z=86.4cm tg=1.00 mode=1 conf=0.00 lost=9 L=4.09 R=4.49 expx=-18.0
th=120 steer=3.8 ex=-5.73cm ang=33.7deg z=86.4cm tg=1.00 mode=1 conf=0.00 lost=2 L=4.75 R=4.89 expx=-20.0
th=120 steer=5.3 ex=-6.14cm ang=33.7deg z=83.6cm tg=0.00 mode=0 conf=0.30 lost=0 L=5.44 R=5.64 expx=-22.5
th=120 steer=5.4 ex=-6.52cm ang=34.8deg z=83.2cm tg=0.00 mode=0 conf=0.52 lost=0 L=5.44 R=5.63 expx=-23.5
th=120 steer=5.4 ex=-6.45cm ang=33.7deg z=86.4cm tg=0.00 mode=0 conf=0.36 lost=0 L=5.43 R=5.63 expx=-22.5
th=120 steer=10.4 ex=-7.36cm ang=30.5deg z=118.9cm tg=1.00 mode=1 conf=0.33 lost=0 L=4.91 R=5.29 expx=-28.2
th=120 steer=9.2 ex=-7.20cm ang=30.1deg z=118.9cm tg=1.00 mode=1 conf=0.53 lost=0 L=5.04 R=5.37 expx=-27.0
th=120 steer=5.0 ex=-5.96cm ang=31.4deg z=83.2cm tg=0.00 mode=0 conf=0.56 lost=0 L=5.48 R=5.66 expx=-21.5
th=120 steer=8.7 ex=-6.66cm ang=29.0deg z=118.9cm tg=1.00 mode=1 conf=0.37 lost=0 L=5.09 R=5.41 expx=-25.0
th=120 steer=4.2 ex=-5.44cm ang=29.1deg z=86.4cm tg=0.00 mode=0 conf=0.38 lost=0 L=5.56 R=5.72 expx=-19.0
th=120 steer=4.8 ex=-5.73cm ang=29.1deg z=86.4cm tg=0.00 mode=0 conf=0.38 lost=0 L=5.49 R=5.67 expx=-20.0
th=120 steer=4.6 ex=-5.52cm ang=26.6deg z=86.4cm tg=0.00 mode=0 conf=0.39 lost=0 L=5.51 R=5.68 expx=-19.2
th=120 steer=5.6 ex=-6.47cm ang=31.4deg z=80.4cm tg=1.00 mode=1 conf=0.00 lost=1 L=4.59 R=4.79 expx=-24.2
th=120 steer=3.8 ex=-5.30cm ang=29.1deg z=86.4cm tg=0.00 mode=0 conf=0.40 lost=0 L=5.61 R=5.74 expx=-18.5
th=120 steer=3.2 ex=-5.30cm ang=29.1deg z=86.4cm tg=1.00 mode=1 conf=0.00 lost=4 L=4.80 R=4.92 expx=-18.5
th=120 steer=11.0 ex=-5.30cm ang=29.1deg z=86.4cm tg=1.00 mode=1 conf=0.00 lost=12 L=4.09 R=4.49 expx=-18.5
th=120 steer=11.0 ex=-5.30cm ang=29.1deg z=86.4cm tg=1.00 mode=1 conf=0.00 lost=20 L=4.09 R=4.49 expx=-18.5
th=120 steer=11.0 ex=-5.30cm ang=29.1deg z=86.4cm tg=1.00 mode=1 conf=0.00 lost=28 L=4.09 R=4.49 expx=-18.5
th=120 steer=11.0 ex=-5.30cm ang=29.1deg z=86.4cm tg=1.00 mode=1 conf=0.00 lost=36 L=4.09 R=4.49 expx=-18.5
th=120 steer=11.0 ex=-5.30cm ang=29.1deg z=86.4cm tg=1.00 mode=1 conf=0.00 lost=44 L=4.09 R=4.49 expx=-18.5
th=120 steer=11.0 ex=-5.30cm ang=29.1deg z=86.4cm tg=1.00 mode=1 conf=0.00 lost=52 L=4.09 R=4.49 expx=-18.5
th=120 steer=11.0 ex=-5.30cm ang=29.1deg z=86.4cm tg=1.00 mode=1 conf=0.00 lost=60 L=4.09 R=4.49 expx=-18.5
th=120 steer=11.0 ex=-5.30cm ang=29.1deg z=86.4cm tg=1.00 mode=1 conf=0.00 lost=68 L=4.09 R=4.49 expx=-18.5
th=120 steer=11.0 ex=-5.30cm ang=29.1deg z=86.4cm tg=1.00 mode=1 conf=0.00 lost=76 L=4.09 R=4.49 expx=-18.5
th=120 steer=11.0 ex=-5.30cm ang=29.1deg z=86.4cm tg=1.00 mode=1 conf=0.00 lost=84 L=4.09 R=4.49 expx=-18.5
th=120 steer=11.0 ex=-5.30cm ang=29.1deg z=86.4cm tg=1.00 mode=1 conf=0.00 lost=92 L=4.09 R=4.49 expx=-18.5
th=120 steer=11.0 ex=-5.30cm ang=29.1deg z=86.4cm tg=1.00 mode=1 conf=0.00 lost=100 L=4.09 R=4.49 expx=-18.5
th=120 steer=11.0 ex=-5.30cm ang=29.1deg z=86.4cm tg=1.00 mode=1 conf=0.00 lost=108 L=4.09 R=4.49 expx=-18.5
th=120 steer=11.0 ex=-5.30cm ang=29.1deg z=86.4cm tg=1.00 mode=1 conf=0.00 lost=116 L=4.09 R=4.49 expx=-18.5
th=120 steer=11.0 ex=-5.30cm ang=29.1deg z=86.4cm tg=1.00 mode=1 conf=0.00 lost=124 L=4.09 R=4.49 expx=-18.5
th=120 steer=11.0 ex=-5.30cm ang=29.1deg z=86.4cm tg=1.00 mode=1 conf=0.00 lost=132 L=4.09 R=4.49 expx=-18.5
th=120 steer=11.0 ex=-5.30cm ang=29.1deg z=86.4cm tg=1.00 mode=1 conf=0.00 lost=140 L=4.09 R=4.49 expx=-18.5
th=120 steer=11.0 ex=-5.30cm ang=29.1deg z=86.4cm tg=1.00 mode=1 conf=0.00 lost=148 L=4.09 R=4.49 expx=-18.5
th=120 steer=11.0 ex=-5.30cm ang=29.1deg z=86.4cm tg=1.00 mode=1 conf=0.00 lost=156 L=4.09 R=4.49 expx=-18.5
th=120 steer=11.0 ex=-5.30cm ang=29.1deg z=86.4cm tg=1.00 mode=1 conf=0.00 lost=164 L=4.09 R=4.49 expx=-18.5
th=120 steer=11.0 ex=-5.30cm ang=29.1deg z=86.4cm tg=1.00 mode=1 conf=0.00 lost=172 L=4.09 R=4.49 expx=-18.5
th=120 steer=11.0 ex=-5.30cm ang=29.1deg z=86.4cm tg=1.00 mode=1 conf=0.00 lost=180 L=4.09 R=4.49 expx=-18.5
th=120 steer=11.0 ex=-5.30cm ang=29.1deg z=86.4cm tg=1.00 mode=1 conf=0.00 lost=188 L=4.09 R=4.49 expx=-18.5
th=120 steer=19.6 ex=-13.51cm ang=30.3deg z=72.4cm tg=0.00 mode=0 conf=0.55 lost=0 L=3.94 R=4.66 expx=-56.0
th=120 steer=14.2 ex=-10.73cm ang=30.3deg z=72.4cm tg=0.00 mode=0 conf=0.52 lost=0 L=4.50 R=5.03 expx=-44.5
th=120 steer=11.5 ex=-8.92cm ang=30.3deg z=72.4cm tg=0.00 mode=0 conf=0.52 lost=0 L=4.79 R=5.22 expx=-37.0
th=120 steer=9.5 ex=-7.72cm ang=31.4deg z=72.4cm tg=0.00 mode=0 conf=0.54 lost=0 L=5.01 R=5.35 expx=-32.0
th=120 steer=7.9 ex=-6.99cm ang=34.8deg z=72.4cm tg=0.00 mode=0 conf=0.55 lost=0 L=5.17 R=5.46 expx=-29.0
th=120 steer=6.7 ex=-6.39cm ang=35.8deg z=72.4cm tg=0.00 mode=0 conf=0.53 lost=0 L=5.29 R=5.54 expx=-26.5
th=120 steer=6.4 ex=-6.27cm ang=37.9deg z=72.4cm tg=0.00 mode=0 conf=0.53 lost=0 L=5.33 R=5.56 expx=-26.0
th=120 steer=8.1 ex=-6.97cm ang=41.6deg z=70.1cm tg=0.00 mode=0 conf=0.38 lost=0 L=5.15 R=5.45 expx=-30.0
th=120 steer=7.5 ex=-6.91cm ang=43.4deg z=70.1cm tg=0.00 mode=0 conf=0.39 lost=0 L=5.22 R=5.49 expx=-29.8
th=120 steer=5.5 ex=-6.68cm ang=46.5deg z=70.1cm tg=1.00 mode=1 conf=0.00 lost=2 L=4.60 R=4.80 expx=-28.8
th=120 steer=11.0 ex=-6.68cm ang=46.5deg z=70.1cm tg=1.00 mode=1 conf=0.00 lost=10 L=4.09 R=4.49 expx=-28.8
th=120 steer=3.1 ex=-5.33cm ang=48.0deg z=70.1cm tg=0.00 mode=0 conf=0.40 lost=0 L=5.67 R=5.79 expx=-23.0
th=120 steer=11.0 ex=-6.50cm ang=50.7deg z=70.1cm tg=1.00 mode=1 conf=0.00 lost=7 L=4.09 R=4.49 expx=-28.0
th=120 steer=11.0 ex=-6.50cm ang=50.7deg z=70.1cm tg=1.00 mode=1 conf=0.00 lost=15 L=4.09 R=4.49 expx=-28.0
th=120 steer=11.0 ex=-6.50cm ang=50.7deg z=70.1cm tg=1.00 mode=1 conf=0.00 lost=23 L=4.09 R=4.49 expx=-28.0
th=120 steer=11.0 ex=-6.50cm ang=50.7deg z=70.1cm tg=1.00 mode=1 conf=0.00 lost=31 L=4.09 R=4.49 expx=-28.0
th=120 steer=11.0 ex=-6.50cm ang=50.7deg z=70.1cm tg=1.00 mode=1 conf=0.00 lost=39 L=4.09 R=4.49 expx=-28.0
th=120 steer=11.0 ex=-6.50cm ang=50.7deg z=70.1cm tg=1.00 mode=1 conf=0.00 lost=47 L=4.09 R=4.49 expx=-28.0
th=120 steer=11.0 ex=-6.50cm ang=50.7deg z=70.1cm tg=1.00 mode=1 conf=0.00 lost=55 L=4.09 R=4.49 expx=-28.0
th=120 steer=11.0 ex=-6.50cm ang=50.7deg z=70.1cm tg=1.00 mode=1 conf=0.00 lost=63 L=4.09 R=4.49 expx=-28.0
th=120 steer=11.0 ex=-6.50cm ang=50.7deg z=70.1cm tg=1.00 mode=1 conf=0.00 lost=71 L=4.09 R=4.49 expx=-28.0
th=120 steer=11.0 ex=-6.50cm ang=50.7deg z=70.1cm tg=1.00 mode=1 conf=0.00 lost=79 L=4.09 R=4.49 expx=-28.0
th=120 steer=11.0 ex=-6.50cm ang=50.7deg z=70.1cm tg=1.00 mode=1 conf=0.00 lost=87 L=4.09 R=4.49 expx=-28.0
th=120 steer=11.0 ex=-6.50cm ang=50.7deg z=70.1cm tg=1.00 mode=1 conf=0.00 lost=95 L=4.09 R=4.49 expx=-28.0
th=120 steer=11.0 ex=-6.50cm ang=50.7deg z=70.1cm tg=1.00 mode=1 conf=0.00 lost=103 L=4.09 R=4.49 expx=-28.0
th=120 steer=11.0 ex=-6.50cm ang=50.7deg z=70.1cm tg=1.00 mode=1 conf=0.00 lost=111 L=4.09 R=4.49 expx=-28.0
th=120 steer=11.0 ex=-6.50cm ang=50.7deg z=70.1cm tg=1.00 mode=1 conf=0.00 lost=119 L=4.09 R=4.49 expx=-28.0
th=120 steer=11.0 ex=-6.50cm ang=50.7deg z=70.1cm tg=1.00 mode=1 conf=0.00 lost=127 L=4.09 R=4.49 expx=-28.0
th=120 steer=11.0 ex=-6.50cm ang=50.7deg z=70.1cm tg=1.00 mode=1 conf=0.00 lost=135 L=4.09 R=4.49 expx=-28.0
th=120 steer=11.0 ex=-6.50cm ang=50.7deg z=70.1cm tg=1.00 mode=1 conf=0.00 lost=143 L=4.09 R=4.49 expx=-28.0
th=120 steer=11.0 ex=-6.50cm ang=50.7deg z=70.1cm tg=1.00 mode=1 conf=0.00 lost=151 L=4.09 R=4.49 expx=-28.0
th=120 steer=11.0 ex=-6.50cm ang=50.7deg z=70.1cm tg=1.00 mode=1 conf=0.00 lost=159 L=4.09 R=4.49 expx=-28.0
th=120 steer=11.0 ex=-6.50cm ang=50.7deg z=70.1cm tg=1.00 mode=1 conf=0.00 lost=167 L=4.09 R=4.49 expx=-28.0
th=120 steer=11.0 ex=-6.50cm ang=50.7deg z=70.1cm tg=1.00 mode=1 conf=0.00 lost=175 L=4.09 R=4.49 expx=-28.0
th=120 steer=11.0 ex=-6.50cm ang=50.7deg z=70.1cm tg=1.00 mode=1 conf=0.00 lost=183 L=4.09 R=4.49 expx=-28.0
th=120 steer=11.0 ex=-6.50cm ang=50.7deg z=70.1cm tg=1.00 mode=1 conf=0.00 lost=191 L=4.09 R=4.49 expx=-28.0
th=120 steer=11.0 ex=-6.50cm ang=50.7deg z=70.1cm tg=1.00 mode=1 conf=0.00 lost=199 L=4.09 R=4.49 expx=-28.0
th=120 steer=11.0 ex=-6.50cm ang=50.7deg z=70.1cm tg=1.00 mode=1 conf=0.00 lost=207 L=4.09 R=4.49 expx=-28.0
th=120 steer=11.0 ex=-6.50cm ang=50.7deg z=70.1cm tg=1.00 mode=1 conf=0.00 lost=215 L=4.09 R=4.49 expx=-28.0
th=120 steer=11.0 ex=-6.50cm ang=50.7deg z=70.1cm tg=1.00 mode=1 conf=0.00 lost=223 L=4.09 R=4.49 expx=-28.0
th=120 steer=11.0 ex=-6.50cm ang=50.7deg z=70.1cm tg=1.00 mode=1 conf=0.00 lost=231 L=4.09 R=4.49 expx=-28.0
th=120 steer=11.0 ex=-6.50cm ang=50.7deg z=70.1cm tg=1.00 mode=1 conf=0.00 lost=239 L=4.09 R=4.49 expx=-28.0
th=120 steer=11.0 ex=-6.50cm ang=50.7deg z=70.1cm tg=1.00 mode=1 conf=0.00 lost=247 L=4.09 R=4.49 expx=-28.0
th=120 steer=11.0 ex=-6.50cm ang=50.7deg z=70.1cm tg=1.00 mode=1 conf=0.00 lost=255 L=4.09 R=4.49 expx=-28.0
th=120 steer=11.0 ex=-6.50cm ang=50.7deg z=70.1cm tg=1.00 mode=1 conf=0.00 lost=263 L=4.09 R=4.49 expx=-28.0
th=120 steer=11.0 ex=-6.50cm ang=50.7deg z=70.1cm tg=1.00 mode=1 conf=0.00 lost=271 L=4.09 R=4.49 expx=-28.0
th=120 steer=11.0 ex=-6.50cm ang=50.7deg z=70.1cm tg=1.00 mode=1 conf=0.00 lost=279 L=4.09 R=4.49 expx=-28.0
th=120 steer=11.0 ex=-6.50cm ang=50.7deg z=70.1cm tg=1.00 mode=1 conf=0.00 lost=287 L=4.09 R=4.49 expx=-28.0
th=120 steer=11.0 ex=-6.50cm ang=50.7deg z=70.1cm tg=1.00 mode=1 conf=0.00 lost=295 L=4.09 R=4.49 expx=-28.0
th=120 steer=11.0 ex=-6.50cm ang=50.7deg z=70.1cm tg=1.00 mode=1 conf=0.00 lost=303 L=4.09 R=4.49 expx=-28.0
th=120 steer=11.0 ex=-6.50cm ang=50.7deg z=70.1cm tg=1.00 mode=1 conf=0.00 lost=311 L=4.09 R=4.49 expx=-28.0
th=120 steer=11.0 ex=-6.50cm ang=50.7deg z=70.1cm tg=1.00 mode=1 conf=0.00 lost=319 L=4.09 R=4.49 expx=-28.0
th=120 steer=11.0 ex=-6.50cm ang=50.7deg z=70.1cm tg=1.00 mode=1 conf=0.00 lost=327 L=4.09 R=4.49 expx=-28.0
th=120 steer=11.0 ex=-6.50cm ang=50.7deg z=70.1cm tg=1.00 mode=1 conf=0.00 lost=335 L=4.09 R=4.49 expx=-28.0
th=120 steer=11.0 ex=-6.50cm ang=50.7deg z=70.1cm tg=1.00 mode=1 conf=0.00 lost=343 L=4.09 R=4.49 expx=-28.0
th=120 steer=11.0 ex=-6.50cm ang=50.7deg z=70.1cm tg=1.00 mode=1 conf=0.00 lost=351 L=4.09 R=4.49 expx=-28.0
th=120 steer=11.0 ex=-6.50cm ang=50.7deg z=70.1cm tg=1.00 mode=1 conf=0.00 lost=359 L=4.09 R=4.49 expx=-28.0
th=120 steer=11.0 ex=-6.50cm ang=50.7deg z=70.1cm tg=1.00 mode=1 conf=0.00 lost=367 L=4.09 R=4.49 expx=-28.0
th=120 steer=11.0 ex=-6.50cm ang=50.7deg z=70.1cm tg=1.00 mode=1 conf=0.00 lost=375 L=4.09 R=4.49 expx=-28.0
th=120 steer=11.0 ex=-6.50cm ang=50.7deg z=70.1cm tg=1.00 mode=1 conf=0.00 lost=383 L=4.09 R=4.49 expx=-28.0
th=120 steer=11.0 ex=-6.50cm ang=50.7deg z=70.1cm tg=1.00 mode=1 conf=0.00 lost=391 L=4.09 R=4.49 expx=-28.0
th=120 steer=11.0 ex=-6.50cm ang=50.7deg z=70.1cm tg=1.00 mode=1 conf=0.00 lost=399 L=4.09 R=4.49 expx=-28.0
th=120 steer=11.0 ex=-6.50cm ang=50.7deg z=70.1cm tg=1.00 mode=1 conf=0.00 lost=407 L=4.09 R=4.49 expx=-28.0
th=120 steer=11.0 ex=-6.50cm ang=50.7deg z=70.1cm tg=1.00 mode=1 conf=0.00 lost=415 L=4.09 R=4.49 expx=-28.0
th=120 steer=11.0 ex=-6.50cm ang=50.7deg z=70.1cm tg=1.00 mode=1 conf=0.00 lost=423 L=4.09 R=4.49 expx=-28.0
th=120 steer=11.0 ex=-6.50cm ang=50.7deg z=70.1cm tg=1.00 mode=1 conf=0.00 lost=431 L=4.09 R=4.49 expx=-28.0
th=120 steer=11.0 ex=-6.50cm ang=50.7deg z=70.1cm tg=1.00 mode=1 conf=0.00 lost=439 L=4.09 R=4.49 expx=-28.0
th=120 steer=11.0 ex=-6.50cm ang=50.7deg z=70.1cm tg=1.00 mode=1 conf=0.00 lost=447 L=4.09 R=4.49 expx=-28.0
th=120 steer=11.0 ex=-6.50cm ang=50.7deg z=70.1cm tg=1.00 mode=1 conf=0.00 lost=455 L=4.09 R=4.49 expx=-28.0
th=120 steer=11.0 ex=-6.50cm ang=50.7deg z=70.1cm tg=1.00 mode=1 conf=0.00 lost=463 L=4.09 R=4.49 expx=-28.0
th=120 steer=11.0 ex=-6.50cm ang=50.7deg z=70.1cm tg=1.00 mode=1 conf=0.00 lost=471 L=4.09 R=4.49 expx=-28.0
th=120 steer=11.0 ex=-6.50cm ang=50.7deg z=70.1cm tg=1.00 mode=1 conf=0.00 lost=479 L=4.09 R=4.49 expx=-28.0
th=120 steer=11.0 ex=-6.50cm ang=50.7deg z=70.1cm tg=1.00 mode=1 conf=0.00 lost=487 L=4.09 R=4.49 expx=-28.0
th=120 steer=11.0 ex=-6.50cm ang=50.7deg z=70.1cm tg=1.00 mode=1 conf=0.00 lost=495 L=4.09 R=4.49 expx=-28.0
th=120 steer=11.0 ex=-6.50cm ang=50.7deg z=70.1cm tg=1.00 mode=1 conf=0.00 lost=503 L=4.09 R=4.49 expx=-28.0
th=120 steer=11.0 ex=-6.50cm ang=50.7deg z=70.1cm tg=1.00 mode=1 conf=0.00 lost=511 L=4.09 R=4.49 expx=-28.0
th=120 steer=11.0 ex=-6.50cm ang=50.7deg z=70.1cm tg=1.00 mode=1 conf=0.00 lost=519 L=4.09 R=4.49 expx=-28.0
th=120 steer=11.0 ex=-6.50cm ang=50.7deg z=70.1cm tg=1.00 mode=1 conf=0.00 lost=527 L=4.09 R=4.49 expx=-28.0
th=120 steer=11.0 ex=-6.50cm ang=50.7deg z=70.1cm tg=1.00 mode=1 conf=0.00 lost=535 L=4.09 R=4.49 expx=-28.0
th=120 steer=11.0 ex=-6.50cm ang=50.7deg z=70.1cm tg=1.00 mode=1 conf=0.00 lost=543 L=4.09 R=4.49 expx=-28.0
th=120 steer=11.0 ex=-6.50cm ang=50.7deg z=70.1cm tg=1.00 mode=1 conf=0.00 lost=551 L=4.09 R=4.49 expx=-28.0
th=120 steer=11.0 ex=-6.50cm ang=50.7deg z=70.1cm tg=1.00 mode=1 conf=0.00 lost=559 L=4.09 R=4.49 expx=-28.0
th=120 steer=11.0 ex=-6.50cm ang=50.7deg z=70.1cm tg=1.00 mode=1 conf=0.00 lost=567 L=4.09 R=4.49 expx=-28.0
th=120 steer=11.0 ex=-6.50cm ang=50.7deg z=70.1cm tg=1.00 mode=1 conf=0.00 lost=575 L=4.09 R=4.49 expx=-28.0
th=120 steer=11.0 ex=-6.50cm ang=50.7deg z=70.1cm tg=1.00 mode=1 conf=0.00 lost=583 L=4.09 R=4.49 expx=-28.0
th=120 steer=11.0 ex=-6.50cm ang=50.7deg z=70.1cm tg=1.00 mode=1 conf=0.00 lost=591 L=4.09 R=4.49 expx=-28.0
th=120 steer=11.0 ex=-6.50cm ang=50.7deg z=70.1cm tg=1.00 mode=1 conf=0.00 lost=599 L=4.09 R=4.49 expx=-28.0
th=120 steer=11.0 ex=-6.50cm ang=50.7deg z=70.1cm tg=1.00 mode=1 conf=0.00 lost=607 L=4.09 R=4.49 expx=-28.0
th=120 steer=11.0 ex=-6.50cm ang=50.7deg z=70.1cm tg=1.00 mode=1 conf=0.00 lost=615 L=4.09 R=4.49 expx=-28.0
th=120 steer=11.0 ex=-6.50cm ang=50.7deg z=70.1cm tg=1.00 mode=1 conf=0.00 lost=623 L=4.09 R=4.49 expx=-28.0
th=120 steer=11.0 ex=-6.50cm ang=50.7deg z=70.1cm tg=1.00 mode=1 conf=0.00 lost=631 L=4.09 R=4.49 expx=-28.0
th=120 steer=11.0 ex=-6.50cm ang=50.7deg z=70.1cm tg=1.00 mode=1 conf=0.00 lost=639 L=4.09 R=4.49 expx=-28.0
th=120 steer=11.0 ex=-6.50cm ang=50.7deg z=70.1cm tg=1.00 mode=1 conf=0.00 lost=647 L=4.09 R=4.49 expx=-28.0
th=120 steer=11.0 ex=-6.50cm ang=50.7deg z=70.1cm tg=1.00 mode=1 conf=0.00 lost=655 L=4.09 R=4.49 expx=-28.0
th=120 steer=11.0 ex=-6.50cm ang=50.7deg z=70.1cm tg=1.00 mode=1 conf=0.00 lost=663 L=4.09 R=4.49 expx=-28.0
th=120 steer=11.0 ex=-6.50cm ang=50.7deg z=70.1cm tg=1.00 mode=1 conf=0.00 lost=671 L=4.09 R=4.49 expx=-28.0
th=120 steer=11.0 ex=-6.50cm ang=50.7deg z=70.1cm tg=1.00 mode=1 conf=0.00 lost=679 L=4.09 R=4.49 expx=-28.0
th=120 steer=11.0 ex=-6.50cm ang=50.7deg z=70.1cm tg=1.00 mode=1 conf=0.00 lost=687 L=4.09 R=4.49 expx=-28.0
th=120 steer=11.0 ex=-6.50cm ang=50.7deg z=70.1cm tg=1.00 mode=1 conf=0.00 lost=695 L=4.09 R=4.49 expx=-28.0
th=120 steer=11.0 ex=-6.50cm ang=50.7deg z=70.1cm tg=1.00 mode=1 conf=0.00 lost=703 L=4.09 R=4.49 expx=-28.0
th=120 steer=11.0 ex=-6.50cm ang=50.7deg z=70.1cm tg=1.00 mode=1 conf=0.00 lost=711 L=4.09 R=4.49 expx=-28.0
th=120 steer=11.0 ex=-6.50cm ang=50.7deg z=70.1cm tg=1.00 mode=1 conf=0.00 lost=719 L=4.09 R=4.49 expx=-28.0
th=120 steer=11.0 ex=-6.50cm ang=50.7deg z=70.1cm tg=1.00 mode=1 conf=0.00 lost=727 L=4.09 R=4.49 expx=-28.0
th=120 steer=11.0 ex=-6.50cm ang=50.7deg z=70.1cm tg=1.00 mode=1 conf=0.00 lost=735 L=4.09 R=4.49 expx=-28.0
th=120 steer=11.0 ex=-6.50cm ang=50.7deg z=70.1cm tg=1.00 mode=1 conf=0.00 lost=743 L=4.09 R=4.49 expx=-28.0
th=120 steer=11.0 ex=-6.50cm ang=50.7deg z=70.1cm tg=1.00 mode=1 conf=0.00 lost=751 L=4.09 R=4.49 expx=-28.0
th=120 steer=11.0 ex=-6.50cm ang=50.7deg z=70.1cm tg=1.00 mode=1 conf=0.00 lost=759 L=4.09 R=4.49 expx=-28.0
th=120 steer=11.0 ex=-6.50cm ang=50.7deg z=70.1cm tg=1.00 mode=1 conf=0.00 lost=767 L=4.09 R=4.49 expx=-28.0
th=120 steer=11.0 ex=-6.50cm ang=50.7deg z=70.1cm tg=1.00 mode=1 conf=0.00 lost=775 L=4.09 R=4.49 expx=-28.0
th=120 steer=11.0 ex=-6.50cm ang=50.7deg z=70.1cm tg=1.00 mode=1 conf=0.00 lost=783 L=4.09 R=4.49 expx=-28.0
th=120 steer=11.0 ex=-6.50cm ang=50.7deg z=70.1cm tg=1.00 mode=1 conf=0.00 lost=791 L=4.09 R=4.49 expx=-28.0
th=120 steer=11.0 ex=-6.50cm ang=50.7deg z=70.1cm tg=1.00 mode=1 conf=0.00 lost=799 L=4.09 R=4.49 expx=-28.0
th=120 steer=11.0 ex=-6.50cm ang=50.7deg z=70.1cm tg=1.00 mode=1 conf=0.00 lost=807 L=4.09 R=4.49 expx=-28.0
th=120 steer=11.0 ex=-6.50cm ang=50.7deg z=70.1cm tg=1.00 mode=1 conf=0.00 lost=815 L=4.09 R=4.49 expx=-28.0
th=120 steer=11.0 ex=-6.50cm ang=50.7deg z=70.1cm tg=1.00 mode=1 conf=0.00 lost=823 L=4.09 R=4.49 expx=-28.0
th=120 steer=11.0 ex=-6.50cm ang=50.7deg z=70.1cm tg=1.00 mode=1 conf=0.00 lost=831 L=4.09 R=4.49 expx=-28.0
th=120 steer=11.0 ex=-6.50cm ang=50.7deg z=70.1cm tg=1.00 mode=1 conf=0.00 lost=839 L=4.09 R=4.49 expx=-28.0
th=120 steer=11.0 ex=-6.50cm ang=50.7deg z=70.1cm tg=1.00 mode=1 conf=0.00 lost=847 L=4.09 R=4.49 expx=-28.0
th=120 steer=11.0 ex=-6.50cm ang=50.7deg z=70.1cm tg=1.00 mode=1 conf=0.00 lost=855 L=4.09 R=4.49 expx=-28.0
th=120 steer=11.0 ex=-6.50cm ang=50.7deg z=70.1cm tg=1.00 mode=1 conf=0.00 lost=863 L=4.09 R=4.49 expx=-28.0
th=120 steer=11.0 ex=-6.50cm ang=50.7deg z=70.1cm tg=1.00 mode=1 conf=0.00 lost=871 L=4.09 R=4.49 expx=-28.0
th=120 steer=11.0 ex=-6.50cm ang=50.7deg z=70.1cm tg=1.00 mode=1 conf=0.00 lost=879 L=4.09 R=4.49 expx=-28.0
th=120 steer=11.0 ex=-6.50cm ang=50.7deg z=70.1cm tg=1.00 mode=1 conf=0.00 lost=887 L=4.09 R=4.49 expx=-28.0
th=120 steer=11.0 ex=-6.50cm ang=50.7deg z=70.1cm tg=1.00 mode=1 conf=0.00 lost=895 L=4.09 R=4.49 expx=-28.0
th=120 steer=11.0 ex=-6.50cm ang=50.7deg z=70.1cm tg=1.00 mode=1 conf=0.00 lost=903 L=4.09 R=4.49 expx=-28.0
th=120 steer=11.0 ex=-6.50cm ang=50.7deg z=70.1cm tg=1.00 mode=1 conf=0.00 lost=911 L=4.09 R=4.49 expx=-28.0
th=120 steer=11.0 ex=-6.50cm ang=50.7deg z=70.1cm tg=1.00 mode=1 conf=0.00 lost=919 L=4.09 R=4.49 expx=-28.0
th=120 steer=11.0 ex=-6.50cm ang=50.7deg z=70.1cm tg=1.00 mode=1 conf=0.00 lost=927 L=4.09 R=4.49 expx=-28.0
th=120 steer=11.0 ex=-6.50cm ang=50.7deg z=70.1cm tg=1.00 mode=1 conf=0.00 lost=935 L=4.09 R=4.49 expx=-28.0
th=120 steer=11.0 ex=-6.50cm ang=50.7deg z=70.1cm tg=1.00 mode=1 conf=0.00 lost=943 L=4.09 R=4.49 expx=-28.0
th=120 steer=11.0 ex=-6.50cm ang=50.7deg z=70.1cm tg=1.00 mode=1 conf=0.00 lost=951 L=4.09 R=4.49 expx=-28.0
th=120 steer=11.0 ex=-6.50cm ang=50.7deg z=70.1cm tg=1.00 mode=1 conf=0.00 lost=959 L=4.09 R=4.49 expx=-28.0
th=120 steer=11.0 ex=-6.50cm ang=50.7deg z=70.1cm tg=1.00 mode=1 conf=0.00 lost=967 L=4.09 R=4.49 expx=-28.0
th=120 steer=11.0 ex=-6.50cm ang=50.7deg z=70.1cm tg=1.00 mode=1 conf=0.00 lost=975 L=4.09 R=4.49 expx=-28.0
th=120 steer=11.0 ex=-6.50cm ang=50.7deg z=70.1cm tg=1.00 mode=1 conf=0.00 lost=983 L=4.09 R=4.49 expx=-28.0
th=120 steer=11.0 ex=-6.50cm ang=50.7deg z=70.1cm tg=1.00 mode=1 conf=0.00 lost=991 L=4.09 R=4.49 expx=-28.0
th=120 steer=11.0 ex=-6.50cm ang=50.7deg z=70.1cm tg=1.00 mode=1 conf=0.00 lost=999 L=4.09 R=4.49 expx=-28.0
th=120 steer=11.0 ex=-6.50cm ang=50.7deg z=70.1cm tg=1.00 mode=1 conf=0.00 lost=1007 L=4.09 R=4.49 expx=-28.0
th=120 steer=11.0 ex=-6.50cm ang=50.7deg z=70.1cm tg=1.00 mode=1 conf=0.00 lost=1015 L=4.09 R=4.49 expx=-28.0
th=120 steer=7.6 ex=-9.08cm ang=52.0deg z=86.4cm tg=0.00 mode=0 conf=0.39 lost=0 L=5.20 R=5.48 expx=-31.8
th=120 steer=11.0 ex=-10.09cm ang=52.0deg z=86.4cm tg=1.00 mode=1 conf=0.00 lost=7 L=4.09 R=4.49 expx=-35.2
th=120 steer=6.7 ex=-9.23cm ang=49.4deg z=86.4cm tg=1.00 mode=1 conf=0.00 lost=6 L=4.48 R=4.73 expx=-32.2
th=120 steer=7.2 ex=-9.45cm ang=48.0deg z=86.4cm tg=1.00 mode=1 conf=0.00 lost=1 L=4.44 R=4.70 expx=-33.0
th=120 steer=11.0 ex=-9.45cm ang=48.0deg z=86.4cm tg=1.00 mode=1 conf=0.00 lost=9 L=4.09 R=4.49 expx=-33.0
th=120 steer=11.0 ex=-9.45cm ang=48.0deg z=86.4cm tg=1.00 mode=1 conf=0.00 lost=17 L=4.09 R=4.49 expx=-33.0
th=120 steer=11.0 ex=-9.45cm ang=48.0deg z=86.4cm tg=1.00 mode=1 conf=0.00 lost=25 L=4.09 R=4.49 expx=-33.0
th=120 steer=11.0 ex=-9.45cm ang=48.0deg z=86.4cm tg=1.00 mode=1 conf=0.00 lost=33 L=4.09 R=4.49 expx=-33.0
th=120 steer=11.0 ex=-9.45cm ang=48.0deg z=86.4cm tg=1.00 mode=1 conf=0.00 lost=41 L=4.09 R=4.49 expx=-33.0
th=120 steer=11.0 ex=-9.45cm ang=48.0deg z=86.4cm tg=1.00 mode=1 conf=0.00 lost=49 L=4.09 R=4.49 expx=-33.0
th=120 steer=11.0 ex=-9.45cm ang=48.0deg z=86.4cm tg=1.00 mode=1 conf=0.00 lost=57 L=4.09 R=4.49 expx=-33.0
th=120 steer=11.0 ex=-9.45cm ang=48.0deg z=86.4cm tg=1.00 mode=1 conf=0.00 lost=65 L=4.09 R=4.49 expx=-33.0
th=120 steer=11.0 ex=-9.45cm ang=48.0deg z=86.4cm tg=1.00 mode=1 conf=0.00 lost=73 L=4.09 R=4.49 expx=-33.0
th=120 steer=11.0 ex=-9.45cm ang=48.0deg z=86.4cm tg=1.00 mode=1 conf=0.00 lost=81 L=4.09 R=4.49 expx=-33.0
th=120 steer=11.0 ex=-9.45cm ang=48.0deg z=86.4cm tg=1.00 mode=1 conf=0.00 lost=89 L=4.09 R=4.49 expx=-33.0
th=120 steer=11.0 ex=-9.45cm ang=48.0deg z=86.4cm tg=1.00 mode=1 conf=0.00 lost=97 L=4.09 R=4.49 expx=-33.0
th=120 steer=11.0 ex=-9.45cm ang=48.0deg z=86.4cm tg=1.00 mode=1 conf=0.00 lost=105 L=4.09 R=4.49 expx=-33.0
th=120 steer=11.0 ex=-9.45cm ang=48.0deg z=86.4cm tg=1.00 mode=1 conf=0.00 lost=113 L=4.09 R=4.49 expx=-33.0
th=120 steer=11.0 ex=-9.45cm ang=48.0deg z=86.4cm tg=1.00 mode=1 conf=0.00 lost=121 L=4.09 R=4.49 expx=-33.0
th=120 steer=11.0 ex=-9.45cm ang=48.0deg z=86.4cm tg=1.00 mode=1 conf=0.00 lost=129 L=4.09 R=4.49 expx=-33.0
th=120 steer=11.0 ex=-9.45cm ang=48.0deg z=86.4cm tg=1.00 mode=1 conf=0.00 lost=137 L=4.09 R=4.49 expx=-33.0
th=120 steer=11.0 ex=-9.45cm ang=48.0deg z=86.4cm tg=1.00 mode=1 conf=0.00 lost=145 L=4.09 R=4.49 expx=-33.0
th=120 steer=11.0 ex=-9.45cm ang=48.0deg z=86.4cm tg=1.00 mode=1 conf=0.00 lost=153 L=4.09 R=4.49 expx=-33.0
th=120 steer=11.0 ex=-9.45cm ang=48.0deg z=86.4cm tg=1.00 mode=1 conf=0.00 lost=161 L=4.09 R=4.49 expx=-33.0
th=120 steer=11.0 ex=-9.45cm ang=48.0deg z=86.4cm tg=1.00 mode=1 conf=0.00 lost=169 L=4.09 R=4.49 expx=-33.0
th=120 steer=11.0 ex=-9.45cm ang=48.0deg z=86.4cm tg=1.00 mode=1 conf=0.00 lost=177 L=4.09 R=4.49 expx=-33.0
th=120 steer=11.0 ex=-9.45cm ang=48.0deg z=86.4cm tg=1.00 mode=1 conf=0.00 lost=185 L=4.09 R=4.49 expx=-33.0
th=120 steer=11.0 ex=-9.45cm ang=48.0deg z=86.4cm tg=1.00 mode=1 conf=0.00 lost=193 L=4.09 R=4.49 expx=-33.0
th=120 steer=11.0 ex=-9.45cm ang=48.0deg z=86.4cm tg=1.00 mode=1 conf=0.00 lost=201 L=4.09 R=4.49 expx=-33.0
th=120 steer=11.0 ex=-9.45cm ang=48.0deg z=86.4cm tg=1.00 mode=1 conf=0.00 lost=209 L=4.09 R=4.49 expx=-33.0
th=120 steer=11.0 ex=-9.45cm ang=48.0deg z=86.4cm tg=1.00 mode=1 conf=0.00 lost=217 L=4.09 R=4.49 expx=-33.0
th=120 steer=11.0 ex=-9.45cm ang=48.0deg z=86.4cm tg=1.00 mode=1 conf=0.00 lost=225 L=4.09 R=4.49 expx=-33.0
th=120 steer=11.0 ex=-9.45cm ang=48.0deg z=86.4cm tg=1.00 mode=1 conf=0.00 lost=233 L=4.09 R=4.49 expx=-33.0
th=120 steer=11.0 ex=-9.45cm ang=48.0deg z=86.4cm tg=1.00 mode=1 conf=0.00 lost=241 L=4.09 R=4.49 expx=-33.0
th=120 steer=11.0 ex=-9.45cm ang=48.0deg z=86.4cm tg=1.00 mode=1 conf=0.00 lost=249 L=4.09 R=4.49 expx=-33.0
th=120 steer=11.0 ex=-9.45cm ang=48.0deg z=86.4cm tg=1.00 mode=1 conf=0.00 lost=257 L=4.09 R=4.49 expx=-33.0
th=120 steer=11.0 ex=-9.45cm ang=48.0deg z=86.4cm tg=1.00 mode=1 conf=0.00 lost=265 L=4.09 R=4.49 expx=-33.0
th=120 steer=11.0 ex=-9.45cm ang=48.0deg z=86.4cm tg=1.00 mode=1 conf=0.00 lost=273 L=4.09 R=4.49 expx=-33.0
th=120 steer=11.0 ex=-9.45cm ang=48.0deg z=86.4cm tg=1.00 mode=1 conf=0.00 lost=281 L=4.09 R=4.49 expx=-33.0
th=120 steer=11.0 ex=-9.45cm ang=48.0deg z=86.4cm tg=1.00 mode=1 conf=0.00 lost=289 L=4.09 R=4.49 expx=-33.0
th=120 steer=11.0 ex=-9.45cm ang=48.0deg z=86.4cm tg=1.00 mode=1 conf=0.00 lost=297 L=4.09 R=4.49 expx=-33.0
th=120 steer=11.0 ex=-9.45cm ang=48.0deg z=86.4cm tg=1.00 mode=1 conf=0.00 lost=305 L=4.09 R=4.49 expx=-33.0
th=120 steer=11.0 ex=-9.45cm ang=48.0deg z=86.4cm tg=1.00 mode=1 conf=0.00 lost=313 L=4.09 R=4.49 expx=-33.0
th=120 steer=11.0 ex=-9.45cm ang=48.0deg z=86.4cm tg=1.00 mode=1 conf=0.00 lost=321 L=4.09 R=4.49 expx=-33.0
th=120 steer=11.0 ex=-9.45cm ang=48.0deg z=86.4cm tg=1.00 mode=1 conf=0.00 lost=329 L=4.09 R=4.49 expx=-33.0
th=120 steer=11.0 ex=-9.45cm ang=48.0deg z=86.4cm tg=1.00 mode=1 conf=0.00 lost=337 L=4.09 R=4.49 expx=-33.0
th=120 steer=11.0 ex=-9.45cm ang=48.0deg z=86.4cm tg=1.00 mode=1 conf=0.00 lost=345 L=4.09 R=4.49 expx=-33.0
th=120 steer=11.0 ex=-9.45cm ang=48.0deg z=86.4cm tg=1.00 mode=1 conf=0.00 lost=353 L=4.09 R=4.49 expx=-33.0
th=120 steer=11.0 ex=-9.45cm ang=48.0deg z=86.4cm tg=1.00 mode=1 conf=0.00 lost=361 L=4.09 R=4.49 expx=-33.0
th=120 steer=11.0 ex=-9.45cm ang=48.0deg z=86.4cm tg=1.00 mode=1 conf=0.00 lost=369 L=4.09 R=4.49 expx=-33.0
th=120 steer=11.0 ex=-9.45cm ang=48.0deg z=86.4cm tg=1.00 mode=1 conf=0.00 lost=377 L=4.09 R=4.49 expx=-33.0
th=120 steer=11.0 ex=-9.45cm ang=48.0deg z=86.4cm tg=1.00 mode=1 conf=0.00 lost=385 L=4.09 R=4.49 expx=-33.0
th=120 steer=11.0 ex=-9.45cm ang=48.0deg z=86.4cm tg=1.00 mode=1 conf=0.00 lost=393 L=4.09 R=4.49 expx=-33.0
th=120 steer=-1.3 ex=-2.70cm ang=52.0deg z=70.1cm tg=1.00 mode=1 conf=0.00 lost=3 L=5.03 R=4.98 expx=-11.8
th=120 steer=11.0 ex=-2.70cm ang=52.0deg z=70.1cm tg=1.00 mode=1 conf=0.00 lost=11 L=4.09 R=4.49 expx=-11.8
th=120 steer=11.0 ex=-2.70cm ang=52.0deg z=70.1cm tg=1.00 mode=1 conf=0.00 lost=19 L=4.09 R=4.49 expx=-11.8
th=120 steer=11.0 ex=-2.70cm ang=52.0deg z=70.1cm tg=1.00 mode=1 conf=0.00 lost=27 L=4.09 R=4.49 expx=-11.8
th=120 steer=11.0 ex=-2.70cm ang=52.0deg z=70.1cm tg=1.00 mode=1 conf=0.00 lost=35 L=4.09 R=4.49 expx=-11.8
th=120 steer=11.0 ex=-2.70cm ang=52.0deg z=70.1cm tg=1.00 mode=1 conf=0.00 lost=43 L=4.09 R=4.49 expx=-11.8
th=120 steer=11.0 ex=-2.70cm ang=52.0deg z=70.1cm tg=1.00 mode=1 conf=0.00 lost=51 L=4.09 R=4.49 expx=-11.8
th=120 steer=11.0 ex=-2.70cm ang=52.0deg z=70.1cm tg=1.00 mode=1 conf=0.00 lost=59 L=4.09 R=4.49 expx=-11.8
th=120 steer=11.0 ex=-2.70cm ang=52.0deg z=70.1cm tg=1.00 mode=1 conf=0.00 lost=67 L=4.09 R=4.49 expx=-11.8
th=120 steer=11.0 ex=-2.70cm ang=52.0deg z=70.1cm tg=1.00 mode=1 conf=0.00 lost=75 L=4.09 R=4.49 expx=-11.8
th=120 steer=11.0 ex=-2.70cm ang=52.0deg z=70.1cm tg=1.00 mode=1 conf=0.00 lost=83 L=4.09 R=4.49 expx=-11.8
th=120 steer=11.0 ex=-2.70cm ang=52.0deg z=70.1cm tg=1.00 mode=1 conf=0.00 lost=91 L=4.09 R=4.49 expx=-11.8
th=120 steer=11.0 ex=-2.70cm ang=52.0deg z=70.1cm tg=1.00 mode=1 conf=0.00 lost=99 L=4.09 R=4.49 expx=-11.8
th=120 steer=11.0 ex=-2.70cm ang=52.0deg z=70.1cm tg=1.00 mode=1 conf=0.00 lost=107 L=4.09 R=4.49 expx=-11.8
th=120 steer=11.0 ex=-2.70cm ang=52.0deg z=70.1cm tg=1.00 mode=1 conf=0.00 lost=115 L=4.09 R=4.49 expx=-11.8
th=120 steer=11.0 ex=-2.70cm ang=52.0deg z=70.1cm tg=1.00 mode=1 conf=0.00 lost=123 L=4.09 R=4.49 expx=-11.8
th=120 steer=11.0 ex=-2.70cm ang=52.0deg z=70.1cm tg=1.00 mode=1 conf=0.00 lost=131 L=4.09 R=4.49 expx=-11.8
th=120 steer=11.0 ex=-2.70cm ang=52.0deg z=70.1cm tg=1.00 mode=1 conf=0.00 lost=139 L=4.09 R=4.49 expx=-11.8
th=120 steer=11.0 ex=-2.70cm ang=52.0deg z=70.1cm tg=1.00 mode=1 conf=0.00 lost=147 L=4.09 R=4.49 expx=-11.8
th=120 steer=11.0 ex=-2.70cm ang=52.0deg z=70.1cm tg=1.00 mode=1 conf=0.00 lost=155 L=4.09 R=4.49 expx=-11.8
th=120 steer=11.0 ex=-2.70cm ang=52.0deg z=70.1cm tg=1.00 mode=1 conf=0.00 lost=163 L=4.09 R=4.49 expx=-11.8
th=120 steer=11.0 ex=-2.70cm ang=52.0deg z=70.1cm tg=1.00 mode=1 conf=0.00 lost=171 L=4.09 R=4.49 expx=-11.8
th=120 steer=11.0 ex=-2.70cm ang=52.0deg z=70.1cm tg=1.00 mode=1 conf=0.00 lost=179 L=4.09 R=4.49 expx=-11.8
th=120 steer=11.0 ex=-2.70cm ang=52.0deg z=70.1cm tg=1.00 mode=1 conf=0.00 lost=187 L=4.09 R=4.49 expx=-11.8
th=120 steer=11.0 ex=-2.70cm ang=52.0deg z=70.1cm tg=1.00 mode=1 conf=0.00 lost=195 L=4.09 R=4.49 expx=-11.8
th=120 steer=11.0 ex=-2.70cm ang=52.0deg z=70.1cm tg=1.00 mode=1 conf=0.00 lost=203 L=4.09 R=4.49 expx=-11.8
th=120 steer=11.0 ex=-2.70cm ang=52.0deg z=70.1cm tg=1.00 mode=1 conf=0.00 lost=211 L=4.09 R=4.49 expx=-11.8
th=120 steer=11.0 ex=-2.70cm ang=52.0deg z=70.1cm tg=1.00 mode=1 conf=0.00 lost=219 L=4.09 R=4.49 expx=-11.8
th=120 steer=11.0 ex=-2.70cm ang=52.0deg z=70.1cm tg=1.00 mode=1 conf=0.00 lost=227 L=4.09 R=4.49 expx=-11.8
th=120 steer=11.0 ex=-2.70cm ang=52.0deg z=70.1cm tg=1.00 mode=1 conf=0.00 lost=235 L=4.09 R=4.49 expx=-11.8
th=120 steer=11.0 ex=-2.70cm ang=52.0deg z=70.1cm tg=1.00 mode=1 conf=0.00 lost=243 L=4.09 R=4.49 expx=-11.8
th=120 steer=11.0 ex=-2.70cm ang=52.0deg z=70.1cm tg=1.00 mode=1 conf=0.00 lost=251 L=4.09 R=4.49 expx=-11.8
th=120 steer=11.0 ex=-2.70cm ang=52.0deg z=70.1cm tg=1.00 mode=1 conf=0.00 lost=259 L=4.09 R=4.49 expx=-11.8
th=120 steer=11.0 ex=-2.70cm ang=52.0deg z=70.1cm tg=1.00 mode=1 conf=0.00 lost=267 L=4.09 R=4.49 expx=-11.8
th=120 steer=11.0 ex=-2.70cm ang=52.0deg z=70.1cm tg=1.00 mode=1 conf=0.00 lost=275 L=4.09 R=4.49 expx=-11.8
th=120 steer=11.0 ex=-2.70cm ang=52.0deg z=70.1cm tg=1.00 mode=1 conf=0.00 lost=283 L=4.09 R=4.49 expx=-11.8
th=120 steer=11.0 ex=-2.70cm ang=52.0deg z=70.1cm tg=1.00 mode=1 conf=0.00 lost=291 L=4.09 R=4.49 expx=-11.8
th=120 steer=11.0 ex=-2.70cm ang=52.0deg z=70.1cm tg=1.00 mode=1 conf=0.00 lost=299 L=4.09 R=4.49 expx=-11.8
th=120 steer=11.0 ex=-2.70cm ang=52.0deg z=70.1cm tg=1.00 mode=1 conf=0.00 lost=307 L=4.09 R=4.49 expx=-11.8
th=120 steer=11.0 ex=-2.70cm ang=52.0deg z=70.1cm tg=1.00 mode=1 conf=0.00 lost=315 L=4.09 R=4.49 expx=-11.8
th=120 steer=11.0 ex=-2.70cm ang=52.0deg z=70.1cm tg=1.00 mode=1 conf=0.00 lost=323 L=4.09 R=4.49 expx=-11.8
th=120 steer=11.0 ex=-2.70cm ang=52.0deg z=70.1cm tg=1.00 mode=1 conf=0.00 lost=331 L=4.09 R=4.49 expx=-11.8
th=120 steer=11.0 ex=-2.70cm ang=52.0deg z=70.1cm tg=1.00 mode=1 conf=0.00 lost=339 L=4.09 R=4.49 expx=-11.8
th=120 steer=11.0 ex=-2.70cm ang=52.0deg z=70.1cm tg=1.00 mode=1 conf=0.00 lost=347 L=4.09 R=4.49 expx=-11.8
th=120 steer=11.0 ex=-2.70cm ang=52.0deg z=70.1cm tg=1.00 mode=1 conf=0.00 lost=355 L=4.09 R=4.49 expx=-11.8
th=120 steer=11.0 ex=-2.70cm ang=52.0deg z=70.1cm tg=1.00 mode=1 conf=0.00 lost=363 L=4.09 R=4.49 expx=-11.8
th=120 steer=11.0 ex=-2.70cm ang=52.0deg z=70.1cm tg=1.00 mode=1 conf=0.00 lost=371 L=4.09 R=4.49 expx=-11.8
th=120 steer=11.0 ex=-2.70cm ang=52.0deg z=70.1cm tg=1.00 mode=1 conf=0.00 lost=379 L=4.09 R=4.49 expx=-11.8
th=120 steer=11.0 ex=-2.70cm ang=52.0deg z=70.1cm tg=1.00 mode=1 conf=0.00 lost=387 L=4.09 R=4.49 expx=-11.8
th=120 steer=11.0 ex=-2.70cm ang=52.0deg z=70.1cm tg=1.00 mode=1 conf=0.00 lost=395 L=4.09 R=4.49 expx=-11.8
th=120 steer=11.0 ex=-2.70cm ang=52.0deg z=70.1cm tg=1.00 mode=1 conf=0.00 lost=403 L=4.09 R=4.49 expx=-11.8
th=120 steer=11.0 ex=-2.70cm ang=52.0deg z=70.1cm tg=1.00 mode=1 conf=0.00 lost=411 L=4.09 R=4.49 expx=-11.8
th=120 steer=11.0 ex=-2.70cm ang=52.0deg z=70.1cm tg=1.00 mode=1 conf=0.00 lost=419 L=4.09 R=4.49 expx=-11.8
th=120 steer=11.0 ex=-2.70cm ang=52.0deg z=70.1cm tg=1.00 mode=1 conf=0.00 lost=427 L=4.09 R=4.49 expx=-11.8
th=120 steer=11.0 ex=-2.70cm ang=52.0deg z=70.1cm tg=1.00 mode=1 conf=0.00 lost=435 L=4.09 R=4.49 expx=-11.8
th=120 steer=11.0 ex=-2.70cm ang=52.0deg z=70.1cm tg=1.00 mode=1 conf=0.00 lost=443 L=4.09 R=4.49 expx=-11.8
th=120 steer=11.0 ex=-2.70cm ang=52.0deg z=70.1cm tg=1.00 mode=1 conf=0.00 lost=451 L=4.09 R=4.49 expx=-11.8
th=120 steer=11.0 ex=-2.70cm ang=52.0deg z=70.1cm tg=1.00 mode=1 conf=0.00 lost=459 L=4.09 R=4.49 expx=-11.8
th=120 steer=11.0 ex=-2.70cm ang=52.0deg z=70.1cm tg=1.00 mode=1 conf=0.00 lost=467 L=4.09 R=4.49 expx=-11.8
th=120 steer=11.0 ex=-2.70cm ang=52.0deg z=70.1cm tg=1.00 mode=1 conf=0.00 lost=475 L=4.09 R=4.49 expx=-11.8
th=120 steer=11.0 ex=-2.70cm ang=52.0deg z=70.1cm tg=1.00 mode=1 conf=0.00 lost=483 L=4.09 R=4.49 expx=-11.8
th=120 steer=11.0 ex=-2.70cm ang=52.0deg z=70.1cm tg=1.00 mode=1 conf=0.00 lost=491 L=4.09 R=4.49 expx=-11.8
th=120 steer=11.0 ex=-2.70cm ang=52.0deg z=70.1cm tg=1.00 mode=1 conf=0.00 lost=499 L=4.09 R=4.49 expx=-11.8
th=120 steer=11.0 ex=-2.70cm ang=52.0deg z=70.1cm tg=1.00 mode=1 conf=0.00 lost=507 L=4.09 R=4.49 expx=-11.8
th=120 steer=11.0 ex=-2.70cm ang=52.0deg z=70.1cm tg=1.00 mode=1 conf=0.00 lost=515 L=4.09 R=4.49 expx=-11.8
th=120 steer=11.0 ex=-2.70cm ang=52.0deg z=70.1cm tg=1.00 mode=1 conf=0.00 lost=523 L=4.09 R=4.49 expx=-11.8
th=120 steer=11.0 ex=-2.70cm ang=52.0deg z=70.1cm tg=1.00 mode=1 conf=0.00 lost=531 L=4.09 R=4.49 expx=-11.8
th=120 steer=11.0 ex=-2.70cm ang=52.0deg z=70.1cm tg=1.00 mode=1 conf=0.00 lost=539 L=4.09 R=4.49 expx=-11.8
th=120 steer=11.0 ex=-2.70cm ang=52.0deg z=70.1cm tg=1.00 mode=1 conf=0.00 lost=547 L=4.09 R=4.49 expx=-11.8
th=120 steer=11.0 ex=-2.70cm ang=52.0deg z=70.1cm tg=1.00 mode=1 conf=0.00 lost=555 L=4.09 R=4.49 expx=-11.8
th=120 steer=11.0 ex=-2.70cm ang=52.0deg z=70.1cm tg=1.00 mode=1 conf=0.00 lost=563 L=4.09 R=4.49 expx=-11.8
th=120 steer=11.0 ex=-2.70cm ang=52.0deg z=70.1cm tg=1.00 mode=1 conf=0.00 lost=571 L=4.09 R=4.49 expx=-11.8
th=120 steer=11.0 ex=-2.70cm ang=52.0deg z=70.1cm tg=1.00 mode=1 conf=0.00 lost=579 L=4.09 R=4.49 expx=-11.8
th=120 steer=11.0 ex=-2.70cm ang=52.0deg z=70.1cm tg=1.00 mode=1 conf=0.00 lost=587 L=4.09 R=4.49 expx=-11.8
th=120 steer=11.0 ex=-2.70cm ang=52.0deg z=70.1cm tg=1.00 mode=1 conf=0.00 lost=595 L=4.09 R=4.49 expx=-11.8
th=120 steer=11.0 ex=-2.70cm ang=52.0deg z=70.1cm tg=1.00 mode=1 conf=0.00 lost=603 L=4.09 R=4.49 expx=-11.8
th=120 steer=11.0 ex=-2.70cm ang=52.0deg z=70.1cm tg=1.00 mode=1 conf=0.00 lost=611 L=4.09 R=4.49 expx=-11.8
th=120 steer=11.0 ex=-2.70cm ang=52.0deg z=70.1cm tg=1.00 mode=1 conf=0.00 lost=619 L=4.09 R=4.49 expx=-11.8
th=120 steer=11.0 ex=-2.70cm ang=52.0deg z=70.1cm tg=1.00 mode=1 conf=0.00 lost=627 L=4.09 R=4.49 expx=-11.8
th=120 steer=11.0 ex=-2.70cm ang=52.0deg z=70.1cm tg=1.00 mode=1 conf=0.00 lost=635 L=4.09 R=4.49 expx=-11.8
th=120 steer=11.0 ex=-2.70cm ang=52.0deg z=70.1cm tg=1.00 mode=1 conf=0.00 lost=643 L=4.09 R=4.49 expx=-11.8
th=120 steer=11.0 ex=-2.70cm ang=52.0deg z=70.1cm tg=1.00 mode=1 conf=0.00 lost=651 L=4.09 R=4.49 expx=-11.8
th=120 steer=11.0 ex=-2.70cm ang=52.0deg z=70.1cm tg=1.00 mode=1 conf=0.00 lost=659 L=4.09 R=4.49 expx=-11.8
th=120 steer=11.0 ex=-2.70cm ang=52.0deg z=70.1cm tg=1.00 mode=1 conf=0.00 lost=667 L=4.09 R=4.49 expx=-11.8
th=120 steer=11.0 ex=-2.70cm ang=52.0deg z=70.1cm tg=1.00 mode=1 conf=0.00 lost=675 L=4.09 R=4.49 expx=-11.8
th=120 steer=11.0 ex=-2.70cm ang=52.0deg z=70.1cm tg=1.00 mode=1 conf=0.00 lost=683 L=4.09 R=4.49 expx=-11.8
th=120 steer=11.0 ex=-2.70cm ang=52.0deg z=70.1cm tg=1.00 mode=1 conf=0.00 lost=691 L=4.09 R=4.49 expx=-11.8
th=120 steer=11.0 ex=-2.70cm ang=52.0deg z=70.1cm tg=1.00 mode=1 conf=0.00 lost=699 L=4.09 R=4.49 expx=-11.8
th=120 steer=11.0 ex=-2.70cm ang=52.0deg z=70.1cm tg=1.00 mode=1 conf=0.00 lost=707 L=4.09 R=4.49 expx=-11.8
th=120 steer=11.0 ex=-2.70cm ang=52.0deg z=70.1cm tg=1.00 mode=1 conf=0.00 lost=715 L=4.09 R=4.49 expx=-11.8
th=120 steer=11.0 ex=-2.70cm ang=52.0deg z=70.1cm tg=1.00 mode=1 conf=0.00 lost=723 L=4.09 R=4.49 expx=-11.8
th=120 steer=11.0 ex=-2.70cm ang=52.0deg z=70.1cm tg=1.00 mode=1 conf=0.00 lost=731 L=4.09 R=4.49 expx=-11.8
th=120 steer=11.0 ex=-2.70cm ang=52.0deg z=70.1cm tg=1.00 mode=1 conf=0.00 lost=739 L=4.09 R=4.49 expx=-11.8
th=120 steer=11.0 ex=-2.70cm ang=52.0deg z=70.1cm tg=1.00 mode=1 conf=0.00 lost=747 L=4.09 R=4.49 expx=-11.8
th=120 steer=11.0 ex=-2.70cm ang=52.0deg z=70.1cm tg=1.00 mode=1 conf=0.00 lost=755 L=4.09 R=4.49 expx=-11.8
th=120 steer=11.0 ex=-2.70cm ang=52.0deg z=70.1cm tg=1.00 mode=1 conf=0.00 lost=763 L=4.09 R=4.49 expx=-11.8
th=120 steer=11.0 ex=-2.70cm ang=52.0deg z=70.1cm tg=1.00 mode=1 conf=0.00 lost=771 L=4.09 R=4.49 expx=-11.8
th=120 steer=11.0 ex=-2.70cm ang=52.0deg z=70.1cm tg=1.00 mode=1 conf=0.00 lost=779 L=4.09 R=4.49 expx=-11.8
th=120 steer=11.0 ex=-2.70cm ang=52.0deg z=70.1cm tg=1.00 mode=1 conf=0.00 lost=787 L=4.09 R=4.49 expx=-11.8
th=120 steer=11.0 ex=-2.70cm ang=52.0deg z=70.1cm tg=1.00 mode=1 conf=0.00 lost=795 L=4.09 R=4.49 expx=-11.8
th=120 steer=11.0 ex=-2.70cm ang=52.0deg z=70.1cm tg=1.00 mode=1 conf=0.00 lost=803 L=4.09 R=4.49 expx=-11.8
th=120 steer=11.0 ex=-2.70cm ang=52.0deg z=70.1cm tg=1.00 mode=1 conf=0.00 lost=811 L=4.09 R=4.49 expx=-11.8
th=120 steer=11.0 ex=-2.70cm ang=52.0deg z=70.1cm tg=1.00 mode=1 conf=0.00 lost=819 L=4.09 R=4.49 expx=-11.8
th=120 steer=11.0 ex=-2.70cm ang=52.0deg z=70.1cm tg=1.00 mode=1 conf=0.00 lost=827 L=4.09 R=4.49 expx=-11.8
th=120 steer=11.0 ex=-2.70cm ang=52.0deg z=70.1cm tg=1.00 mode=1 conf=0.00 lost=835 L=4.09 R=4.49 expx=-11.8
th=120 steer=11.0 ex=-2.70cm ang=52.0deg z=70.1cm tg=1.00 mode=1 conf=0.00 lost=843 L=4.09 R=4.49 expx=-11.8
th=120 steer=11.0 ex=-2.70cm ang=52.0deg z=70.1cm tg=1.00 mode=1 conf=0.00 lost=851 L=4.09 R=4.49 expx=-11.8
th=120 steer=11.0 ex=-2.70cm ang=52.0deg z=70.1cm tg=1.00 mode=1 conf=0.00 lost=859 L=4.09 R=4.49 expx=-11.8
th=120 steer=11.0 ex=-2.70cm ang=52.0deg z=70.1cm tg=1.00 mode=1 conf=0.00 lost=867 L=4.09 R=4.49 expx=-11.8
th=120 steer=11.0 ex=-2.70cm ang=52.0deg z=70.1cm tg=1.00 mode=1 conf=0.00 lost=875 L=4.09 R=4.49 expx=-11.8
th=120 steer=11.0 ex=-2.70cm ang=52.0deg z=70.1cm tg=1.00 mode=1 conf=0.00 lost=883 L=4.09 R=4.49 expx=-11.8
th=120 steer=11.0 ex=-2.70cm ang=52.0deg z=70.1cm tg=1.00 mode=1 conf=0.00 lost=891 L=4.09 R=4.49 expx=-11.8
th=120 steer=11.0 ex=-2.70cm ang=52.0deg z=70.1cm tg=1.00 mode=1 conf=0.00 lost=899 L=4.09 R=4.49 expx=-11.8
th=120 steer=11.0 ex=-2.70cm ang=52.0deg z=70.1cm tg=1.00 mode=1 conf=0.00 lost=907 L=4.09 R=4.49 expx=-11.8
th=120 steer=11.0 ex=-2.70cm ang=52.0deg z=70.1cm tg=1.00 mode=1 conf=0.00 lost=915 L=4.09 R=4.49 expx=-11.8
th=120 steer=11.0 ex=-2.70cm ang=52.0deg z=70.1cm tg=1.00 mode=1 conf=0.00 lost=923 L=4.09 R=4.49 expx=-11.8
th=120 steer=11.0 ex=-2.70cm ang=52.0deg z=70.1cm tg=1.00 mode=1 conf=0.00 lost=931 L=4.09 R=4.49 expx=-11.8
th=120 steer=11.0 ex=-2.70cm ang=52.0deg z=70.1cm tg=1.00 mode=1 conf=0.00 lost=939 L=4.09 R=4.49 expx=-11.8
th=120 steer=11.0 ex=-2.70cm ang=52.0deg z=70.1cm tg=1.00 mode=1 conf=0.00 lost=947 L=4.09 R=4.49 expx=-11.8
th=120 steer=11.0 ex=-2.70cm ang=52.0deg z=70.1cm tg=1.00 mode=1 conf=0.00 lost=955 L=4.09 R=4.49 expx=-11.8
th=120 steer=11.0 ex=-2.70cm ang=52.0deg z=70.1cm tg=1.00 mode=1 conf=0.00 lost=963 L=4.09 R=4.49 expx=-11.8
th=120 steer=11.0 ex=-2.70cm ang=52.0deg z=70.1cm tg=1.00 mode=1 conf=0.00 lost=971 L=4.09 R=4.49 expx=-11.8
th=120 steer=11.0 ex=-2.70cm ang=52.0deg z=70.1cm tg=1.00 mode=1 conf=0.00 lost=979 L=4.09 R=4.49 expx=-11.8
th=120 steer=11.0 ex=-2.70cm ang=52.0deg z=70.1cm tg=1.00 mode=1 conf=0.00 lost=987 L=4.09 R=4.49 expx=-11.8
th=120 steer=11.0 ex=-2.70cm ang=52.0deg z=70.1cm tg=1.00 mode=1 conf=0.00 lost=995 L=4.09 R=4.49 expx=-11.8
th=120 steer=11.0 ex=-2.70cm ang=52.0deg z=70.1cm tg=1.00 mode=1 conf=0.00 lost=1003 L=4.09 R=4.49 expx=-11.8
th=120 steer=11.0 ex=-2.70cm ang=52.0deg z=70.1cm tg=1.00 mode=1 conf=0.00 lost=1011 L=4.09 R=4.49 expx=-11.8
th=120 steer=11.0 ex=-2.70cm ang=52.0deg z=70.1cm tg=1.00 mode=1 conf=0.00 lost=1019 L=4.09 R=4.49 expx=-11.8
th=120 steer=11.0 ex=-2.70cm ang=52.0deg z=70.1cm tg=1.00 mode=1 conf=0.00 lost=1027 L=4.09 R=4.49 expx=-11.8
th=120 steer=11.0 ex=-2.70cm ang=52.0deg z=70.1cm tg=1.00 mode=1 conf=0.00 lost=1035 L=4.09 R=4.49 expx=-11.8
th=120 steer=11.0 ex=-2.70cm ang=52.0deg z=70.1cm tg=1.00 mode=1 conf=0.00 lost=1043 L=4.09 R=4.49 expx=-11.8
th=120 steer=11.0 ex=-2.70cm ang=52.0deg z=70.1cm tg=1.00 mode=1 conf=0.00 lost=1051 L=4.09 R=4.49 expx=-11.8
th=120 steer=11.0 ex=-2.70cm ang=52.0deg z=70.1cm tg=1.00 mode=1 conf=0.00 lost=1059 L=4.09 R=4.49 expx=-11.8
th=120 steer=11.0 ex=-2.70cm ang=52.0deg z=70.1cm tg=1.00 mode=1 conf=0.00 lost=1067 L=4.09 R=4.49 expx=-11.8
th=120 steer=11.0 ex=-2.70cm ang=52.0deg z=70.1cm tg=1.00 mode=1 conf=0.00 lost=1075 L=4.09 R=4.49 expx=-11.8
th=120 steer=11.0 ex=-2.70cm ang=52.0deg z=70.1cm tg=1.00 mode=1 conf=0.00 lost=1083 L=4.09 R=4.49 expx=-11.8
th=120 steer=11.0 ex=-2.70cm ang=52.0deg z=70.1cm tg=1.00 mode=1 conf=0.00 lost=1091 L=4.09 R=4.49 expx=-11.8
th=120 steer=11.0 ex=-2.70cm ang=52.0deg z=70.1cm tg=1.00 mode=1 conf=0.00 lost=1099 L=4.09 R=4.49 expx=-11.8
th=120 steer=11.0 ex=-2.70cm ang=52.0deg z=70.1cm tg=1.00 mode=1 conf=0.00 lost=1107 L=4.09 R=4.49 expx=-11.8
th=120 steer=11.0 ex=-2.70cm ang=52.0deg z=70.1cm tg=1.00 mode=1 conf=0.00 lost=1115 L=4.09 R=4.49 expx=-11.8
th=120 steer=11.0 ex=-2.70cm ang=52.0deg z=70.1cm tg=1.00 mode=1 conf=0.00 lost=1123 L=4.09 R=4.49 expx=-11.8
th=120 steer=11.0 ex=-2.70cm ang=52.0deg z=70.1cm tg=1.00 mode=1 conf=0.00 lost=1131 L=4.09 R=4.49 expx=-11.8
th=120 steer=11.0 ex=-2.70cm ang=52.0deg z=70.1cm tg=1.00 mode=1 conf=0.00 lost=1139 L=4.09 R=4.49 expx=-11.8
th=120 steer=11.0 ex=-2.70cm ang=52.0deg z=70.1cm tg=1.00 mode=1 conf=0.00 lost=1147 L=4.09 R=4.49 expx=-11.8
th=120 steer=11.0 ex=-2.70cm ang=52.0deg z=70.1cm tg=1.00 mode=1 conf=0.00 lost=1155 L=4.09 R=4.49 expx=-11.8
th=120 steer=11.0 ex=-2.70cm ang=52.0deg z=70.1cm tg=1.00 mode=1 conf=0.00 lost=1163 L=4.09 R=4.49 expx=-11.8
th=120 steer=11.0 ex=-2.70cm ang=52.0deg z=70.1cm tg=1.00 mode=1 conf=0.00 lost=1171 L=4.09 R=4.49 expx=-11.8
th=120 steer=11.0 ex=-2.70cm ang=52.0deg z=70.1cm tg=1.00 mode=1 conf=0.00 lost=1179 L=4.09 R=4.49 expx=-11.8
th=120 steer=11.0 ex=-2.70cm ang=52.0deg z=70.1cm tg=1.00 mode=1 conf=0.00 lost=1187 L=4.09 R=4.49 expx=-11.8
th=120 steer=11.0 ex=-2.70cm ang=52.0deg z=70.1cm tg=1.00 mode=1 conf=0.00 lost=1195 L=4.09 R=4.49 expx=-11.8
th=120 steer=11.0 ex=-2.70cm ang=52.0deg z=70.1cm tg=1.00 mode=1 conf=0.00 lost=1203 L=4.09 R=4.49 expx=-11.8
th=120 steer=11.0 ex=-2.70cm ang=52.0deg z=70.1cm tg=1.00 mode=1 conf=0.00 lost=1211 L=4.09 R=4.49 expx=-11.8
th=120 steer=11.0 ex=-2.70cm ang=52.0deg z=70.1cm tg=1.00 mode=1 conf=0.00 lost=1219 L=4.09 R=4.49 expx=-11.8
th=120 steer=11.0 ex=-2.70cm ang=52.0deg z=70.1cm tg=1.00 mode=1 conf=0.00 lost=1227 L=4.09 R=4.49 expx=-11.8
th=120 steer=11.0 ex=-2.70cm ang=52.0deg z=70.1cm tg=1.00 mode=1 conf=0.00 lost=1235 L=4.09 R=4.49 expx=-11.8
th=120 steer=11.0 ex=-2.70cm ang=52.0deg z=70.1cm tg=1.00 mode=1 conf=0.00 lost=1243 L=4.09 R=4.49 expx=-11.8
th=120 steer=11.0 ex=-2.70cm ang=52.0deg z=70.1cm tg=1.00 mode=1 conf=0.00 lost=1251 L=4.09 R=4.49 expx=-11.8
th=120 steer=11.0 ex=-2.70cm ang=52.0deg z=70.1cm tg=1.00 mode=1 conf=0.00 lost=1259 L=4.09 R=4.49 expx=-11.8
th=120 steer=11.0 ex=-2.70cm ang=52.0deg z=70.1cm tg=1.00 mode=1 conf=0.00 lost=1267 L=4.09 R=4.49 expx=-11.8
th=120 steer=11.0 ex=-2.70cm ang=52.0deg z=70.1cm tg=1.00 mode=1 conf=0.00 lost=1275 L=4.09 R=4.49 expx=-11.8
th=120 steer=11.0 ex=-2.70cm ang=52.0deg z=70.1cm tg=1.00 mode=1 conf=0.00 lost=1283 L=4.09 R=4.49 expx=-11.8
th=120 steer=11.0 ex=-2.70cm ang=52.0deg z=70.1cm tg=1.00 mode=1 conf=0.00 lost=1291 L=4.09 R=4.49 expx=-11.8
th=120 steer=11.0 ex=-2.70cm ang=52.0deg z=70.1cm tg=1.00 mode=1 conf=0.00 lost=1299 L=4.09 R=4.49 expx=-11.8
th=120 steer=11.0 ex=-2.70cm ang=52.0deg z=70.1cm tg=1.00 mode=1 conf=0.00 lost=1307 L=4.09 R=4.49 expx=-11.8
th=120 steer=11.0 ex=-2.70cm ang=52.0deg z=70.1cm tg=1.00 mode=1 conf=0.00 lost=1315 L=4.09 R=4.49 expx=-11.8
th=120 steer=11.0 ex=-2.70cm ang=52.0deg z=70.1cm tg=1.00 mode=1 conf=0.00 lost=1323 L=4.09 R=4.49 expx=-11.8
th=120 steer=11.0 ex=-2.70cm ang=52.0deg z=70.1cm tg=1.00 mode=1 conf=0.00 lost=1331 L=4.09 R=4.49 expx=-11.8
th=120 steer=11.0 ex=-2.70cm ang=52.0deg z=70.1cm tg=1.00 mode=1 conf=0.00 lost=1339 L=4.09 R=4.49 expx=-11.8
th=120 steer=11.0 ex=-2.70cm ang=52.0deg z=70.1cm tg=1.00 mode=1 conf=0.00 lost=1347 L=4.09 R=4.49 expx=-11.8
th=120 steer=11.0 ex=-2.70cm ang=52.0deg z=70.1cm tg=1.00 mode=1 conf=0.00 lost=1355 L=4.09 R=4.49 expx=-11.8
th=120 steer=11.0 ex=-2.70cm ang=52.0deg z=70.1cm tg=1.00 mode=1 conf=0.00 lost=1363 L=4.09 R=4.49 expx=-11.8
th=120 steer=11.0 ex=-2.70cm ang=52.0deg z=70.1cm tg=1.00 mode=1 conf=0.00 lost=1371 L=4.09 R=4.49 expx=-11.8
th=120 steer=11.0 ex=-2.70cm ang=52.0deg z=70.1cm tg=1.00 mode=1 conf=0.00 lost=1379 L=4.09 R=4.49 expx=-11.8
th=120 steer=11.0 ex=-2.70cm ang=52.0deg z=70.1cm tg=1.00 mode=1 conf=0.00 lost=1387 L=4.09 R=4.49 expx=-11.8
th=120 steer=11.0 ex=-2.70cm ang=52.0deg z=70.1cm tg=1.00 mode=1 conf=0.00 lost=1395 L=4.09 R=4.49 expx=-11.8
th=120 steer=11.0 ex=-2.70cm ang=52.0deg z=70.1cm tg=1.00 mode=1 conf=0.00 lost=1403 L=4.09 R=4.49 expx=-11.8
th=120 steer=11.0 ex=-2.70cm ang=52.0deg z=70.1cm tg=1.00 mode=1 conf=0.00 lost=1411 L=4.09 R=4.49 expx=-11.8
th=120 steer=11.0 ex=-2.70cm ang=52.0deg z=70.1cm tg=1.00 mode=1 conf=0.00 lost=1419 L=4.09 R=4.49 expx=-11.8
th=120 steer=11.0 ex=-2.70cm ang=52.0deg z=70.1cm tg=1.00 mode=1 conf=0.00 lost=1427 L=4.09 R=4.49 expx=-11.8
th=120 steer=11.0 ex=-2.70cm ang=52.0deg z=70.1cm tg=1.00 mode=1 conf=0.00 lost=1435 L=4.09 R=4.49 expx=-11.8
th=120 steer=11.0 ex=-2.70cm ang=52.0deg z=70.1cm tg=1.00 mode=1 conf=0.00 lost=1443 L=4.09 R=4.49 expx=-11.8
th=120 steer=11.0 ex=-2.70cm ang=52.0deg z=70.1cm tg=1.00 mode=1 conf=0.00 lost=1451 L=4.09 R=4.49 expx=-11.8
th=120 steer=11.0 ex=-2.70cm ang=52.0deg z=70.1cm tg=1.00 mode=1 conf=0.00 lost=1459 L=4.09 R=4.49 expx=-11.8
th=120 steer=11.0 ex=-2.70cm ang=52.0deg z=70.1cm tg=1.00 mode=1 conf=0.00 lost=1467 L=4.09 R=4.49 expx=-11.8
th=120 steer=11.0 ex=-2.70cm ang=52.0deg z=70.1cm tg=1.00 mode=1 conf=0.00 lost=1475 L=4.09 R=4.49 expx=-11.8
th=120 steer=11.0 ex=-2.70cm ang=52.0deg z=70.1cm tg=1.00 mode=1 conf=0.00 lost=1483 L=4.09 R=4.49 expx=-11.8
th=120 steer=11.0 ex=-2.70cm ang=52.0deg z=70.1cm tg=1.00 mode=1 conf=0.00 lost=1491 L=4.09 R=4.49 expx=-11.8
th=120 steer=11.0 ex=-2.70cm ang=52.0deg z=70.1cm tg=1.00 mode=1 conf=0.00 lost=1499 L=4.09 R=4.49 expx=-11.8
th=120 steer=11.0 ex=-2.70cm ang=52.0deg z=70.1cm tg=1.00 mode=1 conf=0.00 lost=1507 L=4.09 R=4.49 expx=-11.8
th=120 steer=11.0 ex=-2.70cm ang=52.0deg z=70.1cm tg=1.00 mode=1 conf=0.00 lost=1515 L=4.09 R=4.49 expx=-11.8
th=120 steer=11.0 ex=-2.70cm ang=52.0deg z=70.1cm tg=1.00 mode=1 conf=0.00 lost=1523 L=4.09 R=4.49 expx=-11.8
th=120 steer=11.0 ex=-2.70cm ang=52.0deg z=70.1cm tg=1.00 mode=1 conf=0.00 lost=1531 L=4.09 R=4.49 expx=-11.8
th=120 steer=11.0 ex=-2.70cm ang=52.0deg z=70.1cm tg=1.00 mode=1 conf=0.00 lost=1539 L=4.09 R=4.49 expx=-11.8
th=120 steer=11.0 ex=-2.70cm ang=52.0deg z=70.1cm tg=1.00 mode=1 conf=0.00 lost=1547 L=4.09 R=4.49 expx=-11.8
th=120 steer=11.0 ex=-2.70cm ang=52.0deg z=70.1cm tg=1.00 mode=1 conf=0.00 lost=1555 L=4.09 R=4.49 expx=-11.8
th=120 steer=11.0 ex=-2.70cm ang=52.0deg z=70.1cm tg=1.00 mode=1 conf=0.00 lost=1563 L=4.09 R=4.49 expx=-11.8
th=120 steer=11.0 ex=-2.70cm ang=52.0deg z=70.1cm tg=1.00 mode=1 conf=0.00 lost=1571 L=4.09 R=4.49 expx=-11.8
th=120 steer=11.0 ex=-2.70cm ang=52.0deg z=70.1cm tg=1.00 mode=1 conf=0.00 lost=1579 L=4.09 R=4.49 expx=-11.8
th=120 steer=11.0 ex=-2.70cm ang=52.0deg z=70.1cm tg=1.00 mode=1 conf=0.00 lost=1587 L=4.09 R=4.49 expx=-11.8
th=120 steer=11.0 ex=-2.70cm ang=52.0deg z=70.1cm tg=1.00 mode=1 conf=0.00 lost=1595 L=4.09 R=4.49 expx=-11.8
INFO: line_follow_transfer: Terminating.
