WARNING: Solid "track_overlay" > Shape  > PBRAppearance "PBRAppearance" > ImageTexture : Texture image size of 'D:/用户/Lenovo/桌面/Robocup/generated/track_with_obstacle_start.png' is not a power of two: rescaling it from 3820x2600 to 4096x4096.
INFO: line_follow_transfer: Starting controller: python.exe -u line_follow_transfer.py
line_follow_transfer: camera=320x240, timestep=32ms
th=120 steer=23.8 ex=-14.59cm expx=-50.8 ang=15.4deg z=140.2cm tg=0.61 mode=0 conf=0.50 lost=0 L=2.34 R=3.21
th=120 steer=-23.1 ex=10.29cm expx=57.0 ang=24.6deg z=140.2cm tg=1.00 mode=1 conf=0.41 lost=0 L=3.21 R=2.37
th=120 steer=-24.9 ex=10.43cm expx=57.8 ang=25.8deg z=140.2cm tg=1.00 mode=1 conf=0.45 lost=0 L=3.22 R=2.30
th=120 steer=23.8 ex=-14.69cm expx=-53.0 ang=17.7deg z=140.2cm tg=0.78 mode=0 conf=0.57 lost=0 L=2.34 R=3.21
th=120 steer=25.2 ex=-14.36cm expx=-53.8 ang=19.7deg z=140.2cm tg=0.96 mode=0 conf=0.67 lost=0 L=2.29 R=3.22
th=120 steer=31.3 ex=-14.83cm expx=-55.5 ang=20.7deg z=140.2cm tg=1.00 mode=1 conf=0.67 lost=0 L=2.07 R=3.22
th=120 steer=24.7 ex=-12.39cm expx=-48.0 ang=21.6deg z=140.2cm tg=1.00 mode=1 conf=0.74 lost=0 L=2.31 R=3.22
th=120 steer=23.2 ex=-11.62cm expx=-45.0 ang=21.8deg z=140.2cm tg=1.00 mode=1 conf=0.74 lost=0 L=2.36 R=3.21
th=120 steer=30.4 ex=-13.30cm expx=-51.5 ang=23.4deg z=140.2cm tg=1.00 mode=1 conf=0.76 lost=0 L=2.10 R=3.22
th=120 steer=20.0 ex=-10.85cm expx=-42.0 ang=23.1deg z=140.2cm tg=1.00 mode=1 conf=0.74 lost=0 L=2.48 R=3.21
th=120 steer=13.3 ex=-8.52cm expx=-33.0 ang=23.0deg z=140.2cm tg=1.00 mode=1 conf=0.73 lost=0 L=2.72 R=3.21
th=120 steer=9.7 ex=-6.58cm expx=-25.5 ang=21.9deg z=140.2cm tg=1.00 mode=1 conf=0.71 lost=0 L=2.85 R=3.21
th=120 steer=7.6 ex=-5.42cm expx=-21.0 ang=22.7deg z=140.2cm tg=1.00 mode=1 conf=0.70 lost=0 L=2.92 R=3.20
th=120 steer=6.2 ex=-4.65cm expx=-18.0 ang=23.4deg z=140.2cm tg=1.00 mode=1 conf=0.71 lost=0 L=2.98 R=3.20
th=120 steer=5.3 ex=-4.13cm expx=-16.0 ang=23.8deg z=140.2cm tg=1.00 mode=1 conf=0.71 lost=0 L=3.01 R=3.20
th=120 steer=4.5 ex=-3.74cm expx=-14.5 ang=24.5deg z=149.6cm tg=1.00 mode=1 conf=0.67 lost=0 L=3.04 R=3.20
th=120 steer=4.1 ex=-3.62cm expx=-14.0 ang=25.7deg z=140.2cm tg=1.00 mode=1 conf=0.71 lost=0 L=3.05 R=3.20
th=120 steer=3.7 ex=-3.49cm expx=-13.5 ang=27.3deg z=149.6cm tg=1.00 mode=1 conf=0.65 lost=0 L=3.07 R=3.20
th=120 steer=3.7 ex=-3.49cm expx=-13.5 ang=28.0deg z=140.2cm tg=1.00 mode=1 conf=0.74 lost=0 L=3.07 R=3.20
th=120 steer=3.9 ex=-3.62cm expx=-14.0 ang=29.3deg z=142.1cm tg=1.00 mode=1 conf=0.66 lost=0 L=3.06 R=3.20
th=120 steer=3.7 ex=-3.62cm expx=-14.0 ang=30.3deg z=140.2cm tg=1.00 mode=1 conf=0.75 lost=0 L=3.07 R=3.20
th=120 steer=3.9 ex=-3.74cm expx=-14.5 ang=31.4deg z=140.2cm tg=1.00 mode=1 conf=0.75 lost=0 L=3.06 R=3.20
th=120 steer=3.7 ex=-3.74cm expx=-14.5 ang=32.4deg z=132.6cm tg=1.00 mode=1 conf=0.72 lost=0 L=3.07 R=3.20
th=120 steer=4.2 ex=-4.00cm expx=-15.5 ang=33.1deg z=140.2cm tg=1.00 mode=1 conf=0.77 lost=0 L=3.05 R=3.20
th=120 steer=3.9 ex=-3.87cm expx=-15.0 ang=33.7deg z=140.2cm tg=1.00 mode=1 conf=0.77 lost=0 L=3.06 R=3.20
th=120 steer=4.3 ex=-4.13cm expx=-16.0 ang=34.7deg z=140.2cm tg=1.00 mode=1 conf=0.79 lost=0 L=3.04 R=3.20
th=120 steer=4.5 ex=-4.26cm expx=-16.5 ang=35.4deg z=140.2cm tg=1.00 mode=1 conf=0.79 lost=0 L=3.04 R=3.20
th=120 steer=4.6 ex=-4.39cm expx=-17.0 ang=36.6deg z=140.2cm tg=1.00 mode=1 conf=0.78 lost=0 L=3.03 R=3.20
th=120 steer=4.8 ex=-4.52cm expx=-17.5 ang=37.4deg z=140.2cm tg=1.00 mode=1 conf=0.78 lost=0 L=3.02 R=3.20
th=120 steer=4.7 ex=-4.52cm expx=-17.5 ang=38.1deg z=140.2cm tg=1.00 mode=1 conf=0.78 lost=0 L=3.03 R=3.20
th=120 steer=4.8 ex=-4.65cm expx=-18.0 ang=38.8deg z=140.2cm tg=1.00 mode=1 conf=0.78 lost=0 L=3.03 R=3.20
th=120 steer=5.0 ex=-4.78cm expx=-18.5 ang=39.9deg z=140.2cm tg=1.00 mode=1 conf=0.77 lost=0 L=3.02 R=3.20
th=120 steer=4.9 ex=-4.78cm expx=-18.5 ang=40.1deg z=140.2cm tg=1.00 mode=1 conf=0.77 lost=0 L=3.02 R=3.20
th=120 steer=5.0 ex=-4.91cm expx=-19.0 ang=41.4deg z=140.2cm tg=1.00 mode=1 conf=0.76 lost=0 L=3.02 R=3.20
th=120 steer=5.3 ex=-5.04cm expx=-19.5 ang=41.7deg z=140.2cm tg=1.00 mode=1 conf=0.74 lost=0 L=3.01 R=3.20
th=120 steer=5.5 ex=-5.16cm expx=-20.0 ang=42.4deg z=140.2cm tg=1.00 mode=1 conf=0.74 lost=0 L=3.00 R=3.20
th=120 steer=5.3 ex=-5.16cm expx=-20.0 ang=43.6deg z=140.2cm tg=1.00 mode=1 conf=0.73 lost=0 L=3.01 R=3.20
th=120 steer=5.6 ex=-5.29cm expx=-20.5 ang=43.8deg z=140.2cm tg=1.00 mode=1 conf=0.72 lost=0 L=3.00 R=3.20
th=120 steer=5.6 ex=-5.42cm expx=-21.0 ang=45.3deg z=132.6cm tg=1.00 mode=1 conf=0.66 lost=0 L=3.00 R=3.20
th=120 steer=5.7 ex=-5.42cm expx=-21.0 ang=45.0deg z=140.2cm tg=1.00 mode=1 conf=0.70 lost=0 L=2.99 R=3.20
th=120 steer=5.9 ex=-5.55cm expx=-21.5 ang=45.1deg z=140.2cm tg=1.00 mode=1 conf=0.73 lost=0 L=2.99 R=3.20
th=120 steer=6.1 ex=-5.68cm expx=-22.0 ang=45.4deg z=140.2cm tg=1.00 mode=1 conf=0.75 lost=0 L=2.98 R=3.20
th=120 steer=6.3 ex=-5.68cm expx=-22.0 ang=43.9deg z=149.6cm tg=1.00 mode=1 conf=0.71 lost=0 L=2.97 R=3.20
th=120 steer=6.3 ex=-5.68cm expx=-22.0 ang=44.0deg z=149.6cm tg=1.00 mode=1 conf=0.71 lost=0 L=2.97 R=3.20
th=120 steer=3.4 ex=-4.48cm expx=-17.0 ang=45.2deg z=140.2cm tg=1.00 mode=1 conf=0.71 lost=0 L=3.08 R=3.20
th=120 steer=4.4 ex=-4.95cm expx=-18.8 ang=47.7deg z=140.2cm tg=1.00 mode=1 conf=0.53 lost=0 L=3.04 R=3.20
th=120 steer=5.6 ex=-5.49cm expx=-20.8 ang=46.4deg z=142.1cm tg=1.00 mode=1 conf=0.60 lost=0 L=3.00 R=3.20
th=120 steer=5.7 ex=-5.75cm expx=-21.8 ang=48.9deg z=125.1cm tg=1.00 mode=1 conf=0.50 lost=0 L=3.00 R=3.20
th=120 steer=5.7 ex=-5.88cm expx=-22.2 ang=50.5deg z=125.1cm tg=1.00 mode=1 conf=0.54 lost=0 L=2.99 R=3.20
th=120 steer=6.3 ex=-6.15cm expx=-23.2 ang=49.9deg z=125.1cm tg=1.00 mode=1 conf=0.54 lost=0 L=2.97 R=3.20
th=120 steer=4.7 ex=-6.41cm expx=-24.2 ang=60.7deg z=80.4cm tg=0.00 mode=0 conf=0.59 lost=0 L=3.03 R=3.20
th=120 steer=5.5 ex=-6.75cm expx=-25.5 ang=60.6deg z=80.4cm tg=0.00 mode=0 conf=0.63 lost=0 L=3.00 R=3.20
th=120 steer=8.1 ex=-7.08cm expx=-26.8 ang=51.0deg z=125.1cm tg=1.00 mode=1 conf=0.58 lost=0 L=2.91 R=3.21
th=120 steer=1.8 ex=-4.85cm expx=-17.5 ang=49.6deg z=132.6cm tg=1.00 mode=1 conf=0.59 lost=0 L=3.14 R=3.20
th=120 steer=4.7 ex=-5.68cm expx=-20.5 ang=52.3deg z=125.1cm tg=1.00 mode=1 conf=0.50 lost=0 L=3.03 R=3.20
th=120 steer=3.7 ex=-5.18cm expx=-18.2 ang=52.3deg z=118.9cm tg=1.00 mode=1 conf=0.37 lost=0 L=3.07 R=3.20
th=120 steer=5.0 ex=-5.89cm expx=-20.8 ang=52.4deg z=118.9cm tg=1.00 mode=1 conf=0.35 lost=0 L=3.02 R=3.20
th=120 steer=3.8 ex=-5.82cm expx=-20.5 ang=52.7deg z=118.9cm tg=1.00 mode=1 conf=0.00 lost=2 L=2.59 R=2.73
th=120 steer=-25.7 ex=18.11cm expx=114.5 ang=49.2deg z=118.9cm tg=1.00 mode=1 conf=0.00 lost=3 L=2.80 R=1.86
th=120 steer=11.0 ex=18.11cm expx=114.5 ang=49.2deg z=118.9cm tg=1.00 mode=1 conf=0.00 lost=11 L=2.35 R=2.76
th=120 steer=11.0 ex=18.11cm expx=114.5 ang=49.2deg z=118.9cm tg=1.00 mode=1 conf=0.00 lost=19 L=2.35 R=2.76
th=120 steer=11.0 ex=18.11cm expx=114.5 ang=49.2deg z=118.9cm tg=1.00 mode=1 conf=0.00 lost=27 L=2.35 R=2.76
th=120 steer=11.0 ex=18.11cm expx=114.5 ang=49.2deg z=118.9cm tg=1.00 mode=1 conf=0.00 lost=35 L=2.35 R=2.76
th=120 steer=11.0 ex=18.11cm expx=114.5 ang=49.2deg z=118.9cm tg=1.00 mode=1 conf=0.00 lost=43 L=2.35 R=2.76
th=120 steer=11.0 ex=18.11cm expx=114.5 ang=49.2deg z=118.9cm tg=1.00 mode=1 conf=0.00 lost=51 L=2.35 R=2.76
th=120 steer=11.0 ex=18.11cm expx=114.5 ang=49.2deg z=118.9cm tg=1.00 mode=1 conf=0.00 lost=59 L=2.35 R=2.76
th=120 steer=11.0 ex=18.11cm expx=114.5 ang=49.2deg z=118.9cm tg=1.00 mode=1 conf=0.00 lost=67 L=2.35 R=2.76
th=120 steer=4.6 ex=-5.31cm expx=-18.8 ang=53.9deg z=118.9cm tg=1.00 mode=1 conf=0.36 lost=0 L=3.03 R=3.20
th=120 steer=11.0 ex=-5.39cm expx=-19.0 ang=53.5deg z=118.9cm tg=1.00 mode=1 conf=0.00 lost=7 L=2.35 R=2.76
th=120 steer=-26.2 ex=21.67cm expx=137.0 ang=44.8deg z=118.9cm tg=1.00 mode=1 conf=0.00 lost=4 L=2.81 R=1.84
th=120 steer=11.0 ex=21.67cm expx=137.0 ang=44.8deg z=118.9cm tg=1.00 mode=1 conf=0.00 lost=12 L=2.35 R=2.76
th=120 steer=11.0 ex=21.67cm expx=137.0 ang=44.8deg z=118.9cm tg=1.00 mode=1 conf=0.00 lost=20 L=2.35 R=2.76
th=120 steer=11.0 ex=21.67cm expx=137.0 ang=44.8deg z=118.9cm tg=1.00 mode=1 conf=0.00 lost=28 L=2.35 R=2.76
th=120 steer=11.0 ex=21.67cm expx=137.0 ang=44.8deg z=118.9cm tg=1.00 mode=1 conf=0.00 lost=36 L=2.35 R=2.76
th=120 steer=-27.6 ex=20.90cm expx=139.0 ang=-83.1deg z=50.0cm tg=0.00 mode=0 conf=0.59 lost=0 L=3.22 R=2.20
th=120 steer=11.0 ex=20.90cm expx=139.0 ang=-83.1deg z=50.0cm tg=1.00 mode=1 conf=0.00 lost=8 L=2.35 R=2.76
th=120 steer=11.0 ex=20.90cm expx=139.0 ang=-83.1deg z=50.0cm tg=1.00 mode=1 conf=0.00 lost=16 L=2.35 R=2.76
th=120 steer=11.0 ex=20.90cm expx=139.0 ang=-83.1deg z=50.0cm tg=1.00 mode=1 conf=0.00 lost=24 L=2.35 R=2.76
th=120 steer=11.0 ex=20.90cm expx=139.0 ang=-83.1deg z=50.0cm tg=1.00 mode=1 conf=0.00 lost=32 L=2.35 R=2.76
th=120 steer=2.1 ex=3.36cm expx=31.8 ang=-84.0deg z=50.1cm tg=1.00 mode=1 conf=0.00 lost=5 L=2.65 R=2.73
th=120 steer=11.0 ex=3.36cm expx=31.8 ang=-84.0deg z=50.1cm tg=1.00 mode=1 conf=0.00 lost=13 L=2.35 R=2.76
th=120 steer=33.8 ex=-15.07cm expx=-81.5 ang=-83.3deg z=52.7cm tg=1.00 mode=1 conf=0.00 lost=3 L=1.59 R=2.83
th=120 steer=1.1 ex=-3.95cm expx=-14.0 ang=53.5deg z=118.9cm tg=1.00 mode=1 conf=0.36 lost=0 L=3.16 R=3.20
th=120 steer=11.0 ex=-4.23cm expx=-15.0 ang=60.6deg z=86.4cm tg=1.00 mode=1 conf=0.00 lost=7 L=2.35 R=2.76
th=120 steer=11.0 ex=-4.23cm expx=-15.0 ang=60.6deg z=86.4cm tg=1.00 mode=1 conf=0.00 lost=15 L=2.35 R=2.76
th=120 steer=1.0 ex=-4.31cm expx=-15.2 ang=59.9deg z=86.4cm tg=1.00 mode=1 conf=0.00 lost=1 L=2.69 R=2.72
th=120 steer=11.0 ex=-4.31cm expx=-15.2 ang=59.9deg z=86.4cm tg=1.00 mode=1 conf=0.00 lost=9 L=2.35 R=2.76
th=120 steer=-6.9 ex=2.49cm expx=24.8 ang=-17.7deg z=118.9cm tg=1.00 mode=1 conf=0.00 lost=1 L=2.74 R=2.49
th=120 steer=11.0 ex=2.49cm expx=24.8 ang=-17.7deg z=118.9cm tg=1.00 mode=1 conf=0.00 lost=9 L=2.35 R=2.76
th=120 steer=11.0 ex=2.49cm expx=24.8 ang=-17.7deg z=118.9cm tg=1.00 mode=1 conf=0.00 lost=17 L=2.35 R=2.76
th=120 steer=11.0 ex=2.49cm expx=24.8 ang=-17.7deg z=118.9cm tg=1.00 mode=1 conf=0.00 lost=25 L=2.35 R=2.76
th=120 steer=11.0 ex=2.49cm expx=24.8 ang=-17.7deg z=118.9cm tg=1.00 mode=1 conf=0.00 lost=33 L=2.35 R=2.76
th=120 steer=2.1 ex=-3.87cm expx=-13.8 ang=55.2deg z=118.9cm tg=1.00 mode=1 conf=0.00 lost=5 L=2.65 R=2.73
th=120 steer=11.0 ex=-3.87cm expx=-13.8 ang=55.2deg z=118.9cm tg=1.00 mode=1 conf=0.00 lost=13 L=2.35 R=2.76
th=120 steer=1.8 ex=-3.80cm expx=-13.5 ang=53.6deg z=125.1cm tg=1.00 mode=1 conf=0.00 lost=6 L=2.66 R=2.73
th=120 steer=11.0 ex=-3.80cm expx=-13.5 ang=53.6deg z=125.1cm tg=1.00 mode=1 conf=0.00 lost=14 L=2.35 R=2.76
th=120 steer=11.0 ex=16.67cm expx=40.0 ang=45.0deg z=125.1cm tg=1.00 mode=1 conf=0.00 lost=7 L=2.35 R=2.76
th=120 steer=11.0 ex=16.67cm expx=40.0 ang=45.0deg z=125.1cm tg=1.00 mode=1 conf=0.00 lost=15 L=2.35 R=2.76
th=120 steer=11.0 ex=16.67cm expx=40.0 ang=45.0deg z=125.1cm tg=1.00 mode=1 conf=0.00 lost=23 L=2.35 R=2.76
th=120 steer=11.0 ex=16.67cm expx=40.0 ang=45.0deg z=125.1cm tg=1.00 mode=1 conf=0.00 lost=31 L=2.35 R=2.76
th=120 steer=14.3 ex=-8.92cm expx=-36.5 ang=49.3deg z=125.1cm tg=1.00 mode=1 conf=0.41 lost=0 L=2.68 R=3.21
th=120 steer=9.7 ex=-7.37cm expx=-30.2 ang=46.7deg z=125.1cm tg=1.00 mode=1 conf=0.41 lost=0 L=2.85 R=3.21
th=120 steer=9.7 ex=-6.92cm expx=-28.2 ang=45.2deg z=125.1cm tg=1.00 mode=1 conf=0.36 lost=0 L=2.85 R=3.21
th=120 steer=11.0 ex=-6.86cm expx=-28.0 ang=48.6deg z=118.9cm tg=1.00 mode=1 conf=0.00 lost=7 L=2.35 R=2.76
th=120 steer=11.0 ex=-6.86cm expx=-28.0 ang=48.6deg z=118.9cm tg=1.00 mode=1 conf=0.00 lost=15 L=2.35 R=2.76
th=120 steer=4.3 ex=-6.07cm expx=-23.5 ang=53.6deg z=118.9cm tg=1.00 mode=1 conf=0.00 lost=2 L=2.58 R=2.73
th=120 steer=5.1 ex=-6.33cm expx=-24.5 ang=54.1deg z=118.9cm tg=1.00 mode=1 conf=0.00 lost=2 L=2.55 R=2.74
th=120 steer=6.2 ex=-6.97cm expx=-27.0 ang=60.0deg z=77.5cm tg=0.00 mode=0 conf=0.87 lost=0 L=2.98 R=3.20
th=120 steer=6.1 ex=-6.84cm expx=-26.5 ang=59.5deg z=77.5cm tg=0.00 mode=0 conf=0.86 lost=0 L=2.98 R=3.20
th=120 steer=7.4 ex=-6.84cm expx=-26.5 ang=54.1deg z=118.9cm tg=1.00 mode=1 conf=0.62 lost=0 L=2.93 R=3.20
th=120 steer=6.1 ex=-6.84cm expx=-26.5 ang=58.8deg z=77.5cm tg=0.00 mode=0 conf=0.86 lost=0 L=2.98 R=3.20
th=120 steer=10.5 ex=-7.36cm expx=-28.5 ang=58.1deg z=77.5cm tg=0.00 mode=0 conf=0.81 lost=0 L=2.82 R=3.21
th=120 steer=11.5 ex=-8.39cm expx=-32.5 ang=57.2deg z=77.5cm tg=0.00 mode=0 conf=0.73 lost=0 L=2.78 R=3.21
th=120 steer=11.0 ex=9.06cm expx=50.2 ang=37.4deg z=77.5cm tg=1.00 mode=1 conf=0.00 lost=7 L=2.35 R=2.76
th=120 steer=11.0 ex=9.06cm expx=50.2 ang=37.4deg z=77.5cm tg=1.00 mode=1 conf=0.00 lost=15 L=2.35 R=2.76
th=120 steer=11.0 ex=9.06cm expx=50.2 ang=37.4deg z=77.5cm tg=1.00 mode=1 conf=0.00 lost=23 L=2.35 R=2.76
th=120 steer=13.4 ex=-9.94cm expx=-38.5 ang=56.1deg z=77.5cm tg=0.00 mode=0 conf=0.60 lost=0 L=2.72 R=3.21
th=120 steer=-20.3 ex=9.70cm expx=53.8 ang=51.3deg z=77.5cm tg=1.00 mode=1 conf=0.00 lost=5 L=2.79 R=2.04
th=120 steer=11.0 ex=9.70cm expx=53.8 ang=51.3deg z=77.5cm tg=1.00 mode=1 conf=0.00 lost=13 L=2.35 R=2.76
th=120 steer=23.2 ex=-13.30cm expx=-51.5 ang=53.1deg z=77.5cm tg=0.00 mode=0 conf=0.36 lost=0 L=2.36 R=3.21
th=120 steer=-20.3 ex=9.57cm expx=53.0 ang=49.5deg z=77.5cm tg=1.00 mode=1 conf=0.00 lost=1 L=2.79 R=2.04
th=120 steer=20.5 ex=-12.65cm expx=-49.0 ang=53.4deg z=77.5cm tg=0.00 mode=0 conf=0.43 lost=0 L=2.46 R=3.21
th=120 steer=11.0 ex=9.61cm expx=53.2 ang=48.3deg z=77.5cm tg=1.00 mode=1 conf=0.00 lost=7 L=2.35 R=2.76
th=120 steer=11.0 ex=9.61cm expx=53.2 ang=48.3deg z=77.5cm tg=1.00 mode=1 conf=0.00 lost=15 L=2.35 R=2.76
th=120 steer=25.3 ex=-13.17cm expx=-47.5 ang=-57.4deg z=77.5cm tg=1.00 mode=1 conf=0.00 lost=1 L=1.87 R=2.80
th=120 steer=14.2 ex=-12.34cm expx=-44.5 ang=51.3deg z=83.2cm tg=0.00 mode=0 conf=0.40 lost=0 L=2.69 R=3.21
th=120 steer=-20.8 ex=9.57cm expx=53.0 ang=46.1deg z=80.4cm tg=1.00 mode=1 conf=0.00 lost=4 L=2.79 R=2.02
th=120 steer=11.0 ex=9.57cm expx=53.0 ang=46.1deg z=80.4cm tg=1.00 mode=1 conf=0.00 lost=12 L=2.35 R=2.76
th=120 steer=11.0 ex=9.57cm expx=53.0 ang=46.1deg z=80.4cm tg=1.00 mode=1 conf=0.00 lost=20 L=2.35 R=2.76
th=120 steer=21.1 ex=-14.69cm expx=-53.0 ang=47.3deg z=83.2cm tg=0.00 mode=0 conf=0.42 lost=0 L=2.44 R=3.21
th=120 steer=14.8 ex=-12.14cm expx=-45.5 ang=44.7deg z=80.4cm tg=0.00 mode=0 conf=0.37 lost=0 L=2.66 R=3.21
th=120 steer=10.9 ex=-9.84cm expx=-35.5 ang=43.4deg z=83.2cm tg=0.00 mode=0 conf=0.43 lost=0 L=2.80 R=3.21
th=120 steer=9.4 ex=-8.04cm expx=-29.0 ang=40.5deg z=118.9cm tg=1.00 mode=1 conf=0.37 lost=0 L=2.86 R=3.21
th=120 steer=10.2 ex=-7.66cm expx=-28.8 ang=39.7deg z=118.9cm tg=1.00 mode=1 conf=0.36 lost=0 L=2.83 R=3.21
th=120 steer=6.7 ex=-6.10cm expx=-22.0 ang=37.8deg z=125.1cm tg=1.00 mode=1 conf=0.42 lost=0 L=2.96 R=3.20
th=120 steer=6.0 ex=-5.54cm expx=-20.0 ang=36.4deg z=125.1cm tg=1.00 mode=1 conf=0.43 lost=0 L=2.98 R=3.20
th=120 steer=7.2 ex=-5.66cm expx=-21.2 ang=34.8deg z=125.1cm tg=1.00 mode=1 conf=0.46 lost=0 L=2.94 R=3.20
th=120 steer=5.7 ex=-4.99cm expx=-18.8 ang=33.7deg z=125.1cm tg=1.00 mode=1 conf=0.47 lost=0 L=2.99 R=3.20
th=120 steer=5.1 ex=-4.59cm expx=-17.2 ang=32.9deg z=132.6cm tg=1.00 mode=1 conf=0.51 lost=0 L=3.02 R=3.20
th=120 steer=4.5 ex=-4.19cm expx=-15.8 ang=31.6deg z=132.6cm tg=1.00 mode=1 conf=0.50 lost=0 L=3.04 R=3.20
th=120 steer=3.9 ex=-3.86cm expx=-14.5 ang=30.3deg z=132.6cm tg=1.00 mode=1 conf=0.51 lost=0 L=3.06 R=3.20
th=120 steer=4.0 ex=-3.72cm expx=-14.0 ang=29.5deg z=132.6cm tg=1.00 mode=1 conf=0.51 lost=0 L=3.06 R=3.20
th=120 steer=1.3 ex=-3.39cm expx=-12.8 ang=42.2deg z=132.6cm tg=1.00 mode=1 conf=0.33 lost=0 L=3.15 R=3.20
th=120 steer=2.8 ex=-3.66cm expx=-13.8 ang=42.2deg z=132.6cm tg=1.00 mode=1 conf=0.33 lost=0 L=3.10 R=3.20
th=120 steer=4.5 ex=-3.59cm expx=-13.5 ang=24.7deg z=132.6cm tg=1.00 mode=1 conf=0.48 lost=0 L=3.04 R=3.20
th=120 steer=3.4 ex=-3.13cm expx=-11.8 ang=22.2deg z=132.6cm tg=1.00 mode=1 conf=0.46 lost=0 L=3.08 R=3.20
th=120 steer=7.4 ex=-4.44cm expx=-16.0 ang=44.4deg z=132.6cm tg=1.00 mode=1 conf=0.28 lost=0 L=2.93 R=3.20
th=120 steer=5.9 ex=-3.87cm expx=-14.0 ang=19.3deg z=132.6cm tg=1.00 mode=1 conf=0.43 lost=0 L=2.99 R=3.20
th=120 steer=4.4 ex=-3.10cm expx=-11.2 ang=17.4deg z=140.2cm tg=1.00 mode=1 conf=0.35 lost=0 L=3.04 R=3.20
th=120 steer=5.7 ex=-3.12cm expx=-11.2 ang=13.9deg z=140.2cm tg=1.00 mode=1 conf=0.34 lost=0 L=2.99 R=3.20
th=120 steer=-3.4 ex=3.04cm expx=6.5 ang=21.8deg z=140.2cm tg=0.00 mode=0 conf=0.55 lost=0 L=3.20 R=3.08
th=120 steer=-2.0 ex=1.40cm expx=3.0 ang=22.3deg z=140.2cm tg=0.00 mode=0 conf=0.54 lost=0 L=3.20 R=3.13
th=120 steer=-0.6 ex=-0.47cm expx=-1.0 ang=21.3deg z=140.2cm tg=0.00 mode=0 conf=0.54 lost=0 L=3.20 R=3.18
th=120 steer=-0.2 ex=-1.40cm expx=-3.0 ang=21.8deg z=140.2cm tg=0.00 mode=0 conf=0.55 lost=0 L=3.20 R=3.19
th=120 steer=0.9 ex=-2.57cm expx=-5.5 ang=20.8deg z=140.2cm tg=0.00 mode=0 conf=0.53 lost=0 L=3.17 R=3.20
th=120 steer=1.8 ex=-3.27cm expx=-7.0 ang=18.3deg z=140.2cm tg=0.00 mode=0 conf=0.50 lost=0 L=3.14 R=3.20
th=120 steer=7.8 ex=-6.24cm expx=-22.5 ang=21.8deg z=132.6cm tg=1.00 mode=1 conf=0.00 lost=5 L=2.46 R=2.75
th=120 steer=11.0 ex=-5.87cm expx=-22.0 ang=19.7deg z=140.2cm tg=1.00 mode=1 conf=0.00 lost=7 L=2.35 R=2.76
th=120 steer=4.5 ex=-4.20cm expx=-15.8 ang=16.9deg z=140.2cm tg=1.00 mode=1 conf=0.00 lost=5 L=2.57 R=2.73
th=120 steer=11.0 ex=-4.20cm expx=-15.8 ang=16.9deg z=140.2cm tg=1.00 mode=1 conf=0.00 lost=13 L=2.35 R=2.76
th=120 steer=-1.5 ex=-0.39cm expx=-1.5 ang=13.5deg z=149.6cm tg=0.86 mode=0 conf=0.38 lost=0 L=3.20 R=3.15
th=120 steer=0.1 ex=-0.77cm expx=-3.0 ang=15.5deg z=77.5cm tg=0.00 mode=0 conf=0.67 lost=0 L=3.20 R=3.20
th=120 steer=0.4 ex=-0.90cm expx=-3.5 ang=15.8deg z=77.5cm tg=0.00 mode=0 conf=0.74 lost=0 L=3.18 R=3.20
th=120 steer=11.0 ex=-0.90cm expx=-3.5 ang=15.8deg z=77.5cm tg=1.00 mode=1 conf=0.00 lost=8 L=2.35 R=2.76
th=120 steer=0.3 ex=-0.77cm expx=-3.0 ang=14.0deg z=77.5cm tg=1.00 mode=1 conf=0.00 lost=1 L=2.71 R=2.72
th=120 steer=0.2 ex=-0.66cm expx=-2.5 ang=13.7deg z=140.2cm tg=0.68 mode=0 conf=0.42 lost=0 L=3.19 R=3.20
th=120 steer=0.6 ex=-0.86cm expx=-3.2 ang=13.6deg z=140.2cm tg=0.69 mode=0 conf=0.48 lost=0 L=3.18 R=3.20
th=120 steer=0.7 ex=-0.99cm expx=-3.8 ang=13.8deg z=140.2cm tg=0.66 mode=0 conf=0.51 lost=0 L=3.17 R=3.20
th=120 steer=0.9 ex=-1.06cm expx=-4.0 ang=13.1deg z=140.2cm tg=0.62 mode=0 conf=0.54 lost=0 L=3.17 R=3.20
th=120 steer=1.0 ex=-1.06cm expx=-4.0 ang=11.9deg z=140.2cm tg=0.62 mode=0 conf=0.57 lost=0 L=3.16 R=3.20
th=120 steer=0.9 ex=-1.06cm expx=-4.0 ang=12.4deg z=140.2cm tg=0.60 mode=0 conf=0.59 lost=0 L=3.17 R=3.20
th=120 steer=1.2 ex=-1.13cm expx=-4.2 ang=11.4deg z=140.2cm tg=0.59 mode=0 conf=0.60 lost=0 L=3.16 R=3.20
th=120 steer=1.2 ex=-1.13cm expx=-4.2 ang=11.5deg z=140.2cm tg=0.59 mode=0 conf=0.60 lost=0 L=3.16 R=3.20
th=120 steer=1.3 ex=-1.13cm expx=-4.2 ang=10.4deg z=140.2cm tg=0.56 mode=0 conf=0.63 lost=0 L=3.15 R=3.20
th=120 steer=1.3 ex=-1.02cm expx=-4.0 ang=9.4deg z=140.2cm tg=0.55 mode=0 conf=0.67 lost=0 L=3.15 R=3.20
th=120 steer=0.1 ex=-1.09cm expx=-4.5 ang=21.9deg z=140.2cm tg=0.57 mode=0 conf=0.50 lost=0 L=3.20 R=3.20
th=120 steer=1.3 ex=-0.90cm expx=-3.5 ang=7.9deg z=140.2cm tg=0.50 mode=0 conf=0.80 lost=0 L=3.15 R=3.20
th=120 steer=1.3 ex=-0.96cm expx=-3.5 ang=7.4deg z=140.2cm tg=0.50 mode=0 conf=0.81 lost=0 L=3.15 R=3.20
th=120 steer=0.8 ex=-0.90cm expx=-3.5 ang=16.0deg z=140.2cm tg=0.42 mode=0 conf=0.53 lost=0 L=3.17 R=3.20
th=120 steer=1.4 ex=-0.96cm expx=-3.5 ang=6.6deg z=140.2cm tg=0.40 mode=0 conf=0.75 lost=0 L=3.15 R=3.20
th=120 steer=-1.9 ex=2.10cm expx=4.5 ang=8.5deg z=140.2cm tg=0.00 mode=0 conf=0.95 lost=0 L=3.20 R=3.13
th=120 steer=2.4 ex=-1.26cm expx=-4.8 ang=8.1deg z=140.2cm tg=0.36 mode=0 conf=0.74 lost=0 L=3.11 R=3.20
th=120 steer=-2.0 ex=1.63cm expx=3.5 ang=8.5deg z=140.2cm tg=0.00 mode=0 conf=0.93 lost=0 L=3.20 R=3.13
th=120 steer=-0.8 ex=0.70cm expx=1.5 ang=9.1deg z=140.2cm tg=0.00 mode=0 conf=0.87 lost=0 L=3.20 R=3.17
th=120 steer=1.7 ex=-1.26cm expx=-4.8 ang=7.7deg z=140.2cm tg=0.31 mode=0 conf=0.69 lost=0 L=3.14 R=3.20
th=120 steer=1.6 ex=-1.16cm expx=-4.5 ang=7.2deg z=140.2cm tg=0.30 mode=0 conf=0.64 lost=0 L=3.14 R=3.20
th=120 steer=1.3 ex=-0.93cm expx=-3.5 ang=7.1deg z=140.2cm tg=0.28 mode=0 conf=0.70 lost=0 L=3.15 R=3.20
th=120 steer=1.1 ex=-0.90cm expx=-3.5 ang=8.4deg z=140.2cm tg=0.30 mode=0 conf=0.76 lost=0 L=3.16 R=3.20
th=120 steer=-20.9 ex=9.55cm expx=61.8 ang=29.4deg z=140.2cm tg=1.00 mode=1 conf=0.52 lost=0 L=3.21 R=2.44
th=120 steer=-19.0 ex=9.72cm expx=59.8 ang=25.1deg z=140.2cm tg=1.00 mode=1 conf=0.43 lost=0 L=3.21 R=2.51
th=120 steer=-19.1 ex=10.53cm expx=60.0 ang=23.8deg z=140.2cm tg=1.00 mode=1 conf=0.48 lost=0 L=3.21 R=2.51
th=120 steer=30.6 ex=-24.75cm expx=-53.0 ang=6.3deg z=140.2cm tg=0.00 mode=0 conf=0.64 lost=0 L=2.09 R=3.22
th=120 steer=26.1 ex=-24.52cm expx=-52.5 ang=8.5deg z=140.2cm tg=0.00 mode=0 conf=0.60 lost=0 L=2.26 R=3.22
th=120 steer=26.7 ex=-24.75cm expx=-53.0 ang=9.9deg z=140.2cm tg=0.00 mode=0 conf=0.58 lost=0 L=2.23 R=3.22
th=120 steer=25.3 ex=-23.35cm expx=-50.0 ang=9.6deg z=140.2cm tg=0.00 mode=0 conf=0.55 lost=0 L=2.28 R=3.22
th=120 steer=-23.9 ex=9.75cm expx=54.0 ang=26.5deg z=140.2cm tg=1.00 mode=1 conf=0.40 lost=0 L=3.21 R=2.34
th=120 steer=26.8 ex=-23.11cm expx=-49.5 ang=8.3deg z=140.2cm tg=0.00 mode=0 conf=0.56 lost=0 L=2.23 R=3.22
th=120 steer=-23.7 ex=10.02cm expx=55.5 ang=26.1deg z=140.2cm tg=1.00 mode=1 conf=0.41 lost=0 L=3.21 R=2.34
th=120 steer=17.6 ex=-18.91cm expx=-40.5 ang=5.7deg z=140.2cm tg=0.00 mode=0 conf=0.57 lost=0 L=2.56 R=3.21
th=120 steer=-24.1 ex=10.15cm expx=56.2 ang=27.2deg z=140.2cm tg=1.00 mode=1 conf=0.41 lost=0 L=3.21 R=2.33
th=120 steer=24.2 ex=-19.61cm expx=-42.0 ang=8.0deg z=140.2cm tg=0.00 mode=0 conf=0.62 lost=0 L=2.32 R=3.22
th=120 steer=21.9 ex=-17.74cm expx=-38.0 ang=7.7deg z=140.2cm tg=0.00 mode=0 conf=0.62 lost=0 L=2.41 R=3.21
th=120 steer=-25.1 ex=10.61cm expx=58.8 ang=26.6deg z=140.2cm tg=1.00 mode=1 conf=0.45 lost=0 L=3.22 R=2.29
th=120 steer=21.9 ex=-13.07cm expx=-45.5 ang=18.8deg z=140.2cm tg=0.78 mode=0 conf=0.49 lost=0 L=2.41 R=3.21
th=120 steer=18.7 ex=-12.50cm expx=-43.5 ang=18.8deg z=140.2cm tg=0.80 mode=0 conf=0.50 lost=0 L=2.52 R=3.21
th=120 steer=20.3 ex=-12.35cm expx=-43.0 ang=19.5deg z=140.2cm tg=0.82 mode=0 conf=0.50 lost=0 L=2.47 R=3.21
th=120 steer=23.5 ex=-12.61cm expx=-45.5 ang=21.0deg z=140.2cm tg=0.97 mode=0 conf=0.58 lost=0 L=2.35 R=3.21
th=120 steer=-24.1 ex=11.06cm expx=61.2 ang=28.6deg z=140.2cm tg=1.00 mode=1 conf=0.51 lost=0 L=3.21 R=2.33
th=120 steer=24.0 ex=-10.95cm expx=-41.0 ang=23.4deg z=140.2cm tg=1.00 mode=1 conf=0.66 lost=0 L=2.33 R=3.21
th=120 steer=20.6 ex=-10.72cm expx=-41.5 ang=25.9deg z=140.2cm tg=1.00 mode=1 conf=0.75 lost=0 L=2.46 R=3.21
th=120 steer=11.9 ex=-7.88cm expx=-30.5 ang=24.1deg z=140.2cm tg=1.00 mode=1 conf=0.72 lost=0 L=2.77 R=3.21
th=120 steer=18.5 ex=-8.26cm expx=-32.0 ang=25.3deg z=140.2cm tg=1.00 mode=1 conf=0.74 lost=0 L=2.53 R=3.21
th=120 steer=12.8 ex=-7.23cm expx=-28.0 ang=25.4deg z=140.2cm tg=1.00 mode=1 conf=0.73 lost=0 L=2.74 R=3.21
th=120 steer=22.2 ex=-8.91cm expx=-34.5 ang=27.2deg z=140.2cm tg=1.00 mode=1 conf=0.75 lost=0 L=2.40 R=3.21
th=120 steer=13.0 ex=-7.75cm expx=-30.0 ang=27.7deg z=140.2cm tg=1.00 mode=1 conf=0.75 lost=0 L=2.73 R=3.21
th=120 steer=10.0 ex=-6.71cm expx=-27.0 ang=28.5deg z=140.2cm tg=1.00 mode=1 conf=0.67 lost=0 L=2.84 R=3.21
th=120 steer=7.9 ex=-5.58cm expx=-22.5 ang=28.6deg z=140.2cm tg=1.00 mode=1 conf=0.67 lost=0 L=2.91 R=3.20
th=120 steer=3.9 ex=-4.00cm expx=-15.5 ang=28.1deg z=140.2cm tg=1.00 mode=1 conf=0.73 lost=0 L=3.06 R=3.20
th=120 steer=4.4 ex=-3.87cm expx=-15.0 ang=29.3deg z=140.2cm tg=1.00 mode=1 conf=0.73 lost=0 L=3.04 R=3.20
th=120 steer=4.1 ex=-3.74cm expx=-14.5 ang=30.3deg z=140.2cm tg=1.00 mode=1 conf=0.74 lost=0 L=3.05 R=3.20
th=120 steer=4.2 ex=-3.87cm expx=-15.0 ang=31.4deg z=140.2cm tg=1.00 mode=1 conf=0.76 lost=0 L=3.05 R=3.20
th=120 steer=3.9 ex=-3.74cm expx=-14.5 ang=32.3deg z=140.2cm tg=1.00 mode=1 conf=0.76 lost=0 L=3.06 R=3.20
th=120 steer=3.8 ex=-3.74cm expx=-14.5 ang=32.7deg z=149.6cm tg=1.00 mode=1 conf=0.72 lost=0 L=3.06 R=3.20
th=120 steer=4.3 ex=-4.00cm expx=-15.5 ang=33.4deg z=149.6cm tg=1.00 mode=1 conf=0.73 lost=0 L=3.04 R=3.20
th=120 steer=7.6 ex=-4.52cm expx=-17.5 ang=34.9deg z=149.6cm tg=1.00 mode=1 conf=0.70 lost=0 L=2.93 R=3.20
th=120 steer=-1.0 ex=1.41cm expx=12.2 ang=-32.2deg z=149.6cm tg=0.59 mode=0 conf=0.50 lost=0 L=3.20 R=3.16
th=120 steer=-2.3 ex=1.48cm expx=12.8 ang=-32.0deg z=142.1cm tg=0.39 mode=0 conf=0.50 lost=0 L=3.20 R=3.12
th=120 steer=7.1 ex=-5.81cm expx=-22.5 ang=38.4deg z=142.1cm tg=1.00 mode=1 conf=0.69 lost=0 L=2.94 R=3.20
th=120 steer=6.2 ex=-5.29cm expx=-20.5 ang=37.9deg z=132.6cm tg=1.00 mode=1 conf=0.71 lost=0 L=2.98 R=3.20
th=120 steer=6.0 ex=-5.16cm expx=-20.0 ang=38.6deg z=132.6cm tg=1.00 mode=1 conf=0.70 lost=0 L=2.98 R=3.20
th=120 steer=5.8 ex=-5.16cm expx=-20.0 ang=40.1deg z=132.6cm tg=1.00 mode=1 conf=0.74 lost=0 L=2.99 R=3.20
th=120 steer=5.5 ex=-5.04cm expx=-19.5 ang=40.6deg z=132.6cm tg=1.00 mode=1 conf=0.74 lost=0 L=3.00 R=3.20
th=120 steer=5.3 ex=-4.91cm expx=-19.0 ang=40.7deg z=140.2cm tg=1.00 mode=1 conf=0.77 lost=0 L=3.01 R=3.20
th=120 steer=5.4 ex=-5.04cm expx=-19.5 ang=41.4deg z=140.2cm tg=1.00 mode=1 conf=0.77 lost=0 L=3.00 R=3.20
th=120 steer=5.4 ex=-5.04cm expx=-19.5 ang=41.9deg z=140.2cm tg=1.00 mode=1 conf=0.76 lost=0 L=3.01 R=3.20
th=120 steer=5.6 ex=-5.16cm expx=-20.0 ang=42.6deg z=140.2cm tg=1.00 mode=1 conf=0.76 lost=0 L=3.00 R=3.20
th=120 steer=5.5 ex=-5.16cm expx=-20.0 ang=43.3deg z=140.2cm tg=1.00 mode=1 conf=0.73 lost=0 L=3.00 R=3.20
th=120 steer=5.7 ex=-5.29cm expx=-20.5 ang=44.3deg z=140.2cm tg=1.00 mode=1 conf=0.71 lost=0 L=2.99 R=3.20
th=120 steer=5.3 ex=-5.16cm expx=-20.0 ang=44.9deg z=140.2cm tg=1.00 mode=1 conf=0.71 lost=0 L=3.01 R=3.20
th=120 steer=5.8 ex=-5.42cm expx=-21.0 ang=45.1deg z=140.2cm tg=1.00 mode=1 conf=0.71 lost=0 L=2.99 R=3.20
th=120 steer=6.0 ex=-5.55cm expx=-21.5 ang=45.4deg z=140.2cm tg=1.00 mode=1 conf=0.73 lost=0 L=2.98 R=3.20
th=120 steer=5.7 ex=-5.42cm expx=-21.0 ang=45.5deg z=140.2cm tg=1.00 mode=1 conf=0.74 lost=0 L=2.99 R=3.20
th=120 steer=6.0 ex=-5.55cm expx=-21.5 ang=45.4deg z=140.2cm tg=1.00 mode=1 conf=0.75 lost=0 L=2.98 R=3.20
th=120 steer=5.9 ex=-5.55cm expx=-21.5 ang=45.6deg z=140.2cm tg=1.00 mode=1 conf=0.77 lost=0 L=2.99 R=3.20
th=120 steer=1.6 ex=-4.02cm expx=-15.2 ang=46.7deg z=132.6cm tg=1.00 mode=1 conf=0.63 lost=0 L=3.14 R=3.20
th=120 steer=4.5 ex=-4.82cm expx=-18.2 ang=45.7deg z=140.2cm tg=1.00 mode=1 conf=0.70 lost=0 L=3.04 R=3.20
th=120 steer=5.2 ex=-5.35cm expx=-20.2 ang=48.7deg z=132.6cm tg=1.00 mode=1 conf=0.61 lost=0 L=3.01 R=3.20
th=120 steer=5.8 ex=-5.75cm expx=-21.8 ang=49.3deg z=132.6cm tg=1.00 mode=1 conf=0.61 lost=0 L=2.99 R=3.20
th=120 steer=6.1 ex=-5.95cm expx=-22.5 ang=49.6deg z=132.6cm tg=1.00 mode=1 conf=0.59 lost=0 L=2.98 R=3.20
th=120 steer=6.3 ex=-6.02cm expx=-22.8 ang=48.7deg z=140.2cm tg=1.00 mode=1 conf=0.53 lost=0 L=2.97 R=3.20
th=120 steer=6.7 ex=-6.28cm expx=-23.8 ang=49.5deg z=132.6cm tg=1.00 mode=1 conf=0.61 lost=0 L=2.96 R=3.20
th=120 steer=6.7 ex=-6.28cm expx=-23.8 ang=49.6deg z=140.2cm tg=1.00 mode=1 conf=0.54 lost=0 L=2.96 R=3.20
th=120 steer=6.9 ex=-6.35cm expx=-24.0 ang=49.4deg z=140.2cm tg=1.00 mode=1 conf=0.55 lost=0 L=2.95 R=3.20
th=120 steer=7.1 ex=-6.48cm expx=-24.5 ang=49.6deg z=132.6cm tg=1.00 mode=1 conf=0.64 lost=0 L=2.94 R=3.20
th=120 steer=7.1 ex=-6.48cm expx=-24.5 ang=49.3deg z=125.1cm tg=1.00 mode=1 conf=0.58 lost=0 L=2.94 R=3.20
th=120 steer=7.0 ex=-6.41cm expx=-24.2 ang=48.9deg z=125.1cm tg=1.00 mode=1 conf=0.57 lost=0 L=2.95 R=3.20
th=120 steer=1.6 ex=-3.88cm expx=-13.8 ang=50.1deg z=125.1cm tg=1.00 mode=1 conf=0.43 lost=0 L=3.14 R=3.20
th=120 steer=2.6 ex=-4.96cm expx=-17.5 ang=59.0deg z=86.4cm tg=0.00 mode=0 conf=0.36 lost=0 L=3.11 R=3.20
th=120 steer=2.6 ex=-5.39cm expx=-19.0 ang=60.6deg z=86.4cm tg=1.00 mode=1 conf=0.00 lost=3 L=2.63 R=2.73
th=120 steer=11.0 ex=-5.39cm expx=-19.0 ang=60.6deg z=86.4cm tg=1.00 mode=1 conf=0.00 lost=11 L=2.35 R=2.76
th=120 steer=3.2 ex=-5.17cm expx=-18.2 ang=53.1deg z=118.9cm tg=1.00 mode=1 conf=0.00 lost=2 L=2.61 R=2.73
th=120 steer=11.0 ex=-5.17cm expx=-18.2 ang=53.1deg z=118.9cm tg=1.00 mode=1 conf=0.00 lost=10 L=2.35 R=2.76
th=120 steer=2.1 ex=-4.60cm expx=-16.2 ang=53.1deg z=118.9cm tg=1.00 mode=1 conf=0.00 lost=1 L=2.65 R=2.73
th=120 steer=11.0 ex=-4.60cm expx=-16.2 ang=53.1deg z=118.9cm tg=1.00 mode=1 conf=0.00 lost=9 L=2.35 R=2.76
th=120 steer=11.0 ex=-4.60cm expx=-16.2 ang=53.1deg z=118.9cm tg=1.00 mode=1 conf=0.00 lost=17 L=2.35 R=2.76
th=120 steer=-25.1 ex=18.11cm expx=114.5 ang=48.4deg z=118.9cm tg=1.00 mode=1 conf=0.00 lost=3 L=2.80 R=1.88
th=120 steer=11.0 ex=18.11cm expx=114.5 ang=48.4deg z=118.9cm tg=1.00 mode=1 conf=0.00 lost=11 L=2.35 R=2.76
th=120 steer=11.0 ex=18.11cm expx=114.5 ang=48.4deg z=118.9cm tg=1.00 mode=1 conf=0.00 lost=19 L=2.35 R=2.76
th=120 steer=11.0 ex=18.11cm expx=114.5 ang=48.4deg z=118.9cm tg=1.00 mode=1 conf=0.00 lost=27 L=2.35 R=2.76
th=120 steer=11.0 ex=18.11cm expx=114.5 ang=48.4deg z=118.9cm tg=1.00 mode=1 conf=0.00 lost=35 L=2.35 R=2.76
th=120 steer=11.0 ex=18.11cm expx=114.5 ang=48.4deg z=118.9cm tg=1.00 mode=1 conf=0.00 lost=43 L=2.35 R=2.76
th=120 steer=11.0 ex=18.11cm expx=114.5 ang=48.4deg z=118.9cm tg=1.00 mode=1 conf=0.00 lost=51 L=2.35 R=2.76
th=120 steer=11.0 ex=18.11cm expx=114.5 ang=48.4deg z=118.9cm tg=1.00 mode=1 conf=0.00 lost=59 L=2.35 R=2.76
th=120 steer=11.0 ex=18.11cm expx=114.5 ang=48.4deg z=118.9cm tg=1.00 mode=1 conf=0.00 lost=67 L=2.35 R=2.76
th=120 steer=-25.7 ex=21.67cm expx=137.0 ang=44.8deg z=118.9cm tg=1.00 mode=1 conf=0.00 lost=2 L=2.80 R=1.86
th=120 steer=11.0 ex=21.67cm expx=137.0 ang=44.8deg z=118.9cm tg=1.00 mode=1 conf=0.00 lost=10 L=2.35 R=2.76
th=120 steer=11.0 ex=21.67cm expx=137.0 ang=44.8deg z=118.9cm tg=1.00 mode=1 conf=0.00 lost=18 L=2.35 R=2.76
th=120 steer=11.0 ex=21.67cm expx=137.0 ang=44.8deg z=118.9cm tg=1.00 mode=1 conf=0.00 lost=26 L=2.35 R=2.76
th=120 steer=11.0 ex=21.67cm expx=137.0 ang=44.8deg z=118.9cm tg=1.00 mode=1 conf=0.00 lost=34 L=2.35 R=2.76
th=120 steer=11.0 ex=21.67cm expx=137.0 ang=44.8deg z=118.9cm tg=1.00 mode=1 conf=0.00 lost=42 L=2.35 R=2.76
th=120 steer=11.0 ex=21.67cm expx=137.0 ang=44.8deg z=118.9cm tg=1.00 mode=1 conf=0.00 lost=50 L=2.35 R=2.76
th=120 steer=1.5 ex=2.67cm expx=25.8 ang=-18.3deg z=118.9cm tg=0.44 mode=0 conf=0.36 lost=0 L=3.15 R=3.20
th=120 steer=-0.2 ex=5.37cm expx=42.5 ang=-83.2deg z=50.1cm tg=1.00 mode=1 conf=0.00 lost=4 L=2.72 R=2.71
th=120 steer=11.0 ex=5.37cm expx=42.5 ang=-83.2deg z=50.1cm tg=1.00 mode=1 conf=0.00 lost=12 L=2.35 R=2.76
th=120 steer=11.0 ex=5.37cm expx=42.5 ang=-83.2deg z=50.1cm tg=1.00 mode=1 conf=0.00 lost=20 L=2.35 R=2.76
th=120 steer=11.0 ex=5.37cm expx=42.5 ang=-83.2deg z=50.1cm tg=1.00 mode=1 conf=0.00 lost=28 L=2.35 R=2.76
th=120 steer=11.0 ex=5.37cm expx=42.5 ang=-83.2deg z=50.1cm tg=1.00 mode=1 conf=0.00 lost=36 L=2.35 R=2.76
th=120 steer=11.0 ex=5.37cm expx=42.5 ang=-83.2deg z=50.1cm tg=1.00 mode=1 conf=0.00 lost=44 L=2.35 R=2.76
th=120 steer=11.0 ex=5.37cm expx=42.5 ang=-83.2deg z=50.1cm tg=1.00 mode=1 conf=0.00 lost=52 L=2.35 R=2.76
th=120 steer=1.5 ex=-2.14cm expx=-7.8 ang=61.4deg z=86.4cm tg=1.00 mode=1 conf=0.00 lost=3 L=2.67 R=2.72
th=120 steer=-5.6 ex=3.05cm expx=28.0 ang=-21.2deg z=126.5cm tg=1.00 mode=1 conf=0.00 lost=1 L=2.74 R=2.53
th=120 steer=11.0 ex=3.05cm expx=28.0 ang=-21.2deg z=126.5cm tg=1.00 mode=1 conf=0.00 lost=9 L=2.35 R=2.76
th=120 steer=11.0 ex=3.05cm expx=28.0 ang=-21.2deg z=126.5cm tg=1.00 mode=1 conf=0.00 lost=17 L=2.35 R=2.76
th=120 steer=11.0 ex=3.05cm expx=28.0 ang=-21.2deg z=126.5cm tg=1.00 mode=1 conf=0.00 lost=25 L=2.35 R=2.76
th=120 steer=11.0 ex=3.05cm expx=28.0 ang=-21.2deg z=126.5cm tg=1.00 mode=1 conf=0.00 lost=33 L=2.35 R=2.76
th=120 steer=-14.3 ex=18.34cm expx=44.0 ang=42.0deg z=125.1cm tg=1.00 mode=1 conf=0.00 lost=1 L=2.77 R=2.24
th=120 steer=11.0 ex=18.34cm expx=44.0 ang=42.0deg z=125.1cm tg=1.00 mode=1 conf=0.00 lost=9 L=2.35 R=2.76
th=120 steer=11.0 ex=18.34cm expx=44.0 ang=42.0deg z=125.1cm tg=1.00 mode=1 conf=0.00 lost=17 L=2.35 R=2.76
th=120 steer=11.0 ex=18.34cm expx=44.0 ang=42.0deg z=125.1cm tg=1.00 mode=1 conf=0.00 lost=25 L=2.35 R=2.76
th=120 steer=11.0 ex=18.34cm expx=44.0 ang=42.0deg z=125.1cm tg=1.00 mode=1 conf=0.00 lost=33 L=2.35 R=2.76
th=120 steer=11.0 ex=18.34cm expx=44.0 ang=42.0deg z=125.1cm tg=1.00 mode=1 conf=0.00 lost=41 L=2.35 R=2.76
th=120 steer=11.0 ex=18.34cm expx=44.0 ang=42.0deg z=125.1cm tg=1.00 mode=1 conf=0.00 lost=49 L=2.35 R=2.76
th=120 steer=2.1 ex=-1.86cm expx=-6.8 ang=55.2deg z=118.9cm tg=1.00 mode=1 conf=0.00 lost=6 L=2.65 R=2.73
th=120 steer=11.0 ex=-1.86cm expx=-6.8 ang=55.2deg z=118.9cm tg=1.00 mode=1 conf=0.00 lost=14 L=2.35 R=2.76
th=120 steer=0.7 ex=-1.86cm expx=-6.8 ang=55.2deg z=118.9cm tg=1.00 mode=1 conf=0.00 lost=6 L=2.70 R=2.72
th=120 steer=11.0 ex=-1.86cm expx=-6.8 ang=55.2deg z=118.9cm tg=1.00 mode=1 conf=0.00 lost=14 L=2.35 R=2.76
th=120 steer=-0.3 ex=-1.78cm expx=-6.5 ang=55.5deg z=118.9cm tg=1.00 mode=1 conf=0.00 lost=3 L=2.72 R=2.71
th=120 steer=11.0 ex=-1.78cm expx=-6.5 ang=55.5deg z=118.9cm tg=1.00 mode=1 conf=0.00 lost=11 L=2.35 R=2.76
th=120 steer=11.0 ex=-1.78cm expx=-6.5 ang=55.5deg z=118.9cm tg=1.00 mode=1 conf=0.00 lost=19 L=2.35 R=2.76
th=120 steer=11.0 ex=-1.78cm expx=-6.5 ang=55.5deg z=118.9cm tg=1.00 mode=1 conf=0.00 lost=7 L=2.35 R=2.76
th=120 steer=11.0 ex=-1.78cm expx=-6.5 ang=55.5deg z=118.9cm tg=1.00 mode=1 conf=0.00 lost=15 L=2.35 R=2.76
th=120 steer=9.2 ex=-6.25cm expx=-25.8 ang=55.5deg z=118.9cm tg=1.00 mode=1 conf=0.36 lost=0 L=2.87 R=3.21
th=120 steer=1.5 ex=-4.71cm expx=-17.0 ang=61.2deg z=83.2cm tg=0.00 mode=0 conf=0.58 lost=0 L=3.15 R=3.20
th=120 steer=11.0 ex=-6.25cm expx=-25.8 ang=60.9deg z=81.0cm tg=1.00 mode=1 conf=0.00 lost=7 L=2.35 R=2.76
th=120 steer=14.0 ex=-10.17cm expx=-41.0 ang=60.6deg z=75.0cm tg=0.00 mode=0 conf=0.40 lost=0 L=2.69 R=3.21
th=120 steer=6.2 ex=-6.96cm expx=-26.2 ang=59.2deg z=80.4cm tg=0.00 mode=0 conf=0.73 lost=0 L=2.98 R=3.20
th=120 steer=6.7 ex=-7.22cm expx=-27.2 ang=58.6deg z=80.4cm tg=0.00 mode=0 conf=0.70 lost=0 L=2.96 R=3.20
th=120 steer=8.9 ex=-8.26cm expx=-32.0 ang=57.5deg z=77.5cm tg=0.00 mode=0 conf=0.72 lost=0 L=2.88 R=3.21
th=120 steer=-24.9 ex=9.75cm expx=54.0 ang=54.3deg z=77.5cm tg=1.00 mode=1 conf=0.44 lost=0 L=3.22 R=2.30
th=120 steer=10.5 ex=-9.04cm expx=-35.0 ang=57.1deg z=77.5cm tg=0.00 mode=0 conf=0.64 lost=0 L=2.82 R=3.21
th=120 steer=-24.7 ex=9.66cm expx=53.5 ang=52.6deg z=77.5cm tg=1.00 mode=1 conf=0.41 lost=0 L=3.22 R=2.31
th=120 steer=20.3 ex=-11.86cm expx=-47.8 ang=55.9deg z=75.0cm tg=0.00 mode=0 conf=0.44 lost=0 L=2.46 R=3.21
th=120 steer=20.0 ex=-11.49cm expx=-44.5 ang=56.3deg z=77.5cm tg=0.00 mode=0 conf=0.45 lost=0 L=2.48 R=3.21
th=120 steer=18.1 ex=-11.49cm expx=-44.5 ang=54.8deg z=77.5cm tg=0.00 mode=0 conf=0.48 lost=0 L=2.54 R=3.21
th=120 steer=-24.4 ex=9.57cm expx=53.0 ang=49.9deg z=77.5cm tg=1.00 mode=1 conf=0.36 lost=0 L=3.22 R=2.32
th=120 steer=-19.8 ex=9.52cm expx=52.8 ang=48.8deg z=80.4cm tg=1.00 mode=1 conf=0.00 lost=1 L=2.79 R=2.06
th=120 steer=-23.9 ex=9.61cm expx=53.2 ang=48.5deg z=80.4cm tg=1.00 mode=1 conf=0.36 lost=0 L=3.21 R=2.34
th=120 steer=20.8 ex=-13.17cm expx=-47.5 ang=53.1deg z=83.2cm tg=0.00 mode=0 conf=0.41 lost=0 L=2.45 R=3.21
th=120 steer=-21.0 ex=9.57cm expx=53.0 ang=46.6deg z=80.4cm tg=1.00 mode=1 conf=0.00 lost=3 L=2.79 R=2.02
th=120 steer=-20.3 ex=16.02cm expx=68.2 ang=67.3deg z=70.1cm tg=1.00 mode=1 conf=0.00 lost=4 L=2.79 R=2.04
th=120 steer=-13.9 ex=10.71cm expx=45.5 ang=68.6deg z=70.1cm tg=1.00 mode=1 conf=0.00 lost=1 L=2.77 R=2.25
th=120 steer=-19.8 ex=10.46cm expx=64.2 ang=65.5deg z=75.0cm tg=0.90 mode=0 conf=0.21 lost=0 L=3.21 R=2.48
th=120 steer=-11.5 ex=7.36cm expx=29.0 ang=71.6deg z=75.0cm tg=0.00 mode=0 conf=0.30 lost=0 L=3.21 R=2.78
th=120 steer=-8.1 ex=3.99cm expx=15.5 ang=71.6deg z=75.0cm tg=0.00 mode=0 conf=0.30 lost=0 L=3.21 R=2.91
th=120 steer=11.0 ex=3.36cm expx=13.0 ang=71.6deg z=75.0cm tg=1.00 mode=1 conf=0.00 lost=7 L=2.35 R=2.76
th=120 steer=-25.2 ex=12.38cm expx=68.5 ang=66.4deg z=80.4cm tg=1.00 mode=1 conf=0.20 lost=0 L=3.22 R=2.29
th=120 steer=-7.3 ex=8.00cm expx=17.5 ang=65.3deg z=132.6cm tg=0.00 mode=0 conf=0.79 lost=0 L=3.20 R=2.94
th=120 steer=-6.7 ex=5.37cm expx=11.5 ang=65.7deg z=140.2cm tg=0.00 mode=0 conf=0.97 lost=0 L=3.20 R=2.96
th=120 steer=-1.3 ex=-3.27cm expx=-7.0 ang=67.0deg z=140.2cm tg=0.00 mode=0 conf=0.96 lost=0 L=3.20 R=3.15
th=120 steer=4.0 ex=-10.04cm expx=-21.5 ang=67.3deg z=140.2cm tg=0.00 mode=0 conf=0.97 lost=0 L=3.05 R=3.20
th=120 steer=8.8 ex=-15.41cm expx=-33.0 ang=66.8deg z=140.2cm tg=0.00 mode=0 conf=0.97 lost=0 L=2.88 R=3.21
th=120 steer=11.5 ex=-18.68cm expx=-40.0 ang=65.2deg z=140.2cm tg=0.00 mode=0 conf=0.98 lost=0 L=2.78 R=3.21
th=120 steer=13.0 ex=-20.31cm expx=-43.5 ang=63.3deg z=140.2cm tg=0.00 mode=0 conf=0.97 lost=0 L=2.73 R=3.21
th=120 steer=18.1 ex=-20.88cm expx=-42.5 ang=62.2deg z=149.6cm tg=0.00 mode=0 conf=0.77 lost=0 L=2.55 R=3.21
th=120 steer=22.4 ex=-24.88cm expx=-50.5 ang=60.7deg z=149.6cm tg=0.00 mode=0 conf=0.79 lost=0 L=2.39 R=3.21
th=120 steer=-27.1 ex=18.09cm expx=75.0 ang=57.2deg z=149.6cm tg=1.00 mode=1 conf=0.42 lost=0 L=3.22 R=2.22
th=120 steer=-27.3 ex=17.73cm expx=73.5 ang=55.7deg z=159.0cm tg=1.00 mode=1 conf=0.34 lost=0 L=3.22 R=2.21
th=120 steer=-27.7 ex=17.61cm expx=73.0 ang=54.0deg z=159.0cm tg=1.00 mode=1 conf=0.35 lost=0 L=3.22 R=2.20
th=120 steer=26.3 ex=-40.25cm expx=-76.0 ang=56.3deg z=159.0cm tg=1.00 mode=1 conf=0.00 lost=1 L=1.84 R=2.81
th=120 steer=11.0 ex=17.25cm expx=71.5 ang=53.2deg z=171.1cm tg=1.00 mode=1 conf=0.00 lost=7 L=2.35 R=2.76
th=120 steer=11.0 ex=17.25cm expx=71.5 ang=53.2deg z=171.1cm tg=1.00 mode=1 conf=0.00 lost=15 L=2.35 R=2.76
th=120 steer=11.0 ex=17.25cm expx=71.5 ang=53.2deg z=171.1cm tg=1.00 mode=1 conf=0.00 lost=23 L=2.35 R=2.76
th=120 steer=11.0 ex=17.25cm expx=71.5 ang=53.2deg z=171.1cm tg=1.00 mode=1 conf=0.00 lost=31 L=2.35 R=2.76
th=120 steer=11.0 ex=17.25cm expx=71.5 ang=53.2deg z=171.1cm tg=1.00 mode=1 conf=0.00 lost=39 L=2.35 R=2.76
th=120 steer=24.1 ex=-16.13cm expx=-64.8 ang=49.5deg z=75.0cm tg=1.00 mode=1 conf=0.00 lost=1 L=1.91 R=2.80
th=120 steer=-25.7 ex=9.16cm expx=53.5 ang=46.3deg z=159.0cm tg=1.00 mode=1 conf=0.34 lost=0 L=3.22 R=2.27
th=120 steer=-20.0 ex=16.16cm expx=67.0 ang=40.7deg z=72.4cm tg=0.00 mode=0 conf=0.27 lost=0 L=3.21 R=2.48
th=120 steer=-16.2 ex=16.39cm expx=65.5 ang=41.6deg z=75.0cm tg=1.00 mode=1 conf=0.00 lost=5 L=2.77 R=2.18
th=120 steer=11.0 ex=16.39cm expx=65.5 ang=41.6deg z=75.0cm tg=1.00 mode=1 conf=0.00 lost=13 L=2.35 R=2.76
th=120 steer=11.0 ex=16.39cm expx=65.5 ang=41.6deg z=75.0cm tg=1.00 mode=1 conf=0.00 lost=21 L=2.35 R=2.76
th=120 steer=11.0 ex=16.39cm expx=65.5 ang=41.6deg z=75.0cm tg=1.00 mode=1 conf=0.00 lost=29 L=2.35 R=2.76
th=120 steer=36.3 ex=-18.07cm expx=-108.5 ang=37.7deg z=75.0cm tg=1.00 mode=1 conf=0.29 lost=0 L=1.89 R=3.22
th=120 steer=11.0 ex=-17.65cm expx=-106.0 ang=38.2deg z=75.0cm tg=1.00 mode=1 conf=0.00 lost=7 L=2.35 R=2.76
th=120 steer=11.0 ex=-17.65cm expx=-106.0 ang=38.2deg z=75.0cm tg=1.00 mode=1 conf=0.00 lost=15 L=2.35 R=2.76
th=120 steer=11.0 ex=-17.65cm expx=-106.0 ang=38.2deg z=75.0cm tg=1.00 mode=1 conf=0.00 lost=23 L=2.35 R=2.76
th=120 steer=11.0 ex=-17.65cm expx=-106.0 ang=38.2deg z=75.0cm tg=1.00 mode=1 conf=0.00 lost=31 L=2.35 R=2.76
th=120 steer=11.0 ex=-17.65cm expx=-106.0 ang=38.2deg z=75.0cm tg=1.00 mode=1 conf=0.00 lost=39 L=2.35 R=2.76
th=120 steer=11.0 ex=-17.65cm expx=-106.0 ang=38.2deg z=75.0cm tg=1.00 mode=1 conf=0.00 lost=47 L=2.35 R=2.76
th=120 steer=-19.1 ex=14.33cm expx=49.8 ang=-4.4deg z=140.2cm tg=1.00 mode=1 conf=0.00 lost=3 L=2.78 R=2.08
th=120 steer=11.0 ex=14.33cm expx=49.8 ang=-4.4deg z=140.2cm tg=1.00 mode=1 conf=0.00 lost=11 L=2.35 R=2.76
th=120 steer=11.0 ex=14.33cm expx=49.8 ang=-4.4deg z=140.2cm tg=1.00 mode=1 conf=0.00 lost=19 L=2.35 R=2.76
th=120 steer=-16.5 ex=14.26cm expx=49.5 ang=-8.2deg z=140.2cm tg=1.00 mode=1 conf=0.00 lost=3 L=2.77 R=2.17
th=120 steer=11.0 ex=14.26cm expx=49.5 ang=-8.2deg z=140.2cm tg=1.00 mode=1 conf=0.00 lost=11 L=2.35 R=2.76
th=120 steer=11.0 ex=14.26cm expx=49.5 ang=-8.2deg z=140.2cm tg=1.00 mode=1 conf=0.00 lost=19 L=2.35 R=2.76
th=120 steer=-14.6 ex=14.18cm expx=49.2 ang=-11.6deg z=140.2cm tg=1.00 mode=1 conf=0.00 lost=5 L=2.77 R=2.23
th=120 steer=11.0 ex=14.18cm expx=49.2 ang=-11.6deg z=140.2cm tg=1.00 mode=1 conf=0.00 lost=13 L=2.35 R=2.76
th=120 steer=-16.1 ex=14.26cm expx=49.5 ang=-5.6deg z=140.2cm tg=0.15 mode=0 conf=0.35 lost=0 L=3.21 R=2.62
th=120 steer=11.0 ex=14.26cm expx=49.5 ang=-5.6deg z=140.2cm tg=1.00 mode=1 conf=0.00 lost=8 L=2.35 R=2.76
th=120 steer=11.0 ex=14.26cm expx=49.5 ang=-5.6deg z=140.2cm tg=1.00 mode=1 conf=0.00 lost=16 L=2.35 R=2.76
th=120 steer=-12.6 ex=14.18cm expx=49.2 ang=-8.2deg z=140.2cm tg=1.00 mode=1 conf=0.00 lost=5 L=2.76 R=2.30
th=120 steer=11.0 ex=14.18cm expx=49.2 ang=-8.2deg z=140.2cm tg=1.00 mode=1 conf=0.00 lost=13 L=2.35 R=2.76
th=120 steer=-14.6 ex=24.80cm expx=49.8 ang=2.9deg z=149.6cm tg=0.00 mode=0 conf=0.76 lost=0 L=3.21 R=2.67
th=120 steer=11.0 ex=24.80cm expx=49.8 ang=2.9deg z=149.6cm tg=1.00 mode=1 conf=0.00 lost=8 L=2.35 R=2.76
th=120 steer=11.0 ex=24.80cm expx=49.8 ang=2.9deg z=149.6cm tg=1.00 mode=1 conf=0.00 lost=16 L=2.35 R=2.76
th=120 steer=-12.1 ex=26.22cm expx=49.5 ang=2.9deg z=159.0cm tg=1.00 mode=1 conf=0.00 lost=5 L=2.76 R=2.32
th=120 steer=11.0 ex=26.22cm expx=49.5 ang=2.9deg z=159.0cm tg=1.00 mode=1 conf=0.00 lost=13 L=2.35 R=2.76
th=120 steer=-11.7 ex=24.55cm expx=49.2 ang=1.1deg z=149.6cm tg=1.00 mode=1 conf=0.00 lost=2 L=2.76 R=2.33
th=120 steer=11.0 ex=24.55cm expx=49.2 ang=1.1deg z=149.6cm tg=1.00 mode=1 conf=0.00 lost=10 L=2.35 R=2.76
th=120 steer=-13.5 ex=24.42cm expx=49.0 ang=0.0deg z=149.6cm tg=0.00 mode=0 conf=0.80 lost=0 L=3.21 R=2.71
th=120 steer=11.0 ex=24.42cm expx=49.0 ang=0.0deg z=149.6cm tg=1.00 mode=1 conf=0.00 lost=8 L=2.35 R=2.76
th=120 steer=11.0 ex=24.42cm expx=49.0 ang=0.0deg z=149.6cm tg=1.00 mode=1 conf=0.00 lost=16 L=2.35 R=2.76
th=120 steer=-11.4 ex=12.65cm expx=49.0 ang=0.0deg z=140.2cm tg=1.00 mode=1 conf=0.00 lost=6 L=2.76 R=2.34
th=120 steer=11.0 ex=12.65cm expx=49.0 ang=0.0deg z=140.2cm tg=1.00 mode=1 conf=0.00 lost=14 L=2.35 R=2.76
th=120 steer=-11.3 ex=11.82cm expx=49.0 ang=0.0deg z=72.4cm tg=1.00 mode=1 conf=0.00 lost=6 L=2.76 R=2.34
th=120 steer=11.0 ex=11.82cm expx=49.0 ang=0.0deg z=72.4cm tg=1.00 mode=1 conf=0.00 lost=14 L=2.35 R=2.76
th=120 steer=-11.3 ex=11.44cm expx=49.0 ang=0.0deg z=70.1cm tg=1.00 mode=1 conf=0.00 lost=6 L=2.76 R=2.34
th=120 steer=11.0 ex=11.44cm expx=49.0 ang=0.0deg z=70.1cm tg=1.00 mode=1 conf=0.00 lost=14 L=2.35 R=2.76
th=120 steer=-11.3 ex=11.44cm expx=49.0 ang=0.0deg z=70.1cm tg=1.00 mode=1 conf=0.00 lost=6 L=2.76 R=2.34
th=120 steer=11.0 ex=11.44cm expx=49.0 ang=0.0deg z=70.1cm tg=1.00 mode=1 conf=0.00 lost=14 L=2.35 R=2.76
th=120 steer=-11.3 ex=11.44cm expx=49.0 ang=0.0deg z=70.1cm tg=1.00 mode=1 conf=0.00 lost=6 L=2.76 R=2.34
th=120 steer=11.0 ex=11.44cm expx=49.0 ang=0.0deg z=70.1cm tg=1.00 mode=1 conf=0.00 lost=14 L=2.35 R=2.76
th=120 steer=-11.3 ex=11.44cm expx=49.0 ang=0.0deg z=70.1cm tg=1.00 mode=1 conf=0.00 lost=6 L=2.76 R=2.34
th=120 steer=11.0 ex=11.44cm expx=49.0 ang=0.0deg z=70.1cm tg=1.00 mode=1 conf=0.00 lost=14 L=2.35 R=2.76
th=120 steer=-11.2 ex=11.50cm expx=49.2 ang=-3.2deg z=70.1cm tg=1.00 mode=1 conf=0.00 lost=6 L=2.76 R=2.35
th=120 steer=11.0 ex=11.50cm expx=49.2 ang=-3.2deg z=70.1cm tg=1.00 mode=1 conf=0.00 lost=14 L=2.35 R=2.76
th=120 steer=11.0 ex=11.44cm expx=49.0 ang=0.0deg z=70.1cm tg=1.00 mode=1 conf=0.00 lost=7 L=2.35 R=2.76
th=120 steer=11.0 ex=11.44cm expx=49.0 ang=0.0deg z=70.1cm tg=1.00 mode=1 conf=0.00 lost=15 L=2.35 R=2.76
th=120 steer=11.0 ex=11.44cm expx=49.0 ang=0.0deg z=70.1cm tg=1.00 mode=1 conf=0.00 lost=7 L=2.35 R=2.76
th=120 steer=11.0 ex=11.44cm expx=49.0 ang=0.0deg z=70.1cm tg=1.00 mode=1 conf=0.00 lost=15 L=2.35 R=2.76
th=120 steer=11.0 ex=11.44cm expx=49.0 ang=0.0deg z=70.1cm tg=1.00 mode=1 conf=0.00 lost=7 L=2.35 R=2.76
th=120 steer=11.0 ex=11.44cm expx=49.0 ang=0.0deg z=70.1cm tg=1.00 mode=1 conf=0.00 lost=15 L=2.35 R=2.76
th=120 steer=11.0 ex=12.24cm expx=49.0 ang=0.0deg z=75.0cm tg=1.00 mode=1 conf=0.00 lost=7 L=2.35 R=2.76
th=120 steer=11.0 ex=12.24cm expx=49.0 ang=0.0deg z=75.0cm tg=1.00 mode=1 conf=0.00 lost=15 L=2.35 R=2.76
th=120 steer=11.0 ex=12.24cm expx=49.0 ang=0.0deg z=75.0cm tg=1.00 mode=1 conf=0.00 lost=7 L=2.35 R=2.76
th=120 steer=11.0 ex=12.24cm expx=49.0 ang=0.0deg z=75.0cm tg=1.00 mode=1 conf=0.00 lost=15 L=2.35 R=2.76
th=120 steer=-11.3 ex=12.78cm expx=49.0 ang=0.0deg z=77.5cm tg=1.00 mode=1 conf=0.00 lost=6 L=2.76 R=2.34
th=120 steer=11.0 ex=12.78cm expx=49.0 ang=0.0deg z=77.5cm tg=1.00 mode=1 conf=0.00 lost=14 L=2.35 R=2.76
th=120 steer=-11.3 ex=13.18cm expx=49.0 ang=-0.3deg z=80.4cm tg=1.00 mode=1 conf=0.00 lost=6 L=2.76 R=2.34
th=120 steer=11.0 ex=13.18cm expx=49.0 ang=-0.3deg z=80.4cm tg=1.00 mode=1 conf=0.00 lost=14 L=2.35 R=2.76
th=120 steer=-11.3 ex=13.58cm expx=49.0 ang=0.0deg z=83.2cm tg=1.00 mode=1 conf=0.00 lost=6 L=2.76 R=2.34
th=120 steer=11.0 ex=13.58cm expx=49.0 ang=0.0deg z=83.2cm tg=1.00 mode=1 conf=0.00 lost=14 L=2.35 R=2.76
th=120 steer=-11.3 ex=14.11cm expx=49.0 ang=0.0deg z=86.4cm tg=1.00 mode=1 conf=0.00 lost=6 L=2.76 R=2.34
th=120 steer=11.0 ex=14.11cm expx=49.0 ang=0.0deg z=86.4cm tg=1.00 mode=1 conf=0.00 lost=14 L=2.35 R=2.76
th=120 steer=-11.3 ex=14.11cm expx=49.0 ang=0.0deg z=86.4cm tg=1.00 mode=1 conf=0.00 lost=5 L=2.76 R=2.34
th=120 steer=11.0 ex=14.11cm expx=49.0 ang=0.0deg z=86.4cm tg=1.00 mode=1 conf=0.00 lost=13 L=2.35 R=2.76
th=120 steer=-11.3 ex=14.11cm expx=49.0 ang=0.0deg z=86.4cm tg=1.00 mode=1 conf=0.00 lost=4 L=2.76 R=2.34
th=120 steer=11.0 ex=14.11cm expx=49.0 ang=0.0deg z=86.4cm tg=1.00 mode=1 conf=0.00 lost=12 L=2.35 R=2.76
th=120 steer=-11.5 ex=14.18cm expx=49.2 ang=3.2deg z=86.4cm tg=1.00 mode=1 conf=0.00 lost=3 L=2.76 R=2.33
th=120 steer=11.0 ex=14.18cm expx=49.2 ang=3.2deg z=86.4cm tg=1.00 mode=1 conf=0.00 lost=11 L=2.35 R=2.76
th=120 steer=-11.4 ex=14.18cm expx=49.2 ang=1.6deg z=118.9cm tg=1.00 mode=1 conf=0.00 lost=1 L=2.76 R=2.34
th=120 steer=11.0 ex=14.18cm expx=49.2 ang=1.6deg z=118.9cm tg=1.00 mode=1 conf=0.00 lost=9 L=2.35 R=2.76
th=120 steer=-11.2 ex=20.42cm expx=49.0 ang=-1.4deg z=125.1cm tg=1.00 mode=1 conf=0.00 lost=1 L=2.76 R=2.35
th=120 steer=11.0 ex=20.42cm expx=49.0 ang=-1.4deg z=125.1cm tg=1.00 mode=1 conf=0.00 lost=9 L=2.35 R=2.76
th=120 steer=-13.3 ex=20.63cm expx=49.5 ang=-1.4deg z=125.1cm tg=0.00 mode=0 conf=0.59 lost=0 L=3.21 R=2.72
th=120 steer=11.0 ex=20.63cm expx=49.5 ang=-1.4deg z=125.1cm tg=1.00 mode=1 conf=0.00 lost=8 L=2.35 R=2.76
th=120 steer=11.0 ex=20.63cm expx=49.5 ang=-1.4deg z=125.1cm tg=1.00 mode=1 conf=0.00 lost=16 L=2.35 R=2.76
th=120 steer=11.0 ex=21.76cm expx=49.2 ang=-1.1deg z=132.6cm tg=1.00 mode=1 conf=0.00 lost=7 L=2.35 R=2.76
th=120 steer=11.0 ex=21.76cm expx=49.2 ang=-1.1deg z=132.6cm tg=1.00 mode=1 conf=0.00 lost=15 L=2.35 R=2.76
th=120 steer=11.0 ex=20.42cm expx=49.0 ang=0.0deg z=125.1cm tg=1.00 mode=1 conf=0.00 lost=7 L=2.35 R=2.76
th=120 steer=11.0 ex=20.42cm expx=49.0 ang=0.0deg z=125.1cm tg=1.00 mode=1 conf=0.00 lost=15 L=2.35 R=2.76
th=120 steer=-23.8 ex=16.39cm expx=106.2 ang=5.3deg z=140.2cm tg=1.00 mode=1 conf=0.00 lost=6 L=2.80 R=1.92
th=120 steer=11.0 ex=16.39cm expx=106.2 ang=5.3deg z=140.2cm tg=1.00 mode=1 conf=0.00 lost=14 L=2.35 R=2.76
th=120 steer=11.0 ex=16.39cm expx=106.2 ang=5.3deg z=140.2cm tg=1.00 mode=1 conf=0.00 lost=22 L=2.35 R=2.76
th=120 steer=-23.3 ex=17.76cm expx=115.2 ang=-35.2deg z=140.2cm tg=1.00 mode=1 conf=0.00 lost=1 L=2.80 R=1.94
th=120 steer=11.0 ex=17.76cm expx=115.2 ang=-35.2deg z=140.2cm tg=1.00 mode=1 conf=0.00 lost=9 L=2.35 R=2.76
th=120 steer=11.0 ex=17.76cm expx=115.2 ang=-35.2deg z=140.2cm tg=1.00 mode=1 conf=0.00 lost=17 L=2.35 R=2.76
th=120 steer=-23.4 ex=17.99cm expx=116.8 ang=-19.1deg z=171.1cm tg=1.00 mode=1 conf=0.00 lost=1 L=2.80 R=1.93
th=120 steer=-23.0 ex=16.82cm expx=102.5 ang=-2.9deg z=50.0cm tg=0.00 mode=0 conf=0.78 lost=0 L=3.21 R=2.37
th=120 steer=-19.0 ex=16.40cm expx=93.5 ang=11.7deg z=50.0cm tg=1.00 mode=1 conf=0.00 lost=1 L=2.78 R=2.08
th=120 steer=-20.9 ex=13.49cm expx=84.5 ang=10.8deg z=72.4cm tg=0.42 mode=0 conf=0.54 lost=0 L=3.21 R=2.44
th=120 steer=-19.0 ex=11.91cm expx=71.5 ang=21.4deg z=77.5cm tg=0.78 mode=0 conf=0.59 lost=0 L=3.21 R=2.51
th=120 steer=-19.4 ex=11.14cm expx=63.5 ang=14.9deg z=140.2cm tg=1.00 mode=1 conf=0.66 lost=0 L=3.21 R=2.50
th=120 steer=33.5 ex=-13.82cm expx=-83.0 ang=18.7deg z=77.5cm tg=1.00 mode=1 conf=0.68 lost=0 L=1.99 R=3.22
th=120 steer=-23.8 ex=12.06cm expx=70.5 ang=24.5deg z=140.2cm tg=1.00 mode=1 conf=0.60 lost=0 L=3.21 R=2.34
th=120 steer=33.2 ex=-13.32cm expx=-77.5 ang=9.1deg z=77.5cm tg=0.88 mode=0 conf=0.53 lost=0 L=2.00 R=3.22
th=120 steer=-25.7 ex=12.71cm expx=72.2 ang=16.8deg z=140.2cm tg=1.00 mode=1 conf=0.64 lost=0 L=3.22 R=2.27
th=120 steer=29.4 ex=-15.75cm expx=-61.0 ang=17.6deg z=77.5cm tg=0.00 mode=0 conf=0.68 lost=0 L=2.14 R=3.22
th=120 steer=26.2 ex=-15.49cm expx=-60.0 ang=17.0deg z=77.5cm tg=0.00 mode=0 conf=0.69 lost=0 L=2.25 R=3.22
th=120 steer=25.4 ex=-14.98cm expx=-58.0 ang=16.4deg z=77.5cm tg=0.00 mode=0 conf=0.70 lost=0 L=2.28 R=3.22
th=120 steer=24.9 ex=-14.98cm expx=-58.0 ang=16.1deg z=77.5cm tg=0.00 mode=0 conf=0.71 lost=0 L=2.30 R=3.22
th=120 steer=22.4 ex=-14.46cm expx=-56.0 ang=15.5deg z=77.5cm tg=0.00 mode=0 conf=0.72 lost=0 L=2.39 R=3.21
th=120 steer=29.4 ex=-15.11cm expx=-58.5 ang=15.5deg z=77.5cm tg=0.00 mode=0 conf=0.72 lost=0 L=2.14 R=3.22
th=120 steer=-25.2 ex=15.05cm expx=88.0 ang=12.8deg z=140.2cm tg=0.55 mode=0 conf=0.75 lost=0 L=3.22 R=2.29
th=120 steer=-26.4 ex=13.77cm expx=78.5 ang=10.3deg z=140.2cm tg=1.00 mode=1 conf=0.72 lost=0 L=3.22 R=2.25
th=120 steer=30.3 ex=-14.72cm expx=-57.0 ang=15.5deg z=77.5cm tg=0.00 mode=0 conf=0.72 lost=0 L=2.10 R=3.22
th=120 steer=-21.4 ex=14.91cm expx=81.0 ang=-9.0deg z=140.2cm tg=0.93 mode=0 conf=0.67 lost=0 L=3.21 R=2.43
th=120 steer=22.7 ex=-13.73cm expx=-55.0 ang=14.3deg z=75.0cm tg=0.00 mode=0 conf=0.63 lost=0 L=2.38 R=3.21
th=120 steer=31.5 ex=-14.59cm expx=-56.5 ang=14.0deg z=77.5cm tg=0.00 mode=0 conf=0.75 lost=0 L=2.06 R=3.22
th=120 steer=24.8 ex=-13.60cm expx=-54.5 ang=14.3deg z=75.0cm tg=0.00 mode=0 conf=0.63 lost=0 L=2.30 R=3.22
th=120 steer=32.1 ex=-11.75cm expx=-67.0 ang=13.7deg z=75.0cm tg=0.62 mode=0 conf=0.58 lost=0 L=2.04 R=3.22
th=120 steer=-25.7 ex=15.41cm expx=92.5 ang=11.3deg z=140.2cm tg=0.40 mode=0 conf=0.66 lost=0 L=3.22 R=2.27
th=120 steer=30.0 ex=-14.07cm expx=-54.5 ang=13.4deg z=77.5cm tg=0.00 mode=0 conf=0.76 lost=0 L=2.12 R=3.22
th=120 steer=-22.4 ex=15.18cm expx=84.2 ang=9.2deg z=140.2cm tg=0.84 mode=0 conf=0.69 lost=0 L=3.21 R=2.39
th=120 steer=18.6 ex=-12.13cm expx=-52.0 ang=12.5deg z=70.1cm tg=1.00 mode=1 conf=0.00 lost=2 L=2.10 R=2.78
th=120 steer=-24.3 ex=16.13cm expx=89.5 ang=7.4deg z=140.2cm tg=0.75 mode=0 conf=0.70 lost=0 L=3.22 R=2.32
th=120 steer=22.8 ex=-11.90cm expx=-51.0 ang=12.5deg z=70.1cm tg=1.00 mode=1 conf=0.00 lost=5 L=1.96 R=2.80
th=120 steer=34.3 ex=-11.03cm expx=-61.2 ang=11.6deg z=70.1cm tg=0.41 mode=0 conf=0.36 lost=0 L=1.96 R=3.22
th=120 steer=-20.1 ex=17.54cm expx=97.5 ang=-23.3deg z=140.2cm tg=1.00 mode=1 conf=0.00 lost=1 L=2.79 R=2.05
th=120 steer=27.6 ex=-10.72cm expx=-59.5 ang=13.3deg z=70.1cm tg=1.00 mode=1 conf=0.00 lost=6 L=1.79 R=2.81
th=120 steer=-22.8 ex=24.79cm expx=96.0 ang=7.3deg z=140.2cm tg=0.40 mode=0 conf=0.86 lost=0 L=3.21 R=2.38
th=120 steer=21.8 ex=-12.13cm expx=-52.0 ang=12.5deg z=70.1cm tg=1.00 mode=1 conf=0.00 lost=2 L=1.99 R=2.79
th=120 steer=-26.2 ex=26.34cm expx=102.0 ang=6.5deg z=140.2cm tg=0.38 mode=0 conf=0.88 lost=0 L=3.22 R=2.25
th=120 steer=26.7 ex=-11.90cm expx=-51.0 ang=12.5deg z=70.1cm tg=1.00 mode=1 conf=0.00 lost=2 L=1.82 R=2.81
th=120 steer=11.0 ex=-11.90cm expx=-51.0 ang=12.5deg z=70.1cm tg=1.00 mode=1 conf=0.00 lost=10 L=2.35 R=2.76
th=120 steer=-25.3 ex=27.76cm expx=107.5 ang=5.7deg z=140.2cm tg=0.33 mode=0 conf=0.89 lost=0 L=3.22 R=2.29
th=120 steer=-20.6 ex=26.98cm expx=104.5 ang=6.1deg z=140.2cm tg=1.00 mode=1 conf=0.00 lost=6 L=2.79 R=2.03
th=120 steer=11.0 ex=26.98cm expx=104.5 ang=6.1deg z=140.2cm tg=1.00 mode=1 conf=0.00 lost=14 L=2.35 R=2.76
th=120 steer=11.0 ex=26.98cm expx=104.5 ang=6.1deg z=140.2cm tg=1.00 mode=1 conf=0.00 lost=22 L=2.35 R=2.76
th=120 steer=11.0 ex=26.98cm expx=104.5 ang=6.1deg z=140.2cm tg=1.00 mode=1 conf=0.00 lost=30 L=2.35 R=2.76
th=120 steer=-21.4 ex=28.79cm expx=111.5 ang=5.4deg z=140.2cm tg=1.00 mode=1 conf=0.00 lost=6 L=2.79 R=2.00
th=120 steer=11.0 ex=28.79cm expx=111.5 ang=5.4deg z=140.2cm tg=1.00 mode=1 conf=0.00 lost=14 L=2.35 R=2.76
th=120 steer=11.0 ex=28.79cm expx=111.5 ang=5.4deg z=140.2cm tg=1.00 mode=1 conf=0.00 lost=22 L=2.35 R=2.76
th=120 steer=11.0 ex=28.79cm expx=111.5 ang=5.4deg z=140.2cm tg=1.00 mode=1 conf=0.00 lost=30 L=2.35 R=2.76
th=120 steer=-22.8 ex=58.60cm expx=125.5 ang=5.1deg z=140.2cm tg=1.00 mode=1 conf=0.00 lost=4 L=2.79 R=1.96
th=120 steer=11.0 ex=58.60cm expx=125.5 ang=5.1deg z=140.2cm tg=1.00 mode=1 conf=0.00 lost=12 L=2.35 R=2.76
th=120 steer=11.0 ex=58.60cm expx=125.5 ang=5.1deg z=140.2cm tg=1.00 mode=1 conf=0.00 lost=20 L=2.35 R=2.76
th=120 steer=11.0 ex=58.60cm expx=125.5 ang=5.1deg z=140.2cm tg=1.00 mode=1 conf=0.00 lost=28 L=2.35 R=2.76
th=120 steer=11.0 ex=58.60cm expx=125.5 ang=5.1deg z=140.2cm tg=1.00 mode=1 conf=0.00 lost=36 L=2.35 R=2.76
th=120 steer=11.0 ex=58.60cm expx=125.5 ang=5.1deg z=140.2cm tg=1.00 mode=1 conf=0.00 lost=44 L=2.35 R=2.76
th=120 steer=11.0 ex=58.60cm expx=125.5 ang=5.1deg z=140.2cm tg=1.00 mode=1 conf=0.00 lost=52 L=2.35 R=2.76
th=120 steer=11.0 ex=58.60cm expx=125.5 ang=5.1deg z=140.2cm tg=1.00 mode=1 conf=0.00 lost=60 L=2.35 R=2.76
th=120 steer=11.0 ex=58.60cm expx=125.5 ang=5.1deg z=140.2cm tg=1.00 mode=1 conf=0.00 lost=68 L=2.35 R=2.76
th=120 steer=11.0 ex=58.60cm expx=125.5 ang=5.1deg z=140.2cm tg=1.00 mode=1 conf=0.00 lost=76 L=2.35 R=2.76
th=120 steer=11.0 ex=58.60cm expx=125.5 ang=5.1deg z=140.2cm tg=1.00 mode=1 conf=0.00 lost=84 L=2.35 R=2.76
th=120 steer=11.0 ex=58.60cm expx=125.5 ang=5.1deg z=140.2cm tg=1.00 mode=1 conf=0.00 lost=92 L=2.35 R=2.76
th=120 steer=11.0 ex=58.60cm expx=125.5 ang=5.1deg z=140.2cm tg=1.00 mode=1 conf=0.00 lost=100 L=2.35 R=2.76
th=120 steer=11.0 ex=58.60cm expx=125.5 ang=5.1deg z=140.2cm tg=1.00 mode=1 conf=0.00 lost=108 L=2.35 R=2.76
th=120 steer=11.0 ex=58.60cm expx=125.5 ang=5.1deg z=140.2cm tg=1.00 mode=1 conf=0.00 lost=116 L=2.35 R=2.76
th=120 steer=11.0 ex=58.60cm expx=125.5 ang=5.1deg z=140.2cm tg=1.00 mode=1 conf=0.00 lost=124 L=2.35 R=2.76
th=120 steer=11.0 ex=58.60cm expx=125.5 ang=5.1deg z=140.2cm tg=1.00 mode=1 conf=0.00 lost=132 L=2.35 R=2.76
th=120 steer=11.0 ex=58.60cm expx=125.5 ang=5.1deg z=140.2cm tg=1.00 mode=1 conf=0.00 lost=140 L=2.35 R=2.76
th=120 steer=11.0 ex=58.60cm expx=125.5 ang=5.1deg z=140.2cm tg=1.00 mode=1 conf=0.00 lost=148 L=2.35 R=2.76
th=120 steer=11.0 ex=58.60cm expx=125.5 ang=5.1deg z=140.2cm tg=1.00 mode=1 conf=0.00 lost=156 L=2.35 R=2.76
th=120 steer=11.0 ex=58.60cm expx=125.5 ang=5.1deg z=140.2cm tg=1.00 mode=1 conf=0.00 lost=164 L=2.35 R=2.76
th=120 steer=-12.5 ex=10.02cm expx=55.5 ang=43.3deg z=77.5cm tg=1.00 mode=1 conf=0.00 lost=1 L=2.76 R=2.30
th=120 steer=11.0 ex=20.92cm expx=81.0 ang=41.8deg z=118.9cm tg=1.00 mode=1 conf=0.00 lost=7 L=2.35 R=2.76
th=120 steer=11.0 ex=20.92cm expx=81.0 ang=41.8deg z=118.9cm tg=1.00 mode=1 conf=0.00 lost=15 L=2.35 R=2.76
th=120 steer=37.5 ex=-18.57cm expx=-111.5 ang=41.6deg z=72.4cm tg=1.00 mode=1 conf=0.23 lost=0 L=1.84 R=3.22
th=120 steer=-23.0 ex=18.98cm expx=73.5 ang=39.0deg z=125.1cm tg=1.00 mode=1 conf=0.21 lost=0 L=3.21 R=2.37
th=120 steer=-18.4 ex=18.17cm expx=67.8 ang=41.1deg z=125.1cm tg=1.00 mode=1 conf=0.00 lost=2 L=2.78 R=2.10
th=120 steer=11.0 ex=18.17cm expx=67.8 ang=41.1deg z=125.1cm tg=1.00 mode=1 conf=0.00 lost=10 L=2.35 R=2.76
th=120 steer=11.0 ex=18.17cm expx=67.8 ang=41.1deg z=125.1cm tg=1.00 mode=1 conf=0.00 lost=18 L=2.35 R=2.76
th=120 steer=11.0 ex=18.17cm expx=67.8 ang=41.1deg z=125.1cm tg=1.00 mode=1 conf=0.00 lost=26 L=2.35 R=2.76
th=120 steer=38.4 ex=-19.65cm expx=-118.0 ang=38.5deg z=77.5cm tg=1.00 mode=1 conf=0.24 lost=0 L=1.81 R=3.22
th=120 steer=29.4 ex=-17.06cm expx=-102.5 ang=35.2deg z=75.0cm tg=1.00 mode=1 conf=0.00 lost=1 L=1.73 R=2.82
th=120 steer=11.0 ex=-17.06cm expx=-102.5 ang=35.2deg z=75.0cm tg=1.00 mode=1 conf=0.00 lost=9 L=2.35 R=2.76
th=120 steer=11.0 ex=-17.06cm expx=-102.5 ang=35.2deg z=75.0cm tg=1.00 mode=1 conf=0.00 lost=17 L=2.35 R=2.76
th=120 steer=11.0 ex=-17.06cm expx=-102.5 ang=35.2deg z=75.0cm tg=1.00 mode=1 conf=0.00 lost=25 L=2.35 R=2.76
th=120 steer=11.0 ex=-17.06cm expx=-102.5 ang=35.2deg z=75.0cm tg=1.00 mode=1 conf=0.00 lost=33 L=2.35 R=2.76
th=120 steer=11.0 ex=-17.06cm expx=-102.5 ang=35.2deg z=75.0cm tg=1.00 mode=1 conf=0.00 lost=41 L=2.35 R=2.76
th=120 steer=11.0 ex=-17.06cm expx=-102.5 ang=35.2deg z=75.0cm tg=1.00 mode=1 conf=0.00 lost=49 L=2.35 R=2.76
th=120 steer=11.0 ex=-17.06cm expx=-102.5 ang=35.2deg z=75.0cm tg=1.00 mode=1 conf=0.00 lost=57 L=2.35 R=2.76
th=120 steer=-22.7 ex=11.56cm expx=49.5 ang=0.0deg z=70.1cm tg=0.00 mode=0 conf=0.40 lost=0 L=3.21 R=2.38
th=120 steer=11.0 ex=11.56cm expx=49.5 ang=0.0deg z=70.1cm tg=1.00 mode=1 conf=0.00 lost=8 L=2.35 R=2.76
th=120 steer=11.0 ex=11.56cm expx=49.5 ang=0.0deg z=70.1cm tg=1.00 mode=1 conf=0.00 lost=16 L=2.35 R=2.76
th=120 steer=-19.9 ex=11.44cm expx=49.0 ang=4.3deg z=149.6cm tg=1.00 mode=1 conf=0.00 lost=3 L=2.79 R=2.05
th=120 steer=11.0 ex=11.44cm expx=49.0 ang=4.3deg z=149.6cm tg=1.00 mode=1 conf=0.00 lost=11 L=2.35 R=2.76
th=120 steer=11.0 ex=11.44cm expx=49.0 ang=4.3deg z=149.6cm tg=1.00 mode=1 conf=0.00 lost=19 L=2.35 R=2.76
th=120 steer=-17.9 ex=11.44cm expx=49.0 ang=1.4deg z=171.1cm tg=1.00 mode=1 conf=0.00 lost=5 L=2.78 R=2.12
th=120 steer=11.0 ex=11.44cm expx=49.0 ang=1.4deg z=171.1cm tg=1.00 mode=1 conf=0.00 lost=13 L=2.35 R=2.76
th=120 steer=-19.4 ex=12.24cm expx=49.0 ang=2.9deg z=171.1cm tg=1.00 mode=1 conf=0.34 lost=0 L=3.21 R=2.50
th=120 steer=11.0 ex=12.24cm expx=49.0 ang=2.9deg z=171.1cm tg=1.00 mode=1 conf=0.00 lost=8 L=2.35 R=2.76
th=120 steer=11.0 ex=12.24cm expx=49.0 ang=2.9deg z=171.1cm tg=1.00 mode=1 conf=0.00 lost=16 L=2.35 R=2.76
th=120 steer=-15.4 ex=12.30cm expx=49.0 ang=3.0deg z=171.1cm tg=1.00 mode=1 conf=0.00 lost=3 L=2.77 R=2.20
th=120 steer=11.0 ex=12.30cm expx=49.0 ang=3.0deg z=171.1cm tg=1.00 mode=1 conf=0.00 lost=11 L=2.35 R=2.76
th=120 steer=-17.2 ex=13.12cm expx=49.0 ang=1.4deg z=171.1cm tg=1.00 mode=1 conf=0.54 lost=0 L=3.21 R=2.58
th=120 steer=11.0 ex=13.12cm expx=49.0 ang=1.4deg z=171.1cm tg=1.00 mode=1 conf=0.00 lost=8 L=2.35 R=2.76
th=120 steer=11.0 ex=13.12cm expx=49.0 ang=1.4deg z=171.1cm tg=1.00 mode=1 conf=0.00 lost=16 L=2.35 R=2.76
th=120 steer=-12.2 ex=13.72cm expx=49.0 ang=0.0deg z=83.2cm tg=1.00 mode=1 conf=0.00 lost=5 L=2.76 R=2.31
th=120 steer=11.0 ex=13.72cm expx=49.0 ang=0.0deg z=83.2cm tg=1.00 mode=1 conf=0.00 lost=13 L=2.35 R=2.76
th=120 steer=-12.0 ex=13.58cm expx=49.0 ang=0.0deg z=83.2cm tg=1.00 mode=1 conf=0.00 lost=4 L=2.76 R=2.32
th=120 steer=11.0 ex=13.58cm expx=49.0 ang=0.0deg z=83.2cm tg=1.00 mode=1 conf=0.00 lost=12 L=2.35 R=2.76
th=120 steer=-11.8 ex=14.11cm expx=49.0 ang=0.0deg z=86.4cm tg=1.00 mode=1 conf=0.00 lost=3 L=2.76 R=2.32
th=120 steer=11.0 ex=14.11cm expx=49.0 ang=0.0deg z=86.4cm tg=1.00 mode=1 conf=0.00 lost=11 L=2.35 R=2.76
th=120 steer=-11.7 ex=14.11cm expx=49.0 ang=0.0deg z=86.4cm tg=1.00 mode=1 conf=0.00 lost=2 L=2.76 R=2.33
th=120 steer=11.0 ex=14.11cm expx=49.0 ang=0.0deg z=86.4cm tg=1.00 mode=1 conf=0.00 lost=10 L=2.35 R=2.76
th=120 steer=-12.8 ex=14.18cm expx=49.2 ang=-15.0deg z=125.1cm tg=0.01 mode=0 conf=0.26 lost=0 L=3.21 R=2.74
th=120 steer=11.0 ex=14.18cm expx=49.2 ang=-15.0deg z=125.1cm tg=1.00 mode=1 conf=0.00 lost=8 L=2.35 R=2.76
th=120 steer=11.0 ex=14.18cm expx=49.2 ang=-15.0deg z=125.1cm tg=1.00 mode=1 conf=0.00 lost=16 L=2.35 R=2.76
th=120 steer=11.0 ex=14.18cm expx=49.2 ang=-14.0deg z=132.6cm tg=1.00 mode=1 conf=0.00 lost=7 L=2.35 R=2.76
th=120 steer=11.0 ex=14.18cm expx=49.2 ang=-14.0deg z=132.6cm tg=1.00 mode=1 conf=0.00 lost=15 L=2.35 R=2.76
th=120 steer=-11.3 ex=14.26cm expx=49.5 ang=-9.2deg z=140.2cm tg=1.00 mode=1 conf=0.00 lost=5 L=2.76 R=2.34
th=120 steer=11.0 ex=14.26cm expx=49.5 ang=-9.2deg z=140.2cm tg=1.00 mode=1 conf=0.00 lost=13 L=2.35 R=2.76
th=120 steer=-22.7 ex=14.89cm expx=96.5 ang=-5.3deg z=140.2cm tg=1.00 mode=1 conf=0.00 lost=3 L=2.79 R=1.96
th=120 steer=11.0 ex=14.89cm expx=96.5 ang=-5.3deg z=140.2cm tg=1.00 mode=1 conf=0.00 lost=11 L=2.35 R=2.76
th=120 steer=11.0 ex=14.89cm expx=96.5 ang=-5.3deg z=140.2cm tg=1.00 mode=1 conf=0.00 lost=19 L=2.35 R=2.76
th=120 steer=-22.3 ex=15.12cm expx=98.0 ang=-7.5deg z=132.6cm tg=1.00 mode=1 conf=0.00 lost=3 L=2.79 R=1.97
th=120 steer=11.0 ex=15.12cm expx=98.0 ang=-7.5deg z=132.6cm tg=1.00 mode=1 conf=0.00 lost=11 L=2.35 R=2.76
th=120 steer=11.0 ex=15.12cm expx=98.0 ang=-7.5deg z=132.6cm tg=1.00 mode=1 conf=0.00 lost=19 L=2.35 R=2.76
th=120 steer=11.0 ex=15.12cm expx=98.0 ang=-7.5deg z=132.6cm tg=1.00 mode=1 conf=0.00 lost=27 L=2.35 R=2.76
th=120 steer=-22.8 ex=15.19cm expx=93.5 ang=14.0deg z=48.7cm tg=0.00 mode=0 conf=0.65 lost=0 L=3.21 R=2.38
th=120 steer=-21.0 ex=14.07cm expx=87.0 ang=1.8deg z=50.0cm tg=0.00 mode=0 conf=0.78 lost=0 L=3.21 R=2.44
th=120 steer=-16.8 ex=12.99cm expx=80.5 ang=2.1deg z=50.0cm tg=1.00 mode=1 conf=0.00 lost=2 L=2.78 R=2.16
th=120 steer=-17.7 ex=11.08cm expx=66.5 ang=17.3deg z=75.0cm tg=0.91 mode=0 conf=0.66 lost=0 L=3.21 R=2.56
th=120 steer=-18.1 ex=9.49cm expx=57.0 ang=22.2deg z=77.5cm tg=1.00 mode=1 conf=0.54 lost=0 L=3.21 R=2.54
th=120 steer=40.0 ex=-15.99cm expx=-96.0 ang=23.1deg z=77.5cm tg=1.00 mode=1 conf=0.59 lost=0 L=1.75 R=3.22
th=120 steer=-26.0 ex=12.02cm expx=72.0 ang=16.6deg z=77.5cm tg=0.68 mode=0 conf=0.59 lost=0 L=3.22 R=2.26
th=120 steer=-17.8 ex=9.41cm expx=56.5 ang=17.4deg z=140.2cm tg=1.00 mode=1 conf=0.68 lost=0 L=3.21 R=2.56
th=120 steer=-24.2 ex=11.31cm expx=67.5 ang=15.4deg z=118.9cm tg=1.00 mode=1 conf=0.51 lost=0 L=3.22 R=2.32
th=120 steer=34.9 ex=-14.16cm expx=-85.0 ang=20.5deg z=77.5cm tg=1.00 mode=1 conf=0.64 lost=0 L=1.94 R=3.22
th=120 steer=-24.5 ex=11.23cm expx=66.5 ang=16.0deg z=140.2cm tg=1.00 mode=1 conf=0.62 lost=0 L=3.22 R=2.31
th=120 steer=-25.5 ex=11.82cm expx=71.0 ang=14.0deg z=77.5cm tg=0.80 mode=0 conf=0.76 lost=0 L=3.22 R=2.28
th=120 steer=-19.8 ex=9.91cm expx=64.0 ang=12.7deg z=140.2cm tg=1.00 mode=1 conf=0.65 lost=0 L=3.21 R=2.48
th=120 steer=-25.9 ex=11.08cm expx=66.5 ang=13.6deg z=140.2cm tg=1.00 mode=1 conf=0.75 lost=0 L=3.22 R=2.26
th=120 steer=36.4 ex=-13.82cm expx=-83.0 ang=17.4deg z=77.5cm tg=1.00 mode=1 conf=0.65 lost=0 L=1.88 R=3.22
th=120 steer=-25.4 ex=11.32cm expx=70.0 ang=15.4deg z=140.2cm tg=1.00 mode=1 conf=0.65 lost=0 L=3.22 R=2.28
th=120 steer=-26.1 ex=12.06cm expx=70.5 ang=12.9deg z=140.2cm tg=1.00 mode=1 conf=0.73 lost=0 L=3.22 R=2.25
th=120 steer=-23.3 ex=12.71cm expx=70.5 ang=8.7deg z=140.2cm tg=1.00 mode=1 conf=0.66 lost=0 L=3.21 R=2.36
th=120 steer=27.7 ex=-15.49cm expx=-60.0 ang=17.0deg z=77.5cm tg=0.00 mode=0 conf=0.69 lost=0 L=2.20 R=3.22
th=120 steer=-26.9 ex=12.94cm expx=75.0 ang=0.6deg z=140.2cm tg=1.00 mode=1 conf=0.71 lost=0 L=3.22 R=2.23
th=120 steer=-24.0 ex=12.54cm expx=71.2 ang=15.6deg z=140.2cm tg=1.00 mode=1 conf=0.66 lost=0 L=3.21 R=2.33
th=120 steer=27.9 ex=-15.49cm expx=-60.0 ang=16.1deg z=77.5cm tg=0.00 mode=0 conf=0.71 lost=0 L=2.19 R=3.22
th=120 steer=-24.0 ex=14.02cm expx=80.0 ang=11.5deg z=140.2cm tg=0.88 mode=0 conf=0.66 lost=0 L=3.21 R=2.33
th=120 steer=-26.4 ex=12.61cm expx=73.8 ang=22.3deg z=140.2cm tg=1.00 mode=1 conf=0.65 lost=0 L=3.22 R=2.25
th=120 steer=-24.1 ex=15.26cm expx=87.0 ang=13.1deg z=140.2cm tg=0.50 mode=0 conf=0.70 lost=0 L=3.22 R=2.33
th=120 steer=31.6 ex=-12.48cm expx=-71.0 ang=9.0deg z=77.5cm tg=0.70 mode=0 conf=0.60 lost=0 L=2.06 R=3.22
th=120 steer=-24.0 ex=14.91cm expx=81.0 ang=-9.3deg z=140.2cm tg=0.95 mode=0 conf=0.67 lost=0 L=3.21 R=2.33
th=120 steer=27.4 ex=-14.46cm expx=-56.0 ang=14.6deg z=77.5cm tg=0.00 mode=0 conf=0.73 lost=0 L=2.21 R=3.22
th=120 steer=-24.1 ex=13.60cm expx=77.5 ang=26.9deg z=140.2cm tg=1.00 mode=1 conf=0.62 lost=0 L=3.22 R=2.33
th=120 steer=-27.6 ex=15.90cm expx=95.5 ang=11.3deg z=140.2cm tg=0.40 mode=0 conf=0.65 lost=0 L=3.22 R=2.20
th=120 steer=28.3 ex=-14.46cm expx=-56.0 ang=14.3deg z=77.5cm tg=0.00 mode=0 conf=0.74 lost=0 L=2.17 R=3.22
th=120 steer=-24.5 ex=15.63cm expx=93.5 ang=-10.4deg z=140.2cm tg=0.38 mode=0 conf=0.68 lost=0 L=3.22 R=2.31
th=120 steer=27.0 ex=-11.49cm expx=-65.5 ang=12.9deg z=75.0cm tg=0.60 mode=0 conf=0.58 lost=0 L=2.22 R=3.22
th=120 steer=-26.8 ex=16.09cm expx=96.0 ang=-10.4deg z=140.2cm tg=0.33 mode=0 conf=0.68 lost=0 L=3.22 R=2.23
th=120 steer=-27.9 ex=18.20cm expx=101.0 ang=10.9deg z=140.2cm tg=0.17 mode=0 conf=0.69 lost=0 L=3.22 R=2.19
th=120 steer=22.9 ex=-12.25cm expx=-52.5 ang=12.5deg z=70.1cm tg=0.00 mode=0 conf=0.36 lost=0 L=2.37 R=3.21
th=120 steer=-27.2 ex=18.17cm expx=101.0 ang=-23.6deg z=140.2cm tg=0.40 mode=0 conf=0.64 lost=0 L=3.22 R=2.22
th=120 steer=28.3 ex=-10.76cm expx=-59.8 ang=11.6deg z=70.1cm tg=1.00 mode=1 conf=0.00 lost=3 L=1.77 R=2.81
th=120 steer=-21.6 ex=16.91cm expx=94.0 ang=-23.1deg z=140.2cm tg=0.47 mode=0 conf=0.63 lost=0 L=3.21 R=2.42
th=120 steer=-25.3 ex=18.83cm expx=104.5 ang=10.4deg z=140.2cm tg=0.10 mode=0 conf=0.70 lost=0 L=3.22 R=2.28
th=120 steer=-24.1 ex=25.05cm expx=97.0 ang=7.0deg z=140.2cm tg=0.40 mode=0 conf=0.87 lost=0 L=3.21 R=2.33
th=120 steer=-27.0 ex=19.78cm expx=109.8 ang=8.6deg z=140.2cm tg=0.04 mode=0 conf=0.71 lost=0 L=3.22 R=2.22
th=120 steer=27.3 ex=-12.13cm expx=-52.0 ang=12.5deg z=70.1cm tg=1.00 mode=1 conf=0.00 lost=1 L=1.81 R=2.81
th=120 steer=-21.9 ex=26.21cm expx=101.5 ang=6.5deg z=140.2cm tg=1.00 mode=1 conf=0.00 lost=4 L=2.79 R=1.99
th=120 steer=25.3 ex=-12.02cm expx=-51.5 ang=12.5deg z=70.1cm tg=1.00 mode=1 conf=0.00 lost=6 L=1.87 R=2.80
th=120 steer=11.0 ex=-12.02cm expx=-51.5 ang=12.5deg z=70.1cm tg=1.00 mode=1 conf=0.00 lost=14 L=2.35 R=2.76
th=120 steer=-21.5 ex=27.24cm expx=105.5 ang=5.6deg z=140.2cm tg=1.00 mode=1 conf=0.00 lost=5 L=2.79 R=2.00
th=120 steer=11.0 ex=27.24cm expx=105.5 ang=5.6deg z=140.2cm tg=1.00 mode=1 conf=0.00 lost=13 L=2.35 R=2.76
th=120 steer=11.0 ex=27.24cm expx=105.5 ang=5.6deg z=140.2cm tg=1.00 mode=1 conf=0.00 lost=21 L=2.35 R=2.76
th=120 steer=-25.6 ex=28.53cm expx=110.5 ang=6.0deg z=140.2cm tg=0.30 mode=0 conf=0.89 lost=0 L=3.22 R=2.27
th=120 steer=-21.0 ex=27.89cm expx=108.0 ang=5.6deg z=140.2cm tg=1.00 mode=1 conf=0.00 lost=6 L=2.79 R=2.01
th=120 steer=11.0 ex=27.89cm expx=108.0 ang=5.6deg z=140.2cm tg=1.00 mode=1 conf=0.00 lost=14 L=2.35 R=2.76
th=120 steer=11.0 ex=27.89cm expx=108.0 ang=5.6deg z=140.2cm tg=1.00 mode=1 conf=0.00 lost=22 L=2.35 R=2.76
th=120 steer=11.0 ex=27.89cm expx=108.0 ang=5.6deg z=140.2cm tg=1.00 mode=1 conf=0.00 lost=30 L=2.35 R=2.76
th=120 steer=11.0 ex=27.89cm expx=108.0 ang=5.6deg z=140.2cm tg=1.00 mode=1 conf=0.00 lost=38 L=2.35 R=2.76
th=120 steer=-22.3 ex=57.20cm expx=122.5 ang=4.9deg z=140.2cm tg=1.00 mode=1 conf=0.00 lost=5 L=2.79 R=1.97
th=120 steer=11.0 ex=57.20cm expx=122.5 ang=4.9deg z=140.2cm tg=1.00 mode=1 conf=0.00 lost=13 L=2.35 R=2.76
th=120 steer=11.0 ex=57.20cm expx=122.5 ang=4.9deg z=140.2cm tg=1.00 mode=1 conf=0.00 lost=21 L=2.35 R=2.76
th=120 steer=11.0 ex=57.20cm expx=122.5 ang=4.9deg z=140.2cm tg=1.00 mode=1 conf=0.00 lost=29 L=2.35 R=2.76
th=120 steer=11.0 ex=57.20cm expx=122.5 ang=4.9deg z=140.2cm tg=1.00 mode=1 conf=0.00 lost=37 L=2.35 R=2.76
th=120 steer=11.0 ex=57.20cm expx=122.5 ang=4.9deg z=140.2cm tg=1.00 mode=1 conf=0.00 lost=45 L=2.35 R=2.76
th=120 steer=11.0 ex=57.20cm expx=122.5 ang=4.9deg z=140.2cm tg=1.00 mode=1 conf=0.00 lost=53 L=2.35 R=2.76
th=120 steer=11.0 ex=57.20cm expx=122.5 ang=4.9deg z=140.2cm tg=1.00 mode=1 conf=0.00 lost=61 L=2.35 R=2.76
th=120 steer=11.0 ex=57.20cm expx=122.5 ang=4.9deg z=140.2cm tg=1.00 mode=1 conf=0.00 lost=69 L=2.35 R=2.76
th=120 steer=11.0 ex=57.20cm expx=122.5 ang=4.9deg z=140.2cm tg=1.00 mode=1 conf=0.00 lost=77 L=2.35 R=2.76
INFO: line_follow_transfer: Terminating.
