WARNING: Solid "track_overlay" > Shape  > PBRAppearance "PBRAppearance" > ImageTexture : Texture image size of 'D:/用户/Lenovo/桌面/Robocup/generated/track_with_obstacle_start.png' is not a power of two: rescaling it from 3820x2600 to 4096x4096.
INFO: line_follow_transfer: Starting controller: python.exe -u line_follow_transfer.py
line_follow_transfer: camera=320x240, timestep=32ms
th=120 steer=-28.1 ex=-15.04cm ang=-0.4deg z=140.2cm tg=0.80 mode=1 conf=0.76 lost=0 L=2.26 R=1.23
th=120 steer=4.2 ex=7.67cm ang=8.1deg z=140.2cm tg=0.80 mode=1 conf=0.64 lost=0 L=1.67 R=1.83
th=120 steer=4.8 ex=8.07cm ang=8.5deg z=140.2cm tg=0.80 mode=1 conf=0.65 lost=0 L=1.66 R=1.84
th=120 steer=5.6 ex=8.46cm ang=8.9deg z=140.2cm tg=0.80 mode=1 conf=0.64 lost=0 L=1.65 R=1.85
th=120 steer=6.6 ex=8.07cm ang=13.4deg z=140.2cm tg=0.80 mode=1 conf=0.66 lost=0 L=1.63 R=1.87
th=120 steer=10.0 ex=8.79cm ang=19.3deg z=140.2cm tg=0.80 mode=1 conf=0.69 lost=0 L=1.56 R=1.93
th=120 steer=22.4 ex=8.29cm ang=30.8deg z=140.2cm tg=0.80 mode=1 conf=0.51 lost=0 L=1.33 R=2.16
th=120 steer=-18.2 ex=-11.30cm ang=2.2deg z=140.2cm tg=0.80 mode=1 conf=0.73 lost=0 L=2.08 R=1.41
th=120 steer=18.1 ex=10.72cm ang=3.8deg z=140.2cm tg=0.80 mode=1 conf=0.53 lost=0 L=1.42 R=2.08
th=120 steer=12.9 ex=11.11cm ang=4.2deg z=140.2cm tg=0.80 mode=1 conf=0.52 lost=0 L=1.51 R=1.98
th=120 steer=-25.4 ex=-15.30cm ang=1.9deg z=140.2cm tg=0.80 mode=1 conf=0.76 lost=0 L=2.21 R=1.28
th=120 steer=-31.2 ex=-15.59cm ang=-26.5deg z=140.2cm tg=0.80 mode=1 conf=0.73 lost=0 L=2.32 R=1.17
th=120 steer=15.5 ex=9.99cm ang=3.1deg z=140.2cm tg=0.80 mode=1 conf=0.57 lost=0 L=1.46 R=2.03
th=120 steer=12.4 ex=9.99cm ang=3.0deg z=140.2cm tg=0.80 mode=1 conf=0.54 lost=0 L=1.52 R=1.98
th=120 steer=-32.7 ex=-17.25cm ang=-33.7deg z=140.2cm tg=0.80 mode=1 conf=0.70 lost=0 L=2.35 R=1.15
th=120 steer=15.3 ex=9.41cm ang=1.7deg z=140.2cm tg=0.80 mode=1 conf=0.51 lost=0 L=1.47 R=2.03
th=120 steer=-33.6 ex=-18.29cm ang=-33.9deg z=140.2cm tg=0.80 mode=1 conf=0.71 lost=0 L=2.37 R=1.13
th=120 steer=3.9 ex=17.39cm ang=-34.3deg z=140.2cm tg=0.80 mode=1 conf=0.66 lost=0 L=1.68 R=1.82
th=120 steer=-33.8 ex=-26.73cm ang=-6.2deg z=140.2cm tg=0.80 mode=1 conf=0.68 lost=0 L=2.37 R=1.13
th=120 steer=25.1 ex=16.66cm ang=71.5deg z=77.5cm tg=1.00 mode=1 conf=0.00 lost=3 L=0.99 R=1.91
th=120 steer=36.0 ex=16.85cm ang=71.6deg z=77.5cm tg=0.80 mode=1 conf=0.24 lost=0 L=1.09 R=2.41
th=120 steer=19.2 ex=20.21cm ang=30.6deg z=140.2cm tg=1.00 mode=1 conf=0.00 lost=1 L=1.10 R=1.80
th=120 steer=-23.2 ex=-27.30cm ang=-4.1deg z=140.2cm tg=1.00 mode=1 conf=0.00 lost=1 L=1.88 R=1.02
th=120 steer=23.4 ex=18.27cm ang=37.0deg z=77.5cm tg=1.00 mode=1 conf=0.00 lost=3 L=1.02 R=1.88
th=120 steer=-23.9 ex=-27.55cm ang=-4.2deg z=140.2cm tg=1.00 mode=1 conf=0.00 lost=4 L=1.89 R=1.01
th=120 steer=34.7 ex=15.36cm ang=31.9deg z=77.5cm tg=0.80 mode=1 conf=0.39 lost=0 L=1.11 R=2.39
th=120 steer=22.7 ex=15.17cm ang=31.2deg z=77.5cm tg=1.00 mode=1 conf=0.00 lost=5 L=1.03 R=1.87
th=120 steer=11.0 ex=15.17cm ang=31.2deg z=77.5cm tg=1.00 mode=1 conf=0.00 lost=13 L=1.25 R=1.65
th=120 steer=-25.2 ex=-26.62cm ang=-38.9deg z=140.2cm tg=1.00 mode=1 conf=0.00 lost=2 L=1.91 R=0.99
th=120 steer=-11.0 ex=-26.62cm ang=-38.9deg z=140.2cm tg=1.00 mode=1 conf=0.00 lost=10 L=1.65 R=1.25
th=120 steer=11.0 ex=15.95cm ang=34.0deg z=77.5cm tg=1.00 mode=1 conf=0.00 lost=7 L=1.25 R=1.65
th=120 steer=11.0 ex=15.95cm ang=34.0deg z=77.5cm tg=1.00 mode=1 conf=0.00 lost=15 L=1.25 R=1.65
th=120 steer=-25.2 ex=-27.08cm ang=-52.8deg z=140.2cm tg=1.00 mode=1 conf=0.00 lost=6 L=1.91 R=0.98
th=120 steer=34.6 ex=16.01cm ang=38.1deg z=77.5cm tg=0.80 mode=1 conf=0.61 lost=0 L=1.11 R=2.39
th=120 steer=11.0 ex=16.01cm ang=38.1deg z=77.5cm tg=1.00 mode=1 conf=0.00 lost=8 L=1.25 R=1.65
th=120 steer=11.0 ex=16.01cm ang=38.1deg z=77.5cm tg=1.00 mode=1 conf=0.00 lost=16 L=1.25 R=1.65
th=120 steer=-36.3 ex=-26.27cm ang=-40.2deg z=140.2cm tg=0.80 mode=1 conf=0.71 lost=0 L=2.42 R=1.08
th=120 steer=-11.0 ex=-28.25cm ang=-3.2deg z=140.2cm tg=1.00 mode=1 conf=0.00 lost=7 L=1.65 R=1.25
th=120 steer=-11.0 ex=-28.25cm ang=-3.2deg z=140.2cm tg=1.00 mode=1 conf=0.00 lost=15 L=1.65 R=1.25
th=120 steer=-11.0 ex=-28.25cm ang=-3.2deg z=140.2cm tg=1.00 mode=1 conf=0.00 lost=23 L=1.65 R=1.25
th=120 steer=-11.0 ex=-28.25cm ang=-3.2deg z=140.2cm tg=1.00 mode=1 conf=0.00 lost=31 L=1.65 R=1.25
th=120 steer=21.9 ex=7.23cm ang=42.5deg z=77.5cm tg=1.00 mode=1 conf=0.00 lost=6 L=1.05 R=1.85
th=120 steer=11.0 ex=7.23cm ang=42.5deg z=77.5cm tg=1.00 mode=1 conf=0.00 lost=14 L=1.25 R=1.65
th=120 steer=11.0 ex=7.23cm ang=42.5deg z=77.5cm tg=1.00 mode=1 conf=0.00 lost=22 L=1.25 R=1.65
th=120 steer=11.0 ex=7.23cm ang=42.5deg z=77.5cm tg=1.00 mode=1 conf=0.00 lost=30 L=1.25 R=1.65
th=120 steer=11.0 ex=7.23cm ang=42.5deg z=77.5cm tg=1.00 mode=1 conf=0.00 lost=38 L=1.25 R=1.65
th=120 steer=11.0 ex=7.23cm ang=42.5deg z=77.5cm tg=1.00 mode=1 conf=0.00 lost=46 L=1.25 R=1.65
th=120 steer=11.0 ex=7.23cm ang=42.5deg z=77.5cm tg=1.00 mode=1 conf=0.00 lost=54 L=1.25 R=1.65
th=120 steer=-24.1 ex=-27.78cm ang=-3.3deg z=140.2cm tg=1.00 mode=1 conf=0.00 lost=4 L=1.89 R=1.01
th=120 steer=-11.0 ex=-27.78cm ang=-3.3deg z=140.2cm tg=1.00 mode=1 conf=0.00 lost=12 L=1.65 R=1.25
th=120 steer=-11.0 ex=-27.78cm ang=-3.3deg z=140.2cm tg=1.00 mode=1 conf=0.00 lost=20 L=1.65 R=1.25
th=120 steer=-11.0 ex=-27.78cm ang=-3.3deg z=140.2cm tg=1.00 mode=1 conf=0.00 lost=28 L=1.65 R=1.25
th=120 steer=-11.0 ex=-27.78cm ang=-3.3deg z=140.2cm tg=1.00 mode=1 conf=0.00 lost=36 L=1.65 R=1.25
th=120 steer=-11.0 ex=-27.78cm ang=-3.3deg z=140.2cm tg=1.00 mode=1 conf=0.00 lost=44 L=1.65 R=1.25
th=120 steer=-11.0 ex=-27.78cm ang=-3.3deg z=140.2cm tg=1.00 mode=1 conf=0.00 lost=52 L=1.65 R=1.25
th=120 steer=-11.0 ex=-27.78cm ang=-3.3deg z=140.2cm tg=1.00 mode=1 conf=0.00 lost=60 L=1.65 R=1.25
th=120 steer=-11.0 ex=-27.78cm ang=-3.3deg z=140.2cm tg=1.00 mode=1 conf=0.00 lost=68 L=1.65 R=1.25
th=120 steer=-11.0 ex=-27.78cm ang=-3.3deg z=140.2cm tg=1.00 mode=1 conf=0.00 lost=76 L=1.65 R=1.25
th=120 steer=-11.0 ex=-27.78cm ang=-3.3deg z=140.2cm tg=1.00 mode=1 conf=0.00 lost=84 L=1.65 R=1.25
th=120 steer=-11.0 ex=-27.78cm ang=-3.3deg z=140.2cm tg=1.00 mode=1 conf=0.00 lost=92 L=1.65 R=1.25
th=120 steer=-11.0 ex=-27.78cm ang=-3.3deg z=140.2cm tg=1.00 mode=1 conf=0.00 lost=100 L=1.65 R=1.25
th=120 steer=-11.0 ex=-27.78cm ang=-3.3deg z=140.2cm tg=1.00 mode=1 conf=0.00 lost=108 L=1.65 R=1.25
th=120 steer=-11.0 ex=-27.78cm ang=-3.3deg z=140.2cm tg=1.00 mode=1 conf=0.00 lost=116 L=1.65 R=1.25
th=120 steer=-11.0 ex=-27.78cm ang=-3.3deg z=140.2cm tg=1.00 mode=1 conf=0.00 lost=124 L=1.65 R=1.25
th=120 steer=-11.0 ex=-27.78cm ang=-3.3deg z=140.2cm tg=1.00 mode=1 conf=0.00 lost=132 L=1.65 R=1.25
th=120 steer=32.4 ex=28.28cm ang=32.6deg z=77.5cm tg=0.80 mode=1 conf=0.62 lost=0 L=1.15 R=2.34
th=120 steer=22.8 ex=31.96cm ang=37.4deg z=77.5cm tg=1.00 mode=1 conf=0.00 lost=2 L=1.03 R=1.87
th=120 steer=22.0 ex=31.96cm ang=36.7deg z=72.4cm tg=1.00 mode=1 conf=0.00 lost=1 L=1.04 R=1.85
th=120 steer=11.0 ex=31.96cm ang=36.7deg z=72.4cm tg=1.00 mode=1 conf=0.00 lost=9 L=1.25 R=1.65
th=120 steer=11.0 ex=31.96cm ang=36.7deg z=72.4cm tg=1.00 mode=1 conf=0.00 lost=17 L=1.25 R=1.65
th=120 steer=11.0 ex=31.96cm ang=36.7deg z=72.4cm tg=1.00 mode=1 conf=0.00 lost=25 L=1.25 R=1.65
th=120 steer=11.0 ex=31.96cm ang=36.7deg z=72.4cm tg=1.00 mode=1 conf=0.00 lost=33 L=1.25 R=1.65
th=120 steer=11.0 ex=31.96cm ang=36.7deg z=72.4cm tg=1.00 mode=1 conf=0.00 lost=41 L=1.25 R=1.65
th=120 steer=11.0 ex=31.96cm ang=36.7deg z=72.4cm tg=1.00 mode=1 conf=0.00 lost=49 L=1.25 R=1.65
th=120 steer=11.0 ex=31.96cm ang=36.7deg z=72.4cm tg=1.00 mode=1 conf=0.00 lost=57 L=1.25 R=1.65
th=120 steer=11.0 ex=31.96cm ang=36.7deg z=72.4cm tg=1.00 mode=1 conf=0.00 lost=65 L=1.25 R=1.65
th=120 steer=11.0 ex=31.96cm ang=36.7deg z=72.4cm tg=1.00 mode=1 conf=0.00 lost=73 L=1.25 R=1.65
th=120 steer=11.0 ex=31.96cm ang=36.7deg z=72.4cm tg=1.00 mode=1 conf=0.00 lost=81 L=1.25 R=1.65
th=120 steer=11.0 ex=31.96cm ang=36.7deg z=72.4cm tg=1.00 mode=1 conf=0.00 lost=89 L=1.25 R=1.65
th=120 steer=11.0 ex=31.96cm ang=36.7deg z=72.4cm tg=1.00 mode=1 conf=0.00 lost=97 L=1.25 R=1.65
th=120 steer=11.0 ex=31.96cm ang=36.7deg z=72.4cm tg=1.00 mode=1 conf=0.00 lost=105 L=1.25 R=1.65
th=120 steer=11.0 ex=31.96cm ang=36.7deg z=72.4cm tg=1.00 mode=1 conf=0.00 lost=113 L=1.25 R=1.65
th=120 steer=11.0 ex=31.96cm ang=36.7deg z=72.4cm tg=1.00 mode=1 conf=0.00 lost=121 L=1.25 R=1.65
th=120 steer=11.0 ex=31.96cm ang=36.7deg z=72.4cm tg=1.00 mode=1 conf=0.00 lost=129 L=1.25 R=1.65
th=120 steer=11.0 ex=31.96cm ang=36.7deg z=72.4cm tg=1.00 mode=1 conf=0.00 lost=137 L=1.25 R=1.65
th=120 steer=11.0 ex=31.96cm ang=36.7deg z=72.4cm tg=1.00 mode=1 conf=0.00 lost=145 L=1.25 R=1.65
th=120 steer=11.0 ex=31.96cm ang=36.7deg z=72.4cm tg=1.00 mode=1 conf=0.00 lost=153 L=1.25 R=1.65
th=120 steer=11.0 ex=31.96cm ang=36.7deg z=72.4cm tg=1.00 mode=1 conf=0.00 lost=161 L=1.25 R=1.65
th=120 steer=11.0 ex=31.96cm ang=36.7deg z=72.4cm tg=1.00 mode=1 conf=0.00 lost=169 L=1.25 R=1.65
th=120 steer=11.0 ex=31.96cm ang=36.7deg z=72.4cm tg=1.00 mode=1 conf=0.00 lost=177 L=1.25 R=1.65
th=120 steer=11.0 ex=31.96cm ang=36.7deg z=72.4cm tg=1.00 mode=1 conf=0.00 lost=185 L=1.25 R=1.65
th=120 steer=-25.5 ex=-27.20cm ang=-4.7deg z=140.2cm tg=1.00 mode=1 conf=0.00 lost=4 L=1.92 R=0.98
th=120 steer=-11.0 ex=-27.20cm ang=-4.7deg z=140.2cm tg=1.00 mode=1 conf=0.00 lost=12 L=1.65 R=1.25
th=120 steer=-11.0 ex=-27.20cm ang=-4.7deg z=140.2cm tg=1.00 mode=1 conf=0.00 lost=20 L=1.65 R=1.25
th=120 steer=-11.0 ex=-27.20cm ang=-4.7deg z=140.2cm tg=1.00 mode=1 conf=0.00 lost=28 L=1.65 R=1.25
th=120 steer=-11.0 ex=-27.20cm ang=-4.7deg z=140.2cm tg=1.00 mode=1 conf=0.00 lost=36 L=1.65 R=1.25
th=120 steer=-11.0 ex=-27.20cm ang=-4.7deg z=140.2cm tg=1.00 mode=1 conf=0.00 lost=44 L=1.65 R=1.25
th=120 steer=-11.0 ex=-27.20cm ang=-4.7deg z=140.2cm tg=1.00 mode=1 conf=0.00 lost=52 L=1.65 R=1.25
th=120 steer=-11.0 ex=-27.20cm ang=-4.7deg z=140.2cm tg=1.00 mode=1 conf=0.00 lost=60 L=1.65 R=1.25
th=120 steer=-11.0 ex=-27.20cm ang=-4.7deg z=140.2cm tg=1.00 mode=1 conf=0.00 lost=68 L=1.65 R=1.25
th=120 steer=-11.0 ex=-27.20cm ang=-4.7deg z=140.2cm tg=1.00 mode=1 conf=0.00 lost=76 L=1.65 R=1.25
th=120 steer=-11.0 ex=-27.20cm ang=-4.7deg z=140.2cm tg=1.00 mode=1 conf=0.00 lost=84 L=1.65 R=1.25
th=120 steer=-11.0 ex=-27.20cm ang=-4.7deg z=140.2cm tg=1.00 mode=1 conf=0.00 lost=92 L=1.65 R=1.25
th=120 steer=-11.0 ex=-27.20cm ang=-4.7deg z=140.2cm tg=1.00 mode=1 conf=0.00 lost=100 L=1.65 R=1.25
th=120 steer=-11.0 ex=-27.20cm ang=-4.7deg z=140.2cm tg=1.00 mode=1 conf=0.00 lost=108 L=1.65 R=1.25
th=120 steer=-11.0 ex=-27.20cm ang=-4.7deg z=140.2cm tg=1.00 mode=1 conf=0.00 lost=116 L=1.65 R=1.25
th=120 steer=-11.0 ex=-27.20cm ang=-4.7deg z=140.2cm tg=1.00 mode=1 conf=0.00 lost=124 L=1.65 R=1.25
th=120 steer=-11.0 ex=-27.20cm ang=-4.7deg z=140.2cm tg=1.00 mode=1 conf=0.00 lost=132 L=1.65 R=1.25
th=120 steer=-11.0 ex=-27.20cm ang=-4.7deg z=140.2cm tg=1.00 mode=1 conf=0.00 lost=140 L=1.65 R=1.25
th=120 steer=-11.0 ex=-27.20cm ang=-4.7deg z=140.2cm tg=1.00 mode=1 conf=0.00 lost=148 L=1.65 R=1.25
th=115 steer=-11.0 ex=-27.20cm ang=-4.7deg z=140.2cm tg=1.00 mode=1 conf=0.00 lost=156 L=1.65 R=1.25
th=120 steer=-11.0 ex=-27.20cm ang=-4.7deg z=140.2cm tg=1.00 mode=1 conf=0.00 lost=164 L=1.65 R=1.25
th=120 steer=-11.0 ex=-27.20cm ang=-4.7deg z=140.2cm tg=1.00 mode=1 conf=0.00 lost=172 L=1.65 R=1.25
th=120 steer=-11.0 ex=-27.20cm ang=-4.7deg z=140.2cm tg=1.00 mode=1 conf=0.00 lost=180 L=1.65 R=1.25
th=120 steer=-11.0 ex=-27.20cm ang=-4.7deg z=140.2cm tg=1.00 mode=1 conf=0.00 lost=188 L=1.65 R=1.25
th=120 steer=-26.5 ex=-8.49cm ang=-41.0deg z=75.0cm tg=0.80 mode=1 conf=0.38 lost=0 L=2.24 R=1.26
th=120 steer=-11.0 ex=-8.49cm ang=-41.0deg z=75.0cm tg=1.00 mode=1 conf=0.00 lost=8 L=1.65 R=1.25
th=120 steer=35.3 ex=34.28cm ang=37.8deg z=77.5cm tg=0.80 mode=1 conf=0.63 lost=0 L=1.10 R=2.40
th=120 steer=16.2 ex=30.15cm ang=-80.1deg z=77.5cm tg=0.80 mode=1 conf=0.42 lost=0 L=1.45 R=2.05
th=120 steer=-30.0 ex=1.43cm ang=-81.0deg z=77.8cm tg=0.28 mode=0 conf=0.31 lost=0 L=2.66 R=1.56
th=120 steer=22.5 ex=34.67cm ang=-80.6deg z=77.5cm tg=1.00 mode=1 conf=0.00 lost=2 L=1.03 R=1.86
th=120 steer=11.0 ex=34.67cm ang=-80.6deg z=77.5cm tg=1.00 mode=1 conf=0.00 lost=10 L=1.25 R=1.65
th=120 steer=11.0 ex=34.67cm ang=-80.6deg z=77.5cm tg=1.00 mode=1 conf=0.00 lost=18 L=1.25 R=1.65
th=120 steer=11.0 ex=34.67cm ang=-80.6deg z=77.5cm tg=1.00 mode=1 conf=0.00 lost=26 L=1.25 R=1.65
th=120 steer=11.0 ex=34.67cm ang=-80.6deg z=77.5cm tg=1.00 mode=1 conf=0.00 lost=34 L=1.25 R=1.65
th=120 steer=11.0 ex=34.67cm ang=-80.6deg z=77.5cm tg=1.00 mode=1 conf=0.00 lost=42 L=1.25 R=1.65
th=120 steer=11.0 ex=34.67cm ang=-80.6deg z=77.5cm tg=1.00 mode=1 conf=0.00 lost=50 L=1.25 R=1.65
th=120 steer=11.0 ex=34.67cm ang=-80.6deg z=77.5cm tg=1.00 mode=1 conf=0.00 lost=58 L=1.25 R=1.65
th=120 steer=11.0 ex=34.67cm ang=-80.6deg z=77.5cm tg=1.00 mode=1 conf=0.00 lost=66 L=1.25 R=1.65
th=120 steer=11.0 ex=34.67cm ang=-80.6deg z=77.5cm tg=1.00 mode=1 conf=0.00 lost=74 L=1.25 R=1.65
th=120 steer=11.0 ex=34.67cm ang=-80.6deg z=77.5cm tg=1.00 mode=1 conf=0.00 lost=82 L=1.25 R=1.65
th=120 steer=11.0 ex=34.67cm ang=-80.6deg z=77.5cm tg=1.00 mode=1 conf=0.00 lost=90 L=1.25 R=1.65
th=120 steer=11.0 ex=34.67cm ang=-80.6deg z=77.5cm tg=1.00 mode=1 conf=0.00 lost=98 L=1.25 R=1.65
th=120 steer=11.0 ex=34.67cm ang=-80.6deg z=77.5cm tg=1.00 mode=1 conf=0.00 lost=106 L=1.25 R=1.65
th=120 steer=11.0 ex=34.67cm ang=-80.6deg z=77.5cm tg=1.00 mode=1 conf=0.00 lost=114 L=1.25 R=1.65
th=120 steer=-30.7 ex=-25.21cm ang=2.6deg z=75.0cm tg=0.80 mode=1 conf=0.36 lost=0 L=2.31 R=1.18
th=120 steer=-11.0 ex=-24.02cm ang=-13.6deg z=75.0cm tg=1.00 mode=1 conf=0.00 lost=7 L=1.65 R=1.25
th=120 steer=-11.0 ex=-24.02cm ang=-13.6deg z=75.0cm tg=1.00 mode=1 conf=0.00 lost=15 L=1.65 R=1.25
th=120 steer=-11.0 ex=-24.02cm ang=-13.6deg z=75.0cm tg=1.00 mode=1 conf=0.00 lost=23 L=1.65 R=1.25
th=120 steer=-11.0 ex=-24.02cm ang=-13.6deg z=75.0cm tg=1.00 mode=1 conf=0.00 lost=31 L=1.65 R=1.25
th=120 steer=-11.0 ex=-24.02cm ang=-13.6deg z=75.0cm tg=1.00 mode=1 conf=0.00 lost=39 L=1.65 R=1.25
th=120 steer=-11.0 ex=-24.02cm ang=-13.6deg z=75.0cm tg=1.00 mode=1 conf=0.00 lost=47 L=1.65 R=1.25
th=120 steer=-11.0 ex=-24.02cm ang=-13.6deg z=75.0cm tg=1.00 mode=1 conf=0.00 lost=55 L=1.65 R=1.25
th=120 steer=-11.0 ex=-24.02cm ang=-13.6deg z=75.0cm tg=1.00 mode=1 conf=0.00 lost=63 L=1.65 R=1.25
th=120 steer=-11.0 ex=-24.02cm ang=-13.6deg z=75.0cm tg=1.00 mode=1 conf=0.00 lost=71 L=1.65 R=1.25
th=120 steer=-11.0 ex=-24.02cm ang=-13.6deg z=75.0cm tg=1.00 mode=1 conf=0.00 lost=79 L=1.65 R=1.25
th=120 steer=-11.0 ex=-24.02cm ang=-13.6deg z=75.0cm tg=1.00 mode=1 conf=0.00 lost=87 L=1.65 R=1.25
th=120 steer=-11.0 ex=-24.02cm ang=-13.6deg z=75.0cm tg=1.00 mode=1 conf=0.00 lost=95 L=1.65 R=1.25
th=120 steer=-11.0 ex=-24.02cm ang=-13.6deg z=75.0cm tg=1.00 mode=1 conf=0.00 lost=103 L=1.65 R=1.25
th=120 steer=-11.0 ex=-24.02cm ang=-13.6deg z=75.0cm tg=1.00 mode=1 conf=0.00 lost=111 L=1.65 R=1.25
th=120 steer=-11.0 ex=-24.02cm ang=-13.6deg z=75.0cm tg=1.00 mode=1 conf=0.00 lost=119 L=1.65 R=1.25
th=120 steer=-11.0 ex=-24.02cm ang=-13.6deg z=75.0cm tg=1.00 mode=1 conf=0.00 lost=127 L=1.65 R=1.25
th=120 steer=-11.0 ex=-24.02cm ang=-13.6deg z=75.0cm tg=1.00 mode=1 conf=0.00 lost=135 L=1.65 R=1.25
th=120 steer=-11.0 ex=-24.02cm ang=-13.6deg z=75.0cm tg=1.00 mode=1 conf=0.00 lost=143 L=1.65 R=1.25
th=120 steer=-11.0 ex=-24.02cm ang=-13.6deg z=75.0cm tg=1.00 mode=1 conf=0.00 lost=151 L=1.65 R=1.25
th=120 steer=-11.0 ex=-24.02cm ang=-13.6deg z=75.0cm tg=1.00 mode=1 conf=0.00 lost=159 L=1.65 R=1.25
th=120 steer=-11.0 ex=-24.02cm ang=-13.6deg z=75.0cm tg=1.00 mode=1 conf=0.00 lost=167 L=1.65 R=1.25
th=120 steer=-11.0 ex=-24.02cm ang=-13.6deg z=75.0cm tg=1.00 mode=1 conf=0.00 lost=175 L=1.65 R=1.25
th=120 steer=24.5 ex=23.70cm ang=-25.2deg z=140.2cm tg=1.00 mode=1 conf=0.00 lost=1 L=1.00 R=1.90
th=120 steer=25.6 ex=45.13cm ang=-1.9deg z=132.6cm tg=1.00 mode=1 conf=0.00 lost=1 L=0.98 R=1.92
th=120 steer=11.0 ex=45.13cm ang=-1.9deg z=132.6cm tg=1.00 mode=1 conf=0.00 lost=9 L=1.25 R=1.65
th=120 steer=11.0 ex=45.13cm ang=-1.9deg z=132.6cm tg=1.00 mode=1 conf=0.00 lost=17 L=1.25 R=1.65
th=120 steer=11.0 ex=45.13cm ang=-1.9deg z=132.6cm tg=1.00 mode=1 conf=0.00 lost=25 L=1.25 R=1.65
th=120 steer=11.0 ex=45.13cm ang=-1.9deg z=132.6cm tg=1.00 mode=1 conf=0.00 lost=33 L=1.25 R=1.65
th=115 steer=11.0 ex=45.13cm ang=-1.9deg z=132.6cm tg=1.00 mode=1 conf=0.00 lost=41 L=1.25 R=1.65
th=115 steer=11.0 ex=45.13cm ang=-1.9deg z=132.6cm tg=1.00 mode=1 conf=0.00 lost=49 L=1.25 R=1.65
th=115 steer=11.0 ex=45.13cm ang=-1.9deg z=132.6cm tg=1.00 mode=1 conf=0.00 lost=57 L=1.25 R=1.65
th=115 steer=11.0 ex=45.13cm ang=-1.9deg z=132.6cm tg=1.00 mode=1 conf=0.00 lost=65 L=1.25 R=1.65
th=115 steer=11.0 ex=45.13cm ang=-1.9deg z=132.6cm tg=1.00 mode=1 conf=0.00 lost=73 L=1.25 R=1.65
th=72 steer=11.0 ex=45.13cm ang=-1.9deg z=132.6cm tg=1.00 mode=1 conf=0.00 lost=81 L=1.25 R=1.65
th=72 steer=11.0 ex=45.13cm ang=-1.9deg z=132.6cm tg=1.00 mode=1 conf=0.00 lost=89 L=1.25 R=1.65
th=72 steer=11.0 ex=45.13cm ang=-1.9deg z=132.6cm tg=1.00 mode=1 conf=0.00 lost=97 L=1.25 R=1.65
th=72 steer=11.0 ex=45.13cm ang=-1.9deg z=132.6cm tg=1.00 mode=1 conf=0.00 lost=105 L=1.25 R=1.65
th=72 steer=11.0 ex=45.13cm ang=-1.9deg z=132.6cm tg=1.00 mode=1 conf=0.00 lost=113 L=1.25 R=1.65
th=72 steer=11.0 ex=45.13cm ang=-1.9deg z=132.6cm tg=1.00 mode=1 conf=0.00 lost=121 L=1.25 R=1.65
th=72 steer=11.0 ex=45.13cm ang=-1.9deg z=132.6cm tg=1.00 mode=1 conf=0.00 lost=129 L=1.25 R=1.65
th=72 steer=11.0 ex=45.13cm ang=-1.9deg z=132.6cm tg=1.00 mode=1 conf=0.00 lost=137 L=1.25 R=1.65
th=72 steer=11.0 ex=45.13cm ang=-1.9deg z=132.6cm tg=1.00 mode=1 conf=0.00 lost=145 L=1.25 R=1.65
th=115 steer=11.0 ex=45.13cm ang=-1.9deg z=132.6cm tg=1.00 mode=1 conf=0.00 lost=153 L=1.25 R=1.65
th=115 steer=11.0 ex=45.13cm ang=-1.9deg z=132.6cm tg=1.00 mode=1 conf=0.00 lost=161 L=1.25 R=1.65
th=115 steer=11.0 ex=45.13cm ang=-1.9deg z=132.6cm tg=1.00 mode=1 conf=0.00 lost=169 L=1.25 R=1.65
th=115 steer=11.0 ex=45.13cm ang=-1.9deg z=132.6cm tg=1.00 mode=1 conf=0.00 lost=177 L=1.25 R=1.65
th=115 steer=11.0 ex=45.13cm ang=-1.9deg z=132.6cm tg=1.00 mode=1 conf=0.00 lost=185 L=1.25 R=1.65
th=115 steer=11.0 ex=45.13cm ang=-1.9deg z=132.6cm tg=1.00 mode=1 conf=0.00 lost=193 L=1.25 R=1.65
th=115 steer=11.0 ex=45.13cm ang=-1.9deg z=132.6cm tg=1.00 mode=1 conf=0.00 lost=201 L=1.25 R=1.65
th=115 steer=11.0 ex=45.13cm ang=-1.9deg z=132.6cm tg=1.00 mode=1 conf=0.00 lost=209 L=1.25 R=1.65
th=115 steer=11.0 ex=45.13cm ang=-1.9deg z=132.6cm tg=1.00 mode=1 conf=0.00 lost=217 L=1.25 R=1.65
th=115 steer=11.0 ex=45.13cm ang=-1.9deg z=132.6cm tg=1.00 mode=1 conf=0.00 lost=225 L=1.25 R=1.65
th=115 steer=11.0 ex=45.13cm ang=-1.9deg z=132.6cm tg=1.00 mode=1 conf=0.00 lost=233 L=1.25 R=1.65
th=115 steer=11.0 ex=45.13cm ang=-1.9deg z=132.6cm tg=1.00 mode=1 conf=0.00 lost=241 L=1.25 R=1.65
th=120 steer=11.0 ex=45.13cm ang=-1.9deg z=132.6cm tg=1.00 mode=1 conf=0.00 lost=249 L=1.25 R=1.65
th=120 steer=11.0 ex=45.13cm ang=-1.9deg z=132.6cm tg=1.00 mode=1 conf=0.00 lost=257 L=1.25 R=1.65
th=120 steer=11.0 ex=45.13cm ang=-1.9deg z=132.6cm tg=1.00 mode=1 conf=0.00 lost=265 L=1.25 R=1.65
th=120 steer=11.0 ex=45.13cm ang=-1.9deg z=132.6cm tg=1.00 mode=1 conf=0.00 lost=273 L=1.25 R=1.65
th=120 steer=-25.3 ex=-54.05cm ang=-28.1deg z=140.2cm tg=1.00 mode=1 conf=0.00 lost=2 L=1.91 R=0.98
th=115 steer=-11.0 ex=-54.05cm ang=-28.1deg z=140.2cm tg=1.00 mode=1 conf=0.00 lost=10 L=1.65 R=1.25
th=115 steer=-11.0 ex=-54.05cm ang=-28.1deg z=140.2cm tg=1.00 mode=1 conf=0.00 lost=18 L=1.65 R=1.25
th=115 steer=-11.0 ex=-54.05cm ang=-28.1deg z=140.2cm tg=1.00 mode=1 conf=0.00 lost=26 L=1.65 R=1.25
th=72 steer=-11.0 ex=-54.05cm ang=-28.1deg z=140.2cm tg=1.00 mode=1 conf=0.00 lost=34 L=1.65 R=1.25
th=72 steer=-11.0 ex=-54.05cm ang=-28.1deg z=140.2cm tg=1.00 mode=1 conf=0.00 lost=42 L=1.65 R=1.25
th=72 steer=-11.0 ex=-54.05cm ang=-28.1deg z=140.2cm tg=1.00 mode=1 conf=0.00 lost=50 L=1.65 R=1.25
th=72 steer=-11.0 ex=-54.05cm ang=-28.1deg z=140.2cm tg=1.00 mode=1 conf=0.00 lost=58 L=1.65 R=1.25
th=72 steer=-11.0 ex=-54.05cm ang=-28.1deg z=140.2cm tg=1.00 mode=1 conf=0.00 lost=66 L=1.65 R=1.25
th=72 steer=-11.0 ex=-54.05cm ang=-28.1deg z=140.2cm tg=1.00 mode=1 conf=0.00 lost=74 L=1.65 R=1.25
th=72 steer=-11.0 ex=-54.05cm ang=-28.1deg z=140.2cm tg=1.00 mode=1 conf=0.00 lost=82 L=1.65 R=1.25
th=72 steer=-11.0 ex=-54.05cm ang=-28.1deg z=140.2cm tg=1.00 mode=1 conf=0.00 lost=90 L=1.65 R=1.25
th=72 steer=-11.0 ex=-54.05cm ang=-28.1deg z=140.2cm tg=1.00 mode=1 conf=0.00 lost=98 L=1.65 R=1.25
th=72 steer=-11.0 ex=-54.05cm ang=-28.1deg z=140.2cm tg=1.00 mode=1 conf=0.00 lost=106 L=1.65 R=1.25
th=72 steer=-11.0 ex=-54.05cm ang=-28.1deg z=140.2cm tg=1.00 mode=1 conf=0.00 lost=114 L=1.65 R=1.25
th=72 steer=-11.0 ex=-54.05cm ang=-28.1deg z=140.2cm tg=1.00 mode=1 conf=0.00 lost=122 L=1.65 R=1.25
th=72 steer=-11.0 ex=-54.05cm ang=-28.1deg z=140.2cm tg=1.00 mode=1 conf=0.00 lost=130 L=1.65 R=1.25
th=72 steer=-11.0 ex=-54.05cm ang=-28.1deg z=140.2cm tg=1.00 mode=1 conf=0.00 lost=138 L=1.65 R=1.25
th=72 steer=-11.0 ex=-54.05cm ang=-28.1deg z=140.2cm tg=1.00 mode=1 conf=0.00 lost=146 L=1.65 R=1.25
th=72 steer=-11.0 ex=-54.05cm ang=-28.1deg z=140.2cm tg=1.00 mode=1 conf=0.00 lost=154 L=1.65 R=1.25
INFO: line_follow_transfer: Terminating.
