WARNING: Solid "track_overlay" > Shape  > PBRAppearance "PBRAppearance" > ImageTexture : Texture image size of 'D:/用户/Lenovo/桌面/Robocup/generated/track_with_obstacle_start.png' is not a power of two: rescaling it from 3820x2600 to 4096x4096.
INFO: line_follow_transfer: Starting controller: python.exe -u line_follow_transfer.py
line_follow_transfer: camera=320x240, timestep=32ms
th=120 steer=23.8 ex=-14.59cm ang=15.4deg expx=-50.8 z=140.2cm tg=0.61 mode=0 conf=0.50 lost=0 L=2.34 R=3.21
th=120 steer=-23.1 ex=10.29cm ang=24.6deg expx=57.0 z=140.2cm tg=1.00 mode=1 conf=0.41 lost=0 L=3.21 R=2.37
th=120 steer=-24.9 ex=10.43cm ang=25.8deg expx=57.8 z=140.2cm tg=1.00 mode=1 conf=0.45 lost=0 L=3.22 R=2.30
th=120 steer=23.8 ex=-14.69cm ang=17.7deg expx=-53.0 z=140.2cm tg=0.78 mode=0 conf=0.57 lost=0 L=2.34 R=3.21
th=120 steer=25.2 ex=-14.36cm ang=19.7deg expx=-53.8 z=140.2cm tg=0.96 mode=0 conf=0.67 lost=0 L=2.29 R=3.22
th=120 steer=31.3 ex=-14.83cm ang=20.7deg expx=-55.5 z=140.2cm tg=1.00 mode=1 conf=0.67 lost=0 L=2.07 R=3.22
th=120 steer=24.7 ex=-12.39cm ang=21.6deg expx=-48.0 z=140.2cm tg=1.00 mode=1 conf=0.74 lost=0 L=2.31 R=3.22
th=120 steer=23.2 ex=-11.62cm ang=21.8deg expx=-45.0 z=140.2cm tg=1.00 mode=1 conf=0.74 lost=0 L=2.36 R=3.21
th=120 steer=30.4 ex=-13.30cm ang=23.4deg expx=-51.5 z=140.2cm tg=1.00 mode=1 conf=0.76 lost=0 L=2.10 R=3.22
th=120 steer=20.0 ex=-10.85cm ang=23.1deg expx=-42.0 z=140.2cm tg=1.00 mode=1 conf=0.74 lost=0 L=2.48 R=3.21
th=120 steer=13.3 ex=-8.52cm ang=23.0deg expx=-33.0 z=140.2cm tg=1.00 mode=1 conf=0.73 lost=0 L=2.72 R=3.21
th=120 steer=9.7 ex=-6.58cm ang=21.9deg expx=-25.5 z=140.2cm tg=1.00 mode=1 conf=0.71 lost=0 L=2.85 R=3.21
th=120 steer=7.6 ex=-5.42cm ang=22.7deg expx=-21.0 z=140.2cm tg=1.00 mode=1 conf=0.70 lost=0 L=2.92 R=3.20
th=120 steer=6.2 ex=-4.65cm ang=23.4deg expx=-18.0 z=140.2cm tg=1.00 mode=1 conf=0.71 lost=0 L=2.98 R=3.20
th=120 steer=5.3 ex=-4.13cm ang=23.8deg expx=-16.0 z=140.2cm tg=1.00 mode=1 conf=0.71 lost=0 L=3.01 R=3.20
th=120 steer=4.5 ex=-3.74cm ang=24.5deg expx=-14.5 z=149.6cm tg=1.00 mode=1 conf=0.67 lost=0 L=3.04 R=3.20
th=120 steer=4.1 ex=-3.62cm ang=25.7deg expx=-14.0 z=140.2cm tg=1.00 mode=1 conf=0.71 lost=0 L=3.05 R=3.20
th=120 steer=3.7 ex=-3.49cm ang=27.3deg expx=-13.5 z=149.6cm tg=1.00 mode=1 conf=0.65 lost=0 L=3.07 R=3.20
th=120 steer=3.7 ex=-3.49cm ang=28.0deg expx=-13.5 z=140.2cm tg=1.00 mode=1 conf=0.74 lost=0 L=3.07 R=3.20
th=120 steer=3.9 ex=-3.62cm ang=29.3deg expx=-14.0 z=142.1cm tg=1.00 mode=1 conf=0.66 lost=0 L=3.06 R=3.20
th=120 steer=3.7 ex=-3.62cm ang=30.3deg expx=-14.0 z=140.2cm tg=1.00 mode=1 conf=0.75 lost=0 L=3.07 R=3.20
th=120 steer=3.9 ex=-3.74cm ang=31.4deg expx=-14.5 z=140.2cm tg=1.00 mode=1 conf=0.75 lost=0 L=3.06 R=3.20
th=120 steer=3.7 ex=-3.74cm ang=32.4deg expx=-14.5 z=132.6cm tg=1.00 mode=1 conf=0.72 lost=0 L=3.07 R=3.20
th=120 steer=4.2 ex=-4.00cm ang=33.1deg expx=-15.5 z=140.2cm tg=1.00 mode=1 conf=0.77 lost=0 L=3.05 R=3.20
th=120 steer=3.9 ex=-3.87cm ang=33.7deg expx=-15.0 z=140.2cm tg=1.00 mode=1 conf=0.77 lost=0 L=3.06 R=3.20
th=120 steer=4.3 ex=-4.13cm ang=34.7deg expx=-16.0 z=140.2cm tg=1.00 mode=1 conf=0.79 lost=0 L=3.04 R=3.20
th=120 steer=4.5 ex=-4.26cm ang=35.4deg expx=-16.5 z=140.2cm tg=1.00 mode=1 conf=0.79 lost=0 L=3.04 R=3.20
th=120 steer=4.6 ex=-4.39cm ang=36.6deg expx=-17.0 z=140.2cm tg=1.00 mode=1 conf=0.78 lost=0 L=3.03 R=3.20
th=120 steer=4.8 ex=-4.52cm ang=37.4deg expx=-17.5 z=140.2cm tg=1.00 mode=1 conf=0.78 lost=0 L=3.02 R=3.20
th=120 steer=4.7 ex=-4.52cm ang=38.1deg expx=-17.5 z=140.2cm tg=1.00 mode=1 conf=0.78 lost=0 L=3.03 R=3.20
th=120 steer=4.8 ex=-4.65cm ang=38.8deg expx=-18.0 z=140.2cm tg=1.00 mode=1 conf=0.78 lost=0 L=3.03 R=3.20
th=120 steer=5.0 ex=-4.78cm ang=39.9deg expx=-18.5 z=140.2cm tg=1.00 mode=1 conf=0.77 lost=0 L=3.02 R=3.20
th=120 steer=4.9 ex=-4.78cm ang=40.1deg expx=-18.5 z=140.2cm tg=1.00 mode=1 conf=0.77 lost=0 L=3.02 R=3.20
th=120 steer=5.0 ex=-4.91cm ang=41.4deg expx=-19.0 z=140.2cm tg=1.00 mode=1 conf=0.76 lost=0 L=3.02 R=3.20
th=120 steer=5.3 ex=-5.04cm ang=41.7deg expx=-19.5 z=140.2cm tg=1.00 mode=1 conf=0.74 lost=0 L=3.01 R=3.20
th=120 steer=5.5 ex=-5.16cm ang=42.4deg expx=-20.0 z=140.2cm tg=1.00 mode=1 conf=0.74 lost=0 L=3.00 R=3.20
th=120 steer=5.3 ex=-5.16cm ang=43.6deg expx=-20.0 z=140.2cm tg=1.00 mode=1 conf=0.73 lost=0 L=3.01 R=3.20
th=120 steer=5.6 ex=-5.29cm ang=43.8deg expx=-20.5 z=140.2cm tg=1.00 mode=1 conf=0.72 lost=0 L=3.00 R=3.20
th=120 steer=5.6 ex=-5.42cm ang=45.3deg expx=-21.0 z=132.6cm tg=1.00 mode=1 conf=0.66 lost=0 L=3.00 R=3.20
th=120 steer=5.7 ex=-5.42cm ang=45.0deg expx=-21.0 z=140.2cm tg=1.00 mode=1 conf=0.70 lost=0 L=2.99 R=3.20
th=120 steer=5.9 ex=-5.55cm ang=45.1deg expx=-21.5 z=140.2cm tg=1.00 mode=1 conf=0.73 lost=0 L=2.99 R=3.20
th=120 steer=6.1 ex=-5.68cm ang=45.4deg expx=-22.0 z=140.2cm tg=1.00 mode=1 conf=0.75 lost=0 L=2.98 R=3.20
th=120 steer=6.3 ex=-5.68cm ang=43.9deg expx=-22.0 z=149.6cm tg=1.00 mode=1 conf=0.71 lost=0 L=2.97 R=3.20
th=120 steer=6.3 ex=-5.68cm ang=44.0deg expx=-22.0 z=149.6cm tg=1.00 mode=1 conf=0.71 lost=0 L=2.97 R=3.20
th=120 steer=3.4 ex=-4.48cm ang=45.2deg expx=-17.0 z=140.2cm tg=1.00 mode=1 conf=0.71 lost=0 L=3.08 R=3.20
th=120 steer=4.4 ex=-4.95cm ang=47.7deg expx=-18.8 z=140.2cm tg=1.00 mode=1 conf=0.53 lost=0 L=3.04 R=3.20
th=120 steer=5.6 ex=-5.49cm ang=46.4deg expx=-20.8 z=142.1cm tg=1.00 mode=1 conf=0.60 lost=0 L=3.00 R=3.20
th=120 steer=5.7 ex=-5.75cm ang=48.9deg expx=-21.8 z=125.1cm tg=1.00 mode=1 conf=0.50 lost=0 L=3.00 R=3.20
th=120 steer=5.7 ex=-5.88cm ang=50.5deg expx=-22.2 z=125.1cm tg=1.00 mode=1 conf=0.54 lost=0 L=2.99 R=3.20
th=120 steer=6.3 ex=-6.15cm ang=49.9deg expx=-23.2 z=125.1cm tg=1.00 mode=1 conf=0.54 lost=0 L=2.97 R=3.20
th=120 steer=4.7 ex=-6.41cm ang=60.7deg expx=-24.2 z=80.4cm tg=0.00 mode=0 conf=0.59 lost=0 L=3.03 R=3.20
th=120 steer=5.5 ex=-6.75cm ang=60.6deg expx=-25.5 z=80.4cm tg=0.00 mode=0 conf=0.63 lost=0 L=3.00 R=3.20
th=120 steer=8.1 ex=-7.08cm ang=51.0deg expx=-26.8 z=125.1cm tg=1.00 mode=1 conf=0.58 lost=0 L=2.91 R=3.21
th=120 steer=1.8 ex=-4.85cm ang=49.6deg expx=-17.5 z=132.6cm tg=1.00 mode=1 conf=0.59 lost=0 L=3.14 R=3.20
th=120 steer=4.7 ex=-5.68cm ang=52.3deg expx=-20.5 z=125.1cm tg=1.00 mode=1 conf=0.50 lost=0 L=3.03 R=3.20
th=120 steer=3.7 ex=-5.18cm ang=52.3deg expx=-18.2 z=118.9cm tg=1.00 mode=1 conf=0.37 lost=0 L=3.07 R=3.20
th=120 steer=5.0 ex=-5.89cm ang=52.4deg expx=-20.8 z=118.9cm tg=1.00 mode=1 conf=0.35 lost=0 L=3.02 R=3.20
th=120 steer=3.8 ex=-5.82cm ang=52.7deg expx=-20.5 z=118.9cm tg=1.00 mode=1 conf=0.00 lost=2 L=2.59 R=2.73
th=120 steer=-25.7 ex=18.11cm ang=49.2deg expx=114.5 z=118.9cm tg=1.00 mode=1 conf=0.00 lost=3 L=2.80 R=1.86
th=120 steer=11.0 ex=18.11cm ang=49.2deg expx=114.5 z=118.9cm tg=1.00 mode=1 conf=0.00 lost=11 L=2.35 R=2.76
th=120 steer=11.0 ex=18.11cm ang=49.2deg expx=114.5 z=118.9cm tg=1.00 mode=1 conf=0.00 lost=19 L=2.35 R=2.76
th=120 steer=11.0 ex=18.11cm ang=49.2deg expx=114.5 z=118.9cm tg=1.00 mode=1 conf=0.00 lost=27 L=2.35 R=2.76
th=120 steer=11.0 ex=18.11cm ang=49.2deg expx=114.5 z=118.9cm tg=1.00 mode=1 conf=0.00 lost=35 L=2.35 R=2.76
th=120 steer=11.0 ex=18.11cm ang=49.2deg expx=114.5 z=118.9cm tg=1.00 mode=1 conf=0.00 lost=43 L=2.35 R=2.76
th=120 steer=11.0 ex=18.11cm ang=49.2deg expx=114.5 z=118.9cm tg=1.00 mode=1 conf=0.00 lost=51 L=2.35 R=2.76
th=120 steer=11.0 ex=18.11cm ang=49.2deg expx=114.5 z=118.9cm tg=1.00 mode=1 conf=0.00 lost=59 L=2.35 R=2.76
th=120 steer=11.0 ex=18.11cm ang=49.2deg expx=114.5 z=118.9cm tg=1.00 mode=1 conf=0.00 lost=67 L=2.35 R=2.76
th=120 steer=4.6 ex=-5.31cm ang=53.9deg expx=-18.8 z=118.9cm tg=1.00 mode=1 conf=0.36 lost=0 L=3.03 R=3.20
th=120 steer=11.0 ex=-5.39cm ang=53.5deg expx=-19.0 z=118.9cm tg=1.00 mode=1 conf=0.00 lost=7 L=2.35 R=2.76
th=120 steer=-26.2 ex=21.67cm ang=44.8deg expx=137.0 z=118.9cm tg=1.00 mode=1 conf=0.00 lost=4 L=2.81 R=1.84
th=120 steer=11.0 ex=21.67cm ang=44.8deg expx=137.0 z=118.9cm tg=1.00 mode=1 conf=0.00 lost=12 L=2.35 R=2.76
th=120 steer=11.0 ex=21.67cm ang=44.8deg expx=137.0 z=118.9cm tg=1.00 mode=1 conf=0.00 lost=20 L=2.35 R=2.76
th=120 steer=11.0 ex=21.67cm ang=44.8deg expx=137.0 z=118.9cm tg=1.00 mode=1 conf=0.00 lost=28 L=2.35 R=2.76
th=120 steer=11.0 ex=21.67cm ang=44.8deg expx=137.0 z=118.9cm tg=1.00 mode=1 conf=0.00 lost=36 L=2.35 R=2.76
th=120 steer=-27.6 ex=20.90cm ang=-83.1deg expx=139.0 z=50.0cm tg=0.00 mode=0 conf=0.59 lost=0 L=3.22 R=2.20
th=120 steer=11.0 ex=20.90cm ang=-83.1deg expx=139.0 z=50.0cm tg=1.00 mode=1 conf=0.00 lost=8 L=2.35 R=2.76
th=120 steer=11.0 ex=20.90cm ang=-83.1deg expx=139.0 z=50.0cm tg=1.00 mode=1 conf=0.00 lost=16 L=2.35 R=2.76
th=120 steer=11.0 ex=20.90cm ang=-83.1deg expx=139.0 z=50.0cm tg=1.00 mode=1 conf=0.00 lost=24 L=2.35 R=2.76
th=120 steer=11.0 ex=20.90cm ang=-83.1deg expx=139.0 z=50.0cm tg=1.00 mode=1 conf=0.00 lost=32 L=2.35 R=2.76
th=120 steer=2.1 ex=3.36cm ang=-84.0deg expx=31.8 z=50.1cm tg=1.00 mode=1 conf=0.00 lost=5 L=2.65 R=2.73
th=120 steer=11.0 ex=3.36cm ang=-84.0deg expx=31.8 z=50.1cm tg=1.00 mode=1 conf=0.00 lost=13 L=2.35 R=2.76
th=120 steer=33.8 ex=-15.07cm ang=-83.3deg expx=-81.5 z=52.7cm tg=1.00 mode=1 conf=0.00 lost=3 L=1.59 R=2.83
th=120 steer=1.1 ex=-3.95cm ang=53.5deg expx=-14.0 z=118.9cm tg=1.00 mode=1 conf=0.36 lost=0 L=3.16 R=3.20
th=120 steer=11.0 ex=-4.23cm ang=60.6deg expx=-15.0 z=86.4cm tg=1.00 mode=1 conf=0.00 lost=7 L=2.35 R=2.76
th=120 steer=11.0 ex=-4.23cm ang=60.6deg expx=-15.0 z=86.4cm tg=1.00 mode=1 conf=0.00 lost=15 L=2.35 R=2.76
th=120 steer=1.0 ex=-4.31cm ang=59.9deg expx=-15.2 z=86.4cm tg=1.00 mode=1 conf=0.00 lost=1 L=2.69 R=2.72
th=120 steer=11.0 ex=-4.31cm ang=59.9deg expx=-15.2 z=86.4cm tg=1.00 mode=1 conf=0.00 lost=9 L=2.35 R=2.76
th=120 steer=-6.9 ex=2.49cm ang=-17.7deg expx=24.8 z=118.9cm tg=1.00 mode=1 conf=0.00 lost=1 L=2.74 R=2.49
th=120 steer=11.0 ex=2.49cm ang=-17.7deg expx=24.8 z=118.9cm tg=1.00 mode=1 conf=0.00 lost=9 L=2.35 R=2.76
th=120 steer=11.0 ex=2.49cm ang=-17.7deg expx=24.8 z=118.9cm tg=1.00 mode=1 conf=0.00 lost=17 L=2.35 R=2.76
th=120 steer=11.0 ex=2.49cm ang=-17.7deg expx=24.8 z=118.9cm tg=1.00 mode=1 conf=0.00 lost=25 L=2.35 R=2.76
th=120 steer=11.0 ex=2.49cm ang=-17.7deg expx=24.8 z=118.9cm tg=1.00 mode=1 conf=0.00 lost=33 L=2.35 R=2.76
th=120 steer=2.1 ex=-3.87cm ang=55.2deg expx=-13.8 z=118.9cm tg=1.00 mode=1 conf=0.00 lost=5 L=2.65 R=2.73
th=120 steer=11.0 ex=-3.87cm ang=55.2deg expx=-13.8 z=118.9cm tg=1.00 mode=1 conf=0.00 lost=13 L=2.35 R=2.76
th=120 steer=1.8 ex=-3.80cm ang=53.6deg expx=-13.5 z=125.1cm tg=1.00 mode=1 conf=0.00 lost=6 L=2.66 R=2.73
th=120 steer=11.0 ex=-3.80cm ang=53.6deg expx=-13.5 z=125.1cm tg=1.00 mode=1 conf=0.00 lost=14 L=2.35 R=2.76
th=120 steer=11.0 ex=16.67cm ang=45.0deg expx=40.0 z=125.1cm tg=1.00 mode=1 conf=0.00 lost=7 L=2.35 R=2.76
th=120 steer=11.0 ex=16.67cm ang=45.0deg expx=40.0 z=125.1cm tg=1.00 mode=1 conf=0.00 lost=15 L=2.35 R=2.76
th=120 steer=11.0 ex=16.67cm ang=45.0deg expx=40.0 z=125.1cm tg=1.00 mode=1 conf=0.00 lost=23 L=2.35 R=2.76
th=120 steer=11.0 ex=16.67cm ang=45.0deg expx=40.0 z=125.1cm tg=1.00 mode=1 conf=0.00 lost=31 L=2.35 R=2.76
th=120 steer=14.3 ex=-8.92cm ang=49.3deg expx=-36.5 z=125.1cm tg=1.00 mode=1 conf=0.41 lost=0 L=2.68 R=3.21
th=120 steer=9.7 ex=-7.37cm ang=46.7deg expx=-30.2 z=125.1cm tg=1.00 mode=1 conf=0.41 lost=0 L=2.85 R=3.21
th=120 steer=9.7 ex=-6.92cm ang=45.2deg expx=-28.2 z=125.1cm tg=1.00 mode=1 conf=0.36 lost=0 L=2.85 R=3.21
th=120 steer=11.0 ex=-6.86cm ang=48.6deg expx=-28.0 z=118.9cm tg=1.00 mode=1 conf=0.00 lost=7 L=2.35 R=2.76
th=120 steer=11.0 ex=-6.86cm ang=48.6deg expx=-28.0 z=118.9cm tg=1.00 mode=1 conf=0.00 lost=15 L=2.35 R=2.76
th=120 steer=4.3 ex=-6.07cm ang=53.6deg expx=-23.5 z=118.9cm tg=1.00 mode=1 conf=0.00 lost=2 L=2.58 R=2.73
th=120 steer=5.1 ex=-6.33cm ang=54.1deg expx=-24.5 z=118.9cm tg=1.00 mode=1 conf=0.00 lost=2 L=2.55 R=2.74
th=120 steer=6.2 ex=-6.97cm ang=60.0deg expx=-27.0 z=77.5cm tg=0.00 mode=0 conf=0.87 lost=0 L=2.98 R=3.20
th=120 steer=6.1 ex=-6.84cm ang=59.5deg expx=-26.5 z=77.5cm tg=0.00 mode=0 conf=0.86 lost=0 L=2.98 R=3.20
th=120 steer=7.4 ex=-6.84cm ang=54.1deg expx=-26.5 z=118.9cm tg=1.00 mode=1 conf=0.62 lost=0 L=2.93 R=3.20
th=120 steer=6.1 ex=-6.84cm ang=58.8deg expx=-26.5 z=77.5cm tg=0.00 mode=0 conf=0.86 lost=0 L=2.98 R=3.20
th=120 steer=10.5 ex=-7.36cm ang=58.1deg expx=-28.5 z=77.5cm tg=0.00 mode=0 conf=0.81 lost=0 L=2.82 R=3.21
th=120 steer=11.5 ex=-8.39cm ang=57.2deg expx=-32.5 z=77.5cm tg=0.00 mode=0 conf=0.73 lost=0 L=2.78 R=3.21
th=120 steer=11.0 ex=9.06cm ang=37.4deg expx=50.2 z=77.5cm tg=1.00 mode=1 conf=0.00 lost=7 L=2.35 R=2.76
th=120 steer=11.0 ex=9.06cm ang=37.4deg expx=50.2 z=77.5cm tg=1.00 mode=1 conf=0.00 lost=15 L=2.35 R=2.76
th=120 steer=11.0 ex=9.06cm ang=37.4deg expx=50.2 z=77.5cm tg=1.00 mode=1 conf=0.00 lost=23 L=2.35 R=2.76
th=120 steer=13.4 ex=-9.94cm ang=56.1deg expx=-38.5 z=77.5cm tg=0.00 mode=0 conf=0.60 lost=0 L=2.72 R=3.21
th=120 steer=-20.3 ex=9.70cm ang=51.3deg expx=53.8 z=77.5cm tg=1.00 mode=1 conf=0.00 lost=5 L=2.79 R=2.04
th=120 steer=11.0 ex=9.70cm ang=51.3deg expx=53.8 z=77.5cm tg=1.00 mode=1 conf=0.00 lost=13 L=2.35 R=2.76
th=120 steer=23.2 ex=-13.30cm ang=53.1deg expx=-51.5 z=77.5cm tg=0.00 mode=0 conf=0.36 lost=0 L=2.36 R=3.21
th=120 steer=-20.3 ex=9.57cm ang=49.5deg expx=53.0 z=77.5cm tg=1.00 mode=1 conf=0.00 lost=1 L=2.79 R=2.04
th=120 steer=20.5 ex=-12.65cm ang=53.4deg expx=-49.0 z=77.5cm tg=0.00 mode=0 conf=0.43 lost=0 L=2.46 R=3.21
th=120 steer=11.0 ex=9.61cm ang=48.3deg expx=53.2 z=77.5cm tg=1.00 mode=1 conf=0.00 lost=7 L=2.35 R=2.76
th=120 steer=11.0 ex=9.61cm ang=48.3deg expx=53.2 z=77.5cm tg=1.00 mode=1 conf=0.00 lost=15 L=2.35 R=2.76
th=120 steer=25.3 ex=-13.17cm ang=-57.4deg expx=-47.5 z=77.5cm tg=1.00 mode=1 conf=0.00 lost=1 L=1.87 R=2.80
th=120 steer=14.2 ex=-12.34cm ang=51.3deg expx=-44.5 z=83.2cm tg=0.00 mode=0 conf=0.40 lost=0 L=2.69 R=3.21
th=120 steer=-20.8 ex=9.57cm ang=46.1deg expx=53.0 z=80.4cm tg=1.00 mode=1 conf=0.00 lost=4 L=2.79 R=2.02
th=120 steer=11.0 ex=9.57cm ang=46.1deg expx=53.0 z=80.4cm tg=1.00 mode=1 conf=0.00 lost=12 L=2.35 R=2.76
th=120 steer=11.0 ex=9.57cm ang=46.1deg expx=53.0 z=80.4cm tg=1.00 mode=1 conf=0.00 lost=20 L=2.35 R=2.76
th=120 steer=21.1 ex=-14.69cm ang=47.3deg expx=-53.0 z=83.2cm tg=0.00 mode=0 conf=0.42 lost=0 L=2.44 R=3.21
th=120 steer=14.8 ex=-12.14cm ang=44.7deg expx=-45.5 z=80.4cm tg=0.00 mode=0 conf=0.37 lost=0 L=2.66 R=3.21
th=120 steer=10.9 ex=-9.84cm ang=43.4deg expx=-35.5 z=83.2cm tg=0.00 mode=0 conf=0.43 lost=0 L=2.80 R=3.21
th=120 steer=9.4 ex=-8.04cm ang=40.5deg expx=-29.0 z=118.9cm tg=1.00 mode=1 conf=0.37 lost=0 L=2.86 R=3.21
th=120 steer=10.2 ex=-7.66cm ang=39.7deg expx=-28.8 z=118.9cm tg=1.00 mode=1 conf=0.36 lost=0 L=2.83 R=3.21
th=120 steer=6.7 ex=-6.10cm ang=37.8deg expx=-22.0 z=125.1cm tg=1.00 mode=1 conf=0.42 lost=0 L=2.96 R=3.20
th=120 steer=6.0 ex=-5.54cm ang=36.4deg expx=-20.0 z=125.1cm tg=1.00 mode=1 conf=0.43 lost=0 L=2.98 R=3.20
th=120 steer=7.2 ex=-5.66cm ang=34.8deg expx=-21.2 z=125.1cm tg=1.00 mode=1 conf=0.46 lost=0 L=2.94 R=3.20
th=120 steer=5.7 ex=-4.99cm ang=33.7deg expx=-18.8 z=125.1cm tg=1.00 mode=1 conf=0.47 lost=0 L=2.99 R=3.20
th=120 steer=5.1 ex=-4.59cm ang=32.9deg expx=-17.2 z=132.6cm tg=1.00 mode=1 conf=0.51 lost=0 L=3.02 R=3.20
th=120 steer=4.5 ex=-4.19cm ang=31.6deg expx=-15.8 z=132.6cm tg=1.00 mode=1 conf=0.50 lost=0 L=3.04 R=3.20
th=120 steer=3.9 ex=-3.86cm ang=30.3deg expx=-14.5 z=132.6cm tg=1.00 mode=1 conf=0.51 lost=0 L=3.06 R=3.20
th=120 steer=4.0 ex=-3.72cm ang=29.5deg expx=-14.0 z=132.6cm tg=1.00 mode=1 conf=0.51 lost=0 L=3.06 R=3.20
th=120 steer=1.3 ex=-3.39cm ang=42.2deg expx=-12.8 z=132.6cm tg=1.00 mode=1 conf=0.33 lost=0 L=3.15 R=3.20
th=120 steer=2.8 ex=-3.66cm ang=42.2deg expx=-13.8 z=132.6cm tg=1.00 mode=1 conf=0.33 lost=0 L=3.10 R=3.20
th=120 steer=4.5 ex=-3.59cm ang=24.7deg expx=-13.5 z=132.6cm tg=1.00 mode=1 conf=0.48 lost=0 L=3.04 R=3.20
th=120 steer=3.4 ex=-3.13cm ang=22.2deg expx=-11.8 z=132.6cm tg=1.00 mode=1 conf=0.46 lost=0 L=3.08 R=3.20
th=120 steer=7.4 ex=-4.44cm ang=44.4deg expx=-16.0 z=132.6cm tg=1.00 mode=1 conf=0.28 lost=0 L=2.93 R=3.20
th=120 steer=5.9 ex=-3.87cm ang=19.3deg expx=-14.0 z=132.6cm tg=1.00 mode=1 conf=0.43 lost=0 L=2.99 R=3.20
th=120 steer=4.4 ex=-3.10cm ang=17.4deg expx=-11.2 z=140.2cm tg=1.00 mode=1 conf=0.35 lost=0 L=3.04 R=3.20
th=120 steer=5.7 ex=-3.12cm ang=13.9deg expx=-11.2 z=140.2cm tg=1.00 mode=1 conf=0.34 lost=0 L=2.99 R=3.20
th=120 steer=-3.4 ex=3.04cm ang=21.8deg expx=6.5 z=140.2cm tg=0.00 mode=0 conf=0.55 lost=0 L=3.20 R=3.08
th=120 steer=-2.0 ex=1.40cm ang=22.3deg expx=3.0 z=140.2cm tg=0.00 mode=0 conf=0.54 lost=0 L=3.20 R=3.13
th=120 steer=-0.6 ex=-0.47cm ang=21.3deg expx=-1.0 z=140.2cm tg=0.00 mode=0 conf=0.54 lost=0 L=3.20 R=3.18
th=120 steer=-0.2 ex=-1.40cm ang=21.8deg expx=-3.0 z=140.2cm tg=0.00 mode=0 conf=0.55 lost=0 L=3.20 R=3.19
th=120 steer=0.9 ex=-2.57cm ang=20.8deg expx=-5.5 z=140.2cm tg=0.00 mode=0 conf=0.53 lost=0 L=3.17 R=3.20
th=120 steer=1.8 ex=-3.27cm ang=18.3deg expx=-7.0 z=140.2cm tg=0.00 mode=0 conf=0.50 lost=0 L=3.14 R=3.20
th=120 steer=7.8 ex=-6.24cm ang=21.8deg expx=-22.5 z=132.6cm tg=1.00 mode=1 conf=0.00 lost=5 L=2.46 R=2.75
th=120 steer=11.0 ex=-5.87cm ang=19.7deg expx=-22.0 z=140.2cm tg=1.00 mode=1 conf=0.00 lost=7 L=2.35 R=2.76
th=120 steer=4.5 ex=-4.20cm ang=16.9deg expx=-15.8 z=140.2cm tg=1.00 mode=1 conf=0.00 lost=5 L=2.57 R=2.73
th=120 steer=11.0 ex=-4.20cm ang=16.9deg expx=-15.8 z=140.2cm tg=1.00 mode=1 conf=0.00 lost=13 L=2.35 R=2.76
th=120 steer=-1.5 ex=-0.39cm ang=13.5deg expx=-1.5 z=149.6cm tg=0.86 mode=0 conf=0.38 lost=0 L=3.20 R=3.15
th=120 steer=0.1 ex=-0.77cm ang=15.5deg expx=-3.0 z=77.5cm tg=0.00 mode=0 conf=0.67 lost=0 L=3.20 R=3.20
th=120 steer=0.4 ex=-0.90cm ang=15.8deg expx=-3.5 z=77.5cm tg=0.00 mode=0 conf=0.74 lost=0 L=3.18 R=3.20
th=120 steer=11.0 ex=-0.90cm ang=15.8deg expx=-3.5 z=77.5cm tg=1.00 mode=1 conf=0.00 lost=8 L=2.35 R=2.76
th=120 steer=0.3 ex=-0.77cm ang=14.0deg expx=-3.0 z=77.5cm tg=1.00 mode=1 conf=0.00 lost=1 L=2.71 R=2.72
th=120 steer=0.2 ex=-0.66cm ang=13.7deg expx=-2.5 z=140.2cm tg=0.68 mode=0 conf=0.42 lost=0 L=3.19 R=3.20
th=120 steer=0.6 ex=-0.86cm ang=13.6deg expx=-3.2 z=140.2cm tg=0.69 mode=0 conf=0.48 lost=0 L=3.18 R=3.20
th=120 steer=0.7 ex=-0.99cm ang=13.8deg expx=-3.8 z=140.2cm tg=0.66 mode=0 conf=0.51 lost=0 L=3.17 R=3.20
th=120 steer=0.9 ex=-1.06cm ang=13.1deg expx=-4.0 z=140.2cm tg=0.62 mode=0 conf=0.54 lost=0 L=3.17 R=3.20
th=120 steer=1.0 ex=-1.06cm ang=11.9deg expx=-4.0 z=140.2cm tg=0.62 mode=0 conf=0.57 lost=0 L=3.16 R=3.20
th=120 steer=0.9 ex=-1.06cm ang=12.4deg expx=-4.0 z=140.2cm tg=0.60 mode=0 conf=0.59 lost=0 L=3.17 R=3.20
th=120 steer=1.2 ex=-1.13cm ang=11.4deg expx=-4.2 z=140.2cm tg=0.59 mode=0 conf=0.60 lost=0 L=3.16 R=3.20
th=120 steer=1.2 ex=-1.13cm ang=11.5deg expx=-4.2 z=140.2cm tg=0.59 mode=0 conf=0.60 lost=0 L=3.16 R=3.20
th=120 steer=1.3 ex=-1.13cm ang=10.4deg expx=-4.2 z=140.2cm tg=0.56 mode=0 conf=0.63 lost=0 L=3.15 R=3.20
th=120 steer=1.3 ex=-1.02cm ang=9.4deg expx=-4.0 z=140.2cm tg=0.55 mode=0 conf=0.67 lost=0 L=3.15 R=3.20
th=120 steer=0.1 ex=-1.09cm ang=21.9deg expx=-4.5 z=140.2cm tg=0.57 mode=0 conf=0.50 lost=0 L=3.20 R=3.20
th=120 steer=1.3 ex=-0.90cm ang=7.9deg expx=-3.5 z=140.2cm tg=0.50 mode=0 conf=0.80 lost=0 L=3.15 R=3.20
th=120 steer=1.3 ex=-0.96cm ang=7.4deg expx=-3.5 z=140.2cm tg=0.50 mode=0 conf=0.81 lost=0 L=3.15 R=3.20
th=120 steer=0.8 ex=-0.90cm ang=16.0deg expx=-3.5 z=140.2cm tg=0.42 mode=0 conf=0.53 lost=0 L=3.17 R=3.20
th=120 steer=1.4 ex=-0.96cm ang=6.6deg expx=-3.5 z=140.2cm tg=0.40 mode=0 conf=0.75 lost=0 L=3.15 R=3.20
th=120 steer=-1.9 ex=2.10cm ang=8.5deg expx=4.5 z=140.2cm tg=0.00 mode=0 conf=0.95 lost=0 L=3.20 R=3.13
th=120 steer=2.4 ex=-1.26cm ang=8.1deg expx=-4.8 z=140.2cm tg=0.36 mode=0 conf=0.74 lost=0 L=3.11 R=3.20
th=120 steer=-2.0 ex=1.63cm ang=8.5deg expx=3.5 z=140.2cm tg=0.00 mode=0 conf=0.93 lost=0 L=3.20 R=3.13
th=120 steer=-0.8 ex=0.70cm ang=9.1deg expx=1.5 z=140.2cm tg=0.00 mode=0 conf=0.87 lost=0 L=3.20 R=3.17
th=120 steer=1.7 ex=-1.26cm ang=7.7deg expx=-4.8 z=140.2cm tg=0.31 mode=0 conf=0.69 lost=0 L=3.14 R=3.20
th=120 steer=1.6 ex=-1.16cm ang=7.2deg expx=-4.5 z=140.2cm tg=0.30 mode=0 conf=0.64 lost=0 L=3.14 R=3.20
th=120 steer=1.3 ex=-0.93cm ang=7.1deg expx=-3.5 z=140.2cm tg=0.28 mode=0 conf=0.70 lost=0 L=3.15 R=3.20
th=120 steer=1.1 ex=-0.90cm ang=8.4deg expx=-3.5 z=140.2cm tg=0.30 mode=0 conf=0.76 lost=0 L=3.16 R=3.20
th=120 steer=-20.9 ex=9.55cm ang=29.4deg expx=61.8 z=140.2cm tg=1.00 mode=1 conf=0.52 lost=0 L=3.21 R=2.44
th=120 steer=-19.0 ex=9.72cm ang=25.1deg expx=59.8 z=140.2cm tg=1.00 mode=1 conf=0.43 lost=0 L=3.21 R=2.51
th=120 steer=-19.1 ex=10.53cm ang=23.8deg expx=60.0 z=140.2cm tg=1.00 mode=1 conf=0.48 lost=0 L=3.21 R=2.51
th=120 steer=30.6 ex=-24.75cm ang=6.3deg expx=-53.0 z=140.2cm tg=0.00 mode=0 conf=0.64 lost=0 L=2.09 R=3.22
th=120 steer=26.1 ex=-24.52cm ang=8.5deg expx=-52.5 z=140.2cm tg=0.00 mode=0 conf=0.60 lost=0 L=2.26 R=3.22
th=120 steer=26.7 ex=-24.75cm ang=9.9deg expx=-53.0 z=140.2cm tg=0.00 mode=0 conf=0.58 lost=0 L=2.23 R=3.22
th=120 steer=25.3 ex=-23.35cm ang=9.6deg expx=-50.0 z=140.2cm tg=0.00 mode=0 conf=0.55 lost=0 L=2.28 R=3.22
th=120 steer=-23.9 ex=9.75cm ang=26.5deg expx=54.0 z=140.2cm tg=1.00 mode=1 conf=0.40 lost=0 L=3.21 R=2.34
th=120 steer=26.8 ex=-23.11cm ang=8.3deg expx=-49.5 z=140.2cm tg=0.00 mode=0 conf=0.56 lost=0 L=2.23 R=3.22
th=120 steer=-23.7 ex=10.02cm ang=26.1deg expx=55.5 z=140.2cm tg=1.00 mode=1 conf=0.41 lost=0 L=3.21 R=2.34
th=120 steer=17.6 ex=-18.91cm ang=5.7deg expx=-40.5 z=140.2cm tg=0.00 mode=0 conf=0.57 lost=0 L=2.56 R=3.21
th=120 steer=-24.1 ex=10.15cm ang=27.2deg expx=56.2 z=140.2cm tg=1.00 mode=1 conf=0.41 lost=0 L=3.21 R=2.33
th=120 steer=24.2 ex=-19.61cm ang=8.0deg expx=-42.0 z=140.2cm tg=0.00 mode=0 conf=0.62 lost=0 L=2.32 R=3.22
th=120 steer=21.9 ex=-17.74cm ang=7.7deg expx=-38.0 z=140.2cm tg=0.00 mode=0 conf=0.62 lost=0 L=2.41 R=3.21
th=120 steer=-25.1 ex=10.61cm ang=26.6deg expx=58.8 z=140.2cm tg=1.00 mode=1 conf=0.45 lost=0 L=3.22 R=2.29
th=120 steer=21.9 ex=-13.07cm ang=18.8deg expx=-45.5 z=140.2cm tg=0.78 mode=0 conf=0.49 lost=0 L=2.41 R=3.21
th=120 steer=18.7 ex=-12.50cm ang=18.8deg expx=-43.5 z=140.2cm tg=0.80 mode=0 conf=0.50 lost=0 L=2.52 R=3.21
th=120 steer=20.3 ex=-12.35cm ang=19.5deg expx=-43.0 z=140.2cm tg=0.82 mode=0 conf=0.50 lost=0 L=2.47 R=3.21
th=120 steer=23.5 ex=-12.61cm ang=21.0deg expx=-45.5 z=140.2cm tg=0.97 mode=0 conf=0.58 lost=0 L=2.35 R=3.21
th=120 steer=-24.1 ex=11.06cm ang=28.6deg expx=61.2 z=140.2cm tg=1.00 mode=1 conf=0.51 lost=0 L=3.21 R=2.33
th=120 steer=24.0 ex=-10.95cm ang=23.4deg expx=-41.0 z=140.2cm tg=1.00 mode=1 conf=0.66 lost=0 L=2.33 R=3.21
th=120 steer=20.6 ex=-10.72cm ang=25.9deg expx=-41.5 z=140.2cm tg=1.00 mode=1 conf=0.75 lost=0 L=2.46 R=3.21
th=120 steer=11.9 ex=-7.88cm ang=24.1deg expx=-30.5 z=140.2cm tg=1.00 mode=1 conf=0.72 lost=0 L=2.77 R=3.21
th=120 steer=18.5 ex=-8.26cm ang=25.3deg expx=-32.0 z=140.2cm tg=1.00 mode=1 conf=0.74 lost=0 L=2.53 R=3.21
th=120 steer=12.8 ex=-7.23cm ang=25.4deg expx=-28.0 z=140.2cm tg=1.00 mode=1 conf=0.73 lost=0 L=2.74 R=3.21
th=120 steer=22.2 ex=-8.91cm ang=27.2deg expx=-34.5 z=140.2cm tg=1.00 mode=1 conf=0.75 lost=0 L=2.40 R=3.21
th=120 steer=13.0 ex=-7.75cm ang=27.7deg expx=-30.0 z=140.2cm tg=1.00 mode=1 conf=0.75 lost=0 L=2.73 R=3.21
th=120 steer=10.0 ex=-6.71cm ang=28.5deg expx=-27.0 z=140.2cm tg=1.00 mode=1 conf=0.67 lost=0 L=2.84 R=3.21
th=120 steer=7.9 ex=-5.58cm ang=28.6deg expx=-22.5 z=140.2cm tg=1.00 mode=1 conf=0.67 lost=0 L=2.91 R=3.20
th=120 steer=3.9 ex=-4.00cm ang=28.1deg expx=-15.5 z=140.2cm tg=1.00 mode=1 conf=0.73 lost=0 L=3.06 R=3.20
th=120 steer=4.4 ex=-3.87cm ang=29.3deg expx=-15.0 z=140.2cm tg=1.00 mode=1 conf=0.73 lost=0 L=3.04 R=3.20
th=120 steer=4.1 ex=-3.74cm ang=30.3deg expx=-14.5 z=140.2cm tg=1.00 mode=1 conf=0.74 lost=0 L=3.05 R=3.20
th=120 steer=4.2 ex=-3.87cm ang=31.4deg expx=-15.0 z=140.2cm tg=1.00 mode=1 conf=0.76 lost=0 L=3.05 R=3.20
th=120 steer=3.9 ex=-3.74cm ang=32.3deg expx=-14.5 z=140.2cm tg=1.00 mode=1 conf=0.76 lost=0 L=3.06 R=3.20
th=120 steer=3.8 ex=-3.74cm ang=32.7deg expx=-14.5 z=149.6cm tg=1.00 mode=1 conf=0.72 lost=0 L=3.06 R=3.20
th=120 steer=4.3 ex=-4.00cm ang=33.4deg expx=-15.5 z=149.6cm tg=1.00 mode=1 conf=0.73 lost=0 L=3.04 R=3.20
th=120 steer=7.6 ex=-4.52cm ang=34.9deg expx=-17.5 z=149.6cm tg=1.00 mode=1 conf=0.70 lost=0 L=2.93 R=3.20
th=120 steer=-1.0 ex=1.41cm ang=-32.2deg expx=12.2 z=149.6cm tg=0.59 mode=0 conf=0.50 lost=0 L=3.20 R=3.16
th=120 steer=-2.3 ex=1.48cm ang=-32.0deg expx=12.8 z=142.1cm tg=0.39 mode=0 conf=0.50 lost=0 L=3.20 R=3.12
th=120 steer=7.1 ex=-5.81cm ang=38.4deg expx=-22.5 z=142.1cm tg=1.00 mode=1 conf=0.69 lost=0 L=2.94 R=3.20
th=120 steer=6.2 ex=-5.29cm ang=37.9deg expx=-20.5 z=132.6cm tg=1.00 mode=1 conf=0.71 lost=0 L=2.98 R=3.20
th=120 steer=6.0 ex=-5.16cm ang=38.6deg expx=-20.0 z=132.6cm tg=1.00 mode=1 conf=0.70 lost=0 L=2.98 R=3.20
th=120 steer=5.8 ex=-5.16cm ang=40.1deg expx=-20.0 z=132.6cm tg=1.00 mode=1 conf=0.74 lost=0 L=2.99 R=3.20
th=120 steer=5.5 ex=-5.04cm ang=40.6deg expx=-19.5 z=132.6cm tg=1.00 mode=1 conf=0.74 lost=0 L=3.00 R=3.20
th=120 steer=5.3 ex=-4.91cm ang=40.7deg expx=-19.0 z=140.2cm tg=1.00 mode=1 conf=0.77 lost=0 L=3.01 R=3.20
th=120 steer=5.4 ex=-5.04cm ang=41.4deg expx=-19.5 z=140.2cm tg=1.00 mode=1 conf=0.77 lost=0 L=3.00 R=3.20
th=120 steer=5.4 ex=-5.04cm ang=41.9deg expx=-19.5 z=140.2cm tg=1.00 mode=1 conf=0.76 lost=0 L=3.01 R=3.20
th=120 steer=5.6 ex=-5.16cm ang=42.6deg expx=-20.0 z=140.2cm tg=1.00 mode=1 conf=0.76 lost=0 L=3.00 R=3.20
th=120 steer=5.5 ex=-5.16cm ang=43.3deg expx=-20.0 z=140.2cm tg=1.00 mode=1 conf=0.73 lost=0 L=3.00 R=3.20
th=120 steer=5.7 ex=-5.29cm ang=44.3deg expx=-20.5 z=140.2cm tg=1.00 mode=1 conf=0.71 lost=0 L=2.99 R=3.20
th=120 steer=5.3 ex=-5.16cm ang=44.9deg expx=-20.0 z=140.2cm tg=1.00 mode=1 conf=0.71 lost=0 L=3.01 R=3.20
th=120 steer=5.8 ex=-5.42cm ang=45.1deg expx=-21.0 z=140.2cm tg=1.00 mode=1 conf=0.71 lost=0 L=2.99 R=3.20
th=120 steer=6.0 ex=-5.55cm ang=45.4deg expx=-21.5 z=140.2cm tg=1.00 mode=1 conf=0.73 lost=0 L=2.98 R=3.20
th=120 steer=5.7 ex=-5.42cm ang=45.5deg expx=-21.0 z=140.2cm tg=1.00 mode=1 conf=0.74 lost=0 L=2.99 R=3.20
th=120 steer=6.0 ex=-5.55cm ang=45.4deg expx=-21.5 z=140.2cm tg=1.00 mode=1 conf=0.75 lost=0 L=2.98 R=3.20
th=120 steer=5.9 ex=-5.55cm ang=45.6deg expx=-21.5 z=140.2cm tg=1.00 mode=1 conf=0.77 lost=0 L=2.99 R=3.20
th=120 steer=1.6 ex=-4.02cm ang=46.7deg expx=-15.2 z=132.6cm tg=1.00 mode=1 conf=0.63 lost=0 L=3.14 R=3.20
th=120 steer=4.5 ex=-4.82cm ang=45.7deg expx=-18.2 z=140.2cm tg=1.00 mode=1 conf=0.70 lost=0 L=3.04 R=3.20
th=120 steer=5.2 ex=-5.35cm ang=48.7deg expx=-20.2 z=132.6cm tg=1.00 mode=1 conf=0.61 lost=0 L=3.01 R=3.20
th=120 steer=5.8 ex=-5.75cm ang=49.3deg expx=-21.8 z=132.6cm tg=1.00 mode=1 conf=0.61 lost=0 L=2.99 R=3.20
th=120 steer=6.1 ex=-5.95cm ang=49.6deg expx=-22.5 z=132.6cm tg=1.00 mode=1 conf=0.59 lost=0 L=2.98 R=3.20
th=120 steer=6.3 ex=-6.02cm ang=48.7deg expx=-22.8 z=140.2cm tg=1.00 mode=1 conf=0.53 lost=0 L=2.97 R=3.20
th=120 steer=6.7 ex=-6.28cm ang=49.5deg expx=-23.8 z=132.6cm tg=1.00 mode=1 conf=0.61 lost=0 L=2.96 R=3.20
th=120 steer=6.7 ex=-6.28cm ang=49.6deg expx=-23.8 z=140.2cm tg=1.00 mode=1 conf=0.54 lost=0 L=2.96 R=3.20
th=120 steer=6.9 ex=-6.35cm ang=49.4deg expx=-24.0 z=140.2cm tg=1.00 mode=1 conf=0.55 lost=0 L=2.95 R=3.20
th=120 steer=7.1 ex=-6.48cm ang=49.6deg expx=-24.5 z=132.6cm tg=1.00 mode=1 conf=0.64 lost=0 L=2.94 R=3.20
th=120 steer=7.1 ex=-6.48cm ang=49.3deg expx=-24.5 z=125.1cm tg=1.00 mode=1 conf=0.58 lost=0 L=2.94 R=3.20
th=120 steer=7.0 ex=-6.41cm ang=48.9deg expx=-24.2 z=125.1cm tg=1.00 mode=1 conf=0.57 lost=0 L=2.95 R=3.20
th=120 steer=1.6 ex=-3.88cm ang=50.1deg expx=-13.8 z=125.1cm tg=1.00 mode=1 conf=0.43 lost=0 L=3.14 R=3.20
th=120 steer=2.6 ex=-4.96cm ang=59.0deg expx=-17.5 z=86.4cm tg=0.00 mode=0 conf=0.36 lost=0 L=3.11 R=3.20
th=120 steer=2.6 ex=-5.39cm ang=60.6deg expx=-19.0 z=86.4cm tg=1.00 mode=1 conf=0.00 lost=3 L=2.63 R=2.73
th=120 steer=11.0 ex=-5.39cm ang=60.6deg expx=-19.0 z=86.4cm tg=1.00 mode=1 conf=0.00 lost=11 L=2.35 R=2.76
th=120 steer=3.2 ex=-5.17cm ang=53.1deg expx=-18.2 z=118.9cm tg=1.00 mode=1 conf=0.00 lost=2 L=2.61 R=2.73
th=120 steer=11.0 ex=-5.17cm ang=53.1deg expx=-18.2 z=118.9cm tg=1.00 mode=1 conf=0.00 lost=10 L=2.35 R=2.76
th=120 steer=2.1 ex=-4.60cm ang=53.1deg expx=-16.2 z=118.9cm tg=1.00 mode=1 conf=0.00 lost=1 L=2.65 R=2.73
th=120 steer=11.0 ex=-4.60cm ang=53.1deg expx=-16.2 z=118.9cm tg=1.00 mode=1 conf=0.00 lost=9 L=2.35 R=2.76
th=120 steer=11.0 ex=-4.60cm ang=53.1deg expx=-16.2 z=118.9cm tg=1.00 mode=1 conf=0.00 lost=17 L=2.35 R=2.76
th=120 steer=-25.1 ex=18.11cm ang=48.4deg expx=114.5 z=118.9cm tg=1.00 mode=1 conf=0.00 lost=3 L=2.80 R=1.88
th=120 steer=11.0 ex=18.11cm ang=48.4deg expx=114.5 z=118.9cm tg=1.00 mode=1 conf=0.00 lost=11 L=2.35 R=2.76
th=120 steer=11.0 ex=18.11cm ang=48.4deg expx=114.5 z=118.9cm tg=1.00 mode=1 conf=0.00 lost=19 L=2.35 R=2.76
th=120 steer=11.0 ex=18.11cm ang=48.4deg expx=114.5 z=118.9cm tg=1.00 mode=1 conf=0.00 lost=27 L=2.35 R=2.76
th=120 steer=11.0 ex=18.11cm ang=48.4deg expx=114.5 z=118.9cm tg=1.00 mode=1 conf=0.00 lost=35 L=2.35 R=2.76
th=120 steer=11.0 ex=18.11cm ang=48.4deg expx=114.5 z=118.9cm tg=1.00 mode=1 conf=0.00 lost=43 L=2.35 R=2.76
th=120 steer=11.0 ex=18.11cm ang=48.4deg expx=114.5 z=118.9cm tg=1.00 mode=1 conf=0.00 lost=51 L=2.35 R=2.76
th=120 steer=11.0 ex=18.11cm ang=48.4deg expx=114.5 z=118.9cm tg=1.00 mode=1 conf=0.00 lost=59 L=2.35 R=2.76
th=120 steer=11.0 ex=18.11cm ang=48.4deg expx=114.5 z=118.9cm tg=1.00 mode=1 conf=0.00 lost=67 L=2.35 R=2.76
th=120 steer=-25.7 ex=21.67cm ang=44.8deg expx=137.0 z=118.9cm tg=1.00 mode=1 conf=0.00 lost=2 L=2.80 R=1.86
th=120 steer=11.0 ex=21.67cm ang=44.8deg expx=137.0 z=118.9cm tg=1.00 mode=1 conf=0.00 lost=10 L=2.35 R=2.76
th=120 steer=11.0 ex=21.67cm ang=44.8deg expx=137.0 z=118.9cm tg=1.00 mode=1 conf=0.00 lost=18 L=2.35 R=2.76
th=120 steer=11.0 ex=21.67cm ang=44.8deg expx=137.0 z=118.9cm tg=1.00 mode=1 conf=0.00 lost=26 L=2.35 R=2.76
th=120 steer=11.0 ex=21.67cm ang=44.8deg expx=137.0 z=118.9cm tg=1.00 mode=1 conf=0.00 lost=34 L=2.35 R=2.76
th=120 steer=11.0 ex=21.67cm ang=44.8deg expx=137.0 z=118.9cm tg=1.00 mode=1 conf=0.00 lost=42 L=2.35 R=2.76
th=120 steer=11.0 ex=21.67cm ang=44.8deg expx=137.0 z=118.9cm tg=1.00 mode=1 conf=0.00 lost=50 L=2.35 R=2.76
th=120 steer=1.5 ex=2.67cm ang=-18.3deg expx=25.8 z=118.9cm tg=0.44 mode=0 conf=0.36 lost=0 L=3.15 R=3.20
th=120 steer=-0.2 ex=5.37cm ang=-83.2deg expx=42.5 z=50.1cm tg=1.00 mode=1 conf=0.00 lost=4 L=2.72 R=2.71
th=120 steer=11.0 ex=5.37cm ang=-83.2deg expx=42.5 z=50.1cm tg=1.00 mode=1 conf=0.00 lost=12 L=2.35 R=2.76
th=120 steer=11.0 ex=5.37cm ang=-83.2deg expx=42.5 z=50.1cm tg=1.00 mode=1 conf=0.00 lost=20 L=2.35 R=2.76
th=120 steer=11.0 ex=5.37cm ang=-83.2deg expx=42.5 z=50.1cm tg=1.00 mode=1 conf=0.00 lost=28 L=2.35 R=2.76
th=120 steer=11.0 ex=5.37cm ang=-83.2deg expx=42.5 z=50.1cm tg=1.00 mode=1 conf=0.00 lost=36 L=2.35 R=2.76
th=120 steer=11.0 ex=5.37cm ang=-83.2deg expx=42.5 z=50.1cm tg=1.00 mode=1 conf=0.00 lost=44 L=2.35 R=2.76
th=120 steer=11.0 ex=5.37cm ang=-83.2deg expx=42.5 z=50.1cm tg=1.00 mode=1 conf=0.00 lost=52 L=2.35 R=2.76
th=120 steer=1.5 ex=-2.14cm ang=61.4deg expx=-7.8 z=86.4cm tg=1.00 mode=1 conf=0.00 lost=3 L=2.67 R=2.72
th=120 steer=-5.6 ex=3.05cm ang=-21.2deg expx=28.0 z=126.5cm tg=1.00 mode=1 conf=0.00 lost=1 L=2.74 R=2.53
th=120 steer=11.0 ex=3.05cm ang=-21.2deg expx=28.0 z=126.5cm tg=1.00 mode=1 conf=0.00 lost=9 L=2.35 R=2.76
th=120 steer=11.0 ex=3.05cm ang=-21.2deg expx=28.0 z=126.5cm tg=1.00 mode=1 conf=0.00 lost=17 L=2.35 R=2.76
th=120 steer=11.0 ex=3.05cm ang=-21.2deg expx=28.0 z=126.5cm tg=1.00 mode=1 conf=0.00 lost=25 L=2.35 R=2.76
th=120 steer=11.0 ex=3.05cm ang=-21.2deg expx=28.0 z=126.5cm tg=1.00 mode=1 conf=0.00 lost=33 L=2.35 R=2.76
th=120 steer=-14.3 ex=18.34cm ang=42.0deg expx=44.0 z=125.1cm tg=1.00 mode=1 conf=0.00 lost=1 L=2.77 R=2.24
th=120 steer=11.0 ex=18.34cm ang=42.0deg expx=44.0 z=125.1cm tg=1.00 mode=1 conf=0.00 lost=9 L=2.35 R=2.76
th=120 steer=11.0 ex=18.34cm ang=42.0deg expx=44.0 z=125.1cm tg=1.00 mode=1 conf=0.00 lost=17 L=2.35 R=2.76
th=120 steer=11.0 ex=18.34cm ang=42.0deg expx=44.0 z=125.1cm tg=1.00 mode=1 conf=0.00 lost=25 L=2.35 R=2.76
th=120 steer=11.0 ex=18.34cm ang=42.0deg expx=44.0 z=125.1cm tg=1.00 mode=1 conf=0.00 lost=33 L=2.35 R=2.76
th=120 steer=11.0 ex=18.34cm ang=42.0deg expx=44.0 z=125.1cm tg=1.00 mode=1 conf=0.00 lost=41 L=2.35 R=2.76
th=120 steer=11.0 ex=18.34cm ang=42.0deg expx=44.0 z=125.1cm tg=1.00 mode=1 conf=0.00 lost=49 L=2.35 R=2.76
th=120 steer=2.1 ex=-1.86cm ang=55.2deg expx=-6.8 z=118.9cm tg=1.00 mode=1 conf=0.00 lost=6 L=2.65 R=2.73
th=120 steer=11.0 ex=-1.86cm ang=55.2deg expx=-6.8 z=118.9cm tg=1.00 mode=1 conf=0.00 lost=14 L=2.35 R=2.76
th=120 steer=0.7 ex=-1.86cm ang=55.2deg expx=-6.8 z=118.9cm tg=1.00 mode=1 conf=0.00 lost=6 L=2.70 R=2.72
th=120 steer=11.0 ex=-1.86cm ang=55.2deg expx=-6.8 z=118.9cm tg=1.00 mode=1 conf=0.00 lost=14 L=2.35 R=2.76
th=120 steer=-0.3 ex=-1.78cm ang=55.5deg expx=-6.5 z=118.9cm tg=1.00 mode=1 conf=0.00 lost=3 L=2.72 R=2.71
th=120 steer=11.0 ex=-1.78cm ang=55.5deg expx=-6.5 z=118.9cm tg=1.00 mode=1 conf=0.00 lost=11 L=2.35 R=2.76
th=120 steer=11.0 ex=-1.78cm ang=55.5deg expx=-6.5 z=118.9cm tg=1.00 mode=1 conf=0.00 lost=19 L=2.35 R=2.76
th=120 steer=11.0 ex=-1.78cm ang=55.5deg expx=-6.5 z=118.9cm tg=1.00 mode=1 conf=0.00 lost=7 L=2.35 R=2.76
th=120 steer=11.0 ex=-1.78cm ang=55.5deg expx=-6.5 z=118.9cm tg=1.00 mode=1 conf=0.00 lost=15 L=2.35 R=2.76
th=120 steer=9.2 ex=-6.25cm ang=55.5deg expx=-25.8 z=118.9cm tg=1.00 mode=1 conf=0.36 lost=0 L=2.87 R=3.21
th=120 steer=1.5 ex=-4.71cm ang=61.2deg expx=-17.0 z=83.2cm tg=0.00 mode=0 conf=0.58 lost=0 L=3.15 R=3.20
th=120 steer=11.0 ex=-6.25cm ang=60.9deg expx=-25.8 z=81.0cm tg=1.00 mode=1 conf=0.00 lost=7 L=2.35 R=2.76
th=120 steer=14.0 ex=-10.17cm ang=60.6deg expx=-41.0 z=75.0cm tg=0.00 mode=0 conf=0.40 lost=0 L=2.69 R=3.21
th=120 steer=6.2 ex=-6.96cm ang=59.2deg expx=-26.2 z=80.4cm tg=0.00 mode=0 conf=0.73 lost=0 L=2.98 R=3.20
th=120 steer=6.7 ex=-7.22cm ang=58.6deg expx=-27.2 z=80.4cm tg=0.00 mode=0 conf=0.70 lost=0 L=2.96 R=3.20
th=120 steer=8.9 ex=-8.26cm ang=57.5deg expx=-32.0 z=77.5cm tg=0.00 mode=0 conf=0.72 lost=0 L=2.88 R=3.21
th=120 steer=-24.9 ex=9.75cm ang=54.3deg expx=54.0 z=77.5cm tg=1.00 mode=1 conf=0.44 lost=0 L=3.22 R=2.30
th=120 steer=10.5 ex=-9.04cm ang=57.1deg expx=-35.0 z=77.5cm tg=0.00 mode=0 conf=0.64 lost=0 L=2.82 R=3.21
th=120 steer=-24.7 ex=9.66cm ang=52.6deg expx=53.5 z=77.5cm tg=1.00 mode=1 conf=0.41 lost=0 L=3.22 R=2.31
th=120 steer=20.3 ex=-11.86cm ang=55.9deg expx=-47.8 z=75.0cm tg=0.00 mode=0 conf=0.44 lost=0 L=2.46 R=3.21
th=120 steer=20.0 ex=-11.49cm ang=56.3deg expx=-44.5 z=77.5cm tg=0.00 mode=0 conf=0.45 lost=0 L=2.48 R=3.21
th=120 steer=18.1 ex=-11.49cm ang=54.8deg expx=-44.5 z=77.5cm tg=0.00 mode=0 conf=0.48 lost=0 L=2.54 R=3.21
th=120 steer=-24.4 ex=9.57cm ang=49.9deg expx=53.0 z=77.5cm tg=1.00 mode=1 conf=0.36 lost=0 L=3.22 R=2.32
th=120 steer=-19.8 ex=9.52cm ang=48.8deg expx=52.8 z=80.4cm tg=1.00 mode=1 conf=0.00 lost=1 L=2.79 R=2.06
th=120 steer=-23.9 ex=9.61cm ang=48.5deg expx=53.2 z=80.4cm tg=1.00 mode=1 conf=0.36 lost=0 L=3.21 R=2.34
th=120 steer=20.8 ex=-13.17cm ang=53.1deg expx=-47.5 z=83.2cm tg=0.00 mode=0 conf=0.41 lost=0 L=2.45 R=3.21
th=120 steer=-21.0 ex=9.57cm ang=46.6deg expx=53.0 z=80.4cm tg=1.00 mode=1 conf=0.00 lost=3 L=2.79 R=2.02
th=120 steer=-20.3 ex=16.02cm ang=67.3deg expx=68.2 z=70.1cm tg=1.00 mode=1 conf=0.00 lost=4 L=2.79 R=2.04
th=120 steer=-13.9 ex=10.71cm ang=68.6deg expx=45.5 z=70.1cm tg=1.00 mode=1 conf=0.00 lost=1 L=2.77 R=2.25
th=120 steer=-19.8 ex=10.46cm ang=65.5deg expx=64.2 z=75.0cm tg=0.90 mode=0 conf=0.21 lost=0 L=3.21 R=2.48
th=120 steer=-11.5 ex=7.36cm ang=71.6deg expx=29.0 z=75.0cm tg=0.00 mode=0 conf=0.30 lost=0 L=3.21 R=2.78
th=120 steer=-8.1 ex=3.99cm ang=71.6deg expx=15.5 z=75.0cm tg=0.00 mode=0 conf=0.30 lost=0 L=3.21 R=2.91
th=120 steer=11.0 ex=3.36cm ang=71.6deg expx=13.0 z=75.0cm tg=1.00 mode=1 conf=0.00 lost=7 L=2.35 R=2.76
th=120 steer=-25.2 ex=12.38cm ang=66.4deg expx=68.5 z=80.4cm tg=1.00 mode=1 conf=0.20 lost=0 L=3.22 R=2.29
th=120 steer=-7.3 ex=8.00cm ang=65.3deg expx=17.5 z=132.6cm tg=0.00 mode=0 conf=0.79 lost=0 L=3.20 R=2.94
th=120 steer=-6.7 ex=5.37cm ang=65.7deg expx=11.5 z=140.2cm tg=0.00 mode=0 conf=0.97 lost=0 L=3.20 R=2.96
th=120 steer=-1.3 ex=-3.27cm ang=67.0deg expx=-7.0 z=140.2cm tg=0.00 mode=0 conf=0.96 lost=0 L=3.20 R=3.15
th=120 steer=4.0 ex=-10.04cm ang=67.3deg expx=-21.5 z=140.2cm tg=0.00 mode=0 conf=0.97 lost=0 L=3.05 R=3.20
th=120 steer=8.8 ex=-15.41cm ang=66.8deg expx=-33.0 z=140.2cm tg=0.00 mode=0 conf=0.97 lost=0 L=2.88 R=3.21
th=120 steer=11.5 ex=-18.68cm ang=65.2deg expx=-40.0 z=140.2cm tg=0.00 mode=0 conf=0.98 lost=0 L=2.78 R=3.21
th=120 steer=13.0 ex=-20.31cm ang=63.3deg expx=-43.5 z=140.2cm tg=0.00 mode=0 conf=0.97 lost=0 L=2.73 R=3.21
th=120 steer=18.1 ex=-20.88cm ang=62.2deg expx=-42.5 z=149.6cm tg=0.00 mode=0 conf=0.77 lost=0 L=2.55 R=3.21
th=120 steer=22.4 ex=-24.88cm ang=60.7deg expx=-50.5 z=149.6cm tg=0.00 mode=0 conf=0.79 lost=0 L=2.39 R=3.21
th=120 steer=-27.1 ex=18.09cm ang=57.2deg expx=75.0 z=149.6cm tg=1.00 mode=1 conf=0.42 lost=0 L=3.22 R=2.22
th=120 steer=-27.3 ex=17.73cm ang=55.7deg expx=73.5 z=159.0cm tg=1.00 mode=1 conf=0.34 lost=0 L=3.22 R=2.21
th=120 steer=-27.7 ex=17.61cm ang=54.0deg expx=73.0 z=159.0cm tg=1.00 mode=1 conf=0.35 lost=0 L=3.22 R=2.20
th=120 steer=26.3 ex=-40.25cm ang=56.3deg expx=-76.0 z=159.0cm tg=1.00 mode=1 conf=0.00 lost=1 L=1.84 R=2.81
th=120 steer=11.0 ex=17.25cm ang=53.2deg expx=71.5 z=171.1cm tg=1.00 mode=1 conf=0.00 lost=7 L=2.35 R=2.76
th=120 steer=11.0 ex=17.25cm ang=53.2deg expx=71.5 z=171.1cm tg=1.00 mode=1 conf=0.00 lost=15 L=2.35 R=2.76
th=120 steer=11.0 ex=17.25cm ang=53.2deg expx=71.5 z=171.1cm tg=1.00 mode=1 conf=0.00 lost=23 L=2.35 R=2.76
th=120 steer=11.0 ex=17.25cm ang=53.2deg expx=71.5 z=171.1cm tg=1.00 mode=1 conf=0.00 lost=31 L=2.35 R=2.76
th=120 steer=11.0 ex=17.25cm ang=53.2deg expx=71.5 z=171.1cm tg=1.00 mode=1 conf=0.00 lost=39 L=2.35 R=2.76
th=120 steer=24.1 ex=-16.13cm ang=49.5deg expx=-64.8 z=75.0cm tg=1.00 mode=1 conf=0.00 lost=1 L=1.91 R=2.80
th=120 steer=-25.7 ex=9.16cm ang=46.3deg expx=53.5 z=159.0cm tg=1.00 mode=1 conf=0.34 lost=0 L=3.22 R=2.27
th=120 steer=-20.0 ex=16.16cm ang=40.7deg expx=67.0 z=72.4cm tg=0.00 mode=0 conf=0.27 lost=0 L=3.21 R=2.48
th=120 steer=-16.2 ex=16.39cm ang=41.6deg expx=65.5 z=75.0cm tg=1.00 mode=1 conf=0.00 lost=5 L=2.77 R=2.18
th=120 steer=11.0 ex=16.39cm ang=41.6deg expx=65.5 z=75.0cm tg=1.00 mode=1 conf=0.00 lost=13 L=2.35 R=2.76
th=120 steer=11.0 ex=16.39cm ang=41.6deg expx=65.5 z=75.0cm tg=1.00 mode=1 conf=0.00 lost=21 L=2.35 R=2.76
th=120 steer=11.0 ex=16.39cm ang=41.6deg expx=65.5 z=75.0cm tg=1.00 mode=1 conf=0.00 lost=29 L=2.35 R=2.76
th=120 steer=36.3 ex=-18.07cm ang=37.7deg expx=-108.5 z=75.0cm tg=1.00 mode=1 conf=0.29 lost=0 L=1.89 R=3.22
th=120 steer=11.0 ex=-17.65cm ang=38.2deg expx=-106.0 z=75.0cm tg=1.00 mode=1 conf=0.00 lost=7 L=2.35 R=2.76
th=120 steer=11.0 ex=-17.65cm ang=38.2deg expx=-106.0 z=75.0cm tg=1.00 mode=1 conf=0.00 lost=15 L=2.35 R=2.76
th=120 steer=11.0 ex=-17.65cm ang=38.2deg expx=-106.0 z=75.0cm tg=1.00 mode=1 conf=0.00 lost=23 L=2.35 R=2.76
th=120 steer=11.0 ex=-17.65cm ang=38.2deg expx=-106.0 z=75.0cm tg=1.00 mode=1 conf=0.00 lost=31 L=2.35 R=2.76
th=120 steer=11.0 ex=-17.65cm ang=38.2deg expx=-106.0 z=75.0cm tg=1.00 mode=1 conf=0.00 lost=39 L=2.35 R=2.76
th=120 steer=11.0 ex=-17.65cm ang=38.2deg expx=-106.0 z=75.0cm tg=1.00 mode=1 conf=0.00 lost=47 L=2.35 R=2.76
th=120 steer=-19.1 ex=14.33cm ang=-4.4deg expx=49.8 z=140.2cm tg=1.00 mode=1 conf=0.00 lost=3 L=2.78 R=2.08
th=120 steer=11.0 ex=14.33cm ang=-4.4deg expx=49.8 z=140.2cm tg=1.00 mode=1 conf=0.00 lost=11 L=2.35 R=2.76
th=120 steer=11.0 ex=14.33cm ang=-4.4deg expx=49.8 z=140.2cm tg=1.00 mode=1 conf=0.00 lost=19 L=2.35 R=2.76
th=120 steer=-16.5 ex=14.26cm ang=-8.2deg expx=49.5 z=140.2cm tg=1.00 mode=1 conf=0.00 lost=3 L=2.77 R=2.17
th=120 steer=11.0 ex=14.26cm ang=-8.2deg expx=49.5 z=140.2cm tg=1.00 mode=1 conf=0.00 lost=11 L=2.35 R=2.76
th=120 steer=11.0 ex=14.26cm ang=-8.2deg expx=49.5 z=140.2cm tg=1.00 mode=1 conf=0.00 lost=19 L=2.35 R=2.76
th=120 steer=-14.6 ex=14.18cm ang=-11.6deg expx=49.2 z=140.2cm tg=1.00 mode=1 conf=0.00 lost=5 L=2.77 R=2.23
th=120 steer=11.0 ex=14.18cm ang=-11.6deg expx=49.2 z=140.2cm tg=1.00 mode=1 conf=0.00 lost=13 L=2.35 R=2.76
th=120 steer=-16.1 ex=14.26cm ang=-5.6deg expx=49.5 z=140.2cm tg=0.15 mode=0 conf=0.35 lost=0 L=3.21 R=2.62
th=120 steer=11.0 ex=14.26cm ang=-5.6deg expx=49.5 z=140.2cm tg=1.00 mode=1 conf=0.00 lost=8 L=2.35 R=2.76
th=120 steer=11.0 ex=14.26cm ang=-5.6deg expx=49.5 z=140.2cm tg=1.00 mode=1 conf=0.00 lost=16 L=2.35 R=2.76
th=120 steer=-12.6 ex=14.18cm ang=-8.2deg expx=49.2 z=140.2cm tg=1.00 mode=1 conf=0.00 lost=5 L=2.76 R=2.30
th=120 steer=11.0 ex=14.18cm ang=-8.2deg expx=49.2 z=140.2cm tg=1.00 mode=1 conf=0.00 lost=13 L=2.35 R=2.76
th=120 steer=-14.6 ex=24.80cm ang=2.9deg expx=49.8 z=149.6cm tg=0.00 mode=0 conf=0.76 lost=0 L=3.21 R=2.67
th=120 steer=11.0 ex=24.80cm ang=2.9deg expx=49.8 z=149.6cm tg=1.00 mode=1 conf=0.00 lost=8 L=2.35 R=2.76
th=120 steer=11.0 ex=24.80cm ang=2.9deg expx=49.8 z=149.6cm tg=1.00 mode=1 conf=0.00 lost=16 L=2.35 R=2.76
th=120 steer=-12.1 ex=26.22cm ang=2.9deg expx=49.5 z=159.0cm tg=1.00 mode=1 conf=0.00 lost=5 L=2.76 R=2.32
th=120 steer=11.0 ex=26.22cm ang=2.9deg expx=49.5 z=159.0cm tg=1.00 mode=1 conf=0.00 lost=13 L=2.35 R=2.76
th=120 steer=-11.7 ex=24.55cm ang=1.1deg expx=49.2 z=149.6cm tg=1.00 mode=1 conf=0.00 lost=2 L=2.76 R=2.33
th=120 steer=11.0 ex=24.55cm ang=1.1deg expx=49.2 z=149.6cm tg=1.00 mode=1 conf=0.00 lost=10 L=2.35 R=2.76
th=120 steer=-13.5 ex=24.42cm ang=0.0deg expx=49.0 z=149.6cm tg=0.00 mode=0 conf=0.80 lost=0 L=3.21 R=2.71
th=120 steer=11.0 ex=24.42cm ang=0.0deg expx=49.0 z=149.6cm tg=1.00 mode=1 conf=0.00 lost=8 L=2.35 R=2.76
th=120 steer=11.0 ex=24.42cm ang=0.0deg expx=49.0 z=149.6cm tg=1.00 mode=1 conf=0.00 lost=16 L=2.35 R=2.76
th=120 steer=-11.4 ex=12.65cm ang=0.0deg expx=49.0 z=140.2cm tg=1.00 mode=1 conf=0.00 lost=6 L=2.76 R=2.34
th=120 steer=11.0 ex=12.65cm ang=0.0deg expx=49.0 z=140.2cm tg=1.00 mode=1 conf=0.00 lost=14 L=2.35 R=2.76
th=120 steer=-11.3 ex=11.82cm ang=0.0deg expx=49.0 z=72.4cm tg=1.00 mode=1 conf=0.00 lost=6 L=2.76 R=2.34
th=120 steer=11.0 ex=11.82cm ang=0.0deg expx=49.0 z=72.4cm tg=1.00 mode=1 conf=0.00 lost=14 L=2.35 R=2.76
th=120 steer=-11.3 ex=11.44cm ang=0.0deg expx=49.0 z=70.1cm tg=1.00 mode=1 conf=0.00 lost=6 L=2.76 R=2.34
th=120 steer=11.0 ex=11.44cm ang=0.0deg expx=49.0 z=70.1cm tg=1.00 mode=1 conf=0.00 lost=14 L=2.35 R=2.76
th=120 steer=-11.3 ex=11.44cm ang=0.0deg expx=49.0 z=70.1cm tg=1.00 mode=1 conf=0.00 lost=6 L=2.76 R=2.34
th=120 steer=11.0 ex=11.44cm ang=0.0deg expx=49.0 z=70.1cm tg=1.00 mode=1 conf=0.00 lost=14 L=2.35 R=2.76
th=120 steer=-11.3 ex=11.44cm ang=0.0deg expx=49.0 z=70.1cm tg=1.00 mode=1 conf=0.00 lost=6 L=2.76 R=2.34
th=120 steer=11.0 ex=11.44cm ang=0.0deg expx=49.0 z=70.1cm tg=1.00 mode=1 conf=0.00 lost=14 L=2.35 R=2.76
th=120 steer=-11.3 ex=11.44cm ang=0.0deg expx=49.0 z=70.1cm tg=1.00 mode=1 conf=0.00 lost=6 L=2.76 R=2.34
th=120 steer=11.0 ex=11.44cm ang=0.0deg expx=49.0 z=70.1cm tg=1.00 mode=1 conf=0.00 lost=14 L=2.35 R=2.76
th=120 steer=-11.2 ex=11.50cm ang=-3.2deg expx=49.2 z=70.1cm tg=1.00 mode=1 conf=0.00 lost=6 L=2.76 R=2.35
th=120 steer=11.0 ex=11.50cm ang=-3.2deg expx=49.2 z=70.1cm tg=1.00 mode=1 conf=0.00 lost=14 L=2.35 R=2.76
th=120 steer=11.0 ex=11.44cm ang=0.0deg expx=49.0 z=70.1cm tg=1.00 mode=1 conf=0.00 lost=7 L=2.35 R=2.76
th=120 steer=11.0 ex=11.44cm ang=0.0deg expx=49.0 z=70.1cm tg=1.00 mode=1 conf=0.00 lost=15 L=2.35 R=2.76
th=120 steer=11.0 ex=11.44cm ang=0.0deg expx=49.0 z=70.1cm tg=1.00 mode=1 conf=0.00 lost=7 L=2.35 R=2.76
th=120 steer=11.0 ex=11.44cm ang=0.0deg expx=49.0 z=70.1cm tg=1.00 mode=1 conf=0.00 lost=15 L=2.35 R=2.76
th=120 steer=11.0 ex=11.44cm ang=0.0deg expx=49.0 z=70.1cm tg=1.00 mode=1 conf=0.00 lost=7 L=2.35 R=2.76
th=120 steer=11.0 ex=11.44cm ang=0.0deg expx=49.0 z=70.1cm tg=1.00 mode=1 conf=0.00 lost=15 L=2.35 R=2.76
th=120 steer=11.0 ex=12.24cm ang=0.0deg expx=49.0 z=75.0cm tg=1.00 mode=1 conf=0.00 lost=7 L=2.35 R=2.76
th=120 steer=11.0 ex=12.24cm ang=0.0deg expx=49.0 z=75.0cm tg=1.00 mode=1 conf=0.00 lost=15 L=2.35 R=2.76
th=120 steer=11.0 ex=12.24cm ang=0.0deg expx=49.0 z=75.0cm tg=1.00 mode=1 conf=0.00 lost=7 L=2.35 R=2.76
th=120 steer=11.0 ex=12.24cm ang=0.0deg expx=49.0 z=75.0cm tg=1.00 mode=1 conf=0.00 lost=15 L=2.35 R=2.76
th=120 steer=-11.3 ex=12.78cm ang=0.0deg expx=49.0 z=77.5cm tg=1.00 mode=1 conf=0.00 lost=6 L=2.76 R=2.34
th=120 steer=11.0 ex=12.78cm ang=0.0deg expx=49.0 z=77.5cm tg=1.00 mode=1 conf=0.00 lost=14 L=2.35 R=2.76
th=120 steer=-11.3 ex=13.18cm ang=-0.3deg expx=49.0 z=80.4cm tg=1.00 mode=1 conf=0.00 lost=6 L=2.76 R=2.34
th=120 steer=11.0 ex=13.18cm ang=-0.3deg expx=49.0 z=80.4cm tg=1.00 mode=1 conf=0.00 lost=14 L=2.35 R=2.76
th=120 steer=-11.3 ex=13.58cm ang=0.0deg expx=49.0 z=83.2cm tg=1.00 mode=1 conf=0.00 lost=6 L=2.76 R=2.34
th=120 steer=11.0 ex=13.58cm ang=0.0deg expx=49.0 z=83.2cm tg=1.00 mode=1 conf=0.00 lost=14 L=2.35 R=2.76
th=120 steer=-11.3 ex=14.11cm ang=0.0deg expx=49.0 z=86.4cm tg=1.00 mode=1 conf=0.00 lost=6 L=2.76 R=2.34
th=120 steer=11.0 ex=14.11cm ang=0.0deg expx=49.0 z=86.4cm tg=1.00 mode=1 conf=0.00 lost=14 L=2.35 R=2.76
th=120 steer=-11.3 ex=14.11cm ang=0.0deg expx=49.0 z=86.4cm tg=1.00 mode=1 conf=0.00 lost=5 L=2.76 R=2.34
th=120 steer=11.0 ex=14.11cm ang=0.0deg expx=49.0 z=86.4cm tg=1.00 mode=1 conf=0.00 lost=13 L=2.35 R=2.76
th=120 steer=-11.3 ex=14.11cm ang=0.0deg expx=49.0 z=86.4cm tg=1.00 mode=1 conf=0.00 lost=4 L=2.76 R=2.34
th=120 steer=11.0 ex=14.11cm ang=0.0deg expx=49.0 z=86.4cm tg=1.00 mode=1 conf=0.00 lost=12 L=2.35 R=2.76
th=120 steer=-11.5 ex=14.18cm ang=3.2deg expx=49.2 z=86.4cm tg=1.00 mode=1 conf=0.00 lost=3 L=2.76 R=2.33
th=120 steer=11.0 ex=14.18cm ang=3.2deg expx=49.2 z=86.4cm tg=1.00 mode=1 conf=0.00 lost=11 L=2.35 R=2.76
th=120 steer=-11.4 ex=14.18cm ang=1.6deg expx=49.2 z=118.9cm tg=1.00 mode=1 conf=0.00 lost=1 L=2.76 R=2.34
th=120 steer=11.0 ex=14.18cm ang=1.6deg expx=49.2 z=118.9cm tg=1.00 mode=1 conf=0.00 lost=9 L=2.35 R=2.76
th=120 steer=-11.2 ex=20.42cm ang=-1.4deg expx=49.0 z=125.1cm tg=1.00 mode=1 conf=0.00 lost=1 L=2.76 R=2.35
th=120 steer=11.0 ex=20.42cm ang=-1.4deg expx=49.0 z=125.1cm tg=1.00 mode=1 conf=0.00 lost=9 L=2.35 R=2.76
th=120 steer=-13.3 ex=20.63cm ang=-1.4deg expx=49.5 z=125.1cm tg=0.00 mode=0 conf=0.59 lost=0 L=3.21 R=2.72
th=120 steer=11.0 ex=20.63cm ang=-1.4deg expx=49.5 z=125.1cm tg=1.00 mode=1 conf=0.00 lost=8 L=2.35 R=2.76
th=120 steer=11.0 ex=20.63cm ang=-1.4deg expx=49.5 z=125.1cm tg=1.00 mode=1 conf=0.00 lost=16 L=2.35 R=2.76
th=120 steer=11.0 ex=21.76cm ang=-1.1deg expx=49.2 z=132.6cm tg=1.00 mode=1 conf=0.00 lost=7 L=2.35 R=2.76
th=120 steer=11.0 ex=21.76cm ang=-1.1deg expx=49.2 z=132.6cm tg=1.00 mode=1 conf=0.00 lost=15 L=2.35 R=2.76
th=120 steer=11.0 ex=20.42cm ang=0.0deg expx=49.0 z=125.1cm tg=1.00 mode=1 conf=0.00 lost=7 L=2.35 R=2.76
th=120 steer=11.0 ex=20.42cm ang=0.0deg expx=49.0 z=125.1cm tg=1.00 mode=1 conf=0.00 lost=15 L=2.35 R=2.76
th=120 steer=-23.8 ex=16.39cm ang=5.3deg expx=106.2 z=140.2cm tg=1.00 mode=1 conf=0.00 lost=6 L=2.80 R=1.92
th=120 steer=11.0 ex=16.39cm ang=5.3deg expx=106.2 z=140.2cm tg=1.00 mode=1 conf=0.00 lost=14 L=2.35 R=2.76
th=120 steer=11.0 ex=16.39cm ang=5.3deg expx=106.2 z=140.2cm tg=1.00 mode=1 conf=0.00 lost=22 L=2.35 R=2.76
th=120 steer=-23.3 ex=17.76cm ang=-35.2deg expx=115.2 z=140.2cm tg=1.00 mode=1 conf=0.00 lost=1 L=2.80 R=1.94
th=120 steer=11.0 ex=17.76cm ang=-35.2deg expx=115.2 z=140.2cm tg=1.00 mode=1 conf=0.00 lost=9 L=2.35 R=2.76
th=120 steer=11.0 ex=17.76cm ang=-35.2deg expx=115.2 z=140.2cm tg=1.00 mode=1 conf=0.00 lost=17 L=2.35 R=2.76
th=120 steer=-23.4 ex=17.99cm ang=-19.1deg expx=116.8 z=171.1cm tg=1.00 mode=1 conf=0.00 lost=1 L=2.80 R=1.93
th=120 steer=-23.0 ex=16.82cm ang=-2.9deg expx=102.5 z=50.0cm tg=0.00 mode=0 conf=0.78 lost=0 L=3.21 R=2.37
th=120 steer=-19.0 ex=16.40cm ang=11.7deg expx=93.5 z=50.0cm tg=1.00 mode=1 conf=0.00 lost=1 L=2.78 R=2.08
th=120 steer=-20.9 ex=13.49cm ang=10.8deg expx=84.5 z=72.4cm tg=0.42 mode=0 conf=0.54 lost=0 L=3.21 R=2.44
th=120 steer=-19.0 ex=11.91cm ang=21.4deg expx=71.5 z=77.5cm tg=0.78 mode=0 conf=0.59 lost=0 L=3.21 R=2.51
th=120 steer=-19.4 ex=11.14cm ang=14.9deg expx=63.5 z=140.2cm tg=1.00 mode=1 conf=0.66 lost=0 L=3.21 R=2.50
th=120 steer=33.5 ex=-13.82cm ang=18.7deg expx=-83.0 z=77.5cm tg=1.00 mode=1 conf=0.68 lost=0 L=1.99 R=3.22
th=120 steer=-23.8 ex=12.06cm ang=24.5deg expx=70.5 z=140.2cm tg=1.00 mode=1 conf=0.60 lost=0 L=3.21 R=2.34
th=120 steer=33.2 ex=-13.32cm ang=9.1deg expx=-77.5 z=77.5cm tg=0.88 mode=0 conf=0.53 lost=0 L=2.00 R=3.22
th=120 steer=-25.7 ex=12.71cm ang=16.8deg expx=72.2 z=140.2cm tg=1.00 mode=1 conf=0.64 lost=0 L=3.22 R=2.27
th=120 steer=29.4 ex=-15.75cm ang=17.6deg expx=-61.0 z=77.5cm tg=0.00 mode=0 conf=0.68 lost=0 L=2.14 R=3.22
th=120 steer=26.2 ex=-15.49cm ang=17.0deg expx=-60.0 z=77.5cm tg=0.00 mode=0 conf=0.69 lost=0 L=2.25 R=3.22
th=120 steer=25.4 ex=-14.98cm ang=16.4deg expx=-58.0 z=77.5cm tg=0.00 mode=0 conf=0.70 lost=0 L=2.28 R=3.22
th=120 steer=24.9 ex=-14.98cm ang=16.1deg expx=-58.0 z=77.5cm tg=0.00 mode=0 conf=0.71 lost=0 L=2.30 R=3.22
th=120 steer=22.4 ex=-14.46cm ang=15.5deg expx=-56.0 z=77.5cm tg=0.00 mode=0 conf=0.72 lost=0 L=2.39 R=3.21
th=120 steer=29.4 ex=-15.11cm ang=15.5deg expx=-58.5 z=77.5cm tg=0.00 mode=0 conf=0.72 lost=0 L=2.14 R=3.22
th=120 steer=-25.2 ex=15.05cm ang=12.8deg expx=88.0 z=140.2cm tg=0.55 mode=0 conf=0.75 lost=0 L=3.22 R=2.29
th=120 steer=-26.4 ex=13.77cm ang=10.3deg expx=78.5 z=140.2cm tg=1.00 mode=1 conf=0.72 lost=0 L=3.22 R=2.25
th=120 steer=30.3 ex=-14.72cm ang=15.5deg expx=-57.0 z=77.5cm tg=0.00 mode=0 conf=0.72 lost=0 L=2.10 R=3.22
th=120 steer=-21.4 ex=14.91cm ang=-9.0deg expx=81.0 z=140.2cm tg=0.93 mode=0 conf=0.67 lost=0 L=3.21 R=2.43
th=120 steer=22.7 ex=-13.73cm ang=14.3deg expx=-55.0 z=75.0cm tg=0.00 mode=0 conf=0.63 lost=0 L=2.38 R=3.21
th=120 steer=31.5 ex=-14.59cm ang=14.0deg expx=-56.5 z=77.5cm tg=0.00 mode=0 conf=0.75 lost=0 L=2.06 R=3.22
th=120 steer=24.8 ex=-13.60cm ang=14.3deg expx=-54.5 z=75.0cm tg=0.00 mode=0 conf=0.63 lost=0 L=2.30 R=3.22
th=120 steer=32.1 ex=-11.75cm ang=13.7deg expx=-67.0 z=75.0cm tg=0.62 mode=0 conf=0.58 lost=0 L=2.04 R=3.22
th=120 steer=-25.7 ex=15.41cm ang=11.3deg expx=92.5 z=140.2cm tg=0.40 mode=0 conf=0.66 lost=0 L=3.22 R=2.27
th=120 steer=30.0 ex=-14.07cm ang=13.4deg expx=-54.5 z=77.5cm tg=0.00 mode=0 conf=0.76 lost=0 L=2.12 R=3.22
th=120 steer=-22.4 ex=15.18cm ang=9.2deg expx=84.2 z=140.2cm tg=0.84 mode=0 conf=0.69 lost=0 L=3.21 R=2.39
th=120 steer=18.6 ex=-12.13cm ang=12.5deg expx=-52.0 z=70.1cm tg=1.00 mode=1 conf=0.00 lost=2 L=2.10 R=2.78
th=120 steer=-24.3 ex=16.13cm ang=7.4deg expx=89.5 z=140.2cm tg=0.75 mode=0 conf=0.70 lost=0 L=3.22 R=2.32
th=120 steer=22.8 ex=-11.90cm ang=12.5deg expx=-51.0 z=70.1cm tg=1.00 mode=1 conf=0.00 lost=5 L=1.96 R=2.80
th=120 steer=34.3 ex=-11.03cm ang=11.6deg expx=-61.2 z=70.1cm tg=0.41 mode=0 conf=0.36 lost=0 L=1.96 R=3.22
th=120 steer=-20.1 ex=17.54cm ang=-23.3deg expx=97.5 z=140.2cm tg=1.00 mode=1 conf=0.00 lost=1 L=2.79 R=2.05
th=120 steer=27.6 ex=-10.72cm ang=13.3deg expx=-59.5 z=70.1cm tg=1.00 mode=1 conf=0.00 lost=6 L=1.79 R=2.81
th=120 steer=-22.8 ex=24.79cm ang=7.3deg expx=96.0 z=140.2cm tg=0.40 mode=0 conf=0.86 lost=0 L=3.21 R=2.38
th=120 steer=21.8 ex=-12.13cm ang=12.5deg expx=-52.0 z=70.1cm tg=1.00 mode=1 conf=0.00 lost=2 L=1.99 R=2.79
th=120 steer=-26.2 ex=26.34cm ang=6.5deg expx=102.0 z=140.2cm tg=0.38 mode=0 conf=0.88 lost=0 L=3.22 R=2.25
th=120 steer=26.7 ex=-11.90cm ang=12.5deg expx=-51.0 z=70.1cm tg=1.00 mode=1 conf=0.00 lost=2 L=1.82 R=2.81
th=120 steer=11.0 ex=-11.90cm ang=12.5deg expx=-51.0 z=70.1cm tg=1.00 mode=1 conf=0.00 lost=10 L=2.35 R=2.76
th=120 steer=-25.3 ex=27.76cm ang=5.7deg expx=107.5 z=140.2cm tg=0.33 mode=0 conf=0.89 lost=0 L=3.22 R=2.29
th=120 steer=-20.6 ex=26.98cm ang=6.1deg expx=104.5 z=140.2cm tg=1.00 mode=1 conf=0.00 lost=6 L=2.79 R=2.03
th=120 steer=11.0 ex=26.98cm ang=6.1deg expx=104.5 z=140.2cm tg=1.00 mode=1 conf=0.00 lost=14 L=2.35 R=2.76
th=120 steer=11.0 ex=26.98cm ang=6.1deg expx=104.5 z=140.2cm tg=1.00 mode=1 conf=0.00 lost=22 L=2.35 R=2.76
th=120 steer=11.0 ex=26.98cm ang=6.1deg expx=104.5 z=140.2cm tg=1.00 mode=1 conf=0.00 lost=30 L=2.35 R=2.76
th=120 steer=-21.4 ex=28.79cm ang=5.4deg expx=111.5 z=140.2cm tg=1.00 mode=1 conf=0.00 lost=6 L=2.79 R=2.00
th=120 steer=11.0 ex=28.79cm ang=5.4deg expx=111.5 z=140.2cm tg=1.00 mode=1 conf=0.00 lost=14 L=2.35 R=2.76
th=120 steer=11.0 ex=28.79cm ang=5.4deg expx=111.5 z=140.2cm tg=1.00 mode=1 conf=0.00 lost=22 L=2.35 R=2.76
th=120 steer=11.0 ex=28.79cm ang=5.4deg expx=111.5 z=140.2cm tg=1.00 mode=1 conf=0.00 lost=30 L=2.35 R=2.76
th=120 steer=-22.8 ex=58.60cm ang=5.1deg expx=125.5 z=140.2cm tg=1.00 mode=1 conf=0.00 lost=4 L=2.79 R=1.96
th=120 steer=11.0 ex=58.60cm ang=5.1deg expx=125.5 z=140.2cm tg=1.00 mode=1 conf=0.00 lost=12 L=2.35 R=2.76
th=120 steer=11.0 ex=58.60cm ang=5.1deg expx=125.5 z=140.2cm tg=1.00 mode=1 conf=0.00 lost=20 L=2.35 R=2.76
th=120 steer=11.0 ex=58.60cm ang=5.1deg expx=125.5 z=140.2cm tg=1.00 mode=1 conf=0.00 lost=28 L=2.35 R=2.76
th=120 steer=11.0 ex=58.60cm ang=5.1deg expx=125.5 z=140.2cm tg=1.00 mode=1 conf=0.00 lost=36 L=2.35 R=2.76
th=120 steer=11.0 ex=58.60cm ang=5.1deg expx=125.5 z=140.2cm tg=1.00 mode=1 conf=0.00 lost=44 L=2.35 R=2.76
th=120 steer=11.0 ex=58.60cm ang=5.1deg expx=125.5 z=140.2cm tg=1.00 mode=1 conf=0.00 lost=52 L=2.35 R=2.76
th=120 steer=11.0 ex=58.60cm ang=5.1deg expx=125.5 z=140.2cm tg=1.00 mode=1 conf=0.00 lost=60 L=2.35 R=2.76
th=120 steer=11.0 ex=58.60cm ang=5.1deg expx=125.5 z=140.2cm tg=1.00 mode=1 conf=0.00 lost=68 L=2.35 R=2.76
th=120 steer=11.0 ex=58.60cm ang=5.1deg expx=125.5 z=140.2cm tg=1.00 mode=1 conf=0.00 lost=76 L=2.35 R=2.76
th=120 steer=11.0 ex=58.60cm ang=5.1deg expx=125.5 z=140.2cm tg=1.00 mode=1 conf=0.00 lost=84 L=2.35 R=2.76
th=120 steer=11.0 ex=58.60cm ang=5.1deg expx=125.5 z=140.2cm tg=1.00 mode=1 conf=0.00 lost=92 L=2.35 R=2.76
th=120 steer=11.0 ex=58.60cm ang=5.1deg expx=125.5 z=140.2cm tg=1.00 mode=1 conf=0.00 lost=100 L=2.35 R=2.76
th=120 steer=11.0 ex=58.60cm ang=5.1deg expx=125.5 z=140.2cm tg=1.00 mode=1 conf=0.00 lost=108 L=2.35 R=2.76
th=120 steer=11.0 ex=58.60cm ang=5.1deg expx=125.5 z=140.2cm tg=1.00 mode=1 conf=0.00 lost=116 L=2.35 R=2.76
th=120 steer=11.0 ex=58.60cm ang=5.1deg expx=125.5 z=140.2cm tg=1.00 mode=1 conf=0.00 lost=124 L=2.35 R=2.76
th=120 steer=11.0 ex=58.60cm ang=5.1deg expx=125.5 z=140.2cm tg=1.00 mode=1 conf=0.00 lost=132 L=2.35 R=2.76
th=120 steer=11.0 ex=58.60cm ang=5.1deg expx=125.5 z=140.2cm tg=1.00 mode=1 conf=0.00 lost=140 L=2.35 R=2.76
th=120 steer=11.0 ex=58.60cm ang=5.1deg expx=125.5 z=140.2cm tg=1.00 mode=1 conf=0.00 lost=148 L=2.35 R=2.76
INFO: line_follow_transfer: Terminating.
