WARNING: Solid "track_overlay" > Shape  > PBRAppearance "PBRAppearance" > ImageTexture : Texture image size of 'D:/用户/Lenovo/桌面/Robocup/generated/track_with_obstacle_start.png' is not a power of two: rescaling it from 3820x2600 to 4096x4096.
INFO: line_follow_transfer: Starting controller: python.exe -u line_follow_transfer.py
line_follow_transfer: camera=320x240, timestep=32ms
th=120 steer=0.0 ex=0.00cm ang=0.0deg z=0.0cm tg=0.00 mode=0 conf=0.00 lost=1 L=2.70 R=2.70
th=120 steer=18.0 ex=0.00cm ang=0.0deg z=0.0cm tg=0.00 mode=0 conf=0.00 lost=9 L=2.25 R=3.15
th=120 steer=18.0 ex=0.00cm ang=0.0deg z=0.0cm tg=0.00 mode=0 conf=0.00 lost=17 L=2.25 R=3.15
th=120 steer=18.0 ex=0.00cm ang=0.0deg z=0.0cm tg=0.00 mode=0 conf=0.00 lost=25 L=2.25 R=3.15
th=120 steer=18.0 ex=0.00cm ang=0.0deg z=0.0cm tg=0.00 mode=0 conf=0.00 lost=33 L=2.25 R=3.15
th=120 steer=18.0 ex=0.00cm ang=0.0deg z=0.0cm tg=0.00 mode=0 conf=0.00 lost=41 L=2.25 R=3.15
th=120 steer=0.0 ex=0.00cm ang=0.0deg z=0.0cm tg=0.00 mode=0 conf=0.00 lost=2 L=2.70 R=2.70
th=120 steer=0.0 ex=0.00cm ang=0.0deg z=0.0cm tg=0.00 mode=0 conf=0.00 lost=1 L=2.70 R=2.70
th=120 steer=18.0 ex=0.00cm ang=0.0deg z=0.0cm tg=0.00 mode=0 conf=0.00 lost=8 L=2.25 R=3.15
th=120 steer=0.0 ex=0.00cm ang=0.0deg z=0.0cm tg=0.00 mode=0 conf=0.00 lost=6 L=2.70 R=2.70
th=120 steer=0.0 ex=0.00cm ang=0.0deg z=0.0cm tg=0.00 mode=0 conf=0.00 lost=4 L=2.70 R=2.70
th=120 steer=18.0 ex=0.00cm ang=0.0deg z=0.0cm tg=0.00 mode=0 conf=0.00 lost=12 L=2.25 R=3.15
th=120 steer=0.0 ex=0.00cm ang=0.0deg z=0.0cm tg=0.00 mode=0 conf=0.00 lost=5 L=2.70 R=2.70
th=120 steer=18.0 ex=0.00cm ang=0.0deg z=0.0cm tg=0.00 mode=0 conf=0.00 lost=13 L=2.25 R=3.15
th=120 steer=18.0 ex=0.00cm ang=0.0deg z=0.0cm tg=0.00 mode=0 conf=0.00 lost=21 L=2.25 R=3.15
th=120 steer=18.0 ex=0.00cm ang=0.0deg z=0.0cm tg=0.00 mode=0 conf=0.00 lost=7 L=2.25 R=3.15
th=120 steer=0.0 ex=0.00cm ang=0.0deg z=0.0cm tg=0.00 mode=0 conf=0.00 lost=1 L=2.70 R=2.70
th=120 steer=0.0 ex=0.00cm ang=0.0deg z=0.0cm tg=0.00 mode=0 conf=0.00 lost=3 L=2.70 R=2.70
th=120 steer=18.0 ex=0.00cm ang=0.0deg z=0.0cm tg=0.00 mode=0 conf=0.00 lost=11 L=2.25 R=3.15
th=120 steer=18.0 ex=0.00cm ang=0.0deg z=0.0cm tg=0.00 mode=0 conf=0.00 lost=7 L=2.25 R=3.15
th=120 steer=18.0 ex=0.00cm ang=0.0deg z=0.0cm tg=0.00 mode=0 conf=0.00 lost=15 L=2.25 R=3.15
th=120 steer=18.0 ex=0.00cm ang=0.0deg z=0.0cm tg=0.00 mode=0 conf=0.00 lost=23 L=2.25 R=3.15
th=120 steer=18.0 ex=0.00cm ang=0.0deg z=0.0cm tg=0.00 mode=0 conf=0.00 lost=31 L=2.25 R=3.15
th=120 steer=18.0 ex=0.00cm ang=0.0deg z=0.0cm tg=0.00 mode=0 conf=0.00 lost=39 L=2.25 R=3.15
th=120 steer=18.0 ex=0.00cm ang=0.0deg z=0.0cm tg=0.00 mode=0 conf=0.00 lost=47 L=2.25 R=3.15
th=120 steer=18.0 ex=0.00cm ang=0.0deg z=0.0cm tg=0.00 mode=0 conf=0.00 lost=55 L=2.25 R=3.15
th=120 steer=18.0 ex=0.00cm ang=0.0deg z=0.0cm tg=0.00 mode=0 conf=0.00 lost=63 L=2.25 R=3.15
th=120 steer=18.0 ex=0.00cm ang=0.0deg z=0.0cm tg=0.00 mode=0 conf=0.00 lost=71 L=2.25 R=3.15
th=120 steer=18.0 ex=0.00cm ang=0.0deg z=0.0cm tg=0.00 mode=0 conf=0.00 lost=79 L=2.25 R=3.15
th=120 steer=18.0 ex=0.00cm ang=0.0deg z=0.0cm tg=0.00 mode=0 conf=0.00 lost=87 L=2.25 R=3.15
th=120 steer=18.0 ex=0.00cm ang=0.0deg z=0.0cm tg=0.00 mode=0 conf=0.00 lost=95 L=2.25 R=3.15
th=120 steer=18.0 ex=0.00cm ang=0.0deg z=0.0cm tg=0.00 mode=0 conf=0.00 lost=103 L=2.25 R=3.15
th=120 steer=18.0 ex=0.00cm ang=0.0deg z=0.0cm tg=0.00 mode=0 conf=0.00 lost=111 L=2.25 R=3.15
th=120 steer=18.0 ex=0.00cm ang=0.0deg z=0.0cm tg=0.00 mode=0 conf=0.00 lost=119 L=2.25 R=3.15
th=120 steer=18.0 ex=0.00cm ang=0.0deg z=0.0cm tg=0.00 mode=0 conf=0.00 lost=127 L=2.25 R=3.15
th=120 steer=18.0 ex=0.00cm ang=0.0deg z=0.0cm tg=0.00 mode=0 conf=0.00 lost=135 L=2.25 R=3.15
th=120 steer=18.0 ex=0.00cm ang=0.0deg z=0.0cm tg=0.00 mode=0 conf=0.00 lost=143 L=2.25 R=3.15
th=120 steer=18.0 ex=0.00cm ang=0.0deg z=0.0cm tg=0.00 mode=0 conf=0.00 lost=151 L=2.25 R=3.15
th=120 steer=18.0 ex=0.00cm ang=0.0deg z=0.0cm tg=0.00 mode=0 conf=0.00 lost=159 L=2.25 R=3.15
th=120 steer=18.0 ex=0.00cm ang=0.0deg z=0.0cm tg=0.00 mode=0 conf=0.00 lost=167 L=2.25 R=3.15
th=120 steer=18.0 ex=0.00cm ang=0.0deg z=0.0cm tg=0.00 mode=0 conf=0.00 lost=175 L=2.25 R=3.15
th=120 steer=18.0 ex=0.00cm ang=0.0deg z=0.0cm tg=0.00 mode=0 conf=0.00 lost=183 L=2.25 R=3.15
th=120 steer=18.0 ex=0.00cm ang=0.0deg z=0.0cm tg=0.00 mode=0 conf=0.00 lost=191 L=2.25 R=3.15
th=120 steer=18.0 ex=0.00cm ang=0.0deg z=0.0cm tg=0.00 mode=0 conf=0.00 lost=199 L=2.25 R=3.15
th=120 steer=18.0 ex=0.00cm ang=0.0deg z=0.0cm tg=0.00 mode=0 conf=0.00 lost=207 L=2.25 R=3.15
th=120 steer=18.0 ex=0.00cm ang=0.0deg z=0.0cm tg=0.00 mode=0 conf=0.00 lost=215 L=2.25 R=3.15
th=120 steer=18.0 ex=0.00cm ang=0.0deg z=0.0cm tg=0.00 mode=0 conf=0.00 lost=223 L=2.25 R=3.15
th=120 steer=0.0 ex=0.00cm ang=0.0deg z=0.0cm tg=0.00 mode=0 conf=0.00 lost=4 L=2.70 R=2.70
th=120 steer=18.0 ex=0.00cm ang=0.0deg z=0.0cm tg=0.00 mode=0 conf=0.00 lost=12 L=2.25 R=3.15
th=120 steer=0.0 ex=0.00cm ang=0.0deg z=0.0cm tg=0.00 mode=0 conf=0.00 lost=1 L=2.70 R=2.70
th=120 steer=0.0 ex=0.00cm ang=0.0deg z=0.0cm tg=0.00 mode=0 conf=0.00 lost=1 L=2.70 R=2.70
th=120 steer=0.0 ex=0.00cm ang=0.0deg z=0.0cm tg=0.00 mode=0 conf=0.00 lost=1 L=2.70 R=2.70
th=120 steer=0.0 ex=0.00cm ang=0.0deg z=0.0cm tg=0.00 mode=0 conf=0.00 lost=1 L=2.70 R=2.70
th=120 steer=0.0 ex=0.00cm ang=0.0deg z=0.0cm tg=0.00 mode=0 conf=0.00 lost=1 L=2.70 R=2.70
th=120 steer=0.0 ex=0.00cm ang=0.0deg z=0.0cm tg=0.00 mode=0 conf=0.00 lost=1 L=2.70 R=2.70
th=120 steer=0.0 ex=0.00cm ang=0.0deg z=0.0cm tg=0.00 mode=0 conf=0.00 lost=6 L=2.70 R=2.70
th=120 steer=-37.0 ex=-11.66cm ang=-41.7deg z=50.0cm tg=0.00 mode=0 conf=0.63 lost=0 L=3.63 R=1.77
th=120 steer=-28.0 ex=0.00cm ang=0.0deg z=0.0cm tg=0.00 mode=0 conf=0.00 lost=1 L=3.40 R=2.00
th=120 steer=-18.0 ex=0.00cm ang=0.0deg z=0.0cm tg=0.00 mode=0 conf=0.00 lost=8 L=3.15 R=2.25
th=120 steer=-18.0 ex=0.00cm ang=0.0deg z=0.0cm tg=0.00 mode=0 conf=0.00 lost=16 L=3.15 R=2.25
th=120 steer=-18.0 ex=0.00cm ang=0.0deg z=0.0cm tg=0.00 mode=0 conf=0.00 lost=24 L=3.15 R=2.25
th=120 steer=-18.0 ex=0.00cm ang=0.0deg z=0.0cm tg=0.00 mode=0 conf=0.00 lost=32 L=3.15 R=2.25
th=120 steer=-18.0 ex=0.00cm ang=0.0deg z=0.0cm tg=0.00 mode=0 conf=0.00 lost=40 L=3.15 R=2.25
th=120 steer=-18.0 ex=0.00cm ang=0.0deg z=0.0cm tg=0.00 mode=0 conf=0.00 lost=48 L=3.15 R=2.25
th=120 steer=-18.0 ex=0.00cm ang=0.0deg z=0.0cm tg=0.00 mode=0 conf=0.00 lost=56 L=3.15 R=2.25
th=120 steer=-18.0 ex=0.00cm ang=0.0deg z=0.0cm tg=0.00 mode=0 conf=0.00 lost=64 L=3.15 R=2.25
th=120 steer=-18.0 ex=0.00cm ang=0.0deg z=0.0cm tg=0.00 mode=0 conf=0.00 lost=72 L=3.15 R=2.25
th=120 steer=-18.0 ex=0.00cm ang=0.0deg z=0.0cm tg=0.00 mode=0 conf=0.00 lost=80 L=3.15 R=2.25
th=120 steer=-18.0 ex=0.00cm ang=0.0deg z=0.0cm tg=0.00 mode=0 conf=0.00 lost=88 L=3.15 R=2.25
th=120 steer=-18.0 ex=0.00cm ang=0.0deg z=0.0cm tg=0.00 mode=0 conf=0.00 lost=96 L=3.15 R=2.25
th=120 steer=-18.0 ex=0.00cm ang=0.0deg z=0.0cm tg=0.00 mode=0 conf=0.00 lost=104 L=3.15 R=2.25
th=120 steer=-18.0 ex=0.00cm ang=0.0deg z=0.0cm tg=0.00 mode=0 conf=0.00 lost=112 L=3.15 R=2.25
th=120 steer=-18.0 ex=0.00cm ang=0.0deg z=0.0cm tg=0.00 mode=0 conf=0.00 lost=120 L=3.15 R=2.25
th=120 steer=-18.0 ex=0.00cm ang=0.0deg z=0.0cm tg=0.00 mode=0 conf=0.00 lost=128 L=3.15 R=2.25
th=120 steer=-28.0 ex=0.00cm ang=0.0deg z=0.0cm tg=0.00 mode=0 conf=0.00 lost=2 L=3.40 R=2.00
th=120 steer=39.7 ex=0.00cm ang=0.0deg z=0.0cm tg=0.00 mode=0 conf=0.00 lost=5 L=1.71 R=3.69
th=120 steer=18.0 ex=0.00cm ang=0.0deg z=0.0cm tg=0.00 mode=0 conf=0.00 lost=13 L=2.25 R=3.15
th=120 steer=18.0 ex=0.00cm ang=0.0deg z=0.0cm tg=0.00 mode=0 conf=0.00 lost=21 L=2.25 R=3.15
th=120 steer=18.0 ex=0.00cm ang=0.0deg z=0.0cm tg=0.00 mode=0 conf=0.00 lost=29 L=2.25 R=3.15
th=120 steer=18.0 ex=0.00cm ang=0.0deg z=0.0cm tg=0.00 mode=0 conf=0.00 lost=37 L=2.25 R=3.15
th=120 steer=18.0 ex=0.00cm ang=0.0deg z=0.0cm tg=0.00 mode=0 conf=0.00 lost=45 L=2.25 R=3.15
th=120 steer=18.0 ex=0.00cm ang=0.0deg z=0.0cm tg=0.00 mode=0 conf=0.00 lost=53 L=2.25 R=3.15
th=120 steer=18.0 ex=0.00cm ang=0.0deg z=0.0cm tg=0.00 mode=0 conf=0.00 lost=61 L=2.25 R=3.15
th=120 steer=18.0 ex=0.00cm ang=0.0deg z=0.0cm tg=0.00 mode=0 conf=0.00 lost=69 L=2.25 R=3.15
th=120 steer=18.0 ex=0.00cm ang=0.0deg z=0.0cm tg=0.00 mode=0 conf=0.00 lost=77 L=2.25 R=3.15
th=120 steer=18.0 ex=0.00cm ang=0.0deg z=0.0cm tg=0.00 mode=0 conf=0.00 lost=85 L=2.25 R=3.15
th=120 steer=18.0 ex=0.00cm ang=0.0deg z=0.0cm tg=0.00 mode=0 conf=0.00 lost=93 L=2.25 R=3.15
th=120 steer=18.0 ex=0.00cm ang=0.0deg z=0.0cm tg=0.00 mode=0 conf=0.00 lost=101 L=2.25 R=3.15
th=120 steer=18.0 ex=0.00cm ang=0.0deg z=0.0cm tg=0.00 mode=0 conf=0.00 lost=109 L=2.25 R=3.15
th=120 steer=18.0 ex=0.00cm ang=0.0deg z=0.0cm tg=0.00 mode=0 conf=0.00 lost=117 L=2.25 R=3.15
th=120 steer=18.0 ex=0.00cm ang=0.0deg z=0.0cm tg=0.00 mode=0 conf=0.00 lost=125 L=2.25 R=3.15
th=120 steer=18.0 ex=0.00cm ang=0.0deg z=0.0cm tg=0.00 mode=0 conf=0.00 lost=133 L=2.25 R=3.15
th=120 steer=18.0 ex=0.00cm ang=0.0deg z=0.0cm tg=0.00 mode=0 conf=0.00 lost=141 L=2.25 R=3.15
th=120 steer=18.0 ex=0.00cm ang=0.0deg z=0.0cm tg=0.00 mode=0 conf=0.00 lost=149 L=2.25 R=3.15
th=120 steer=18.0 ex=0.00cm ang=0.0deg z=0.0cm tg=0.00 mode=0 conf=0.00 lost=157 L=2.25 R=3.15
th=120 steer=18.0 ex=0.00cm ang=0.0deg z=0.0cm tg=0.00 mode=0 conf=0.00 lost=165 L=2.25 R=3.15
th=120 steer=18.0 ex=0.00cm ang=0.0deg z=0.0cm tg=0.00 mode=0 conf=0.00 lost=173 L=2.25 R=3.15
th=120 steer=18.0 ex=0.00cm ang=0.0deg z=0.0cm tg=0.00 mode=0 conf=0.00 lost=181 L=2.25 R=3.15
th=120 steer=18.0 ex=0.00cm ang=0.0deg z=0.0cm tg=0.00 mode=0 conf=0.00 lost=189 L=2.25 R=3.15
th=120 steer=18.0 ex=0.00cm ang=0.0deg z=0.0cm tg=0.00 mode=0 conf=0.00 lost=197 L=2.25 R=3.15
th=120 steer=18.0 ex=0.00cm ang=0.0deg z=0.0cm tg=0.00 mode=0 conf=0.00 lost=205 L=2.25 R=3.15
th=120 steer=18.0 ex=0.00cm ang=0.0deg z=0.0cm tg=0.00 mode=0 conf=0.00 lost=213 L=2.25 R=3.15
th=120 steer=18.0 ex=0.00cm ang=0.0deg z=0.0cm tg=0.00 mode=0 conf=0.00 lost=221 L=2.25 R=3.15
th=120 steer=18.0 ex=0.00cm ang=0.0deg z=0.0cm tg=0.00 mode=0 conf=0.00 lost=229 L=2.25 R=3.15
th=120 steer=18.0 ex=0.00cm ang=0.0deg z=0.0cm tg=0.00 mode=0 conf=0.00 lost=237 L=2.25 R=3.15
th=120 steer=18.0 ex=0.00cm ang=0.0deg z=0.0cm tg=0.00 mode=0 conf=0.00 lost=245 L=2.25 R=3.15
th=120 steer=18.0 ex=0.00cm ang=0.0deg z=0.0cm tg=0.00 mode=0 conf=0.00 lost=253 L=2.25 R=3.15
th=120 steer=-18.0 ex=0.00cm ang=0.0deg z=0.0cm tg=0.00 mode=0 conf=0.00 lost=7 L=3.15 R=2.25
th=120 steer=-18.0 ex=0.00cm ang=0.0deg z=0.0cm tg=0.00 mode=0 conf=0.00 lost=15 L=3.15 R=2.25
th=120 steer=-18.0 ex=0.00cm ang=0.0deg z=0.0cm tg=0.00 mode=0 conf=0.00 lost=23 L=3.15 R=2.25
th=120 steer=-18.0 ex=0.00cm ang=0.0deg z=0.0cm tg=0.00 mode=0 conf=0.00 lost=31 L=3.15 R=2.25
th=120 steer=-18.0 ex=0.00cm ang=0.0deg z=0.0cm tg=0.00 mode=0 conf=0.00 lost=39 L=3.15 R=2.25
th=120 steer=-18.0 ex=0.00cm ang=0.0deg z=0.0cm tg=0.00 mode=0 conf=0.00 lost=47 L=3.15 R=2.25
th=120 steer=-18.0 ex=0.00cm ang=0.0deg z=0.0cm tg=0.00 mode=0 conf=0.00 lost=55 L=3.15 R=2.25
th=120 steer=-18.0 ex=0.00cm ang=0.0deg z=0.0cm tg=0.00 mode=0 conf=0.00 lost=63 L=3.15 R=2.25
th=120 steer=-18.0 ex=0.00cm ang=0.0deg z=0.0cm tg=0.00 mode=0 conf=0.00 lost=71 L=3.15 R=2.25
th=120 steer=-18.0 ex=0.00cm ang=0.0deg z=0.0cm tg=0.00 mode=0 conf=0.00 lost=79 L=3.15 R=2.25
th=120 steer=-18.0 ex=0.00cm ang=0.0deg z=0.0cm tg=0.00 mode=0 conf=0.00 lost=87 L=3.15 R=2.25
th=120 steer=-18.0 ex=0.00cm ang=0.0deg z=0.0cm tg=0.00 mode=0 conf=0.00 lost=95 L=3.15 R=2.25
th=120 steer=-18.0 ex=0.00cm ang=0.0deg z=0.0cm tg=0.00 mode=0 conf=0.00 lost=103 L=3.15 R=2.25
th=120 steer=-18.0 ex=0.00cm ang=0.0deg z=0.0cm tg=0.00 mode=0 conf=0.00 lost=111 L=3.15 R=2.25
th=120 steer=-18.0 ex=0.00cm ang=0.0deg z=0.0cm tg=0.00 mode=0 conf=0.00 lost=119 L=3.15 R=2.25
th=120 steer=-18.0 ex=0.00cm ang=0.0deg z=0.0cm tg=0.00 mode=0 conf=0.00 lost=127 L=3.15 R=2.25
th=120 steer=-18.0 ex=0.00cm ang=0.0deg z=0.0cm tg=0.00 mode=0 conf=0.00 lost=135 L=3.15 R=2.25
th=120 steer=-18.0 ex=0.00cm ang=0.0deg z=0.0cm tg=0.00 mode=0 conf=0.00 lost=143 L=3.15 R=2.25
th=120 steer=-18.0 ex=0.00cm ang=0.0deg z=0.0cm tg=0.00 mode=0 conf=0.00 lost=151 L=3.15 R=2.25
th=120 steer=-18.0 ex=0.00cm ang=0.0deg z=0.0cm tg=0.00 mode=0 conf=0.00 lost=159 L=3.15 R=2.25
th=120 steer=-18.0 ex=0.00cm ang=0.0deg z=0.0cm tg=0.00 mode=0 conf=0.00 lost=167 L=3.15 R=2.25
th=120 steer=-18.0 ex=0.00cm ang=0.0deg z=0.0cm tg=0.00 mode=0 conf=0.00 lost=175 L=3.15 R=2.25
th=120 steer=-18.0 ex=0.00cm ang=0.0deg z=0.0cm tg=0.00 mode=0 conf=0.00 lost=183 L=3.15 R=2.25
th=120 steer=-18.0 ex=0.00cm ang=0.0deg z=0.0cm tg=0.00 mode=0 conf=0.00 lost=191 L=3.15 R=2.25
th=120 steer=-18.0 ex=0.00cm ang=0.0deg z=0.0cm tg=0.00 mode=0 conf=0.00 lost=199 L=3.15 R=2.25
th=120 steer=-18.0 ex=0.00cm ang=0.0deg z=0.0cm tg=0.00 mode=0 conf=0.00 lost=207 L=3.15 R=2.25
th=120 steer=-18.0 ex=0.00cm ang=0.0deg z=0.0cm tg=0.00 mode=0 conf=0.00 lost=215 L=3.15 R=2.25
th=120 steer=-18.0 ex=0.00cm ang=0.0deg z=0.0cm tg=0.00 mode=0 conf=0.00 lost=223 L=3.15 R=2.25
th=120 steer=-18.0 ex=0.00cm ang=0.0deg z=0.0cm tg=0.00 mode=0 conf=0.00 lost=231 L=3.15 R=2.25
th=120 steer=-18.0 ex=0.00cm ang=0.0deg z=0.0cm tg=0.00 mode=0 conf=0.00 lost=239 L=3.15 R=2.25
th=120 steer=-18.0 ex=0.00cm ang=0.0deg z=0.0cm tg=0.00 mode=0 conf=0.00 lost=247 L=3.15 R=2.25
th=120 steer=-18.0 ex=0.00cm ang=0.0deg z=0.0cm tg=0.00 mode=0 conf=0.00 lost=255 L=3.15 R=2.25
th=120 steer=-18.0 ex=0.00cm ang=0.0deg z=0.0cm tg=0.00 mode=0 conf=0.00 lost=263 L=3.15 R=2.25
th=120 steer=-18.0 ex=0.00cm ang=0.0deg z=0.0cm tg=0.00 mode=0 conf=0.00 lost=271 L=3.15 R=2.25
th=120 steer=-18.0 ex=0.00cm ang=0.0deg z=0.0cm tg=0.00 mode=0 conf=0.00 lost=279 L=3.15 R=2.25
th=120 steer=-18.0 ex=0.00cm ang=0.0deg z=0.0cm tg=0.00 mode=0 conf=0.00 lost=287 L=3.15 R=2.25
th=120 steer=-18.0 ex=0.00cm ang=0.0deg z=0.0cm tg=0.00 mode=0 conf=0.00 lost=295 L=3.15 R=2.25
th=120 steer=-18.0 ex=0.00cm ang=0.0deg z=0.0cm tg=0.00 mode=0 conf=0.00 lost=303 L=3.15 R=2.25
th=120 steer=-18.0 ex=0.00cm ang=0.0deg z=0.0cm tg=0.00 mode=0 conf=0.00 lost=311 L=3.15 R=2.25
th=120 steer=-18.0 ex=0.00cm ang=0.0deg z=0.0cm tg=0.00 mode=0 conf=0.00 lost=319 L=3.15 R=2.25
th=120 steer=-18.0 ex=0.00cm ang=0.0deg z=0.0cm tg=0.00 mode=0 conf=0.00 lost=327 L=3.15 R=2.25
th=120 steer=-7.3 ex=0.17cm ang=-53.1deg z=51.3cm tg=0.00 mode=0 conf=0.68 lost=0 L=2.88 R=2.52
th=120 steer=-10.8 ex=-1.28cm ang=-51.2deg z=51.3cm tg=0.00 mode=0 conf=0.73 lost=0 L=2.97 R=2.43
th=120 steer=-13.6 ex=-3.28cm ang=-50.7deg z=51.3cm tg=0.00 mode=0 conf=0.66 lost=0 L=3.04 R=2.36
th=120 steer=-17.1 ex=-5.51cm ang=-50.5deg z=51.3cm tg=0.00 mode=0 conf=0.57 lost=0 L=3.13 R=2.27
th=120 steer=-14.8 ex=0.00cm ang=0.0deg z=0.0cm tg=0.00 mode=0 conf=0.00 lost=1 L=3.07 R=2.33
th=120 steer=-14.8 ex=0.00cm ang=0.0deg z=0.0cm tg=0.00 mode=0 conf=0.00 lost=1 L=3.07 R=2.33
th=120 steer=-14.8 ex=0.00cm ang=0.0deg z=0.0cm tg=0.00 mode=0 conf=0.00 lost=5 L=3.07 R=2.33
th=120 steer=-14.8 ex=0.00cm ang=0.0deg z=0.0cm tg=0.00 mode=0 conf=0.00 lost=1 L=3.07 R=2.33
th=120 steer=-18.0 ex=0.00cm ang=0.0deg z=0.0cm tg=0.00 mode=0 conf=0.00 lost=7 L=3.15 R=2.25
th=120 steer=-14.8 ex=0.00cm ang=0.0deg z=0.0cm tg=0.00 mode=0 conf=0.00 lost=2 L=3.07 R=2.33
th=120 steer=-18.0 ex=0.00cm ang=0.0deg z=0.0cm tg=0.00 mode=0 conf=0.00 lost=10 L=3.15 R=2.25
th=120 steer=-18.0 ex=0.00cm ang=0.0deg z=0.0cm tg=0.00 mode=0 conf=0.00 lost=18 L=3.15 R=2.25
th=120 steer=-18.0 ex=0.00cm ang=0.0deg z=0.0cm tg=0.00 mode=0 conf=0.00 lost=26 L=3.15 R=2.25
th=120 steer=-18.0 ex=0.00cm ang=0.0deg z=0.0cm tg=0.00 mode=0 conf=0.00 lost=34 L=3.15 R=2.25
th=120 steer=-18.0 ex=0.00cm ang=0.0deg z=0.0cm tg=0.00 mode=0 conf=0.00 lost=42 L=3.15 R=2.25
th=120 steer=-18.0 ex=0.00cm ang=0.0deg z=0.0cm tg=0.00 mode=0 conf=0.00 lost=50 L=3.15 R=2.25
th=120 steer=-18.0 ex=0.00cm ang=0.0deg z=0.0cm tg=0.00 mode=0 conf=0.00 lost=58 L=3.15 R=2.25
th=120 steer=-18.0 ex=0.00cm ang=0.0deg z=0.0cm tg=0.00 mode=0 conf=0.00 lost=66 L=3.15 R=2.25
th=120 steer=-18.0 ex=0.00cm ang=0.0deg z=0.0cm tg=0.00 mode=0 conf=0.00 lost=74 L=3.15 R=2.25
th=120 steer=-14.8 ex=0.00cm ang=0.0deg z=0.0cm tg=0.00 mode=0 conf=0.00 lost=4 L=3.07 R=2.33
th=120 steer=-18.0 ex=0.00cm ang=0.0deg z=0.0cm tg=0.00 mode=0 conf=0.00 lost=12 L=3.15 R=2.25
th=120 steer=-14.8 ex=0.00cm ang=0.0deg z=0.0cm tg=0.00 mode=0 conf=0.00 lost=1 L=3.07 R=2.33
th=120 steer=-14.8 ex=0.00cm ang=0.0deg z=0.0cm tg=0.00 mode=0 conf=0.00 lost=1 L=3.07 R=2.33
th=120 steer=-14.8 ex=0.00cm ang=0.0deg z=0.0cm tg=0.00 mode=0 conf=0.00 lost=4 L=3.07 R=2.33
th=120 steer=-18.0 ex=0.00cm ang=0.0deg z=0.0cm tg=0.00 mode=0 conf=0.00 lost=7 L=3.15 R=2.25
th=120 steer=-18.0 ex=0.00cm ang=0.0deg z=0.0cm tg=0.00 mode=0 conf=0.00 lost=15 L=3.15 R=2.25
th=120 steer=-18.0 ex=0.00cm ang=0.0deg z=0.0cm tg=0.00 mode=0 conf=0.00 lost=23 L=3.15 R=2.25
th=120 steer=-18.0 ex=0.00cm ang=0.0deg z=0.0cm tg=0.00 mode=0 conf=0.00 lost=31 L=3.15 R=2.25
th=120 steer=-18.0 ex=0.00cm ang=0.0deg z=0.0cm tg=0.00 mode=0 conf=0.00 lost=39 L=3.15 R=2.25
th=120 steer=30.4 ex=0.00cm ang=0.0deg z=0.0cm tg=0.00 mode=0 conf=0.00 lost=1 L=1.94 R=3.46
th=120 steer=18.0 ex=0.00cm ang=0.0deg z=0.0cm tg=0.00 mode=0 conf=0.00 lost=9 L=2.25 R=3.15
th=120 steer=18.0 ex=0.00cm ang=0.0deg z=0.0cm tg=0.00 mode=0 conf=0.00 lost=17 L=2.25 R=3.15
th=120 steer=18.0 ex=0.00cm ang=0.0deg z=0.0cm tg=0.00 mode=0 conf=0.00 lost=25 L=2.25 R=3.15
th=120 steer=18.0 ex=0.00cm ang=0.0deg z=0.0cm tg=0.00 mode=0 conf=0.00 lost=33 L=2.25 R=3.15
th=120 steer=18.0 ex=0.00cm ang=0.0deg z=0.0cm tg=0.00 mode=0 conf=0.00 lost=41 L=2.25 R=3.15
th=120 steer=18.0 ex=0.00cm ang=0.0deg z=0.0cm tg=0.00 mode=0 conf=0.00 lost=49 L=2.25 R=3.15
th=120 steer=3.4 ex=5.41cm ang=-29.6deg z=51.3cm tg=0.00 mode=0 conf=0.59 lost=0 L=2.62 R=2.78
th=120 steer=18.0 ex=0.00cm ang=0.0deg z=0.0cm tg=0.00 mode=0 conf=0.00 lost=7 L=2.25 R=3.15
th=120 steer=5.7 ex=6.94cm ang=-25.7deg z=51.3cm tg=0.00 mode=0 conf=0.57 lost=0 L=2.56 R=2.84
th=120 steer=5.7 ex=0.00cm ang=0.0deg z=0.0cm tg=0.00 mode=0 conf=0.00 lost=1 L=2.56 R=2.84
th=120 steer=5.7 ex=0.00cm ang=0.0deg z=0.0cm tg=0.00 mode=0 conf=0.00 lost=1 L=2.56 R=2.84
th=120 steer=5.7 ex=0.00cm ang=0.0deg z=0.0cm tg=0.00 mode=0 conf=0.00 lost=1 L=2.56 R=2.84
th=120 steer=5.7 ex=0.00cm ang=0.0deg z=0.0cm tg=0.00 mode=0 conf=0.00 lost=1 L=2.56 R=2.84
th=120 steer=5.7 ex=0.00cm ang=0.0deg z=0.0cm tg=0.00 mode=0 conf=0.00 lost=1 L=2.56 R=2.84
th=120 steer=18.0 ex=0.00cm ang=0.0deg z=0.0cm tg=0.00 mode=0 conf=0.00 lost=9 L=2.25 R=3.15
th=120 steer=18.0 ex=0.00cm ang=0.0deg z=0.0cm tg=0.00 mode=0 conf=0.00 lost=17 L=2.25 R=3.15
th=120 steer=18.0 ex=0.00cm ang=0.0deg z=0.0cm tg=0.00 mode=0 conf=0.00 lost=25 L=2.25 R=3.15
th=120 steer=18.0 ex=0.00cm ang=0.0deg z=0.0cm tg=0.00 mode=0 conf=0.00 lost=33 L=2.25 R=3.15
th=120 steer=18.0 ex=0.00cm ang=0.0deg z=0.0cm tg=0.00 mode=0 conf=0.00 lost=41 L=2.25 R=3.15
th=120 steer=18.0 ex=0.00cm ang=0.0deg z=0.0cm tg=0.00 mode=0 conf=0.00 lost=49 L=2.25 R=3.15
th=120 steer=18.0 ex=0.00cm ang=0.0deg z=0.0cm tg=0.00 mode=0 conf=0.00 lost=57 L=2.25 R=3.15
th=120 steer=18.0 ex=0.00cm ang=0.0deg z=0.0cm tg=0.00 mode=0 conf=0.00 lost=65 L=2.25 R=3.15
th=120 steer=18.0 ex=0.00cm ang=0.0deg z=0.0cm tg=0.00 mode=0 conf=0.00 lost=73 L=2.25 R=3.15
th=120 steer=18.0 ex=0.00cm ang=0.0deg z=0.0cm tg=0.00 mode=0 conf=0.00 lost=81 L=2.25 R=3.15
th=120 steer=18.0 ex=0.00cm ang=0.0deg z=0.0cm tg=0.00 mode=0 conf=0.00 lost=89 L=2.25 R=3.15
th=120 steer=18.0 ex=0.00cm ang=0.0deg z=0.0cm tg=0.00 mode=0 conf=0.00 lost=97 L=2.25 R=3.15
th=120 steer=18.0 ex=0.00cm ang=0.0deg z=0.0cm tg=0.00 mode=0 conf=0.00 lost=105 L=2.25 R=3.15
th=120 steer=18.0 ex=0.00cm ang=0.0deg z=0.0cm tg=0.00 mode=0 conf=0.00 lost=113 L=2.25 R=3.15
th=120 steer=18.0 ex=0.00cm ang=0.0deg z=0.0cm tg=0.00 mode=0 conf=0.00 lost=121 L=2.25 R=3.15
th=120 steer=18.0 ex=0.00cm ang=0.0deg z=0.0cm tg=0.00 mode=0 conf=0.00 lost=129 L=2.25 R=3.15
th=120 steer=18.0 ex=0.00cm ang=0.0deg z=0.0cm tg=0.00 mode=0 conf=0.00 lost=137 L=2.25 R=3.15
th=120 steer=18.0 ex=0.00cm ang=0.0deg z=0.0cm tg=0.00 mode=0 conf=0.00 lost=145 L=2.25 R=3.15
th=120 steer=18.0 ex=0.00cm ang=0.0deg z=0.0cm tg=0.00 mode=0 conf=0.00 lost=153 L=2.25 R=3.15
th=120 steer=18.0 ex=0.00cm ang=0.0deg z=0.0cm tg=0.00 mode=0 conf=0.00 lost=161 L=2.25 R=3.15
th=120 steer=18.0 ex=0.00cm ang=0.0deg z=0.0cm tg=0.00 mode=0 conf=0.00 lost=169 L=2.25 R=3.15
th=120 steer=18.0 ex=0.00cm ang=0.0deg z=0.0cm tg=0.00 mode=0 conf=0.00 lost=177 L=2.25 R=3.15
th=120 steer=18.0 ex=0.00cm ang=0.0deg z=0.0cm tg=0.00 mode=0 conf=0.00 lost=185 L=2.25 R=3.15
th=120 steer=18.0 ex=0.00cm ang=0.0deg z=0.0cm tg=0.00 mode=0 conf=0.00 lost=193 L=2.25 R=3.15
th=120 steer=18.0 ex=0.00cm ang=0.0deg z=0.0cm tg=0.00 mode=0 conf=0.00 lost=201 L=2.25 R=3.15
th=120 steer=18.0 ex=0.00cm ang=0.0deg z=0.0cm tg=0.00 mode=0 conf=0.00 lost=209 L=2.25 R=3.15
th=120 steer=18.0 ex=0.00cm ang=0.0deg z=0.0cm tg=0.00 mode=0 conf=0.00 lost=217 L=2.25 R=3.15
th=120 steer=18.0 ex=0.00cm ang=0.0deg z=0.0cm tg=0.00 mode=0 conf=0.00 lost=225 L=2.25 R=3.15
th=120 steer=18.0 ex=0.00cm ang=0.0deg z=0.0cm tg=0.00 mode=0 conf=0.00 lost=233 L=2.25 R=3.15
th=120 steer=18.0 ex=0.00cm ang=0.0deg z=0.0cm tg=0.00 mode=0 conf=0.00 lost=241 L=2.25 R=3.15
th=120 steer=18.0 ex=0.00cm ang=0.0deg z=0.0cm tg=0.00 mode=0 conf=0.00 lost=249 L=2.25 R=3.15
th=120 steer=18.0 ex=0.00cm ang=0.0deg z=0.0cm tg=0.00 mode=0 conf=0.00 lost=257 L=2.25 R=3.15
th=120 steer=18.0 ex=0.00cm ang=0.0deg z=0.0cm tg=0.00 mode=0 conf=0.00 lost=265 L=2.25 R=3.15
th=120 steer=18.0 ex=0.00cm ang=0.0deg z=0.0cm tg=0.00 mode=0 conf=0.00 lost=273 L=2.25 R=3.15
th=120 steer=18.0 ex=0.00cm ang=0.0deg z=0.0cm tg=0.00 mode=0 conf=0.00 lost=281 L=2.25 R=3.15
th=120 steer=5.7 ex=0.00cm ang=0.0deg z=0.0cm tg=0.00 mode=0 conf=0.00 lost=1 L=2.56 R=2.84
th=120 steer=5.7 ex=0.00cm ang=0.0deg z=0.0cm tg=0.00 mode=0 conf=0.00 lost=1 L=2.56 R=2.84
th=120 steer=5.7 ex=0.00cm ang=0.0deg z=0.0cm tg=0.00 mode=0 conf=0.00 lost=6 L=2.56 R=2.84
th=120 steer=5.7 ex=0.00cm ang=0.0deg z=0.0cm tg=0.00 mode=0 conf=0.00 lost=1 L=2.56 R=2.84
th=120 steer=5.7 ex=0.00cm ang=0.0deg z=0.0cm tg=0.00 mode=0 conf=0.00 lost=4 L=2.56 R=2.84
th=120 steer=5.7 ex=0.00cm ang=0.0deg z=0.0cm tg=0.00 mode=0 conf=0.00 lost=1 L=2.56 R=2.84
th=120 steer=2.3 ex=0.00cm ang=0.0deg z=0.0cm tg=0.00 mode=0 conf=0.00 lost=1 L=2.64 R=2.76
th=120 steer=2.3 ex=0.00cm ang=0.0deg z=0.0cm tg=0.00 mode=0 conf=0.00 lost=1 L=2.64 R=2.76
th=120 steer=18.0 ex=0.00cm ang=0.0deg z=0.0cm tg=0.00 mode=0 conf=0.00 lost=7 L=2.25 R=3.15
th=120 steer=2.3 ex=0.00cm ang=0.0deg z=0.0cm tg=0.00 mode=0 conf=0.00 lost=1 L=2.64 R=2.76
th=120 steer=2.3 ex=0.00cm ang=0.0deg z=0.0cm tg=0.00 mode=0 conf=0.00 lost=1 L=2.64 R=2.76
th=120 steer=2.3 ex=0.00cm ang=0.0deg z=0.0cm tg=0.00 mode=0 conf=0.00 lost=1 L=2.64 R=2.76
th=120 steer=2.3 ex=0.00cm ang=0.0deg z=0.0cm tg=0.00 mode=0 conf=0.00 lost=1 L=2.64 R=2.76
th=120 steer=2.3 ex=0.00cm ang=0.0deg z=0.0cm tg=0.00 mode=0 conf=0.00 lost=6 L=2.64 R=2.76
th=120 steer=18.0 ex=0.00cm ang=0.0deg z=0.0cm tg=0.00 mode=0 conf=0.00 lost=14 L=2.25 R=3.15
th=120 steer=18.0 ex=0.00cm ang=0.0deg z=0.0cm tg=0.00 mode=0 conf=0.00 lost=22 L=2.25 R=3.15
th=120 steer=18.0 ex=0.00cm ang=0.0deg z=0.0cm tg=0.00 mode=0 conf=0.00 lost=30 L=2.25 R=3.15
th=120 steer=18.0 ex=0.00cm ang=0.0deg z=0.0cm tg=0.00 mode=0 conf=0.00 lost=38 L=2.25 R=3.15
th=120 steer=18.0 ex=0.00cm ang=0.0deg z=0.0cm tg=0.00 mode=0 conf=0.00 lost=46 L=2.25 R=3.15
th=120 steer=18.0 ex=0.00cm ang=0.0deg z=0.0cm tg=0.00 mode=0 conf=0.00 lost=54 L=2.25 R=3.15
th=120 steer=18.0 ex=0.00cm ang=0.0deg z=0.0cm tg=0.00 mode=0 conf=0.00 lost=62 L=2.25 R=3.15
th=120 steer=18.0 ex=0.00cm ang=0.0deg z=0.0cm tg=0.00 mode=0 conf=0.00 lost=70 L=2.25 R=3.15
th=120 steer=18.0 ex=0.00cm ang=0.0deg z=0.0cm tg=0.00 mode=0 conf=0.00 lost=78 L=2.25 R=3.15
th=120 steer=18.0 ex=0.00cm ang=0.0deg z=0.0cm tg=0.00 mode=0 conf=0.00 lost=86 L=2.25 R=3.15
th=120 steer=18.0 ex=0.00cm ang=0.0deg z=0.0cm tg=0.00 mode=0 conf=0.00 lost=94 L=2.25 R=3.15
th=120 steer=18.0 ex=0.00cm ang=0.0deg z=0.0cm tg=0.00 mode=0 conf=0.00 lost=102 L=2.25 R=3.15
th=120 steer=18.0 ex=0.00cm ang=0.0deg z=0.0cm tg=0.00 mode=0 conf=0.00 lost=110 L=2.25 R=3.15
th=120 steer=18.0 ex=0.00cm ang=0.0deg z=0.0cm tg=0.00 mode=0 conf=0.00 lost=118 L=2.25 R=3.15
th=120 steer=18.0 ex=0.00cm ang=0.0deg z=0.0cm tg=0.00 mode=0 conf=0.00 lost=126 L=2.25 R=3.15
th=120 steer=18.0 ex=0.00cm ang=0.0deg z=0.0cm tg=0.00 mode=0 conf=0.00 lost=134 L=2.25 R=3.15
th=120 steer=18.0 ex=0.00cm ang=0.0deg z=0.0cm tg=0.00 mode=0 conf=0.00 lost=142 L=2.25 R=3.15
th=120 steer=18.0 ex=0.00cm ang=0.0deg z=0.0cm tg=0.00 mode=0 conf=0.00 lost=150 L=2.25 R=3.15
th=120 steer=18.0 ex=0.00cm ang=0.0deg z=0.0cm tg=0.00 mode=0 conf=0.00 lost=158 L=2.25 R=3.15
th=120 steer=18.0 ex=0.00cm ang=0.0deg z=0.0cm tg=0.00 mode=0 conf=0.00 lost=166 L=2.25 R=3.15
th=120 steer=18.0 ex=0.00cm ang=0.0deg z=0.0cm tg=0.00 mode=0 conf=0.00 lost=174 L=2.25 R=3.15
th=120 steer=18.0 ex=0.00cm ang=0.0deg z=0.0cm tg=0.00 mode=0 conf=0.00 lost=182 L=2.25 R=3.15
th=120 steer=-32.7 ex=0.00cm ang=0.0deg z=0.0cm tg=0.00 mode=0 conf=0.00 lost=3 L=3.52 R=1.88
th=120 steer=-18.0 ex=0.00cm ang=0.0deg z=0.0cm tg=0.00 mode=0 conf=0.00 lost=11 L=3.15 R=2.25
th=120 steer=-18.0 ex=0.00cm ang=0.0deg z=0.0cm tg=0.00 mode=0 conf=0.00 lost=19 L=3.15 R=2.25
th=120 steer=-18.0 ex=0.00cm ang=0.0deg z=0.0cm tg=0.00 mode=0 conf=0.00 lost=27 L=3.15 R=2.25
th=120 steer=-18.0 ex=0.00cm ang=0.0deg z=0.0cm tg=0.00 mode=0 conf=0.00 lost=35 L=3.15 R=2.25
th=120 steer=-18.0 ex=0.00cm ang=0.0deg z=0.0cm tg=0.00 mode=0 conf=0.00 lost=43 L=3.15 R=2.25
th=120 steer=-18.0 ex=0.00cm ang=0.0deg z=0.0cm tg=0.00 mode=0 conf=0.00 lost=51 L=3.15 R=2.25
th=120 steer=-18.0 ex=0.00cm ang=0.0deg z=0.0cm tg=0.00 mode=0 conf=0.00 lost=59 L=3.15 R=2.25
th=120 steer=-18.0 ex=0.00cm ang=0.0deg z=0.0cm tg=0.00 mode=0 conf=0.00 lost=67 L=3.15 R=2.25
th=120 steer=-18.0 ex=0.00cm ang=0.0deg z=0.0cm tg=0.00 mode=0 conf=0.00 lost=75 L=3.15 R=2.25
th=120 steer=-18.0 ex=0.00cm ang=0.0deg z=0.0cm tg=0.00 mode=0 conf=0.00 lost=83 L=3.15 R=2.25
th=120 steer=-18.0 ex=0.00cm ang=0.0deg z=0.0cm tg=0.00 mode=0 conf=0.00 lost=91 L=3.15 R=2.25
th=120 steer=-18.0 ex=0.00cm ang=0.0deg z=0.0cm tg=0.00 mode=0 conf=0.00 lost=99 L=3.15 R=2.25
th=120 steer=-18.0 ex=0.00cm ang=0.0deg z=0.0cm tg=0.00 mode=0 conf=0.00 lost=107 L=3.15 R=2.25
th=120 steer=-18.0 ex=0.00cm ang=0.0deg z=0.0cm tg=0.00 mode=0 conf=0.00 lost=115 L=3.15 R=2.25
th=120 steer=-18.0 ex=0.00cm ang=0.0deg z=0.0cm tg=0.00 mode=0 conf=0.00 lost=123 L=3.15 R=2.25
th=120 steer=-18.0 ex=0.00cm ang=0.0deg z=0.0cm tg=0.00 mode=0 conf=0.00 lost=131 L=3.15 R=2.25
th=120 steer=-18.0 ex=0.00cm ang=0.0deg z=0.0cm tg=0.00 mode=0 conf=0.00 lost=139 L=3.15 R=2.25
th=120 steer=-18.0 ex=0.00cm ang=0.0deg z=0.0cm tg=0.00 mode=0 conf=0.00 lost=147 L=3.15 R=2.25
th=120 steer=-18.0 ex=0.00cm ang=0.0deg z=0.0cm tg=0.00 mode=0 conf=0.00 lost=155 L=3.15 R=2.25
th=120 steer=-18.0 ex=0.00cm ang=0.0deg z=0.0cm tg=0.00 mode=0 conf=0.00 lost=163 L=3.15 R=2.25
th=120 steer=-18.0 ex=0.00cm ang=0.0deg z=0.0cm tg=0.00 mode=0 conf=0.00 lost=171 L=3.15 R=2.25
th=120 steer=-18.0 ex=0.00cm ang=0.0deg z=0.0cm tg=0.00 mode=0 conf=0.00 lost=179 L=3.15 R=2.25
th=120 steer=-18.0 ex=0.00cm ang=0.0deg z=0.0cm tg=0.00 mode=0 conf=0.00 lost=187 L=3.15 R=2.25
th=120 steer=-18.0 ex=0.00cm ang=0.0deg z=0.0cm tg=0.00 mode=0 conf=0.00 lost=195 L=3.15 R=2.25
th=120 steer=-18.0 ex=0.00cm ang=0.0deg z=0.0cm tg=0.00 mode=0 conf=0.00 lost=203 L=3.15 R=2.25
th=120 steer=-18.0 ex=0.00cm ang=0.0deg z=0.0cm tg=0.00 mode=0 conf=0.00 lost=211 L=3.15 R=2.25
th=120 steer=-18.0 ex=0.00cm ang=0.0deg z=0.0cm tg=0.00 mode=0 conf=0.00 lost=219 L=3.15 R=2.25
th=120 steer=-18.0 ex=0.00cm ang=0.0deg z=0.0cm tg=0.00 mode=0 conf=0.00 lost=227 L=3.15 R=2.25
th=120 steer=-18.0 ex=0.00cm ang=0.0deg z=0.0cm tg=0.00 mode=0 conf=0.00 lost=235 L=3.15 R=2.25
th=120 steer=-18.0 ex=0.00cm ang=0.0deg z=0.0cm tg=0.00 mode=0 conf=0.00 lost=243 L=3.15 R=2.25
th=120 steer=-18.0 ex=0.00cm ang=0.0deg z=0.0cm tg=0.00 mode=0 conf=0.00 lost=251 L=3.15 R=2.25
th=120 steer=-18.0 ex=0.00cm ang=0.0deg z=0.0cm tg=0.00 mode=0 conf=0.00 lost=259 L=3.15 R=2.25
th=120 steer=-18.0 ex=0.00cm ang=0.0deg z=0.0cm tg=0.00 mode=0 conf=0.00 lost=267 L=3.15 R=2.25
th=120 steer=-18.0 ex=0.00cm ang=0.0deg z=0.0cm tg=0.00 mode=0 conf=0.00 lost=275 L=3.15 R=2.25
th=120 steer=-18.0 ex=0.00cm ang=0.0deg z=0.0cm tg=0.00 mode=0 conf=0.00 lost=283 L=3.15 R=2.25
th=120 steer=-32.7 ex=0.00cm ang=0.0deg z=0.0cm tg=0.00 mode=0 conf=0.00 lost=3 L=3.52 R=1.88
th=120 steer=-32.7 ex=0.00cm ang=0.0deg z=0.0cm tg=0.00 mode=0 conf=0.00 lost=1 L=3.52 R=1.88
th=120 steer=-33.8 ex=0.00cm ang=0.0deg z=0.0cm tg=0.00 mode=0 conf=0.00 lost=1 L=3.55 R=1.85
th=120 steer=-18.0 ex=0.00cm ang=0.0deg z=0.0cm tg=0.00 mode=0 conf=0.00 lost=9 L=3.15 R=2.25
th=120 steer=-18.0 ex=0.00cm ang=0.0deg z=0.0cm tg=0.00 mode=0 conf=0.00 lost=17 L=3.15 R=2.25
th=120 steer=-18.0 ex=0.00cm ang=0.0deg z=0.0cm tg=0.00 mode=0 conf=0.00 lost=25 L=3.15 R=2.25
th=120 steer=-18.0 ex=0.00cm ang=0.0deg z=0.0cm tg=0.00 mode=0 conf=0.00 lost=33 L=3.15 R=2.25
th=120 steer=-18.0 ex=0.00cm ang=0.0deg z=0.0cm tg=0.00 mode=0 conf=0.00 lost=41 L=3.15 R=2.25
th=120 steer=-18.0 ex=0.00cm ang=0.0deg z=0.0cm tg=0.00 mode=0 conf=0.00 lost=49 L=3.15 R=2.25
th=120 steer=-29.1 ex=-17.00cm ang=-44.1deg z=72.4cm tg=0.00 mode=0 conf=0.53 lost=0 L=3.43 R=1.97
th=120 steer=-17.6 ex=0.00cm ang=0.0deg z=0.0cm tg=0.00 mode=0 conf=0.00 lost=1 L=3.14 R=2.26
th=120 steer=-17.6 ex=0.00cm ang=0.0deg z=0.0cm tg=0.00 mode=0 conf=0.00 lost=1 L=3.14 R=2.26
th=120 steer=-17.6 ex=0.00cm ang=0.0deg z=0.0cm tg=0.00 mode=0 conf=0.00 lost=6 L=3.14 R=2.26
th=120 steer=-17.6 ex=0.00cm ang=0.0deg z=0.0cm tg=0.00 mode=0 conf=0.00 lost=1 L=3.14 R=2.26
th=120 steer=-22.8 ex=0.00cm ang=0.0deg z=0.0cm tg=0.00 mode=0 conf=0.00 lost=1 L=3.27 R=2.13
th=120 steer=-18.0 ex=0.00cm ang=0.0deg z=0.0cm tg=0.00 mode=0 conf=0.00 lost=8 L=3.15 R=2.25
th=120 steer=-22.8 ex=0.00cm ang=0.0deg z=0.0cm tg=0.00 mode=0 conf=0.00 lost=6 L=3.27 R=2.13
th=120 steer=-18.0 ex=0.00cm ang=0.0deg z=0.0cm tg=0.00 mode=0 conf=0.00 lost=14 L=3.15 R=2.25
th=120 steer=-18.0 ex=0.00cm ang=0.0deg z=0.0cm tg=0.00 mode=0 conf=0.00 lost=22 L=3.15 R=2.25
th=120 steer=-18.0 ex=0.00cm ang=0.0deg z=0.0cm tg=0.00 mode=0 conf=0.00 lost=30 L=3.15 R=2.25
th=120 steer=-18.0 ex=0.00cm ang=0.0deg z=0.0cm tg=0.00 mode=0 conf=0.00 lost=38 L=3.15 R=2.25
th=120 steer=-18.0 ex=0.00cm ang=0.0deg z=0.0cm tg=0.00 mode=0 conf=0.00 lost=46 L=3.15 R=2.25
th=120 steer=-18.0 ex=0.00cm ang=0.0deg z=0.0cm tg=0.00 mode=0 conf=0.00 lost=54 L=3.15 R=2.25
th=120 steer=-18.0 ex=0.00cm ang=0.0deg z=0.0cm tg=0.00 mode=0 conf=0.00 lost=62 L=3.15 R=2.25
th=120 steer=-18.0 ex=0.00cm ang=0.0deg z=0.0cm tg=0.00 mode=0 conf=0.00 lost=70 L=3.15 R=2.25
th=120 steer=-22.8 ex=0.00cm ang=0.0deg z=0.0cm tg=0.00 mode=0 conf=0.00 lost=2 L=3.27 R=2.13
th=120 steer=-18.0 ex=0.00cm ang=0.0deg z=0.0cm tg=0.00 mode=0 conf=0.00 lost=10 L=3.15 R=2.25
th=120 steer=-18.0 ex=0.00cm ang=0.0deg z=0.0cm tg=0.00 mode=0 conf=0.00 lost=18 L=3.15 R=2.25
th=120 steer=-18.0 ex=0.00cm ang=0.0deg z=0.0cm tg=0.00 mode=0 conf=0.00 lost=26 L=3.15 R=2.25
th=120 steer=-18.0 ex=0.00cm ang=0.0deg z=0.0cm tg=0.00 mode=0 conf=0.00 lost=34 L=3.15 R=2.25
th=120 steer=-18.0 ex=0.00cm ang=0.0deg z=0.0cm tg=0.00 mode=0 conf=0.00 lost=42 L=3.15 R=2.25
th=120 steer=-2.9 ex=0.00cm ang=0.0deg z=0.0cm tg=0.00 mode=0 conf=0.00 lost=1 L=2.77 R=2.63
th=120 steer=-8.1 ex=0.00cm ang=0.0deg z=0.0cm tg=0.00 mode=0 conf=0.00 lost=1 L=2.90 R=2.50
th=120 steer=36.3 ex=0.00cm ang=0.0deg z=0.0cm tg=0.00 mode=0 conf=0.00 lost=3 L=1.79 R=3.61
th=120 steer=18.0 ex=0.00cm ang=0.0deg z=0.0cm tg=0.00 mode=0 conf=0.00 lost=11 L=2.25 R=3.15
th=120 steer=18.0 ex=0.00cm ang=0.0deg z=0.0cm tg=0.00 mode=0 conf=0.00 lost=19 L=2.25 R=3.15
th=120 steer=18.0 ex=0.00cm ang=0.0deg z=0.0cm tg=0.00 mode=0 conf=0.00 lost=27 L=2.25 R=3.15
th=120 steer=18.0 ex=0.00cm ang=0.0deg z=0.0cm tg=0.00 mode=0 conf=0.00 lost=35 L=2.25 R=3.15
th=120 steer=18.0 ex=0.00cm ang=0.0deg z=0.0cm tg=0.00 mode=0 conf=0.00 lost=43 L=2.25 R=3.15
th=120 steer=36.3 ex=0.00cm ang=0.0deg z=0.0cm tg=0.00 mode=0 conf=0.00 lost=1 L=1.79 R=3.61
th=120 steer=36.3 ex=0.00cm ang=0.0deg z=0.0cm tg=0.00 mode=0 conf=0.00 lost=1 L=1.79 R=3.61
th=120 steer=36.3 ex=0.00cm ang=0.0deg z=0.0cm tg=0.00 mode=0 conf=0.00 lost=6 L=1.79 R=3.61
th=120 steer=18.0 ex=0.00cm ang=0.0deg z=0.0cm tg=0.00 mode=0 conf=0.00 lost=14 L=2.25 R=3.15
th=120 steer=18.0 ex=0.00cm ang=0.0deg z=0.0cm tg=0.00 mode=0 conf=0.00 lost=22 L=2.25 R=3.15
th=120 steer=18.0 ex=0.00cm ang=0.0deg z=0.0cm tg=0.00 mode=0 conf=0.00 lost=30 L=2.25 R=3.15
th=120 steer=18.0 ex=0.00cm ang=0.0deg z=0.0cm tg=0.00 mode=0 conf=0.00 lost=38 L=2.25 R=3.15
th=120 steer=18.0 ex=0.00cm ang=0.0deg z=0.0cm tg=0.00 mode=0 conf=0.00 lost=46 L=2.25 R=3.15
th=120 steer=18.0 ex=0.00cm ang=0.0deg z=0.0cm tg=0.00 mode=0 conf=0.00 lost=54 L=2.25 R=3.15
th=120 steer=18.0 ex=0.00cm ang=0.0deg z=0.0cm tg=0.00 mode=0 conf=0.00 lost=62 L=2.25 R=3.15
th=120 steer=18.0 ex=0.00cm ang=0.0deg z=0.0cm tg=0.00 mode=0 conf=0.00 lost=70 L=2.25 R=3.15
th=120 steer=18.0 ex=0.00cm ang=0.0deg z=0.0cm tg=0.00 mode=0 conf=0.00 lost=78 L=2.25 R=3.15
th=120 steer=18.0 ex=0.00cm ang=0.0deg z=0.0cm tg=0.00 mode=0 conf=0.00 lost=86 L=2.25 R=3.15
th=120 steer=36.3 ex=0.00cm ang=0.0deg z=0.0cm tg=0.00 mode=0 conf=0.00 lost=1 L=1.79 R=3.61
th=120 steer=36.3 ex=0.00cm ang=0.0deg z=0.0cm tg=0.00 mode=0 conf=0.00 lost=5 L=1.79 R=3.61
th=120 steer=18.0 ex=0.00cm ang=0.0deg z=0.0cm tg=0.00 mode=0 conf=0.00 lost=13 L=2.25 R=3.15
th=120 steer=18.0 ex=0.00cm ang=0.0deg z=0.0cm tg=0.00 mode=0 conf=0.00 lost=21 L=2.25 R=3.15
th=120 steer=18.0 ex=0.00cm ang=0.0deg z=0.0cm tg=0.00 mode=0 conf=0.00 lost=29 L=2.25 R=3.15
th=120 steer=18.0 ex=0.00cm ang=0.0deg z=0.0cm tg=0.00 mode=0 conf=0.00 lost=37 L=2.25 R=3.15
th=120 steer=18.0 ex=0.00cm ang=0.0deg z=0.0cm tg=0.00 mode=0 conf=0.00 lost=45 L=2.25 R=3.15
th=120 steer=18.0 ex=0.00cm ang=0.0deg z=0.0cm tg=0.00 mode=0 conf=0.00 lost=53 L=2.25 R=3.15
th=120 steer=18.0 ex=0.00cm ang=0.0deg z=0.0cm tg=0.00 mode=0 conf=0.00 lost=61 L=2.25 R=3.15
th=120 steer=18.0 ex=0.00cm ang=0.0deg z=0.0cm tg=0.00 mode=0 conf=0.00 lost=69 L=2.25 R=3.15
th=120 steer=18.0 ex=0.00cm ang=0.0deg z=0.0cm tg=0.00 mode=0 conf=0.00 lost=77 L=2.25 R=3.15
th=120 steer=18.0 ex=0.00cm ang=0.0deg z=0.0cm tg=0.00 mode=0 conf=0.00 lost=85 L=2.25 R=3.15
th=120 steer=18.0 ex=0.00cm ang=0.0deg z=0.0cm tg=0.00 mode=0 conf=0.00 lost=93 L=2.25 R=3.15
th=120 steer=18.0 ex=0.00cm ang=0.0deg z=0.0cm tg=0.00 mode=0 conf=0.00 lost=101 L=2.25 R=3.15
th=120 steer=18.0 ex=0.00cm ang=0.0deg z=0.0cm tg=0.00 mode=0 conf=0.00 lost=109 L=2.25 R=3.15
th=120 steer=18.0 ex=0.00cm ang=0.0deg z=0.0cm tg=0.00 mode=0 conf=0.00 lost=117 L=2.25 R=3.15
th=120 steer=18.0 ex=0.00cm ang=0.0deg z=0.0cm tg=0.00 mode=0 conf=0.00 lost=125 L=2.25 R=3.15
th=120 steer=18.0 ex=0.00cm ang=0.0deg z=0.0cm tg=0.00 mode=0 conf=0.00 lost=133 L=2.25 R=3.15
th=120 steer=18.0 ex=0.00cm ang=0.0deg z=0.0cm tg=0.00 mode=0 conf=0.00 lost=141 L=2.25 R=3.15
th=120 steer=18.0 ex=0.00cm ang=0.0deg z=0.0cm tg=0.00 mode=0 conf=0.00 lost=149 L=2.25 R=3.15
th=120 steer=18.0 ex=0.00cm ang=0.0deg z=0.0cm tg=0.00 mode=0 conf=0.00 lost=157 L=2.25 R=3.15
th=120 steer=18.0 ex=0.00cm ang=0.0deg z=0.0cm tg=0.00 mode=0 conf=0.00 lost=165 L=2.25 R=3.15
th=120 steer=18.0 ex=0.00cm ang=0.0deg z=0.0cm tg=0.00 mode=0 conf=0.00 lost=173 L=2.25 R=3.15
th=120 steer=18.0 ex=0.00cm ang=0.0deg z=0.0cm tg=0.00 mode=0 conf=0.00 lost=181 L=2.25 R=3.15
th=120 steer=18.0 ex=0.00cm ang=0.0deg z=0.0cm tg=0.00 mode=0 conf=0.00 lost=189 L=2.25 R=3.15
th=120 steer=18.0 ex=0.00cm ang=0.0deg z=0.0cm tg=0.00 mode=0 conf=0.00 lost=197 L=2.25 R=3.15
th=120 steer=18.0 ex=0.00cm ang=0.0deg z=0.0cm tg=0.00 mode=0 conf=0.00 lost=205 L=2.25 R=3.15
th=120 steer=18.0 ex=0.00cm ang=0.0deg z=0.0cm tg=0.00 mode=0 conf=0.00 lost=213 L=2.25 R=3.15
th=120 steer=18.0 ex=0.00cm ang=0.0deg z=0.0cm tg=0.00 mode=0 conf=0.00 lost=221 L=2.25 R=3.15
th=120 steer=18.0 ex=0.00cm ang=0.0deg z=0.0cm tg=0.00 mode=0 conf=0.00 lost=229 L=2.25 R=3.15
th=120 steer=18.0 ex=0.00cm ang=0.0deg z=0.0cm tg=0.00 mode=0 conf=0.00 lost=237 L=2.25 R=3.15
th=120 steer=18.0 ex=0.00cm ang=0.0deg z=0.0cm tg=0.00 mode=0 conf=0.00 lost=245 L=2.25 R=3.15
th=120 steer=18.0 ex=0.00cm ang=0.0deg z=0.0cm tg=0.00 mode=0 conf=0.00 lost=253 L=2.25 R=3.15
th=120 steer=18.0 ex=0.00cm ang=0.0deg z=0.0cm tg=0.00 mode=0 conf=0.00 lost=261 L=2.25 R=3.15
th=120 steer=18.0 ex=0.00cm ang=0.0deg z=0.0cm tg=0.00 mode=0 conf=0.00 lost=269 L=2.25 R=3.15
th=120 steer=18.0 ex=0.00cm ang=0.0deg z=0.0cm tg=0.00 mode=0 conf=0.00 lost=277 L=2.25 R=3.15
th=120 steer=18.0 ex=0.00cm ang=0.0deg z=0.0cm tg=0.00 mode=0 conf=0.00 lost=285 L=2.25 R=3.15
th=120 steer=18.0 ex=0.00cm ang=0.0deg z=0.0cm tg=0.00 mode=0 conf=0.00 lost=293 L=2.25 R=3.15
th=120 steer=18.0 ex=0.00cm ang=0.0deg z=0.0cm tg=0.00 mode=0 conf=0.00 lost=301 L=2.25 R=3.15
th=120 steer=18.0 ex=0.00cm ang=0.0deg z=0.0cm tg=0.00 mode=0 conf=0.00 lost=309 L=2.25 R=3.15
th=120 steer=18.0 ex=0.00cm ang=0.0deg z=0.0cm tg=0.00 mode=0 conf=0.00 lost=317 L=2.25 R=3.15
th=120 steer=18.0 ex=0.00cm ang=0.0deg z=0.0cm tg=0.00 mode=0 conf=0.00 lost=325 L=2.25 R=3.15
th=120 steer=18.0 ex=0.00cm ang=0.0deg z=0.0cm tg=0.00 mode=0 conf=0.00 lost=333 L=2.25 R=3.15
th=120 steer=18.0 ex=0.00cm ang=0.0deg z=0.0cm tg=0.00 mode=0 conf=0.00 lost=341 L=2.25 R=3.15
th=120 steer=18.0 ex=0.00cm ang=0.0deg z=0.0cm tg=0.00 mode=0 conf=0.00 lost=349 L=2.25 R=3.15
th=120 steer=18.0 ex=0.00cm ang=0.0deg z=0.0cm tg=0.00 mode=0 conf=0.00 lost=357 L=2.25 R=3.15
th=120 steer=18.0 ex=0.00cm ang=0.0deg z=0.0cm tg=0.00 mode=0 conf=0.00 lost=365 L=2.25 R=3.15
th=120 steer=18.0 ex=0.00cm ang=0.0deg z=0.0cm tg=0.00 mode=0 conf=0.00 lost=373 L=2.25 R=3.15
th=120 steer=18.0 ex=0.00cm ang=0.0deg z=0.0cm tg=0.00 mode=0 conf=0.00 lost=381 L=2.25 R=3.15
th=120 steer=18.0 ex=0.00cm ang=0.0deg z=0.0cm tg=0.00 mode=0 conf=0.00 lost=389 L=2.25 R=3.15
th=120 steer=18.0 ex=0.00cm ang=0.0deg z=0.0cm tg=0.00 mode=0 conf=0.00 lost=397 L=2.25 R=3.15
th=120 steer=18.0 ex=0.00cm ang=0.0deg z=0.0cm tg=0.00 mode=0 conf=0.00 lost=405 L=2.25 R=3.15
th=120 steer=36.3 ex=0.00cm ang=0.0deg z=0.0cm tg=0.00 mode=0 conf=0.00 lost=1 L=1.79 R=3.61
th=120 steer=18.0 ex=0.00cm ang=0.0deg z=0.0cm tg=0.00 mode=0 conf=0.00 lost=8 L=2.25 R=3.15
th=120 steer=18.0 ex=0.00cm ang=0.0deg z=0.0cm tg=0.00 mode=0 conf=0.00 lost=16 L=2.25 R=3.15
th=120 steer=18.0 ex=0.00cm ang=0.0deg z=0.0cm tg=0.00 mode=0 conf=0.00 lost=24 L=2.25 R=3.15
th=120 steer=18.0 ex=0.00cm ang=0.0deg z=0.0cm tg=0.00 mode=0 conf=0.00 lost=32 L=2.25 R=3.15
th=120 steer=18.0 ex=0.00cm ang=0.0deg z=0.0cm tg=0.00 mode=0 conf=0.00 lost=40 L=2.25 R=3.15
th=120 steer=36.3 ex=0.00cm ang=0.0deg z=0.0cm tg=0.00 mode=0 conf=0.00 lost=1 L=1.79 R=3.61
th=120 steer=36.3 ex=0.00cm ang=0.0deg z=0.0cm tg=0.00 mode=0 conf=0.00 lost=1 L=1.79 R=3.61
th=120 steer=36.3 ex=0.00cm ang=0.0deg z=0.0cm tg=0.00 mode=0 conf=0.00 lost=6 L=1.79 R=3.61
th=120 steer=18.0 ex=0.00cm ang=0.0deg z=0.0cm tg=0.00 mode=0 conf=0.00 lost=14 L=2.25 R=3.15
th=120 steer=18.0 ex=0.00cm ang=0.0deg z=0.0cm tg=0.00 mode=0 conf=0.00 lost=22 L=2.25 R=3.15
th=120 steer=18.0 ex=0.00cm ang=0.0deg z=0.0cm tg=0.00 mode=0 conf=0.00 lost=30 L=2.25 R=3.15
th=120 steer=18.0 ex=0.00cm ang=0.0deg z=0.0cm tg=0.00 mode=0 conf=0.00 lost=38 L=2.25 R=3.15
th=120 steer=18.0 ex=0.00cm ang=0.0deg z=0.0cm tg=0.00 mode=0 conf=0.00 lost=46 L=2.25 R=3.15
th=120 steer=18.0 ex=0.00cm ang=0.0deg z=0.0cm tg=0.00 mode=0 conf=0.00 lost=54 L=2.25 R=3.15
th=120 steer=18.0 ex=0.00cm ang=0.0deg z=0.0cm tg=0.00 mode=0 conf=0.00 lost=62 L=2.25 R=3.15
th=120 steer=18.0 ex=0.00cm ang=0.0deg z=0.0cm tg=0.00 mode=0 conf=0.00 lost=70 L=2.25 R=3.15
th=120 steer=18.0 ex=0.00cm ang=0.0deg z=0.0cm tg=0.00 mode=0 conf=0.00 lost=78 L=2.25 R=3.15
th=120 steer=18.0 ex=0.00cm ang=0.0deg z=0.0cm tg=0.00 mode=0 conf=0.00 lost=86 L=2.25 R=3.15
th=120 steer=18.0 ex=0.00cm ang=0.0deg z=0.0cm tg=0.00 mode=0 conf=0.00 lost=94 L=2.25 R=3.15
th=120 steer=36.3 ex=0.00cm ang=0.0deg z=0.0cm tg=0.00 mode=0 conf=0.00 lost=1 L=1.79 R=3.61
th=120 steer=36.3 ex=0.00cm ang=0.0deg z=0.0cm tg=0.00 mode=0 conf=0.00 lost=2 L=1.79 R=3.61
th=120 steer=18.0 ex=0.00cm ang=0.0deg z=0.0cm tg=0.00 mode=0 conf=0.00 lost=10 L=2.25 R=3.15
th=120 steer=18.0 ex=0.00cm ang=0.0deg z=0.0cm tg=0.00 mode=0 conf=0.00 lost=18 L=2.25 R=3.15
th=120 steer=18.0 ex=0.00cm ang=0.0deg z=0.0cm tg=0.00 mode=0 conf=0.00 lost=26 L=2.25 R=3.15
th=120 steer=18.0 ex=0.00cm ang=0.0deg z=0.0cm tg=0.00 mode=0 conf=0.00 lost=34 L=2.25 R=3.15
th=120 steer=18.0 ex=0.00cm ang=0.0deg z=0.0cm tg=0.00 mode=0 conf=0.00 lost=42 L=2.25 R=3.15
th=120 steer=18.0 ex=0.00cm ang=0.0deg z=0.0cm tg=0.00 mode=0 conf=0.00 lost=50 L=2.25 R=3.15
th=120 steer=18.0 ex=0.00cm ang=0.0deg z=0.0cm tg=0.00 mode=0 conf=0.00 lost=58 L=2.25 R=3.15
th=120 steer=18.0 ex=0.00cm ang=0.0deg z=0.0cm tg=0.00 mode=0 conf=0.00 lost=66 L=2.25 R=3.15
th=120 steer=18.0 ex=0.00cm ang=0.0deg z=0.0cm tg=0.00 mode=0 conf=0.00 lost=74 L=2.25 R=3.15
th=120 steer=18.0 ex=0.00cm ang=0.0deg z=0.0cm tg=0.00 mode=0 conf=0.00 lost=82 L=2.25 R=3.15
th=120 steer=36.3 ex=0.00cm ang=0.0deg z=0.0cm tg=0.00 mode=0 conf=0.00 lost=2 L=1.79 R=3.61
th=120 steer=18.0 ex=0.00cm ang=0.0deg z=0.0cm tg=0.00 mode=0 conf=0.00 lost=10 L=2.25 R=3.15
th=120 steer=18.0 ex=0.00cm ang=0.0deg z=0.0cm tg=0.00 mode=0 conf=0.00 lost=18 L=2.25 R=3.15
th=120 steer=18.0 ex=0.00cm ang=0.0deg z=0.0cm tg=0.00 mode=0 conf=0.00 lost=26 L=2.25 R=3.15
th=120 steer=18.0 ex=0.00cm ang=0.0deg z=0.0cm tg=0.00 mode=0 conf=0.00 lost=34 L=2.25 R=3.15
th=120 steer=18.0 ex=0.00cm ang=0.0deg z=0.0cm tg=0.00 mode=0 conf=0.00 lost=42 L=2.25 R=3.15
th=120 steer=18.0 ex=0.00cm ang=0.0deg z=0.0cm tg=0.00 mode=0 conf=0.00 lost=50 L=2.25 R=3.15
th=120 steer=18.0 ex=0.00cm ang=0.0deg z=0.0cm tg=0.00 mode=0 conf=0.00 lost=58 L=2.25 R=3.15
th=120 steer=18.0 ex=0.00cm ang=0.0deg z=0.0cm tg=0.00 mode=0 conf=0.00 lost=66 L=2.25 R=3.15
th=120 steer=18.0 ex=0.00cm ang=0.0deg z=0.0cm tg=0.00 mode=0 conf=0.00 lost=74 L=2.25 R=3.15
th=120 steer=18.0 ex=0.00cm ang=0.0deg z=0.0cm tg=0.00 mode=0 conf=0.00 lost=82 L=2.25 R=3.15
th=120 steer=18.0 ex=0.00cm ang=0.0deg z=0.0cm tg=0.00 mode=0 conf=0.00 lost=90 L=2.25 R=3.15
th=120 steer=18.0 ex=0.00cm ang=0.0deg z=0.0cm tg=0.00 mode=0 conf=0.00 lost=98 L=2.25 R=3.15
th=120 steer=18.0 ex=0.00cm ang=0.0deg z=0.0cm tg=0.00 mode=0 conf=0.00 lost=106 L=2.25 R=3.15
th=120 steer=18.0 ex=0.00cm ang=0.0deg z=0.0cm tg=0.00 mode=0 conf=0.00 lost=114 L=2.25 R=3.15
th=120 steer=18.0 ex=0.00cm ang=0.0deg z=0.0cm tg=0.00 mode=0 conf=0.00 lost=122 L=2.25 R=3.15
th=120 steer=18.0 ex=0.00cm ang=0.0deg z=0.0cm tg=0.00 mode=0 conf=0.00 lost=130 L=2.25 R=3.15
th=120 steer=18.0 ex=0.00cm ang=0.0deg z=0.0cm tg=0.00 mode=0 conf=0.00 lost=138 L=2.25 R=3.15
th=120 steer=18.0 ex=0.00cm ang=0.0deg z=0.0cm tg=0.00 mode=0 conf=0.00 lost=146 L=2.25 R=3.15
th=120 steer=18.0 ex=0.00cm ang=0.0deg z=0.0cm tg=0.00 mode=0 conf=0.00 lost=154 L=2.25 R=3.15
th=120 steer=18.0 ex=0.00cm ang=0.0deg z=0.0cm tg=0.00 mode=0 conf=0.00 lost=162 L=2.25 R=3.15
th=120 steer=18.0 ex=0.00cm ang=0.0deg z=0.0cm tg=0.00 mode=0 conf=0.00 lost=170 L=2.25 R=3.15
th=120 steer=18.0 ex=0.00cm ang=0.0deg z=0.0cm tg=0.00 mode=0 conf=0.00 lost=178 L=2.25 R=3.15
th=120 steer=18.0 ex=0.00cm ang=0.0deg z=0.0cm tg=0.00 mode=0 conf=0.00 lost=186 L=2.25 R=3.15
th=120 steer=18.0 ex=0.00cm ang=0.0deg z=0.0cm tg=0.00 mode=0 conf=0.00 lost=194 L=2.25 R=3.15
th=120 steer=18.0 ex=0.00cm ang=0.0deg z=0.0cm tg=0.00 mode=0 conf=0.00 lost=202 L=2.25 R=3.15
th=120 steer=18.0 ex=0.00cm ang=0.0deg z=0.0cm tg=0.00 mode=0 conf=0.00 lost=210 L=2.25 R=3.15
th=120 steer=18.0 ex=0.00cm ang=0.0deg z=0.0cm tg=0.00 mode=0 conf=0.00 lost=218 L=2.25 R=3.15
th=120 steer=18.0 ex=0.00cm ang=0.0deg z=0.0cm tg=0.00 mode=0 conf=0.00 lost=226 L=2.25 R=3.15
th=120 steer=18.0 ex=0.00cm ang=0.0deg z=0.0cm tg=0.00 mode=0 conf=0.00 lost=234 L=2.25 R=3.15
th=120 steer=18.0 ex=0.00cm ang=0.0deg z=0.0cm tg=0.00 mode=0 conf=0.00 lost=242 L=2.25 R=3.15
th=120 steer=18.0 ex=0.00cm ang=0.0deg z=0.0cm tg=0.00 mode=0 conf=0.00 lost=250 L=2.25 R=3.15
th=120 steer=18.0 ex=0.00cm ang=0.0deg z=0.0cm tg=0.00 mode=0 conf=0.00 lost=258 L=2.25 R=3.15
th=120 steer=18.0 ex=0.00cm ang=0.0deg z=0.0cm tg=0.00 mode=0 conf=0.00 lost=266 L=2.25 R=3.15
th=120 steer=18.0 ex=0.00cm ang=0.0deg z=0.0cm tg=0.00 mode=0 conf=0.00 lost=274 L=2.25 R=3.15
th=120 steer=18.0 ex=0.00cm ang=0.0deg z=0.0cm tg=0.00 mode=0 conf=0.00 lost=282 L=2.25 R=3.15
th=120 steer=18.0 ex=0.00cm ang=0.0deg z=0.0cm tg=0.00 mode=0 conf=0.00 lost=290 L=2.25 R=3.15
th=120 steer=18.0 ex=0.00cm ang=0.0deg z=0.0cm tg=0.00 mode=0 conf=0.00 lost=298 L=2.25 R=3.15
th=120 steer=18.0 ex=0.00cm ang=0.0deg z=0.0cm tg=0.00 mode=0 conf=0.00 lost=306 L=2.25 R=3.15
th=120 steer=23.2 ex=0.16cm ang=82.6deg z=47.5cm tg=0.00 mode=0 conf=0.58 lost=0 L=2.12 R=3.28
th=120 steer=-25.9 ex=0.00cm ang=0.0deg z=0.0cm tg=0.00 mode=0 conf=0.00 lost=1 L=3.35 R=2.05
th=120 steer=-18.0 ex=0.00cm ang=0.0deg z=0.0cm tg=0.00 mode=0 conf=0.00 lost=8 L=3.15 R=2.25
th=120 steer=-18.0 ex=0.00cm ang=0.0deg z=0.0cm tg=0.00 mode=0 conf=0.00 lost=16 L=3.15 R=2.25
th=120 steer=-18.0 ex=0.00cm ang=0.0deg z=0.0cm tg=0.00 mode=0 conf=0.00 lost=24 L=3.15 R=2.25
th=120 steer=-18.0 ex=0.00cm ang=0.0deg z=0.0cm tg=0.00 mode=0 conf=0.00 lost=32 L=3.15 R=2.25
th=120 steer=-18.0 ex=0.00cm ang=0.0deg z=0.0cm tg=0.00 mode=0 conf=0.00 lost=40 L=3.15 R=2.25
th=120 steer=-18.0 ex=0.00cm ang=0.0deg z=0.0cm tg=0.00 mode=0 conf=0.00 lost=48 L=3.15 R=2.25
th=120 steer=-18.0 ex=0.00cm ang=0.0deg z=0.0cm tg=0.00 mode=0 conf=0.00 lost=56 L=3.15 R=2.25
th=120 steer=-18.0 ex=0.00cm ang=0.0deg z=0.0cm tg=0.00 mode=0 conf=0.00 lost=64 L=3.15 R=2.25
th=120 steer=-18.0 ex=0.00cm ang=0.0deg z=0.0cm tg=0.00 mode=0 conf=0.00 lost=72 L=3.15 R=2.25
th=120 steer=-18.0 ex=0.00cm ang=0.0deg z=0.0cm tg=0.00 mode=0 conf=0.00 lost=80 L=3.15 R=2.25
th=120 steer=-18.0 ex=0.00cm ang=0.0deg z=0.0cm tg=0.00 mode=0 conf=0.00 lost=88 L=3.15 R=2.25
th=120 steer=-18.0 ex=0.00cm ang=0.0deg z=0.0cm tg=0.00 mode=0 conf=0.00 lost=96 L=3.15 R=2.25
th=120 steer=-18.0 ex=0.00cm ang=0.0deg z=0.0cm tg=0.00 mode=0 conf=0.00 lost=104 L=3.15 R=2.25
th=120 steer=-18.0 ex=0.00cm ang=0.0deg z=0.0cm tg=0.00 mode=0 conf=0.00 lost=112 L=3.15 R=2.25
th=120 steer=-18.0 ex=0.00cm ang=0.0deg z=0.0cm tg=0.00 mode=0 conf=0.00 lost=120 L=3.15 R=2.25
th=120 steer=-18.0 ex=0.00cm ang=0.0deg z=0.0cm tg=0.00 mode=0 conf=0.00 lost=128 L=3.15 R=2.25
th=120 steer=-18.0 ex=0.00cm ang=0.0deg z=0.0cm tg=0.00 mode=0 conf=0.00 lost=136 L=3.15 R=2.25
INFO: line_follow_transfer: Terminating.
