WARNING: Solid "track_overlay" > Shape  > PBRAppearance "PBRAppearance" > ImageTexture : Texture image size of 'D:/用户/Lenovo/桌面/Robocup/generated/track_with_obstacle_start.png' is not a power of two: rescaling it from 3820x2600 to 4096x4096.
INFO: line_follow_transfer: Starting controller: python.exe -u line_follow_transfer.py
line_follow_transfer: camera=320x240, timestep=32ms
th=120 steer=-28.1 ex=-15.04cm ang=-0.4deg z=140.2cm tg=0.80 mode=1 conf=0.70 lost=0 L=2.26 R=1.23
th=120 steer=-22.9 ex=-18.27cm ang=-2.0deg z=140.2cm tg=0.80 mode=1 conf=0.67 lost=0 L=2.17 R=1.33
th=120 steer=2.3 ex=7.20cm ang=-0.7deg z=140.2cm tg=0.80 mode=1 conf=0.52 lost=0 L=1.71 R=1.79
th=120 steer=0.3 ex=15.74cm ang=-36.0deg z=140.2cm tg=0.80 mode=1 conf=0.39 lost=0 L=1.74 R=1.75
th=120 steer=-0.5 ex=16.09cm ang=-36.5deg z=140.2cm tg=0.80 mode=1 conf=0.66 lost=0 L=1.76 R=1.74
th=120 steer=-2.9 ex=16.43cm ang=-36.6deg z=140.2cm tg=0.80 mode=1 conf=0.62 lost=0 L=1.80 R=1.69
th=120 steer=24.8 ex=18.81cm ang=6.9deg z=140.2cm tg=0.80 mode=1 conf=0.38 lost=0 L=1.29 R=2.20
th=120 steer=8.0 ex=18.46cm ang=-31.3deg z=140.2cm tg=0.80 mode=1 conf=0.41 lost=0 L=1.60 R=1.90
th=120 steer=35.7 ex=19.43cm ang=32.8deg z=77.5cm tg=0.80 mode=1 conf=0.64 lost=0 L=1.09 R=2.40
th=120 steer=24.4 ex=21.11cm ang=25.3deg z=77.5cm tg=1.00 mode=1 conf=0.00 lost=1 L=1.00 R=1.90
th=120 steer=24.3 ex=20.92cm ang=25.0deg z=77.5cm tg=1.00 mode=1 conf=0.00 lost=1 L=1.00 R=1.90
th=120 steer=24.1 ex=19.43cm ang=24.3deg z=77.5cm tg=1.00 mode=1 conf=0.00 lost=2 L=1.01 R=1.89
th=120 steer=-24.7 ex=-27.67cm ang=-7.5deg z=140.2cm tg=1.00 mode=1 conf=0.00 lost=1 L=1.90 R=0.99
th=120 steer=24.1 ex=18.85cm ang=33.2deg z=77.5cm tg=1.00 mode=1 conf=0.00 lost=3 L=1.01 R=1.89
th=120 steer=-24.6 ex=-27.78cm ang=-7.3deg z=140.2cm tg=1.00 mode=1 conf=0.00 lost=4 L=1.90 R=1.00
th=120 steer=23.3 ex=21.05cm ang=26.1deg z=77.5cm tg=1.00 mode=1 conf=0.00 lost=1 L=1.02 R=1.88
th=120 steer=-25.0 ex=-27.90cm ang=-6.4deg z=140.2cm tg=1.00 mode=1 conf=0.00 lost=5 L=1.91 R=0.99
th=120 steer=23.7 ex=18.20cm ang=34.0deg z=77.5cm tg=1.00 mode=1 conf=0.00 lost=5 L=1.01 R=1.88
th=120 steer=-36.1 ex=-28.02cm ang=-39.8deg z=140.2cm tg=0.80 mode=1 conf=0.65 lost=0 L=2.41 R=1.08
th=120 steer=24.4 ex=20.40cm ang=26.4deg z=77.5cm tg=1.00 mode=1 conf=0.00 lost=3 L=1.00 R=1.90
th=120 steer=-25.2 ex=-28.02cm ang=-40.1deg z=140.2cm tg=1.00 mode=1 conf=0.00 lost=5 L=1.91 R=0.99
th=120 steer=-11.0 ex=-28.02cm ang=-40.1deg z=140.2cm tg=1.00 mode=1 conf=0.00 lost=13 L=1.65 R=1.25
th=120 steer=-11.0 ex=-28.02cm ang=-40.1deg z=140.2cm tg=1.00 mode=1 conf=0.00 lost=21 L=1.65 R=1.25
th=120 steer=22.7 ex=13.88cm ang=42.7deg z=77.5cm tg=1.00 mode=1 conf=0.00 lost=5 L=1.03 R=1.87
th=120 steer=11.0 ex=13.88cm ang=42.7deg z=77.5cm tg=1.00 mode=1 conf=0.00 lost=13 L=1.25 R=1.65
th=120 steer=11.0 ex=13.88cm ang=42.7deg z=77.5cm tg=1.00 mode=1 conf=0.00 lost=21 L=1.25 R=1.65
th=120 steer=11.0 ex=13.88cm ang=42.7deg z=77.5cm tg=1.00 mode=1 conf=0.00 lost=29 L=1.25 R=1.65
th=120 steer=-25.4 ex=-28.02cm ang=-53.7deg z=140.2cm tg=1.00 mode=1 conf=0.00 lost=2 L=1.92 R=0.98
th=120 steer=-11.0 ex=-28.02cm ang=-53.7deg z=140.2cm tg=1.00 mode=1 conf=0.00 lost=10 L=1.65 R=1.25
th=120 steer=23.0 ex=13.36cm ang=30.4deg z=77.5cm tg=1.00 mode=1 conf=0.00 lost=1 L=1.03 R=1.87
th=120 steer=11.0 ex=13.36cm ang=30.4deg z=77.5cm tg=1.00 mode=1 conf=0.00 lost=9 L=1.25 R=1.65
th=120 steer=11.0 ex=13.36cm ang=30.4deg z=77.5cm tg=1.00 mode=1 conf=0.00 lost=17 L=1.25 R=1.65
th=120 steer=11.0 ex=13.36cm ang=30.4deg z=77.5cm tg=1.00 mode=1 conf=0.00 lost=25 L=1.25 R=1.65
th=120 steer=-25.2 ex=-27.78cm ang=-53.0deg z=140.2cm tg=1.00 mode=1 conf=0.00 lost=4 L=1.91 R=0.98
th=120 steer=-11.0 ex=-27.78cm ang=-53.0deg z=140.2cm tg=1.00 mode=1 conf=0.00 lost=12 L=1.65 R=1.25
th=120 steer=-11.0 ex=-27.78cm ang=-53.0deg z=140.2cm tg=1.00 mode=1 conf=0.00 lost=20 L=1.65 R=1.25
th=120 steer=-11.0 ex=-27.78cm ang=-53.0deg z=140.2cm tg=1.00 mode=1 conf=0.00 lost=28 L=1.65 R=1.25
th=120 steer=22.5 ex=9.17cm ang=36.5deg z=77.5cm tg=1.00 mode=1 conf=0.00 lost=2 L=1.04 R=1.86
th=120 steer=11.0 ex=9.17cm ang=36.5deg z=77.5cm tg=1.00 mode=1 conf=0.00 lost=10 L=1.25 R=1.65
th=120 steer=11.0 ex=9.17cm ang=36.5deg z=77.5cm tg=1.00 mode=1 conf=0.00 lost=18 L=1.25 R=1.65
th=120 steer=11.0 ex=9.17cm ang=36.5deg z=77.5cm tg=1.00 mode=1 conf=0.00 lost=26 L=1.25 R=1.65
th=120 steer=11.0 ex=9.17cm ang=36.5deg z=77.5cm tg=1.00 mode=1 conf=0.00 lost=34 L=1.25 R=1.65
th=120 steer=11.0 ex=9.17cm ang=36.5deg z=77.5cm tg=1.00 mode=1 conf=0.00 lost=42 L=1.25 R=1.65
th=120 steer=11.0 ex=9.17cm ang=36.5deg z=77.5cm tg=1.00 mode=1 conf=0.00 lost=50 L=1.25 R=1.65
th=120 steer=-35.9 ex=-27.55cm ang=-54.7deg z=140.2cm tg=0.80 mode=1 conf=0.56 lost=0 L=2.41 R=1.09
th=120 steer=-11.0 ex=-27.55cm ang=-54.7deg z=140.2cm tg=1.00 mode=1 conf=0.00 lost=8 L=1.65 R=1.25
th=120 steer=-11.0 ex=-27.55cm ang=-54.7deg z=140.2cm tg=1.00 mode=1 conf=0.00 lost=16 L=1.65 R=1.25
th=120 steer=-11.0 ex=-27.55cm ang=-54.7deg z=140.2cm tg=1.00 mode=1 conf=0.00 lost=24 L=1.65 R=1.25
th=120 steer=-11.0 ex=-27.55cm ang=-54.7deg z=140.2cm tg=1.00 mode=1 conf=0.00 lost=32 L=1.65 R=1.25
th=120 steer=-11.0 ex=-27.55cm ang=-54.7deg z=140.2cm tg=1.00 mode=1 conf=0.00 lost=40 L=1.65 R=1.25
th=120 steer=-11.0 ex=-27.55cm ang=-54.7deg z=140.2cm tg=1.00 mode=1 conf=0.00 lost=48 L=1.65 R=1.25
th=120 steer=-11.0 ex=-27.55cm ang=-54.7deg z=140.2cm tg=1.00 mode=1 conf=0.00 lost=56 L=1.65 R=1.25
th=120 steer=-11.0 ex=-27.55cm ang=-54.7deg z=140.2cm tg=1.00 mode=1 conf=0.00 lost=64 L=1.65 R=1.25
th=120 steer=-11.0 ex=-27.55cm ang=-54.7deg z=140.2cm tg=1.00 mode=1 conf=0.00 lost=72 L=1.65 R=1.25
th=120 steer=-11.0 ex=-27.55cm ang=-54.7deg z=140.2cm tg=1.00 mode=1 conf=0.00 lost=80 L=1.65 R=1.25
th=120 steer=-11.0 ex=-27.55cm ang=-54.7deg z=140.2cm tg=1.00 mode=1 conf=0.00 lost=88 L=1.65 R=1.25
th=120 steer=-11.0 ex=-27.55cm ang=-54.7deg z=140.2cm tg=1.00 mode=1 conf=0.00 lost=96 L=1.65 R=1.25
th=120 steer=-11.0 ex=-27.55cm ang=-54.7deg z=140.2cm tg=1.00 mode=1 conf=0.00 lost=104 L=1.65 R=1.25
th=120 steer=-11.0 ex=-27.55cm ang=-54.7deg z=140.2cm tg=1.00 mode=1 conf=0.00 lost=112 L=1.65 R=1.25
th=120 steer=-11.0 ex=-27.55cm ang=-54.7deg z=140.2cm tg=1.00 mode=1 conf=0.00 lost=120 L=1.65 R=1.25
th=120 steer=35.3 ex=25.44cm ang=35.4deg z=77.5cm tg=0.80 mode=1 conf=0.48 lost=0 L=1.10 R=2.40
th=120 steer=11.0 ex=25.44cm ang=35.4deg z=77.5cm tg=1.00 mode=1 conf=0.00 lost=8 L=1.25 R=1.65
th=120 steer=11.0 ex=25.44cm ang=35.4deg z=77.5cm tg=1.00 mode=1 conf=0.00 lost=16 L=1.25 R=1.65
th=120 steer=11.0 ex=25.44cm ang=35.4deg z=77.5cm tg=1.00 mode=1 conf=0.00 lost=24 L=1.25 R=1.65
th=120 steer=24.9 ex=32.47cm ang=36.4deg z=77.5cm tg=1.00 mode=1 conf=0.00 lost=3 L=0.99 R=1.91
th=120 steer=11.0 ex=32.47cm ang=36.4deg z=77.5cm tg=1.00 mode=1 conf=0.00 lost=11 L=1.25 R=1.65
th=120 steer=11.0 ex=32.47cm ang=36.4deg z=77.5cm tg=1.00 mode=1 conf=0.00 lost=19 L=1.25 R=1.65
th=120 steer=11.0 ex=32.47cm ang=36.4deg z=77.5cm tg=1.00 mode=1 conf=0.00 lost=27 L=1.25 R=1.65
th=120 steer=11.0 ex=32.47cm ang=36.4deg z=77.5cm tg=1.00 mode=1 conf=0.00 lost=35 L=1.25 R=1.65
th=120 steer=11.0 ex=32.47cm ang=36.4deg z=77.5cm tg=1.00 mode=1 conf=0.00 lost=43 L=1.25 R=1.65
th=120 steer=11.0 ex=32.47cm ang=36.4deg z=77.5cm tg=1.00 mode=1 conf=0.00 lost=51 L=1.25 R=1.65
th=120 steer=11.0 ex=32.47cm ang=36.4deg z=77.5cm tg=1.00 mode=1 conf=0.00 lost=59 L=1.25 R=1.65
th=120 steer=11.0 ex=32.47cm ang=36.4deg z=77.5cm tg=1.00 mode=1 conf=0.00 lost=67 L=1.25 R=1.65
th=120 steer=11.0 ex=32.47cm ang=36.4deg z=77.5cm tg=1.00 mode=1 conf=0.00 lost=75 L=1.25 R=1.65
th=120 steer=11.0 ex=32.47cm ang=36.4deg z=77.5cm tg=1.00 mode=1 conf=0.00 lost=83 L=1.25 R=1.65
th=120 steer=11.0 ex=32.47cm ang=36.4deg z=77.5cm tg=1.00 mode=1 conf=0.00 lost=91 L=1.25 R=1.65
th=120 steer=11.0 ex=32.47cm ang=36.4deg z=77.5cm tg=1.00 mode=1 conf=0.00 lost=99 L=1.25 R=1.65
th=120 steer=11.0 ex=32.47cm ang=36.4deg z=77.5cm tg=1.00 mode=1 conf=0.00 lost=107 L=1.25 R=1.65
th=120 steer=11.0 ex=32.47cm ang=36.4deg z=77.5cm tg=1.00 mode=1 conf=0.00 lost=115 L=1.25 R=1.65
th=120 steer=11.0 ex=32.47cm ang=36.4deg z=77.5cm tg=1.00 mode=1 conf=0.00 lost=123 L=1.25 R=1.65
th=120 steer=11.0 ex=32.47cm ang=36.4deg z=77.5cm tg=1.00 mode=1 conf=0.00 lost=131 L=1.25 R=1.65
th=120 steer=11.0 ex=32.47cm ang=36.4deg z=77.5cm tg=1.00 mode=1 conf=0.00 lost=139 L=1.25 R=1.65
th=120 steer=11.0 ex=32.47cm ang=36.4deg z=77.5cm tg=1.00 mode=1 conf=0.00 lost=147 L=1.25 R=1.65
th=120 steer=11.0 ex=32.47cm ang=36.4deg z=77.5cm tg=1.00 mode=1 conf=0.00 lost=155 L=1.25 R=1.65
th=120 steer=11.0 ex=32.47cm ang=36.4deg z=77.5cm tg=1.00 mode=1 conf=0.00 lost=163 L=1.25 R=1.65
th=120 steer=11.0 ex=32.47cm ang=36.4deg z=77.5cm tg=1.00 mode=1 conf=0.00 lost=171 L=1.25 R=1.65
th=120 steer=11.0 ex=32.47cm ang=36.4deg z=77.5cm tg=1.00 mode=1 conf=0.00 lost=179 L=1.25 R=1.65
th=120 steer=-25.3 ex=-28.37cm ang=-5.9deg z=140.2cm tg=1.00 mode=1 conf=0.00 lost=3 L=1.92 R=0.98
th=120 steer=-11.0 ex=-28.37cm ang=-5.9deg z=140.2cm tg=1.00 mode=1 conf=0.00 lost=11 L=1.65 R=1.25
th=120 steer=-11.0 ex=-28.37cm ang=-5.9deg z=140.2cm tg=1.00 mode=1 conf=0.00 lost=19 L=1.65 R=1.25
th=120 steer=-11.0 ex=-28.37cm ang=-5.9deg z=140.2cm tg=1.00 mode=1 conf=0.00 lost=27 L=1.65 R=1.25
th=120 steer=-11.0 ex=-28.37cm ang=-5.9deg z=140.2cm tg=1.00 mode=1 conf=0.00 lost=35 L=1.65 R=1.25
th=120 steer=-11.0 ex=-28.37cm ang=-5.9deg z=140.2cm tg=1.00 mode=1 conf=0.00 lost=43 L=1.65 R=1.25
th=120 steer=-11.0 ex=-28.37cm ang=-5.9deg z=140.2cm tg=1.00 mode=1 conf=0.00 lost=51 L=1.65 R=1.25
th=120 steer=-11.0 ex=-28.37cm ang=-5.9deg z=140.2cm tg=1.00 mode=1 conf=0.00 lost=59 L=1.65 R=1.25
th=120 steer=-11.0 ex=-28.37cm ang=-5.9deg z=140.2cm tg=1.00 mode=1 conf=0.00 lost=67 L=1.65 R=1.25
th=120 steer=-11.0 ex=-28.37cm ang=-5.9deg z=140.2cm tg=1.00 mode=1 conf=0.00 lost=75 L=1.65 R=1.25
th=120 steer=-11.0 ex=-28.37cm ang=-5.9deg z=140.2cm tg=1.00 mode=1 conf=0.00 lost=83 L=1.65 R=1.25
th=120 steer=-11.0 ex=-28.37cm ang=-5.9deg z=140.2cm tg=1.00 mode=1 conf=0.00 lost=91 L=1.65 R=1.25
th=120 steer=-11.0 ex=-28.37cm ang=-5.9deg z=140.2cm tg=1.00 mode=1 conf=0.00 lost=99 L=1.65 R=1.25
th=120 steer=-11.0 ex=-28.37cm ang=-5.9deg z=140.2cm tg=1.00 mode=1 conf=0.00 lost=107 L=1.65 R=1.25
th=120 steer=-11.0 ex=-28.37cm ang=-5.9deg z=140.2cm tg=1.00 mode=1 conf=0.00 lost=115 L=1.65 R=1.25
th=120 steer=-11.0 ex=-28.37cm ang=-5.9deg z=140.2cm tg=1.00 mode=1 conf=0.00 lost=123 L=1.65 R=1.25
th=120 steer=-11.0 ex=-28.37cm ang=-5.9deg z=140.2cm tg=1.00 mode=1 conf=0.00 lost=131 L=1.65 R=1.25
th=120 steer=-11.0 ex=-28.37cm ang=-5.9deg z=140.2cm tg=1.00 mode=1 conf=0.00 lost=139 L=1.65 R=1.25
th=120 steer=-11.0 ex=-28.37cm ang=-5.9deg z=140.2cm tg=1.00 mode=1 conf=0.00 lost=147 L=1.65 R=1.25
th=120 steer=-11.0 ex=-28.37cm ang=-5.9deg z=140.2cm tg=1.00 mode=1 conf=0.00 lost=155 L=1.65 R=1.25
th=120 steer=-11.0 ex=-28.37cm ang=-5.9deg z=140.2cm tg=1.00 mode=1 conf=0.00 lost=163 L=1.65 R=1.25
th=120 steer=-11.0 ex=-28.37cm ang=-5.9deg z=140.2cm tg=1.00 mode=1 conf=0.00 lost=171 L=1.65 R=1.25
th=120 steer=-11.0 ex=-28.37cm ang=-5.9deg z=140.2cm tg=1.00 mode=1 conf=0.00 lost=179 L=1.65 R=1.25
th=120 steer=-11.0 ex=-28.37cm ang=-5.9deg z=140.2cm tg=1.00 mode=1 conf=0.00 lost=187 L=1.65 R=1.25
th=120 steer=-11.0 ex=-28.37cm ang=-5.9deg z=140.2cm tg=1.00 mode=1 conf=0.00 lost=195 L=1.65 R=1.25
th=120 steer=-11.0 ex=-28.37cm ang=-5.9deg z=140.2cm tg=1.00 mode=1 conf=0.00 lost=203 L=1.65 R=1.25
th=120 steer=-11.0 ex=-28.37cm ang=-5.9deg z=140.2cm tg=1.00 mode=1 conf=0.00 lost=211 L=1.65 R=1.25
th=120 steer=-7.5 ex=-13.94cm ang=53.5deg z=77.5cm tg=0.80 mode=1 conf=0.40 lost=0 L=1.89 R=1.61
th=120 steer=-12.6 ex=-22.61cm ang=60.9deg z=77.5cm tg=0.80 mode=1 conf=0.45 lost=0 L=1.98 R=1.52
th=120 steer=-11.0 ex=-22.61cm ang=60.9deg z=77.5cm tg=1.00 mode=1 conf=0.00 lost=8 L=1.65 R=1.25
th=120 steer=-11.0 ex=-22.61cm ang=60.9deg z=77.5cm tg=1.00 mode=1 conf=0.00 lost=16 L=1.65 R=1.25
th=120 steer=-11.0 ex=-22.61cm ang=60.9deg z=77.5cm tg=1.00 mode=1 conf=0.00 lost=24 L=1.65 R=1.25
th=120 steer=-11.0 ex=-22.61cm ang=60.9deg z=77.5cm tg=1.00 mode=1 conf=0.00 lost=32 L=1.65 R=1.25
th=120 steer=-11.0 ex=-22.61cm ang=60.9deg z=77.5cm tg=1.00 mode=1 conf=0.00 lost=40 L=1.65 R=1.25
th=120 steer=-11.0 ex=-22.61cm ang=60.9deg z=77.5cm tg=1.00 mode=1 conf=0.00 lost=48 L=1.65 R=1.25
th=120 steer=-11.0 ex=-22.61cm ang=60.9deg z=77.5cm tg=1.00 mode=1 conf=0.00 lost=56 L=1.65 R=1.25
th=120 steer=-11.0 ex=-22.61cm ang=60.9deg z=77.5cm tg=1.00 mode=1 conf=0.00 lost=64 L=1.65 R=1.25
th=120 steer=-11.0 ex=-22.61cm ang=60.9deg z=77.5cm tg=1.00 mode=1 conf=0.00 lost=72 L=1.65 R=1.25
th=120 steer=-11.0 ex=-22.61cm ang=60.9deg z=77.5cm tg=1.00 mode=1 conf=0.00 lost=80 L=1.65 R=1.25
th=120 steer=-11.0 ex=-22.61cm ang=60.9deg z=77.5cm tg=1.00 mode=1 conf=0.00 lost=88 L=1.65 R=1.25
th=120 steer=-11.0 ex=-22.61cm ang=60.9deg z=77.5cm tg=1.00 mode=1 conf=0.00 lost=96 L=1.65 R=1.25
th=120 steer=-11.0 ex=-22.61cm ang=60.9deg z=77.5cm tg=1.00 mode=1 conf=0.00 lost=104 L=1.65 R=1.25
th=120 steer=-11.0 ex=-22.61cm ang=60.9deg z=77.5cm tg=1.00 mode=1 conf=0.00 lost=112 L=1.65 R=1.25
th=120 steer=-11.0 ex=-22.61cm ang=60.9deg z=77.5cm tg=1.00 mode=1 conf=0.00 lost=120 L=1.65 R=1.25
th=120 steer=-11.0 ex=-22.61cm ang=60.9deg z=77.5cm tg=1.00 mode=1 conf=0.00 lost=128 L=1.65 R=1.25
th=120 steer=-11.0 ex=-22.61cm ang=60.9deg z=77.5cm tg=1.00 mode=1 conf=0.00 lost=136 L=1.65 R=1.25
th=120 steer=-11.0 ex=-22.61cm ang=60.9deg z=77.5cm tg=1.00 mode=1 conf=0.00 lost=144 L=1.65 R=1.25
th=120 steer=-11.0 ex=-22.61cm ang=60.9deg z=77.5cm tg=1.00 mode=1 conf=0.00 lost=152 L=1.65 R=1.25
th=120 steer=-11.0 ex=-22.61cm ang=60.9deg z=77.5cm tg=1.00 mode=1 conf=0.00 lost=160 L=1.65 R=1.25
th=120 steer=-11.0 ex=-22.61cm ang=60.9deg z=77.5cm tg=1.00 mode=1 conf=0.00 lost=168 L=1.65 R=1.25
th=120 steer=-11.0 ex=-22.61cm ang=60.9deg z=77.5cm tg=1.00 mode=1 conf=0.00 lost=176 L=1.65 R=1.25
th=120 steer=-11.0 ex=-22.61cm ang=60.9deg z=77.5cm tg=1.00 mode=1 conf=0.00 lost=184 L=1.65 R=1.25
th=120 steer=-11.0 ex=-22.61cm ang=60.9deg z=77.5cm tg=1.00 mode=1 conf=0.00 lost=192 L=1.65 R=1.25
th=120 steer=-11.0 ex=-22.61cm ang=60.9deg z=77.5cm tg=1.00 mode=1 conf=0.00 lost=200 L=1.65 R=1.25
th=120 steer=-11.0 ex=-22.61cm ang=60.9deg z=77.5cm tg=1.00 mode=1 conf=0.00 lost=208 L=1.65 R=1.25
th=120 steer=-11.0 ex=-22.61cm ang=60.9deg z=77.5cm tg=1.00 mode=1 conf=0.00 lost=216 L=1.65 R=1.25
th=120 steer=-11.0 ex=-22.61cm ang=60.9deg z=77.5cm tg=1.00 mode=1 conf=0.00 lost=224 L=1.65 R=1.25
th=115 steer=-11.0 ex=-22.61cm ang=60.9deg z=77.5cm tg=1.00 mode=1 conf=0.00 lost=232 L=1.65 R=1.25
th=115 steer=-11.0 ex=-22.61cm ang=60.9deg z=77.5cm tg=1.00 mode=1 conf=0.00 lost=240 L=1.65 R=1.25
th=115 steer=-11.0 ex=-22.61cm ang=60.9deg z=77.5cm tg=1.00 mode=1 conf=0.00 lost=248 L=1.65 R=1.25
th=115 steer=-11.0 ex=-22.61cm ang=60.9deg z=77.5cm tg=1.00 mode=1 conf=0.00 lost=256 L=1.65 R=1.25
th=115 steer=-11.0 ex=-22.61cm ang=60.9deg z=77.5cm tg=1.00 mode=1 conf=0.00 lost=264 L=1.65 R=1.25
th=115 steer=-11.0 ex=-22.61cm ang=60.9deg z=77.5cm tg=1.00 mode=1 conf=0.00 lost=272 L=1.65 R=1.25
th=115 steer=-11.0 ex=-22.61cm ang=60.9deg z=77.5cm tg=1.00 mode=1 conf=0.00 lost=280 L=1.65 R=1.25
th=115 steer=-11.0 ex=-22.61cm ang=60.9deg z=77.5cm tg=1.00 mode=1 conf=0.00 lost=288 L=1.65 R=1.25
th=115 steer=-11.0 ex=-22.61cm ang=60.9deg z=77.5cm tg=1.00 mode=1 conf=0.00 lost=296 L=1.65 R=1.25
th=115 steer=-11.0 ex=-22.61cm ang=60.9deg z=77.5cm tg=1.00 mode=1 conf=0.00 lost=304 L=1.65 R=1.25
th=115 steer=-11.0 ex=-22.61cm ang=60.9deg z=77.5cm tg=1.00 mode=1 conf=0.00 lost=312 L=1.65 R=1.25
th=115 steer=-11.0 ex=-22.61cm ang=60.9deg z=77.5cm tg=1.00 mode=1 conf=0.00 lost=320 L=1.65 R=1.25
th=115 steer=-11.0 ex=-22.61cm ang=60.9deg z=77.5cm tg=1.00 mode=1 conf=0.00 lost=328 L=1.65 R=1.25
th=115 steer=-11.0 ex=-22.61cm ang=60.9deg z=77.5cm tg=1.00 mode=1 conf=0.00 lost=336 L=1.65 R=1.25
th=115 steer=-11.0 ex=-22.61cm ang=60.9deg z=77.5cm tg=1.00 mode=1 conf=0.00 lost=344 L=1.65 R=1.25
th=115 steer=-11.0 ex=-22.61cm ang=60.9deg z=77.5cm tg=1.00 mode=1 conf=0.00 lost=352 L=1.65 R=1.25
th=115 steer=-11.0 ex=-22.61cm ang=60.9deg z=77.5cm tg=1.00 mode=1 conf=0.00 lost=360 L=1.65 R=1.25
th=115 steer=-11.0 ex=-22.61cm ang=60.9deg z=77.5cm tg=1.00 mode=1 conf=0.00 lost=368 L=1.65 R=1.25
th=115 steer=-11.0 ex=-22.61cm ang=60.9deg z=77.5cm tg=1.00 mode=1 conf=0.00 lost=376 L=1.65 R=1.25
th=115 steer=-11.0 ex=-22.61cm ang=60.9deg z=77.5cm tg=1.00 mode=1 conf=0.00 lost=384 L=1.65 R=1.25
th=116 steer=-11.0 ex=-22.61cm ang=60.9deg z=77.5cm tg=1.00 mode=1 conf=0.00 lost=392 L=1.65 R=1.25
th=120 steer=-11.0 ex=-22.61cm ang=60.9deg z=77.5cm tg=1.00 mode=1 conf=0.00 lost=400 L=1.65 R=1.25
th=115 steer=-11.0 ex=-22.61cm ang=60.9deg z=77.5cm tg=1.00 mode=1 conf=0.00 lost=408 L=1.65 R=1.25
th=120 steer=-11.0 ex=-22.61cm ang=60.9deg z=77.5cm tg=1.00 mode=1 conf=0.00 lost=416 L=1.65 R=1.25
th=120 steer=-11.0 ex=-22.61cm ang=60.9deg z=77.5cm tg=1.00 mode=1 conf=0.00 lost=424 L=1.65 R=1.25
th=120 steer=-11.0 ex=-22.61cm ang=60.9deg z=77.5cm tg=1.00 mode=1 conf=0.00 lost=432 L=1.65 R=1.25
th=120 steer=35.7 ex=50.67cm ang=29.1deg z=140.2cm tg=0.80 mode=1 conf=0.66 lost=0 L=1.09 R=2.41
th=115 steer=11.0 ex=50.67cm ang=29.1deg z=140.2cm tg=1.00 mode=1 conf=0.00 lost=8 L=1.25 R=1.65
th=115 steer=11.0 ex=50.67cm ang=29.1deg z=140.2cm tg=1.00 mode=1 conf=0.00 lost=16 L=1.25 R=1.65
th=115 steer=11.0 ex=50.67cm ang=29.1deg z=140.2cm tg=1.00 mode=1 conf=0.00 lost=24 L=1.25 R=1.65
th=115 steer=11.0 ex=50.67cm ang=29.1deg z=140.2cm tg=1.00 mode=1 conf=0.00 lost=32 L=1.25 R=1.65
th=72 steer=11.0 ex=50.67cm ang=29.1deg z=140.2cm tg=1.00 mode=1 conf=0.00 lost=40 L=1.25 R=1.65
th=72 steer=11.0 ex=50.67cm ang=29.1deg z=140.2cm tg=1.00 mode=1 conf=0.00 lost=48 L=1.25 R=1.65
th=72 steer=11.0 ex=50.67cm ang=29.1deg z=140.2cm tg=1.00 mode=1 conf=0.00 lost=56 L=1.25 R=1.65
th=72 steer=11.0 ex=50.67cm ang=29.1deg z=140.2cm tg=1.00 mode=1 conf=0.00 lost=64 L=1.25 R=1.65
th=72 steer=11.0 ex=50.67cm ang=29.1deg z=140.2cm tg=1.00 mode=1 conf=0.00 lost=72 L=1.25 R=1.65
th=72 steer=11.0 ex=50.67cm ang=29.1deg z=140.2cm tg=1.00 mode=1 conf=0.00 lost=80 L=1.25 R=1.65
th=72 steer=11.0 ex=50.67cm ang=29.1deg z=140.2cm tg=1.00 mode=1 conf=0.00 lost=88 L=1.25 R=1.65
th=72 steer=11.0 ex=50.67cm ang=29.1deg z=140.2cm tg=1.00 mode=1 conf=0.00 lost=96 L=1.25 R=1.65
th=72 steer=11.0 ex=50.67cm ang=29.1deg z=140.2cm tg=1.00 mode=1 conf=0.00 lost=104 L=1.25 R=1.65
th=72 steer=11.0 ex=50.67cm ang=29.1deg z=140.2cm tg=1.00 mode=1 conf=0.00 lost=112 L=1.25 R=1.65
th=72 steer=11.0 ex=50.67cm ang=29.1deg z=140.2cm tg=1.00 mode=1 conf=0.00 lost=120 L=1.25 R=1.65
th=72 steer=11.0 ex=50.67cm ang=29.1deg z=140.2cm tg=1.00 mode=1 conf=0.00 lost=128 L=1.25 R=1.65
th=72 steer=11.0 ex=50.67cm ang=29.1deg z=140.2cm tg=1.00 mode=1 conf=0.00 lost=136 L=1.25 R=1.65
th=72 steer=11.0 ex=50.67cm ang=29.1deg z=140.2cm tg=1.00 mode=1 conf=0.00 lost=144 L=1.25 R=1.65
th=72 steer=11.0 ex=50.67cm ang=29.1deg z=140.2cm tg=1.00 mode=1 conf=0.00 lost=152 L=1.25 R=1.65
th=72 steer=11.0 ex=50.67cm ang=29.1deg z=140.2cm tg=1.00 mode=1 conf=0.00 lost=160 L=1.25 R=1.65
th=72 steer=11.0 ex=50.67cm ang=29.1deg z=140.2cm tg=1.00 mode=1 conf=0.00 lost=168 L=1.25 R=1.65
th=72 steer=11.0 ex=50.67cm ang=29.1deg z=140.2cm tg=1.00 mode=1 conf=0.00 lost=176 L=1.25 R=1.65
th=72 steer=11.0 ex=50.67cm ang=29.1deg z=140.2cm tg=1.00 mode=1 conf=0.00 lost=184 L=1.25 R=1.65
th=72 steer=11.0 ex=50.67cm ang=29.1deg z=140.2cm tg=1.00 mode=1 conf=0.00 lost=192 L=1.25 R=1.65
th=72 steer=11.0 ex=50.67cm ang=29.1deg z=140.2cm tg=1.00 mode=1 conf=0.00 lost=200 L=1.25 R=1.65
th=72 steer=11.0 ex=50.67cm ang=29.1deg z=140.2cm tg=1.00 mode=1 conf=0.00 lost=208 L=1.25 R=1.65
th=72 steer=11.0 ex=50.67cm ang=29.1deg z=140.2cm tg=1.00 mode=1 conf=0.00 lost=216 L=1.25 R=1.65
th=72 steer=11.0 ex=50.67cm ang=29.1deg z=140.2cm tg=1.00 mode=1 conf=0.00 lost=224 L=1.25 R=1.65
th=72 steer=11.0 ex=50.67cm ang=29.1deg z=140.2cm tg=1.00 mode=1 conf=0.00 lost=232 L=1.25 R=1.65
th=72 steer=11.0 ex=50.67cm ang=29.1deg z=140.2cm tg=1.00 mode=1 conf=0.00 lost=240 L=1.25 R=1.65
th=72 steer=11.0 ex=50.67cm ang=29.1deg z=140.2cm tg=1.00 mode=1 conf=0.00 lost=248 L=1.25 R=1.65
th=72 steer=11.0 ex=50.67cm ang=29.1deg z=140.2cm tg=1.00 mode=1 conf=0.00 lost=256 L=1.25 R=1.65
th=72 steer=11.0 ex=50.67cm ang=29.1deg z=140.2cm tg=1.00 mode=1 conf=0.00 lost=264 L=1.25 R=1.65
th=72 steer=11.0 ex=50.67cm ang=29.1deg z=140.2cm tg=1.00 mode=1 conf=0.00 lost=272 L=1.25 R=1.65
th=72 steer=11.0 ex=50.67cm ang=29.1deg z=140.2cm tg=1.00 mode=1 conf=0.00 lost=280 L=1.25 R=1.65
th=72 steer=11.0 ex=50.67cm ang=29.1deg z=140.2cm tg=1.00 mode=1 conf=0.00 lost=288 L=1.25 R=1.65
th=72 steer=11.0 ex=50.67cm ang=29.1deg z=140.2cm tg=1.00 mode=1 conf=0.00 lost=296 L=1.25 R=1.65
th=72 steer=11.0 ex=50.67cm ang=29.1deg z=140.2cm tg=1.00 mode=1 conf=0.00 lost=304 L=1.25 R=1.65
th=72 steer=11.0 ex=50.67cm ang=29.1deg z=140.2cm tg=1.00 mode=1 conf=0.00 lost=312 L=1.25 R=1.65
th=72 steer=11.0 ex=50.67cm ang=29.1deg z=140.2cm tg=1.00 mode=1 conf=0.00 lost=320 L=1.25 R=1.65
th=72 steer=11.0 ex=50.67cm ang=29.1deg z=140.2cm tg=1.00 mode=1 conf=0.00 lost=328 L=1.25 R=1.65
INFO: line_follow_transfer: Terminating.
