WARNING: Solid "track_overlay" > Shape  > PBRAppearance "PBRAppearance" > ImageTexture : Texture image size of 'D:/用户/Lenovo/桌面/Robocup/generated/track_with_obstacle_start.png' is not a power of two: rescaling it from 3820x2600 to 4096x4096.
INFO: line_follow_transfer: Starting controller: python.exe -u line_follow_transfer.py
line_follow_transfer: camera=320x240, timestep=32ms
th=120 steer=-33.3 ex=-15.31cm ang=3.8deg z=77.5cm tg=0.00 mode=0 conf=0.62 lost=0 L=3.53 R=1.87
th=120 steer=-30.5 ex=0.00cm ang=0.0deg z=0.0cm tg=0.00 mode=0 conf=0.00 lost=1 L=3.46 R=1.94
th=120 steer=36.8 ex=0.00cm ang=0.0deg z=0.0cm tg=0.00 mode=0 conf=0.00 lost=1 L=1.78 R=3.62
th=120 steer=-43.3 ex=-20.18cm ang=-36.4deg z=80.4cm tg=0.00 mode=0 conf=0.19 lost=0 L=3.78 R=1.62
th=120 steer=43.1 ex=11.17cm ang=24.0deg z=77.5cm tg=0.00 mode=1 conf=0.70 lost=0 L=1.62 R=3.78
th=120 steer=14.5 ex=1.74cm ang=-36.6deg z=77.5cm tg=0.00 mode=1 conf=0.29 lost=0 L=2.34 R=3.06
th=120 steer=-3.3 ex=-1.51cm ang=-41.8deg z=77.5cm tg=0.00 mode=1 conf=0.24 lost=0 L=2.78 R=2.62
th=120 steer=7.2 ex=4.41cm ang=-49.5deg z=77.5cm tg=0.00 mode=1 conf=0.35 lost=0 L=2.52 R=2.88
th=120 steer=14.5 ex=6.03cm ang=-50.9deg z=77.5cm tg=0.00 mode=1 conf=0.43 lost=0 L=2.34 R=3.06
th=120 steer=-30.5 ex=-6.76cm ang=-52.0deg z=77.8cm tg=0.00 mode=1 conf=0.46 lost=0 L=3.46 R=1.94
th=120 steer=9.1 ex=4.64cm ang=-46.7deg z=72.4cm tg=0.00 mode=1 conf=0.32 lost=0 L=2.47 R=2.93
th=120 steer=7.6 ex=4.94cm ang=-47.8deg z=72.4cm tg=0.00 mode=1 conf=0.36 lost=0 L=2.51 R=2.89
th=120 steer=43.0 ex=16.64cm ang=33.1deg z=72.4cm tg=0.00 mode=0 conf=0.47 lost=0 L=1.63 R=3.77
th=120 steer=-33.5 ex=0.00cm ang=0.0deg z=0.0cm tg=0.00 mode=0 conf=0.00 lost=2 L=3.54 R=1.86
th=120 steer=-33.5 ex=0.00cm ang=0.0deg z=0.0cm tg=0.00 mode=0 conf=0.00 lost=1 L=3.54 R=1.86
th=120 steer=34.9 ex=0.00cm ang=0.0deg z=0.0cm tg=0.00 mode=0 conf=0.00 lost=1 L=1.83 R=3.57
th=120 steer=-33.5 ex=0.00cm ang=0.0deg z=0.0cm tg=0.00 mode=0 conf=0.00 lost=1 L=3.54 R=1.86
th=120 steer=33.6 ex=0.00cm ang=0.0deg z=0.0cm tg=0.00 mode=0 conf=0.00 lost=4 L=1.86 R=3.54
th=120 steer=-34.2 ex=0.00cm ang=0.0deg z=0.0cm tg=0.00 mode=0 conf=0.00 lost=1 L=3.56 R=1.84
th=120 steer=35.5 ex=0.00cm ang=0.0deg z=0.0cm tg=0.00 mode=0 conf=0.00 lost=2 L=1.81 R=3.59
th=120 steer=35.5 ex=0.00cm ang=0.0deg z=0.0cm tg=0.00 mode=0 conf=0.00 lost=1 L=1.81 R=3.59
th=120 steer=-33.8 ex=0.00cm ang=0.0deg z=0.0cm tg=0.00 mode=0 conf=0.00 lost=2 L=3.55 R=1.85
th=120 steer=35.4 ex=0.00cm ang=0.0deg z=0.0cm tg=0.00 mode=0 conf=0.00 lost=1 L=1.82 R=3.58
th=120 steer=35.4 ex=0.00cm ang=0.0deg z=0.0cm tg=0.00 mode=0 conf=0.00 lost=1 L=1.82 R=3.58
th=120 steer=-34.2 ex=0.00cm ang=0.0deg z=0.0cm tg=0.00 mode=0 conf=0.00 lost=2 L=3.55 R=1.85
th=120 steer=-34.2 ex=0.00cm ang=0.0deg z=0.0cm tg=0.00 mode=0 conf=0.00 lost=1 L=3.55 R=1.85
th=120 steer=-18.0 ex=0.00cm ang=0.0deg z=0.0cm tg=0.00 mode=0 conf=0.00 lost=7 L=3.15 R=2.25
th=120 steer=38.5 ex=0.00cm ang=0.0deg z=0.0cm tg=0.00 mode=0 conf=0.00 lost=1 L=1.74 R=3.66
th=120 steer=18.0 ex=0.00cm ang=0.0deg z=0.0cm tg=0.00 mode=0 conf=0.00 lost=9 L=2.25 R=3.15
th=120 steer=18.0 ex=0.00cm ang=0.0deg z=0.0cm tg=0.00 mode=0 conf=0.00 lost=8 L=2.25 R=3.15
th=120 steer=18.0 ex=0.00cm ang=0.0deg z=0.0cm tg=0.00 mode=0 conf=0.00 lost=16 L=2.25 R=3.15
th=120 steer=18.0 ex=0.00cm ang=0.0deg z=0.0cm tg=0.00 mode=0 conf=0.00 lost=24 L=2.25 R=3.15
th=120 steer=38.5 ex=0.00cm ang=0.0deg z=0.0cm tg=0.00 mode=0 conf=0.00 lost=1 L=1.74 R=3.66
th=120 steer=-35.1 ex=0.00cm ang=0.0deg z=0.0cm tg=0.00 mode=0 conf=0.00 lost=2 L=3.58 R=1.82
th=120 steer=-18.0 ex=0.00cm ang=0.0deg z=0.0cm tg=0.00 mode=0 conf=0.00 lost=10 L=3.15 R=2.25
th=120 steer=-18.0 ex=0.00cm ang=0.0deg z=0.0cm tg=0.00 mode=0 conf=0.00 lost=18 L=3.15 R=2.25
th=120 steer=-18.0 ex=0.00cm ang=0.0deg z=0.0cm tg=0.00 mode=0 conf=0.00 lost=26 L=3.15 R=2.25
th=120 steer=-35.1 ex=0.00cm ang=0.0deg z=0.0cm tg=0.00 mode=0 conf=0.00 lost=1 L=3.58 R=1.82
th=120 steer=30.7 ex=-16.76cm ang=15.9deg z=72.4cm tg=0.00 mode=1 conf=0.35 lost=0 L=1.93 R=3.47
th=120 steer=-47.8 ex=-60.38cm ang=0.4deg z=140.2cm tg=0.00 mode=0 conf=0.58 lost=0 L=3.90 R=1.50
th=120 steer=40.5 ex=-14.88cm ang=16.8deg z=72.4cm tg=0.00 mode=1 conf=0.30 lost=0 L=1.69 R=3.71
th=120 steer=47.8 ex=32.68cm ang=33.5deg z=72.4cm tg=0.00 mode=0 conf=0.24 lost=0 L=1.50 R=3.90
th=120 steer=40.6 ex=0.00cm ang=0.0deg z=0.0cm tg=0.00 mode=0 conf=0.00 lost=1 L=1.68 R=3.72
th=120 steer=40.6 ex=0.00cm ang=0.0deg z=0.0cm tg=0.00 mode=0 conf=0.00 lost=1 L=1.68 R=3.72
th=120 steer=40.6 ex=0.00cm ang=0.0deg z=0.0cm tg=0.00 mode=0 conf=0.00 lost=3 L=1.68 R=3.72
th=120 steer=40.6 ex=0.00cm ang=0.0deg z=0.0cm tg=0.00 mode=0 conf=0.00 lost=1 L=1.68 R=3.72
th=120 steer=-40.8 ex=0.00cm ang=0.0deg z=0.0cm tg=0.00 mode=0 conf=0.00 lost=3 L=3.72 R=1.68
th=120 steer=40.6 ex=0.00cm ang=0.0deg z=0.0cm tg=0.00 mode=0 conf=0.00 lost=5 L=1.68 R=3.72
th=117 steer=18.0 ex=0.00cm ang=0.0deg z=0.0cm tg=0.00 mode=0 conf=0.00 lost=13 L=2.25 R=3.15
th=120 steer=18.0 ex=0.00cm ang=0.0deg z=0.0cm tg=0.00 mode=0 conf=0.00 lost=21 L=2.25 R=3.15
th=120 steer=18.0 ex=0.00cm ang=0.0deg z=0.0cm tg=0.00 mode=0 conf=0.00 lost=29 L=2.25 R=3.15
th=120 steer=18.0 ex=0.00cm ang=0.0deg z=0.0cm tg=0.00 mode=0 conf=0.00 lost=37 L=2.25 R=3.15
th=120 steer=18.0 ex=0.00cm ang=0.0deg z=0.0cm tg=0.00 mode=0 conf=0.00 lost=45 L=2.25 R=3.15
th=120 steer=18.0 ex=0.00cm ang=0.0deg z=0.0cm tg=0.00 mode=0 conf=0.00 lost=53 L=2.25 R=3.15
th=120 steer=18.0 ex=0.00cm ang=0.0deg z=0.0cm tg=0.00 mode=0 conf=0.00 lost=61 L=2.25 R=3.15
th=120 steer=18.0 ex=0.00cm ang=0.0deg z=0.0cm tg=0.00 mode=0 conf=0.00 lost=69 L=2.25 R=3.15
th=120 steer=18.0 ex=0.00cm ang=0.0deg z=0.0cm tg=0.00 mode=0 conf=0.00 lost=77 L=2.25 R=3.15
th=120 steer=40.6 ex=0.00cm ang=0.0deg z=0.0cm tg=0.00 mode=0 conf=0.00 lost=1 L=1.68 R=3.72
th=120 steer=-0.3 ex=0.00cm ang=0.0deg z=0.0cm tg=0.00 mode=0 conf=0.00 lost=1 L=2.71 R=2.69
th=120 steer=-0.3 ex=0.00cm ang=0.0deg z=0.0cm tg=0.00 mode=0 conf=0.00 lost=1 L=2.71 R=2.69
th=120 steer=-0.3 ex=0.00cm ang=0.0deg z=0.0cm tg=0.00 mode=0 conf=0.00 lost=1 L=2.71 R=2.69
th=120 steer=-0.3 ex=0.00cm ang=0.0deg z=0.0cm tg=0.00 mode=0 conf=0.00 lost=1 L=2.71 R=2.69
th=120 steer=-0.3 ex=0.00cm ang=0.0deg z=0.0cm tg=0.00 mode=0 conf=0.00 lost=1 L=2.71 R=2.69
th=120 steer=-0.3 ex=0.00cm ang=0.0deg z=0.0cm tg=0.00 mode=0 conf=0.00 lost=1 L=2.71 R=2.69
th=120 steer=-0.3 ex=0.00cm ang=0.0deg z=0.0cm tg=0.00 mode=0 conf=0.00 lost=1 L=2.71 R=2.69
th=120 steer=8.9 ex=6.10cm ang=1.3deg z=50.0cm tg=0.00 mode=1 conf=0.16 lost=0 L=2.48 R=2.92
th=120 steer=10.4 ex=7.51cm ang=6.9deg z=50.0cm tg=0.00 mode=1 conf=0.20 lost=0 L=2.44 R=2.96
th=120 steer=15.5 ex=9.85cm ang=15.1deg z=50.0cm tg=0.00 mode=1 conf=0.25 lost=0 L=2.31 R=3.09
th=120 steer=-42.6 ex=-17.96cm ang=0.2deg z=80.4cm tg=0.00 mode=0 conf=0.52 lost=0 L=3.77 R=1.63
th=120 steer=22.2 ex=0.00cm ang=0.0deg z=0.0cm tg=0.00 mode=0 conf=0.00 lost=1 L=2.14 R=3.26
th=120 steer=14.3 ex=0.00cm ang=0.0deg z=0.0cm tg=0.00 mode=0 conf=0.00 lost=1 L=2.34 R=3.06
th=120 steer=14.3 ex=0.00cm ang=0.0deg z=0.0cm tg=0.00 mode=0 conf=0.00 lost=1 L=2.34 R=3.06
th=120 steer=36.2 ex=0.00cm ang=0.0deg z=0.0cm tg=0.00 mode=0 conf=0.00 lost=1 L=1.80 R=3.60
th=120 steer=-35.9 ex=0.00cm ang=0.0deg z=0.0cm tg=0.00 mode=0 conf=0.00 lost=1 L=3.60 R=1.80
th=120 steer=11.7 ex=-4.13cm ang=16.0deg z=75.0cm tg=0.00 mode=1 conf=0.21 lost=0 L=2.41 R=2.99
th=120 steer=11.0 ex=0.00cm ang=0.0deg z=0.0cm tg=0.00 mode=0 conf=0.00 lost=1 L=2.43 R=2.97
th=120 steer=-37.1 ex=0.00cm ang=0.0deg z=0.0cm tg=0.00 mode=0 conf=0.00 lost=1 L=3.63 R=1.77
th=120 steer=-42.9 ex=-17.04cm ang=-43.9deg z=77.5cm tg=0.00 mode=0 conf=0.70 lost=0 L=3.77 R=1.63
th=120 steer=-41.7 ex=-16.89cm ang=-43.3deg z=77.5cm tg=0.00 mode=0 conf=0.71 lost=0 L=3.74 R=1.66
th=120 steer=-35.5 ex=0.00cm ang=0.0deg z=0.0cm tg=0.00 mode=0 conf=0.00 lost=1 L=3.59 R=1.81
th=120 steer=-34.8 ex=0.00cm ang=0.0deg z=0.0cm tg=0.00 mode=0 conf=0.00 lost=1 L=3.57 R=1.83
th=120 steer=-41.2 ex=-16.62cm ang=-43.2deg z=77.5cm tg=0.00 mode=0 conf=0.68 lost=0 L=3.73 R=1.67
th=120 steer=-35.1 ex=0.00cm ang=0.0deg z=0.0cm tg=0.00 mode=0 conf=0.00 lost=1 L=3.58 R=1.82
th=120 steer=-35.1 ex=0.00cm ang=0.0deg z=0.0cm tg=0.00 mode=0 conf=0.00 lost=1 L=3.58 R=1.82
th=120 steer=29.4 ex=0.00cm ang=0.0deg z=0.0cm tg=0.00 mode=0 conf=0.00 lost=1 L=1.96 R=3.44
th=120 steer=36.2 ex=6.70cm ang=25.8deg z=75.0cm tg=0.00 mode=1 conf=0.44 lost=0 L=1.80 R=3.60
th=120 steer=-29.5 ex=0.00cm ang=0.0deg z=0.0cm tg=0.00 mode=0 conf=0.00 lost=1 L=3.44 R=1.96
th=120 steer=31.9 ex=0.00cm ang=0.0deg z=0.0cm tg=0.00 mode=0 conf=0.00 lost=1 L=1.90 R=3.50
th=120 steer=-29.0 ex=0.00cm ang=0.0deg z=0.0cm tg=0.00 mode=0 conf=0.00 lost=1 L=3.43 R=1.97
th=120 steer=32.5 ex=0.00cm ang=0.0deg z=0.0cm tg=0.00 mode=0 conf=0.00 lost=1 L=1.89 R=3.51
th=120 steer=38.0 ex=8.53cm ang=27.3deg z=75.0cm tg=0.00 mode=1 conf=0.50 lost=0 L=1.75 R=3.65
th=120 steer=-33.4 ex=0.00cm ang=0.0deg z=0.0cm tg=0.00 mode=0 conf=0.00 lost=1 L=3.53 R=1.87
th=120 steer=33.7 ex=0.00cm ang=0.0deg z=0.0cm tg=0.00 mode=0 conf=0.00 lost=1 L=1.86 R=3.54
th=120 steer=28.6 ex=0.00cm ang=0.0deg z=0.0cm tg=0.00 mode=0 conf=0.00 lost=1 L=1.98 R=3.42
th=120 steer=35.8 ex=7.08cm ang=26.2deg z=72.4cm tg=0.00 mode=1 conf=0.47 lost=0 L=1.80 R=3.60
th=120 steer=38.8 ex=8.52cm ang=27.4deg z=72.4cm tg=0.00 mode=1 conf=0.51 lost=0 L=1.73 R=3.67
th=120 steer=33.9 ex=0.00cm ang=0.0deg z=0.0cm tg=0.00 mode=0 conf=0.00 lost=1 L=1.85 R=3.55
th=120 steer=33.6 ex=0.00cm ang=0.0deg z=0.0cm tg=0.00 mode=0 conf=0.00 lost=1 L=1.86 R=3.54
th=120 steer=32.5 ex=0.00cm ang=0.0deg z=0.0cm tg=0.00 mode=0 conf=0.00 lost=1 L=1.89 R=3.51
th=120 steer=32.9 ex=0.00cm ang=0.0deg z=0.0cm tg=0.00 mode=0 conf=0.00 lost=1 L=1.88 R=3.52
th=120 steer=43.0 ex=15.95cm ang=35.3deg z=47.5cm tg=0.00 mode=0 conf=0.46 lost=0 L=1.63 R=3.77
th=120 steer=-40.0 ex=-22.41cm ang=-1.3deg z=140.2cm tg=0.00 mode=0 conf=0.52 lost=0 L=3.70 R=1.70
th=120 steer=13.6 ex=0.00cm ang=0.0deg z=0.0cm tg=0.00 mode=0 conf=0.00 lost=1 L=2.36 R=3.04
th=120 steer=-29.5 ex=0.00cm ang=0.0deg z=0.0cm tg=0.00 mode=0 conf=0.00 lost=1 L=3.44 R=1.96
th=120 steer=37.5 ex=0.00cm ang=0.0deg z=0.0cm tg=0.00 mode=0 conf=0.00 lost=1 L=1.76 R=3.64
th=120 steer=4.8 ex=0.00cm ang=0.0deg z=0.0cm tg=0.00 mode=0 conf=0.00 lost=1 L=2.58 R=2.82
th=120 steer=6.7 ex=0.00cm ang=0.0deg z=0.0cm tg=0.00 mode=0 conf=0.00 lost=1 L=2.53 R=2.87
th=120 steer=34.2 ex=0.00cm ang=0.0deg z=0.0cm tg=0.00 mode=0 conf=0.00 lost=1 L=1.84 R=3.56
th=120 steer=6.6 ex=0.00cm ang=0.0deg z=0.0cm tg=0.00 mode=0 conf=0.00 lost=1 L=2.53 R=2.87
th=120 steer=-36.3 ex=0.00cm ang=0.0deg z=0.0cm tg=0.00 mode=0 conf=0.00 lost=4 L=3.61 R=1.79
th=120 steer=36.0 ex=0.00cm ang=0.0deg z=0.0cm tg=0.00 mode=0 conf=0.00 lost=3 L=1.80 R=3.60
th=120 steer=-5.7 ex=0.00cm ang=0.0deg z=0.0cm tg=0.00 mode=0 conf=0.00 lost=1 L=2.84 R=2.56
th=120 steer=-5.7 ex=0.00cm ang=0.0deg z=0.0cm tg=0.00 mode=0 conf=0.00 lost=4 L=2.84 R=2.56
th=120 steer=-18.0 ex=0.00cm ang=0.0deg z=0.0cm tg=0.00 mode=0 conf=0.00 lost=12 L=3.15 R=2.25
th=120 steer=-5.7 ex=0.00cm ang=0.0deg z=0.0cm tg=0.00 mode=0 conf=0.00 lost=3 L=2.84 R=2.56
th=120 steer=-18.0 ex=0.00cm ang=0.0deg z=0.0cm tg=0.00 mode=0 conf=0.00 lost=11 L=3.15 R=2.25
th=120 steer=-18.0 ex=0.00cm ang=0.0deg z=0.0cm tg=0.00 mode=0 conf=0.00 lost=19 L=3.15 R=2.25
th=120 steer=-5.7 ex=0.00cm ang=0.0deg z=0.0cm tg=0.00 mode=0 conf=0.00 lost=1 L=2.84 R=2.56
th=120 steer=-18.0 ex=0.00cm ang=0.0deg z=0.0cm tg=0.00 mode=0 conf=0.00 lost=8 L=3.15 R=2.25
th=120 steer=-39.8 ex=0.00cm ang=0.0deg z=0.0cm tg=0.00 mode=0 conf=0.00 lost=1 L=3.69 R=1.71
th=120 steer=-39.8 ex=0.00cm ang=0.0deg z=0.0cm tg=0.00 mode=0 conf=0.00 lost=1 L=3.69 R=1.71
th=120 steer=-18.0 ex=0.00cm ang=0.0deg z=0.0cm tg=0.00 mode=0 conf=0.00 lost=9 L=3.15 R=2.25
th=120 steer=37.6 ex=0.00cm ang=0.0deg z=0.0cm tg=0.00 mode=0 conf=0.00 lost=1 L=1.76 R=3.64
th=120 steer=18.0 ex=0.00cm ang=0.0deg z=0.0cm tg=0.00 mode=0 conf=0.00 lost=9 L=2.25 R=3.15
th=120 steer=18.0 ex=0.00cm ang=0.0deg z=0.0cm tg=0.00 mode=0 conf=0.00 lost=17 L=2.25 R=3.15
th=120 steer=18.0 ex=0.00cm ang=0.0deg z=0.0cm tg=0.00 mode=0 conf=0.00 lost=25 L=2.25 R=3.15
th=120 steer=18.0 ex=0.00cm ang=0.0deg z=0.0cm tg=0.00 mode=0 conf=0.00 lost=33 L=2.25 R=3.15
th=120 steer=18.0 ex=0.00cm ang=0.0deg z=0.0cm tg=0.00 mode=0 conf=0.00 lost=41 L=2.25 R=3.15
th=120 steer=18.0 ex=0.00cm ang=0.0deg z=0.0cm tg=0.00 mode=0 conf=0.00 lost=49 L=2.25 R=3.15
th=120 steer=18.0 ex=0.00cm ang=0.0deg z=0.0cm tg=0.00 mode=0 conf=0.00 lost=57 L=2.25 R=3.15
th=120 steer=37.6 ex=0.00cm ang=0.0deg z=0.0cm tg=0.00 mode=0 conf=0.00 lost=1 L=1.76 R=3.64
th=120 steer=38.8 ex=0.00cm ang=0.0deg z=0.0cm tg=0.00 mode=0 conf=0.00 lost=1 L=1.73 R=3.67
th=120 steer=18.0 ex=0.00cm ang=0.0deg z=0.0cm tg=0.00 mode=0 conf=0.00 lost=7 L=2.25 R=3.15
th=120 steer=18.0 ex=0.00cm ang=0.0deg z=0.0cm tg=0.00 mode=0 conf=0.00 lost=15 L=2.25 R=3.15
th=120 steer=18.0 ex=0.00cm ang=0.0deg z=0.0cm tg=0.00 mode=0 conf=0.00 lost=23 L=2.25 R=3.15
th=120 steer=18.0 ex=0.00cm ang=0.0deg z=0.0cm tg=0.00 mode=0 conf=0.00 lost=31 L=2.25 R=3.15
th=120 steer=18.0 ex=0.00cm ang=0.0deg z=0.0cm tg=0.00 mode=0 conf=0.00 lost=39 L=2.25 R=3.15
th=120 steer=-46.0 ex=-21.66cm ang=-5.1deg z=83.2cm tg=0.00 mode=0 conf=0.43 lost=0 L=3.85 R=1.55
th=120 steer=-18.0 ex=0.00cm ang=0.0deg z=0.0cm tg=0.00 mode=0 conf=0.00 lost=8 L=3.15 R=2.25
th=120 steer=-18.0 ex=0.00cm ang=0.0deg z=0.0cm tg=0.00 mode=0 conf=0.00 lost=16 L=3.15 R=2.25
th=120 steer=-18.0 ex=0.00cm ang=0.0deg z=0.0cm tg=0.00 mode=0 conf=0.00 lost=24 L=3.15 R=2.25
th=120 steer=-18.0 ex=0.00cm ang=0.0deg z=0.0cm tg=0.00 mode=0 conf=0.00 lost=32 L=3.15 R=2.25
th=120 steer=-18.0 ex=0.00cm ang=0.0deg z=0.0cm tg=0.00 mode=0 conf=0.00 lost=40 L=3.15 R=2.25
th=120 steer=-18.0 ex=0.00cm ang=0.0deg z=0.0cm tg=0.00 mode=0 conf=0.00 lost=48 L=3.15 R=2.25
th=120 steer=-18.0 ex=0.00cm ang=0.0deg z=0.0cm tg=0.00 mode=0 conf=0.00 lost=56 L=3.15 R=2.25
th=120 steer=-18.0 ex=0.00cm ang=0.0deg z=0.0cm tg=0.00 mode=0 conf=0.00 lost=64 L=3.15 R=2.25
th=120 steer=-18.0 ex=0.00cm ang=0.0deg z=0.0cm tg=0.00 mode=0 conf=0.00 lost=72 L=3.15 R=2.25
th=120 steer=18.0 ex=0.00cm ang=0.0deg z=0.0cm tg=0.00 mode=0 conf=0.00 lost=7 L=2.25 R=3.15
th=120 steer=18.0 ex=0.00cm ang=0.0deg z=0.0cm tg=0.00 mode=0 conf=0.00 lost=15 L=2.25 R=3.15
th=120 steer=18.0 ex=0.00cm ang=0.0deg z=0.0cm tg=0.00 mode=0 conf=0.00 lost=23 L=2.25 R=3.15
th=120 steer=18.0 ex=0.00cm ang=0.0deg z=0.0cm tg=0.00 mode=0 conf=0.00 lost=31 L=2.25 R=3.15
th=120 steer=18.0 ex=0.00cm ang=0.0deg z=0.0cm tg=0.00 mode=0 conf=0.00 lost=39 L=2.25 R=3.15
th=120 steer=18.0 ex=0.00cm ang=0.0deg z=0.0cm tg=0.00 mode=0 conf=0.00 lost=47 L=2.25 R=3.15
th=120 steer=18.0 ex=0.00cm ang=0.0deg z=0.0cm tg=0.00 mode=0 conf=0.00 lost=55 L=2.25 R=3.15
th=120 steer=18.0 ex=0.00cm ang=0.0deg z=0.0cm tg=0.00 mode=0 conf=0.00 lost=63 L=2.25 R=3.15
th=120 steer=18.0 ex=0.00cm ang=0.0deg z=0.0cm tg=0.00 mode=0 conf=0.00 lost=71 L=2.25 R=3.15
th=120 steer=18.0 ex=0.00cm ang=0.0deg z=0.0cm tg=0.00 mode=0 conf=0.00 lost=79 L=2.25 R=3.15
th=120 steer=18.0 ex=0.00cm ang=0.0deg z=0.0cm tg=0.00 mode=0 conf=0.00 lost=87 L=2.25 R=3.15
th=120 steer=39.5 ex=0.00cm ang=0.0deg z=0.0cm tg=0.00 mode=0 conf=0.00 lost=1 L=1.71 R=3.69
th=120 steer=-5.4 ex=0.00cm ang=0.0deg z=0.0cm tg=0.00 mode=0 conf=0.00 lost=1 L=2.83 R=2.57
th=120 steer=-5.4 ex=0.00cm ang=0.0deg z=0.0cm tg=0.00 mode=0 conf=0.00 lost=1 L=2.83 R=2.57
th=120 steer=-5.4 ex=0.00cm ang=0.0deg z=0.0cm tg=0.00 mode=0 conf=0.00 lost=1 L=2.83 R=2.57
th=120 steer=-5.4 ex=0.00cm ang=0.0deg z=0.0cm tg=0.00 mode=0 conf=0.00 lost=1 L=2.83 R=2.57
th=120 steer=-5.4 ex=0.00cm ang=0.0deg z=0.0cm tg=0.00 mode=0 conf=0.00 lost=1 L=2.83 R=2.57
th=120 steer=-5.4 ex=0.00cm ang=0.0deg z=0.0cm tg=0.00 mode=0 conf=0.00 lost=1 L=2.83 R=2.57
th=120 steer=-18.0 ex=0.00cm ang=0.0deg z=0.0cm tg=0.00 mode=0 conf=0.00 lost=9 L=3.15 R=2.25
th=120 steer=-18.0 ex=0.00cm ang=0.0deg z=0.0cm tg=0.00 mode=0 conf=0.00 lost=17 L=3.15 R=2.25
th=120 steer=-18.0 ex=0.00cm ang=0.0deg z=0.0cm tg=0.00 mode=0 conf=0.00 lost=25 L=3.15 R=2.25
th=120 steer=-18.0 ex=0.00cm ang=0.0deg z=0.0cm tg=0.00 mode=0 conf=0.00 lost=33 L=3.15 R=2.25
th=120 steer=-18.0 ex=0.00cm ang=0.0deg z=0.0cm tg=0.00 mode=0 conf=0.00 lost=41 L=3.15 R=2.25
th=120 steer=-18.0 ex=0.00cm ang=0.0deg z=0.0cm tg=0.00 mode=0 conf=0.00 lost=49 L=3.15 R=2.25
th=120 steer=13.2 ex=1.25cm ang=61.3deg z=83.2cm tg=0.00 mode=0 conf=0.43 lost=0 L=2.37 R=3.03
th=120 steer=8.1 ex=0.14cm ang=57.8deg z=83.2cm tg=0.00 mode=0 conf=0.47 lost=0 L=2.50 R=2.90
th=120 steer=5.6 ex=-1.39cm ang=55.0deg z=83.2cm tg=0.00 mode=0 conf=0.47 lost=0 L=2.56 R=2.84
th=120 steer=18.0 ex=0.00cm ang=0.0deg z=0.0cm tg=0.00 mode=0 conf=0.00 lost=8 L=2.25 R=3.15
th=120 steer=3.6 ex=0.00cm ang=0.0deg z=0.0cm tg=0.00 mode=0 conf=0.00 lost=2 L=2.61 R=2.79
th=120 steer=18.0 ex=0.00cm ang=0.0deg z=0.0cm tg=0.00 mode=0 conf=0.00 lost=10 L=2.25 R=3.15
th=120 steer=18.0 ex=0.00cm ang=0.0deg z=0.0cm tg=0.00 mode=0 conf=0.00 lost=7 L=2.25 R=3.15
th=120 steer=2.5 ex=0.00cm ang=0.0deg z=0.0cm tg=0.00 mode=0 conf=0.00 lost=4 L=2.64 R=2.76
th=120 steer=2.2 ex=0.00cm ang=0.0deg z=0.0cm tg=0.00 mode=0 conf=0.00 lost=2 L=2.64 R=2.76
th=120 steer=2.2 ex=-1.80cm ang=38.8deg z=83.2cm tg=0.00 mode=0 conf=0.51 lost=0 L=2.64 R=2.76
th=120 steer=18.0 ex=0.00cm ang=0.0deg z=0.0cm tg=0.00 mode=0 conf=0.00 lost=7 L=2.25 R=3.15
th=120 steer=0.8 ex=0.00cm ang=0.0deg z=0.0cm tg=0.00 mode=0 conf=0.00 lost=6 L=2.68 R=2.72
th=120 steer=18.0 ex=0.00cm ang=0.0deg z=0.0cm tg=0.00 mode=0 conf=0.00 lost=14 L=2.25 R=3.15
th=120 steer=18.0 ex=0.00cm ang=0.0deg z=0.0cm tg=0.00 mode=0 conf=0.00 lost=22 L=2.25 R=3.15
th=120 steer=18.0 ex=0.00cm ang=0.0deg z=0.0cm tg=0.00 mode=0 conf=0.00 lost=30 L=2.25 R=3.15
th=120 steer=0.8 ex=0.00cm ang=0.0deg z=0.0cm tg=0.00 mode=0 conf=0.00 lost=2 L=2.68 R=2.72
th=120 steer=18.0 ex=0.00cm ang=0.0deg z=0.0cm tg=0.00 mode=0 conf=0.00 lost=10 L=2.25 R=3.15
th=120 steer=0.8 ex=0.00cm ang=0.0deg z=0.0cm tg=0.00 mode=0 conf=0.00 lost=1 L=2.68 R=2.72
th=120 steer=0.8 ex=0.00cm ang=0.0deg z=0.0cm tg=0.00 mode=0 conf=0.00 lost=1 L=2.68 R=2.72
th=120 steer=0.8 ex=0.00cm ang=0.0deg z=0.0cm tg=0.00 mode=0 conf=0.00 lost=1 L=2.68 R=2.72
th=120 steer=0.8 ex=0.00cm ang=0.0deg z=0.0cm tg=0.00 mode=0 conf=0.00 lost=1 L=2.68 R=2.72
th=120 steer=0.8 ex=0.00cm ang=0.0deg z=0.0cm tg=0.00 mode=0 conf=0.00 lost=1 L=2.68 R=2.72
th=120 steer=0.8 ex=0.00cm ang=0.0deg z=0.0cm tg=0.00 mode=0 conf=0.00 lost=1 L=2.68 R=2.72
th=120 steer=0.8 ex=0.00cm ang=0.0deg z=0.0cm tg=0.00 mode=0 conf=0.00 lost=1 L=2.68 R=2.72
th=120 steer=0.8 ex=0.00cm ang=0.0deg z=0.0cm tg=0.00 mode=0 conf=0.00 lost=1 L=2.68 R=2.72
th=120 steer=0.8 ex=0.00cm ang=0.0deg z=0.0cm tg=0.00 mode=0 conf=0.00 lost=1 L=2.68 R=2.72
th=120 steer=0.8 ex=0.00cm ang=0.0deg z=0.0cm tg=0.00 mode=0 conf=0.00 lost=1 L=2.68 R=2.72
th=120 steer=0.8 ex=0.00cm ang=0.0deg z=0.0cm tg=0.00 mode=0 conf=0.00 lost=1 L=2.68 R=2.72
th=120 steer=0.8 ex=0.00cm ang=0.0deg z=0.0cm tg=0.00 mode=0 conf=0.00 lost=1 L=2.68 R=2.72
th=120 steer=0.8 ex=0.00cm ang=0.0deg z=0.0cm tg=0.00 mode=0 conf=0.00 lost=1 L=2.68 R=2.72
th=120 steer=3.1 ex=-2.53cm ang=18.3deg z=75.0cm tg=0.00 mode=1 conf=0.57 lost=0 L=2.62 R=2.78
th=120 steer=2.9 ex=0.00cm ang=0.0deg z=0.0cm tg=0.00 mode=0 conf=0.00 lost=1 L=2.63 R=2.77
th=120 steer=2.9 ex=0.00cm ang=0.0deg z=0.0cm tg=0.00 mode=0 conf=0.00 lost=1 L=2.63 R=2.77
th=120 steer=2.9 ex=0.00cm ang=0.0deg z=0.0cm tg=0.00 mode=0 conf=0.00 lost=1 L=2.63 R=2.77
th=120 steer=2.9 ex=0.00cm ang=0.0deg z=0.0cm tg=0.00 mode=0 conf=0.00 lost=1 L=2.63 R=2.77
th=120 steer=2.9 ex=0.00cm ang=0.0deg z=0.0cm tg=0.00 mode=0 conf=0.00 lost=1 L=2.63 R=2.77
th=120 steer=2.9 ex=0.00cm ang=0.0deg z=0.0cm tg=0.00 mode=0 conf=0.00 lost=1 L=2.63 R=2.77
th=120 steer=2.9 ex=0.00cm ang=0.0deg z=0.0cm tg=0.00 mode=0 conf=0.00 lost=1 L=2.63 R=2.77
th=120 steer=2.9 ex=0.00cm ang=0.0deg z=0.0cm tg=0.00 mode=0 conf=0.00 lost=1 L=2.63 R=2.77
th=120 steer=2.9 ex=0.00cm ang=0.0deg z=0.0cm tg=0.00 mode=0 conf=0.00 lost=1 L=2.63 R=2.77
th=120 steer=2.9 ex=0.00cm ang=0.0deg z=0.0cm tg=0.00 mode=0 conf=0.00 lost=1 L=2.63 R=2.77
th=120 steer=2.9 ex=0.00cm ang=0.0deg z=0.0cm tg=0.00 mode=0 conf=0.00 lost=1 L=2.63 R=2.77
th=120 steer=2.9 ex=0.00cm ang=0.0deg z=0.0cm tg=0.00 mode=0 conf=0.00 lost=1 L=2.63 R=2.77
th=120 steer=2.9 ex=0.00cm ang=0.0deg z=0.0cm tg=0.00 mode=0 conf=0.00 lost=1 L=2.63 R=2.77
th=120 steer=2.9 ex=0.00cm ang=0.0deg z=0.0cm tg=0.00 mode=0 conf=0.00 lost=1 L=2.63 R=2.77
th=120 steer=2.9 ex=0.00cm ang=0.0deg z=0.0cm tg=0.00 mode=0 conf=0.00 lost=1 L=2.63 R=2.77
th=120 steer=2.9 ex=0.00cm ang=0.0deg z=0.0cm tg=0.00 mode=0 conf=0.00 lost=1 L=2.63 R=2.77
th=120 steer=-14.5 ex=0.00cm ang=0.0deg z=0.0cm tg=0.00 mode=0 conf=0.00 lost=1 L=3.06 R=2.34
th=120 steer=4.5 ex=0.00cm ang=0.0deg z=0.0cm tg=0.00 mode=0 conf=0.00 lost=1 L=2.59 R=2.81
th=120 steer=4.5 ex=0.00cm ang=0.0deg z=0.0cm tg=0.00 mode=0 conf=0.00 lost=1 L=2.59 R=2.81
th=120 steer=4.5 ex=0.00cm ang=0.0deg z=0.0cm tg=0.00 mode=0 conf=0.00 lost=1 L=2.59 R=2.81
th=120 steer=-19.5 ex=-10.03cm ang=4.1deg z=52.7cm tg=0.00 mode=1 conf=0.44 lost=0 L=3.19 R=2.21
th=120 steer=6.1 ex=0.00cm ang=0.0deg z=0.0cm tg=0.00 mode=0 conf=0.00 lost=1 L=2.55 R=2.85
th=120 steer=6.1 ex=0.00cm ang=0.0deg z=0.0cm tg=0.00 mode=0 conf=0.00 lost=1 L=2.55 R=2.85
th=120 steer=8.6 ex=-2.06cm ang=10.2deg z=75.0cm tg=0.00 mode=1 conf=0.60 lost=0 L=2.48 R=2.92
th=120 steer=7.3 ex=0.00cm ang=0.0deg z=0.0cm tg=0.00 mode=0 conf=0.00 lost=1 L=2.52 R=2.88
th=120 steer=-9.2 ex=0.00cm ang=0.0deg z=0.0cm tg=0.00 mode=0 conf=0.00 lost=1 L=2.93 R=2.47
th=120 steer=10.0 ex=0.00cm ang=0.0deg z=0.0cm tg=0.00 mode=0 conf=0.00 lost=1 L=2.45 R=2.95
th=120 steer=9.8 ex=-2.93cm ang=8.4deg z=75.0cm tg=0.00 mode=1 conf=0.60 lost=0 L=2.46 R=2.94
th=120 steer=8.3 ex=0.00cm ang=0.0deg z=0.0cm tg=0.00 mode=0 conf=0.00 lost=1 L=2.49 R=2.91
th=120 steer=12.1 ex=-2.96cm ang=8.4deg z=77.5cm tg=0.00 mode=1 conf=0.73 lost=0 L=2.40 R=3.00
th=120 steer=15.6 ex=-5.32cm ang=6.9deg z=77.5cm tg=0.00 mode=1 conf=0.76 lost=0 L=2.31 R=3.09
th=120 steer=4.1 ex=-4.13cm ang=7.2deg z=77.5cm tg=0.00 mode=1 conf=0.77 lost=0 L=2.60 R=2.80
th=120 steer=-0.3 ex=-5.59cm ang=6.4deg z=77.5cm tg=0.00 mode=1 conf=0.82 lost=0 L=2.71 R=2.69
th=120 steer=-46.2 ex=-32.22cm ang=-9.2deg z=140.2cm tg=0.00 mode=0 conf=0.87 lost=0 L=3.86 R=1.54
th=120 steer=-1.3 ex=-7.87cm ang=5.9deg z=77.5cm tg=0.00 mode=1 conf=0.83 lost=0 L=2.73 R=2.67
th=120 steer=4.7 ex=0.39cm ang=9.9deg z=77.5cm tg=0.00 mode=0 conf=0.81 lost=0 L=2.58 R=2.82
th=120 steer=3.0 ex=0.65cm ang=9.8deg z=77.5cm tg=0.00 mode=0 conf=0.83 lost=0 L=2.63 R=2.77
th=120 steer=1.6 ex=6.14cm ang=1.7deg z=77.5cm tg=0.00 mode=1 conf=0.74 lost=0 L=2.66 R=2.74
th=120 steer=-2.9 ex=-5.68cm ang=5.5deg z=77.5cm tg=0.00 mode=1 conf=0.78 lost=0 L=2.77 R=2.63
th=120 steer=-35.8 ex=-20.14cm ang=-3.3deg z=52.7cm tg=0.00 mode=1 conf=0.58 lost=0 L=3.60 R=1.80
th=120 steer=-2.0 ex=0.00cm ang=0.0deg z=0.0cm tg=0.00 mode=0 conf=0.00 lost=1 L=2.75 R=2.65
th=120 steer=6.2 ex=0.00cm ang=0.0deg z=0.0cm tg=0.00 mode=0 conf=0.00 lost=5 L=2.54 R=2.86
th=120 steer=28.3 ex=0.00cm ang=0.0deg z=0.0cm tg=0.00 mode=0 conf=0.00 lost=1 L=1.99 R=3.41
th=120 steer=26.0 ex=0.00cm ang=0.0deg z=0.0cm tg=0.00 mode=0 conf=0.00 lost=1 L=2.05 R=3.35
th=120 steer=1.1 ex=0.00cm ang=0.0deg z=0.0cm tg=0.00 mode=0 conf=0.00 lost=1 L=2.67 R=2.73
th=120 steer=26.5 ex=0.00cm ang=0.0deg z=0.0cm tg=0.00 mode=0 conf=0.00 lost=3 L=2.04 R=3.36
th=120 steer=40.6 ex=0.00cm ang=0.0deg z=0.0cm tg=0.00 mode=0 conf=0.00 lost=2 L=1.69 R=3.71
th=120 steer=40.3 ex=0.00cm ang=0.0deg z=0.0cm tg=0.00 mode=0 conf=0.00 lost=1 L=1.69 R=3.71
th=120 steer=47.3 ex=39.22cm ang=42.1deg z=140.2cm tg=0.00 mode=0 conf=0.58 lost=0 L=1.52 R=3.88
th=120 steer=47.2 ex=38.52cm ang=41.9deg z=140.2cm tg=0.00 mode=0 conf=0.67 lost=0 L=1.52 R=3.88
th=120 steer=-25.7 ex=0.00cm ang=0.0deg z=0.0cm tg=0.00 mode=0 conf=0.00 lost=1 L=3.34 R=2.06
th=120 steer=16.4 ex=12.32cm ang=17.8deg z=75.0cm tg=0.00 mode=1 conf=0.69 lost=0 L=2.29 R=3.11
th=120 steer=9.4 ex=0.00cm ang=0.0deg z=0.0cm tg=0.00 mode=0 conf=0.00 lost=1 L=2.46 R=2.94
th=120 steer=-42.9 ex=-13.04cm ang=-14.8deg z=77.5cm tg=0.00 mode=0 conf=0.23 lost=0 L=3.77 R=1.63
th=120 steer=10.4 ex=10.31cm ang=17.8deg z=77.5cm tg=0.00 mode=1 conf=0.77 lost=0 L=2.44 R=2.96
th=120 steer=47.3 ex=39.22cm ang=51.9deg z=140.2cm tg=0.00 mode=0 conf=0.60 lost=0 L=1.52 R=3.88
th=120 steer=11.7 ex=11.68cm ang=19.1deg z=75.0cm tg=0.00 mode=1 conf=0.68 lost=0 L=2.41 R=2.99
th=120 steer=9.7 ex=10.61cm ang=17.7deg z=77.5cm tg=0.00 mode=1 conf=0.79 lost=0 L=2.46 R=2.94
th=120 steer=16.5 ex=10.38cm ang=17.4deg z=77.5cm tg=0.00 mode=1 conf=0.79 lost=0 L=2.29 R=3.11
th=120 steer=18.8 ex=-1.95cm ang=16.4deg z=75.0cm tg=0.00 mode=1 conf=0.62 lost=0 L=2.23 R=3.17
th=120 steer=15.4 ex=-1.96cm ang=15.7deg z=75.0cm tg=0.00 mode=1 conf=0.63 lost=0 L=2.31 R=3.09
th=120 steer=-2.4 ex=0.00cm ang=0.0deg z=0.0cm tg=0.00 mode=0 conf=0.00 lost=1 L=2.76 R=2.64
th=120 steer=15.1 ex=0.00cm ang=0.0deg z=0.0cm tg=0.00 mode=0 conf=0.00 lost=1 L=2.32 R=3.08
th=120 steer=19.8 ex=1.08cm ang=9.9deg z=77.5cm tg=0.00 mode=1 conf=0.67 lost=0 L=2.20 R=3.20
th=120 steer=-1.3 ex=-6.12cm ang=15.1deg z=50.0cm tg=0.00 mode=1 conf=0.53 lost=0 L=2.73 R=2.67
th=120 steer=3.1 ex=0.33cm ang=6.5deg z=50.0cm tg=0.00 mode=0 conf=0.85 lost=0 L=2.62 R=2.78
th=120 steer=0.6 ex=0.00cm ang=0.0deg z=0.0cm tg=0.00 mode=0 conf=0.00 lost=1 L=2.68 R=2.72
th=120 steer=-0.7 ex=0.00cm ang=0.0deg z=0.0cm tg=0.00 mode=0 conf=0.00 lost=1 L=2.72 R=2.68
th=120 steer=12.0 ex=0.00cm ang=0.0deg z=0.0cm tg=0.00 mode=0 conf=0.00 lost=1 L=2.40 R=3.00
th=120 steer=-7.4 ex=-9.69cm ang=-0.4deg z=50.0cm tg=0.00 mode=1 conf=0.59 lost=0 L=2.88 R=2.52
th=120 steer=-10.2 ex=-9.42cm ang=-0.4deg z=50.0cm tg=0.00 mode=1 conf=0.60 lost=0 L=2.96 R=2.44
th=120 steer=-35.4 ex=-17.68cm ang=-13.2deg z=80.4cm tg=0.00 mode=1 conf=0.48 lost=0 L=3.58 R=1.82
th=120 steer=17.4 ex=0.00cm ang=0.0deg z=0.0cm tg=0.00 mode=0 conf=0.00 lost=1 L=2.26 R=3.14
th=120 steer=-27.1 ex=0.00cm ang=0.0deg z=0.0cm tg=0.00 mode=0 conf=0.00 lost=1 L=3.38 R=2.02
th=120 steer=21.9 ex=-1.27cm ang=4.3deg z=77.5cm tg=0.00 mode=1 conf=0.71 lost=0 L=2.15 R=3.25
th=120 steer=14.9 ex=-2.10cm ang=3.7deg z=75.0cm tg=0.00 mode=1 conf=0.62 lost=0 L=2.33 R=3.07
th=120 steer=16.7 ex=0.00cm ang=0.0deg z=0.0cm tg=0.00 mode=0 conf=0.00 lost=1 L=2.28 R=3.12
th=120 steer=20.6 ex=-2.05cm ang=3.8deg z=75.0cm tg=0.00 mode=1 conf=0.61 lost=0 L=2.19 R=3.21
th=120 steer=-32.6 ex=-16.76cm ang=-12.0deg z=77.5cm tg=0.00 mode=1 conf=0.69 lost=0 L=3.51 R=1.89
th=120 steer=-36.0 ex=-18.42cm ang=-12.7deg z=80.4cm tg=0.00 mode=1 conf=0.59 lost=0 L=3.60 R=1.80
th=120 steer=16.8 ex=0.00cm ang=0.0deg z=0.0cm tg=0.00 mode=0 conf=0.00 lost=1 L=2.28 R=3.12
th=120 steer=20.1 ex=-2.63cm ang=3.0deg z=75.0cm tg=0.00 mode=1 conf=0.61 lost=0 L=2.20 R=3.20
th=120 steer=21.2 ex=-2.38cm ang=3.1deg z=77.5cm tg=0.00 mode=1 conf=0.73 lost=0 L=2.17 R=3.23
th=120 steer=20.3 ex=-2.82cm ang=3.3deg z=77.5cm tg=0.00 mode=1 conf=0.75 lost=0 L=2.19 R=3.21
th=120 steer=-34.6 ex=-18.31cm ang=-11.9deg z=77.5cm tg=0.00 mode=1 conf=0.80 lost=0 L=3.57 R=1.83
th=120 steer=-45.9 ex=-32.69cm ang=-15.3deg z=140.2cm tg=0.00 mode=0 conf=0.51 lost=0 L=3.85 R=1.55
th=120 steer=18.7 ex=-3.23cm ang=2.6deg z=77.5cm tg=0.00 mode=1 conf=0.77 lost=0 L=2.23 R=3.17
th=120 steer=28.1 ex=2.45cm ang=6.5deg z=77.5cm tg=0.00 mode=0 conf=0.84 lost=0 L=2.00 R=3.40
th=120 steer=-46.4 ex=-33.85cm ang=-15.4deg z=140.2cm tg=0.00 mode=0 conf=0.57 lost=0 L=3.86 R=1.54
th=120 steer=19.7 ex=-3.53cm ang=2.6deg z=77.5cm tg=0.00 mode=1 conf=0.77 lost=0 L=2.21 R=3.19
th=120 steer=28.1 ex=2.19cm ang=5.7deg z=77.5cm tg=0.00 mode=0 conf=0.83 lost=0 L=2.00 R=3.40
th=120 steer=21.3 ex=3.47cm ang=5.8deg z=77.5cm tg=0.00 mode=0 conf=0.85 lost=0 L=2.17 R=3.23
th=120 steer=22.8 ex=-3.87cm ang=16.4deg z=77.5cm tg=0.00 mode=1 conf=0.74 lost=0 L=2.13 R=3.27
th=120 steer=21.5 ex=2.45cm ang=5.9deg z=77.5cm tg=0.00 mode=0 conf=0.83 lost=0 L=2.16 R=3.24
th=120 steer=-40.6 ex=-28.54cm ang=53.7deg z=140.2cm tg=0.00 mode=0 conf=0.83 lost=0 L=3.71 R=1.69
th=120 steer=29.2 ex=12.62cm ang=18.4deg z=77.5cm tg=0.00 mode=1 conf=0.85 lost=0 L=1.97 R=3.43
th=120 steer=-41.0 ex=-8.24cm ang=-40.7deg z=77.5cm tg=0.00 mode=1 conf=0.88 lost=0 L=3.73 R=1.67
th=120 steer=-46.1 ex=-21.67cm ang=-36.7deg z=77.5cm tg=0.00 mode=1 conf=0.70 lost=0 L=3.85 R=1.55
th=120 steer=-42.0 ex=-19.08cm ang=-41.7deg z=50.0cm tg=0.00 mode=1 conf=0.49 lost=0 L=3.75 R=1.65
th=120 steer=-38.3 ex=-7.40cm ang=-40.0deg z=50.0cm tg=0.00 mode=1 conf=0.39 lost=0 L=3.66 R=1.74
th=120 steer=28.7 ex=21.24cm ang=-40.4deg z=50.0cm tg=0.00 mode=1 conf=0.25 lost=0 L=1.98 R=3.42
th=120 steer=32.5 ex=22.71cm ang=-32.1deg z=50.0cm tg=0.00 mode=1 conf=0.28 lost=0 L=1.89 R=3.51
th=120 steer=-19.8 ex=0.00cm ang=0.0deg z=0.0cm tg=0.00 mode=0 conf=0.00 lost=1 L=3.19 R=2.21
th=120 steer=-24.6 ex=-11.85cm ang=-3.8deg z=50.0cm tg=0.00 mode=1 conf=0.77 lost=0 L=3.32 R=2.08
th=120 steer=29.6 ex=15.16cm ang=16.9deg z=50.0cm tg=0.00 mode=0 conf=1.00 lost=0 L=1.96 R=3.44
th=120 steer=-18.7 ex=-10.55cm ang=-3.4deg z=50.0cm tg=0.00 mode=1 conf=0.77 lost=0 L=3.17 R=2.23
th=120 steer=42.9 ex=17.15cm ang=21.4deg z=50.0cm tg=0.00 mode=0 conf=0.83 lost=0 L=1.63 R=3.77
th=120 steer=-22.5 ex=0.00cm ang=0.0deg z=0.0cm tg=0.00 mode=0 conf=0.00 lost=1 L=3.26 R=2.14
th=120 steer=40.9 ex=17.74cm ang=22.0deg z=50.0cm tg=0.00 mode=0 conf=0.83 lost=0 L=1.68 R=3.72
th=120 steer=-31.7 ex=-16.10cm ang=-6.3deg z=50.0cm tg=0.00 mode=1 conf=0.56 lost=0 L=3.49 R=1.91
th=120 steer=-35.4 ex=0.00cm ang=0.0deg z=0.0cm tg=0.00 mode=0 conf=0.00 lost=1 L=3.58 R=1.82
th=120 steer=-26.6 ex=-12.33cm ang=-3.8deg z=50.0cm tg=0.00 mode=1 conf=0.64 lost=0 L=3.36 R=2.04
th=120 steer=43.9 ex=28.14cm ang=18.2deg z=50.0cm tg=0.00 mode=1 conf=0.98 lost=0 L=1.60 R=3.80
th=120 steer=45.4 ex=31.51cm ang=18.7deg z=77.5cm tg=0.00 mode=1 conf=1.00 lost=0 L=1.57 R=3.83
th=120 steer=-45.1 ex=-23.11cm ang=-10.6deg z=140.2cm tg=0.00 mode=0 conf=0.83 lost=0 L=3.83 R=1.57
th=120 steer=39.2 ex=0.00cm ang=0.0deg z=0.0cm tg=0.00 mode=0 conf=0.00 lost=1 L=1.72 R=3.68
th=120 steer=39.1 ex=0.00cm ang=0.0deg z=0.0cm tg=0.00 mode=0 conf=0.00 lost=1 L=1.72 R=3.68
th=120 steer=38.8 ex=0.00cm ang=0.0deg z=0.0cm tg=0.00 mode=0 conf=0.00 lost=4 L=1.73 R=3.67
th=120 steer=18.0 ex=0.00cm ang=0.0deg z=0.0cm tg=0.00 mode=0 conf=0.00 lost=12 L=2.25 R=3.15
th=120 steer=18.0 ex=0.00cm ang=0.0deg z=0.0cm tg=0.00 mode=0 conf=0.00 lost=20 L=2.25 R=3.15
th=120 steer=18.0 ex=0.00cm ang=0.0deg z=0.0cm tg=0.00 mode=0 conf=0.00 lost=28 L=2.25 R=3.15
th=120 steer=18.0 ex=0.00cm ang=0.0deg z=0.0cm tg=0.00 mode=0 conf=0.00 lost=36 L=2.25 R=3.15
th=120 steer=18.0 ex=0.00cm ang=0.0deg z=0.0cm tg=0.00 mode=0 conf=0.00 lost=44 L=2.25 R=3.15
th=120 steer=-38.4 ex=0.00cm ang=0.0deg z=0.0cm tg=0.00 mode=0 conf=0.00 lost=5 L=3.66 R=1.74
th=120 steer=-18.0 ex=0.00cm ang=0.0deg z=0.0cm tg=0.00 mode=0 conf=0.00 lost=13 L=3.15 R=2.25
th=120 steer=-18.0 ex=0.00cm ang=0.0deg z=0.0cm tg=0.00 mode=0 conf=0.00 lost=21 L=3.15 R=2.25
th=120 steer=-18.0 ex=0.00cm ang=0.0deg z=0.0cm tg=0.00 mode=0 conf=0.00 lost=29 L=3.15 R=2.25
th=120 steer=-18.0 ex=0.00cm ang=0.0deg z=0.0cm tg=0.00 mode=0 conf=0.00 lost=37 L=3.15 R=2.25
th=120 steer=18.0 ex=0.00cm ang=0.0deg z=0.0cm tg=0.00 mode=0 conf=0.00 lost=7 L=2.25 R=3.15
th=120 steer=18.0 ex=0.00cm ang=0.0deg z=0.0cm tg=0.00 mode=0 conf=0.00 lost=15 L=2.25 R=3.15
th=120 steer=18.0 ex=0.00cm ang=0.0deg z=0.0cm tg=0.00 mode=0 conf=0.00 lost=23 L=2.25 R=3.15
th=120 steer=18.0 ex=0.00cm ang=0.0deg z=0.0cm tg=0.00 mode=0 conf=0.00 lost=31 L=2.25 R=3.15
th=120 steer=18.0 ex=0.00cm ang=0.0deg z=0.0cm tg=0.00 mode=0 conf=0.00 lost=39 L=2.25 R=3.15
th=120 steer=-38.5 ex=0.00cm ang=0.0deg z=0.0cm tg=0.00 mode=0 conf=0.00 lost=2 L=3.66 R=1.74
th=120 steer=-18.0 ex=0.00cm ang=0.0deg z=0.0cm tg=0.00 mode=0 conf=0.00 lost=10 L=3.15 R=2.25
th=120 steer=-18.0 ex=0.00cm ang=0.0deg z=0.0cm tg=0.00 mode=0 conf=0.00 lost=18 L=3.15 R=2.25
th=120 steer=-18.0 ex=0.00cm ang=0.0deg z=0.0cm tg=0.00 mode=0 conf=0.00 lost=26 L=3.15 R=2.25
th=120 steer=-18.0 ex=0.00cm ang=0.0deg z=0.0cm tg=0.00 mode=0 conf=0.00 lost=34 L=3.15 R=2.25
th=120 steer=-18.0 ex=0.00cm ang=0.0deg z=0.0cm tg=0.00 mode=0 conf=0.00 lost=42 L=3.15 R=2.25
th=120 steer=-18.0 ex=0.00cm ang=0.0deg z=0.0cm tg=0.00 mode=0 conf=0.00 lost=50 L=3.15 R=2.25
th=120 steer=39.9 ex=0.00cm ang=0.0deg z=0.0cm tg=0.00 mode=0 conf=0.00 lost=3 L=1.70 R=3.70
th=120 steer=18.0 ex=0.00cm ang=0.0deg z=0.0cm tg=0.00 mode=0 conf=0.00 lost=11 L=2.25 R=3.15
th=120 steer=18.0 ex=0.00cm ang=0.0deg z=0.0cm tg=0.00 mode=0 conf=0.00 lost=19 L=2.25 R=3.15
th=120 steer=18.0 ex=0.00cm ang=0.0deg z=0.0cm tg=0.00 mode=0 conf=0.00 lost=27 L=2.25 R=3.15
th=120 steer=18.0 ex=0.00cm ang=0.0deg z=0.0cm tg=0.00 mode=0 conf=0.00 lost=35 L=2.25 R=3.15
th=120 steer=18.0 ex=0.00cm ang=0.0deg z=0.0cm tg=0.00 mode=0 conf=0.00 lost=43 L=2.25 R=3.15
th=120 steer=18.0 ex=0.00cm ang=0.0deg z=0.0cm tg=0.00 mode=0 conf=0.00 lost=51 L=2.25 R=3.15
th=120 steer=39.9 ex=0.00cm ang=0.0deg z=0.0cm tg=0.00 mode=0 conf=0.00 lost=1 L=1.70 R=3.70
th=120 steer=0.5 ex=8.69cm ang=-33.1deg z=50.0cm tg=0.00 mode=1 conf=0.19 lost=0 L=2.69 R=2.71
th=120 steer=2.5 ex=8.24cm ang=-29.6deg z=50.0cm tg=0.00 mode=1 conf=0.23 lost=0 L=2.64 R=2.76
th=120 steer=2.0 ex=8.45cm ang=-33.7deg z=50.0cm tg=0.00 mode=1 conf=0.30 lost=0 L=2.65 R=2.75
th=120 steer=-20.4 ex=0.00cm ang=0.0deg z=0.0cm tg=0.00 mode=0 conf=0.00 lost=1 L=3.21 R=2.19
th=120 steer=-20.4 ex=0.00cm ang=0.0deg z=0.0cm tg=0.00 mode=0 conf=0.00 lost=5 L=3.21 R=2.19
th=120 steer=-18.0 ex=0.00cm ang=0.0deg z=0.0cm tg=0.00 mode=0 conf=0.00 lost=13 L=3.15 R=2.25
INFO: line_follow_transfer: Terminating.
