WARNING: Solid "track_overlay" > Shape  > PBRAppearance "PBRAppearance" > ImageTexture : Texture image size of 'D:/用户/Lenovo/桌面/Robocup/generated/track_with_obstacle_start.png' is not a power of two: rescaling it from 3820x2600 to 4096x4096.
INFO: line_follow_transfer: Starting controller: python.exe -u line_follow_transfer.py
line_follow_transfer: camera=320x240, timestep=32ms
th=120 steer=34.8 ex=23.48cm ang=26.0deg z=140.2cm tg=0.80 mode=1 conf=0.81 lost=0 L=0.64 R=1.92
th=120 steer=16.8 ex=23.33cm ang=-21.3deg z=140.2cm tg=0.80 mode=1 conf=0.83 lost=0 L=0.97 R=1.59
th=120 steer=-32.2 ex=-6.41cm ang=13.9deg z=140.2cm tg=0.80 mode=1 conf=0.95 lost=0 L=1.87 R=0.69
th=120 steer=-23.6 ex=-10.74cm ang=14.8deg z=140.2cm tg=0.80 mode=1 conf=0.91 lost=0 L=1.71 R=0.85
th=120 steer=23.1 ex=23.73cm ang=-21.2deg z=140.2cm tg=0.80 mode=1 conf=0.85 lost=0 L=0.86 R=1.70
th=120 steer=-27.5 ex=-8.33cm ang=14.8deg z=140.2cm tg=0.80 mode=1 conf=0.93 lost=0 L=1.79 R=0.77
th=120 steer=35.9 ex=24.32cm ang=27.2deg z=140.2cm tg=0.80 mode=1 conf=0.80 lost=0 L=0.62 R=1.94
th=120 steer=-17.4 ex=-1.94cm ang=-25.5deg z=140.2cm tg=0.37 mode=1 conf=0.93 lost=0 L=1.98 R=1.34
th=120 steer=-24.6 ex=-11.57cm ang=16.0deg z=140.2cm tg=0.80 mode=1 conf=0.96 lost=0 L=1.73 R=0.83
th=120 steer=-16.6 ex=-2.68cm ang=-25.7deg z=140.2cm tg=0.52 mode=1 conf=0.92 lost=0 L=1.84 R=1.23
th=120 steer=32.3 ex=23.73cm ang=-22.1deg z=140.2cm tg=0.80 mode=1 conf=0.85 lost=0 L=0.69 R=1.87
th=120 steer=3.4 ex=23.57cm ang=-44.6deg z=140.2cm tg=0.80 mode=1 conf=0.84 lost=0 L=1.22 R=1.34
th=120 steer=-28.1 ex=-10.74cm ang=17.1deg z=140.2cm tg=0.80 mode=1 conf=0.94 lost=0 L=1.80 R=0.76
th=120 steer=-30.1 ex=-10.58cm ang=17.7deg z=140.2cm tg=0.80 mode=1 conf=0.97 lost=0 L=1.83 R=0.73
th=120 steer=-3.5 ex=22.25cm ang=-49.2deg z=140.2cm tg=0.80 mode=1 conf=0.88 lost=0 L=1.35 R=1.21
th=120 steer=33.2 ex=22.18cm ang=-27.0deg z=140.2cm tg=0.80 mode=1 conf=0.87 lost=0 L=0.67 R=1.89
th=120 steer=-3.5 ex=-5.18cm ang=-26.4deg z=140.2cm tg=0.80 mode=1 conf=0.92 lost=0 L=1.34 R=1.22
th=120 steer=-34.5 ex=-5.36cm ang=-48.7deg z=140.2cm tg=0.80 mode=1 conf=0.93 lost=0 L=1.91 R=0.65
th=120 steer=-3.8 ex=-5.92cm ang=-26.8deg z=140.2cm tg=0.80 mode=1 conf=0.93 lost=0 L=1.35 R=1.21
th=120 steer=33.5 ex=22.40cm ang=-27.3deg z=140.2cm tg=0.80 mode=1 conf=0.90 lost=0 L=0.66 R=1.90
th=120 steer=-5.1 ex=-6.38cm ang=-26.8deg z=140.2cm tg=0.80 mode=1 conf=0.93 lost=0 L=1.37 R=1.19
th=120 steer=-3.1 ex=22.40cm ang=-49.7deg z=140.2cm tg=0.80 mode=1 conf=0.89 lost=0 L=1.34 R=1.22
th=120 steer=-13.3 ex=22.63cm ang=-49.6deg z=140.2cm tg=0.80 mode=1 conf=0.90 lost=0 L=1.53 R=1.03
th=120 steer=-35.3 ex=-7.67cm ang=-49.5deg z=140.2cm tg=0.80 mode=1 conf=0.95 lost=0 L=1.93 R=0.63
th=120 steer=-5.6 ex=22.40cm ang=-50.1deg z=140.2cm tg=0.80 mode=1 conf=0.90 lost=0 L=1.38 R=1.18
th=120 steer=-13.8 ex=22.63cm ang=-50.0deg z=140.2cm tg=0.80 mode=1 conf=0.91 lost=0 L=1.53 R=1.03
th=120 steer=-16.0 ex=-9.15cm ang=-27.5deg z=140.2cm tg=0.80 mode=1 conf=0.93 lost=0 L=1.58 R=0.98
th=120 steer=31.1 ex=22.48cm ang=-28.2deg z=140.2cm tg=0.80 mode=1 conf=0.89 lost=0 L=0.71 R=1.85
th=120 steer=-17.2 ex=22.55cm ang=-50.5deg z=140.2cm tg=0.80 mode=1 conf=0.90 lost=0 L=1.60 R=0.96
th=120 steer=-19.0 ex=-10.17cm ang=-27.8deg z=140.2cm tg=0.80 mode=1 conf=0.94 lost=0 L=1.63 R=0.93
th=120 steer=33.0 ex=22.40cm ang=-28.6deg z=140.2cm tg=0.80 mode=1 conf=0.90 lost=0 L=0.67 R=1.89
th=120 steer=-17.5 ex=22.55cm ang=-50.9deg z=140.2cm tg=0.80 mode=1 conf=0.91 lost=0 L=1.60 R=0.96
th=120 steer=-21.4 ex=-11.93cm ang=-28.2deg z=140.2cm tg=0.80 mode=1 conf=0.94 lost=0 L=1.67 R=0.89
th=120 steer=31.0 ex=22.40cm ang=-29.0deg z=140.2cm tg=0.80 mode=1 conf=0.91 lost=0 L=0.71 R=1.85
th=120 steer=-22.5 ex=-13.04cm ang=-28.6deg z=140.2cm tg=0.80 mode=1 conf=0.92 lost=0 L=1.69 R=0.87
th=120 steer=30.2 ex=22.55cm ang=-29.1deg z=140.2cm tg=0.80 mode=1 conf=0.91 lost=0 L=0.72 R=1.84
th=120 steer=-25.4 ex=-13.78cm ang=-28.8deg z=140.2cm tg=0.80 mode=1 conf=0.93 lost=0 L=1.75 R=0.81
th=120 steer=-24.1 ex=-14.79cm ang=-29.1deg z=140.2cm tg=0.80 mode=1 conf=0.94 lost=0 L=1.72 R=0.84
th=120 steer=29.9 ex=22.48cm ang=-29.6deg z=140.2cm tg=0.80 mode=1 conf=0.90 lost=0 L=0.73 R=1.83
th=120 steer=29.6 ex=22.63cm ang=-29.7deg z=140.2cm tg=0.80 mode=1 conf=0.91 lost=0 L=0.73 R=1.83
th=120 steer=4.1 ex=3.33cm ang=-29.6deg z=140.2cm tg=0.64 mode=1 conf=0.89 lost=0 L=1.35 R=1.50
th=120 steer=4.5 ex=3.04cm ang=-29.6deg z=140.2cm tg=0.59 mode=1 conf=0.88 lost=0 L=1.39 R=1.56
th=120 steer=4.5 ex=2.94cm ang=-29.6deg z=140.2cm tg=0.57 mode=1 conf=0.87 lost=0 L=1.41 R=1.57
th=120 steer=4.3 ex=2.21cm ang=-30.1deg z=140.2cm tg=0.43 mode=1 conf=0.87 lost=0 L=1.54 R=1.70
th=120 steer=7.8 ex=2.12cm ang=-30.2deg z=140.2cm tg=0.41 mode=1 conf=0.88 lost=0 L=1.49 R=1.78
th=120 steer=-27.0 ex=-18.95cm ang=-29.4deg z=140.2cm tg=0.80 mode=1 conf=0.83 lost=0 L=1.78 R=0.78
th=120 steer=0.4 ex=1.36cm ang=-30.5deg z=140.2cm tg=0.26 mode=1 conf=0.86 lost=0 L=1.76 R=1.77
th=120 steer=-29.9 ex=-19.88cm ang=-29.9deg z=140.2cm tg=0.80 mode=1 conf=0.81 lost=0 L=1.83 R=0.73
th=120 steer=31.2 ex=23.00cm ang=-30.4deg z=140.2cm tg=0.80 mode=1 conf=0.82 lost=0 L=0.71 R=1.85
th=120 steer=30.4 ex=23.23cm ang=-30.4deg z=140.2cm tg=0.80 mode=1 conf=0.80 lost=0 L=0.72 R=1.84
th=120 steer=-4.2 ex=-0.08cm ang=-30.0deg z=140.2cm tg=0.02 mode=1 conf=0.77 lost=0 L=2.06 R=1.91
th=120 steer=2.8 ex=-6.58cm ang=21.6deg z=140.2cm tg=0.80 mode=1 conf=0.98 lost=0 L=1.23 R=1.33
th=120 steer=3.2 ex=-6.46cm ang=21.5deg z=140.2cm tg=0.80 mode=1 conf=0.98 lost=0 L=1.22 R=1.34
th=120 steer=3.9 ex=-6.07cm ang=21.6deg z=140.2cm tg=0.80 mode=1 conf=0.98 lost=0 L=1.21 R=1.35
th=120 steer=4.0 ex=-5.94cm ang=21.7deg z=140.2cm tg=0.80 mode=1 conf=0.97 lost=0 L=1.21 R=1.35
th=120 steer=5.2 ex=-5.29cm ang=21.8deg z=140.2cm tg=0.80 mode=1 conf=0.98 lost=0 L=1.18 R=1.38
th=120 steer=7.6 ex=-5.68cm ang=21.7deg z=140.2cm tg=0.80 mode=1 conf=0.98 lost=0 L=1.14 R=1.42
th=120 steer=-4.3 ex=-0.65cm ang=-31.6deg z=140.2cm tg=0.13 mode=1 conf=0.75 lost=0 L=1.97 R=1.81
th=116 steer=-4.2 ex=-0.81cm ang=-32.0deg z=140.2cm tg=0.16 mode=1 conf=0.75 lost=0 L=1.94 R=1.78
th=120 steer=-6.2 ex=-2.32cm ang=-32.5deg z=140.2cm tg=0.45 mode=1 conf=0.77 lost=0 L=1.71 R=1.48
th=120 steer=-3.9 ex=-11.49cm ang=20.8deg z=140.2cm tg=0.80 mode=1 conf=0.98 lost=0 L=1.35 R=1.21
th=120 steer=-7.0 ex=-13.56cm ang=20.6deg z=140.2cm tg=0.80 mode=1 conf=0.98 lost=0 L=1.41 R=1.15
th=120 steer=-10.9 ex=-16.40cm ang=20.0deg z=140.2cm tg=0.80 mode=1 conf=0.97 lost=0 L=1.48 R=1.08
th=120 steer=34.1 ex=25.30cm ang=26.3deg z=140.2cm tg=0.80 mode=1 conf=0.74 lost=0 L=0.65 R=1.91
th=120 steer=-27.8 ex=-19.63cm ang=20.0deg z=140.2cm tg=0.80 mode=1 conf=0.96 lost=0 L=1.79 R=0.77
th=120 steer=32.8 ex=25.18cm ang=27.3deg z=140.2cm tg=0.80 mode=1 conf=0.73 lost=0 L=0.68 R=1.88
th=120 steer=33.7 ex=24.81cm ang=26.5deg z=140.2cm tg=0.80 mode=1 conf=0.72 lost=0 L=0.66 R=1.90
th=120 steer=33.2 ex=25.40cm ang=24.7deg z=140.2cm tg=0.80 mode=1 conf=0.76 lost=0 L=0.67 R=1.89
th=120 steer=-30.4 ex=-27.50cm ang=20.2deg z=140.2cm tg=0.80 mode=1 conf=0.98 lost=0 L=1.84 R=0.72
th=120 steer=30.1 ex=26.64cm ang=24.8deg z=140.2cm tg=0.80 mode=1 conf=0.73 lost=0 L=0.73 R=1.83
th=120 steer=33.0 ex=26.56cm ang=24.4deg z=140.2cm tg=0.80 mode=1 conf=0.67 lost=0 L=0.67 R=1.89
th=120 steer=33.0 ex=26.64cm ang=24.3deg z=140.2cm tg=0.80 mode=1 conf=0.67 lost=0 L=0.67 R=1.89
th=120 steer=32.9 ex=26.60cm ang=23.4deg z=140.2cm tg=0.80 mode=1 conf=0.68 lost=0 L=0.67 R=1.89
th=120 steer=33.0 ex=26.56cm ang=23.8deg z=140.2cm tg=0.80 mode=1 conf=0.68 lost=0 L=0.67 R=1.89
th=120 steer=33.0 ex=26.56cm ang=23.6deg z=140.2cm tg=0.80 mode=1 conf=0.65 lost=0 L=0.67 R=1.89
th=120 steer=33.0 ex=26.47cm ang=23.3deg z=140.2cm tg=0.80 mode=1 conf=0.61 lost=0 L=0.67 R=1.89
th=120 steer=-34.9 ex=-33.57cm ang=17.0deg z=140.2cm tg=0.80 mode=1 conf=0.83 lost=0 L=1.92 R=0.64
th=120 steer=-34.7 ex=-33.55cm ang=16.3deg z=140.2cm tg=0.80 mode=1 conf=0.78 lost=0 L=1.92 R=0.64
th=120 steer=-35.0 ex=-35.35cm ang=16.2deg z=140.2cm tg=0.80 mode=1 conf=0.78 lost=0 L=1.92 R=0.64
th=120 steer=-35.3 ex=-37.01cm ang=15.9deg z=140.2cm tg=0.80 mode=1 conf=0.78 lost=0 L=1.93 R=0.63
th=120 steer=-35.6 ex=-39.09cm ang=14.1deg z=140.2cm tg=0.80 mode=1 conf=0.71 lost=0 L=1.93 R=0.63
th=120 steer=-35.6 ex=-39.55cm ang=14.8deg z=140.2cm tg=0.80 mode=1 conf=0.68 lost=0 L=1.94 R=0.62
th=120 steer=33.1 ex=28.07cm ang=21.3deg z=140.2cm tg=0.80 mode=1 conf=0.63 lost=0 L=0.67 R=1.89
th=120 steer=33.0 ex=27.98cm ang=21.0deg z=140.2cm tg=0.80 mode=1 conf=0.63 lost=0 L=0.67 R=1.89
th=120 steer=33.0 ex=27.89cm ang=20.6deg z=140.2cm tg=0.80 mode=1 conf=0.63 lost=0 L=0.67 R=1.89
th=120 steer=-36.1 ex=-39.69cm ang=2.7deg z=140.2cm tg=0.80 mode=1 conf=0.98 lost=0 L=1.94 R=0.62
th=120 steer=-36.2 ex=-42.26cm ang=1.7deg z=140.2cm tg=0.80 mode=1 conf=0.98 lost=0 L=1.95 R=0.61
th=120 steer=30.2 ex=28.16cm ang=20.1deg z=140.2cm tg=0.80 mode=1 conf=0.63 lost=0 L=0.72 R=1.84
th=120 steer=33.1 ex=27.98cm ang=19.6deg z=140.2cm tg=0.80 mode=1 conf=0.63 lost=0 L=0.67 R=1.89
th=120 steer=33.3 ex=27.80cm ang=19.3deg z=140.2cm tg=0.80 mode=1 conf=0.63 lost=0 L=0.67 R=1.89
th=120 steer=-36.5 ex=-50.64cm ang=-0.3deg z=140.2cm tg=0.80 mode=1 conf=0.98 lost=0 L=1.95 R=0.61
th=120 steer=-36.5 ex=-54.02cm ang=-0.8deg z=140.2cm tg=0.80 mode=1 conf=0.97 lost=0 L=1.95 R=0.61
th=120 steer=33.3 ex=28.07cm ang=18.5deg z=140.2cm tg=0.80 mode=1 conf=0.62 lost=0 L=0.67 R=1.89
th=120 steer=33.0 ex=27.80cm ang=17.7deg z=140.2cm tg=0.80 mode=1 conf=0.54 lost=0 L=0.67 R=1.89
th=120 steer=-36.6 ex=-65.94cm ang=-4.1deg z=149.6cm tg=0.80 mode=1 conf=0.76 lost=0 L=1.95 R=0.61
th=120 steer=-36.7 ex=-69.53cm ang=-6.7deg z=149.6cm tg=0.80 mode=1 conf=0.63 lost=0 L=1.95 R=0.61
th=120 steer=-36.7 ex=-74.15cm ang=-6.7deg z=159.0cm tg=0.80 mode=1 conf=0.57 lost=0 L=1.96 R=0.60
th=120 steer=-25.7 ex=-74.41cm ang=-7.6deg z=159.0cm tg=1.00 mode=1 conf=0.00 lost=1 L=1.30 R=0.35
th=120 steer=-25.7 ex=-76.00cm ang=-9.4deg z=159.0cm tg=1.00 mode=1 conf=0.00 lost=2 L=1.30 R=0.35
th=120 steer=25.7 ex=25.78cm ang=40.7deg z=75.0cm tg=1.00 mode=1 conf=0.00 lost=3 L=0.35 R=1.30
th=120 steer=-36.7 ex=-76.80cm ang=-9.5deg z=159.0cm tg=0.80 mode=1 conf=0.51 lost=0 L=1.96 R=0.60
th=120 steer=-11.0 ex=-76.80cm ang=-9.5deg z=159.0cm tg=1.00 mode=1 conf=0.00 lost=8 L=1.03 R=0.62
th=120 steer=-11.0 ex=-76.80cm ang=-9.5deg z=159.0cm tg=1.00 mode=1 conf=0.00 lost=16 L=1.03 R=0.62
th=120 steer=25.6 ex=24.56cm ang=29.6deg z=75.5cm tg=1.00 mode=1 conf=0.00 lost=2 L=0.35 R=1.30
th=120 steer=11.0 ex=38.35cm ang=42.8deg z=77.5cm tg=1.00 mode=1 conf=0.00 lost=7 L=0.62 R=1.03
th=120 steer=11.0 ex=38.35cm ang=42.8deg z=77.5cm tg=1.00 mode=1 conf=0.00 lost=15 L=0.62 R=1.03
th=120 steer=11.0 ex=38.35cm ang=42.8deg z=77.5cm tg=1.00 mode=1 conf=0.00 lost=23 L=0.62 R=1.03
th=120 steer=-25.7 ex=-77.33cm ang=-11.4deg z=159.0cm tg=1.00 mode=1 conf=0.00 lost=4 L=1.30 R=0.35
th=120 steer=-11.0 ex=-77.33cm ang=-11.4deg z=159.0cm tg=1.00 mode=1 conf=0.00 lost=12 L=1.03 R=0.62
th=120 steer=-11.0 ex=-77.33cm ang=-11.4deg z=159.0cm tg=1.00 mode=1 conf=0.00 lost=20 L=1.03 R=0.62
th=120 steer=25.7 ex=41.27cm ang=43.1deg z=80.4cm tg=1.00 mode=1 conf=0.00 lost=1 L=0.35 R=1.30
th=120 steer=11.0 ex=41.27cm ang=43.1deg z=80.4cm tg=1.00 mode=1 conf=0.00 lost=9 L=0.62 R=1.03
th=120 steer=11.0 ex=41.27cm ang=43.1deg z=80.4cm tg=1.00 mode=1 conf=0.00 lost=17 L=0.62 R=1.03
th=120 steer=11.0 ex=41.27cm ang=43.1deg z=80.4cm tg=1.00 mode=1 conf=0.00 lost=25 L=0.62 R=1.03
th=120 steer=11.0 ex=41.27cm ang=43.1deg z=80.4cm tg=1.00 mode=1 conf=0.00 lost=33 L=0.62 R=1.03
th=120 steer=11.0 ex=41.27cm ang=43.1deg z=80.4cm tg=1.00 mode=1 conf=0.00 lost=41 L=0.62 R=1.03
th=120 steer=-25.7 ex=-78.65cm ang=-13.9deg z=159.0cm tg=1.00 mode=1 conf=0.00 lost=6 L=1.30 R=0.35
th=120 steer=-11.0 ex=-78.65cm ang=-13.9deg z=159.0cm tg=1.00 mode=1 conf=0.00 lost=14 L=1.03 R=0.62
th=120 steer=-11.0 ex=-78.65cm ang=-13.9deg z=159.0cm tg=1.00 mode=1 conf=0.00 lost=22 L=1.03 R=0.62
th=120 steer=-11.0 ex=-78.65cm ang=-13.9deg z=159.0cm tg=1.00 mode=1 conf=0.00 lost=30 L=1.03 R=0.62
th=120 steer=-11.0 ex=-78.65cm ang=-13.9deg z=159.0cm tg=1.00 mode=1 conf=0.00 lost=38 L=1.03 R=0.62
th=120 steer=-11.0 ex=-78.65cm ang=-13.9deg z=159.0cm tg=1.00 mode=1 conf=0.00 lost=46 L=1.03 R=0.62
th=120 steer=25.2 ex=11.42cm ang=73.1deg z=78.7cm tg=1.00 mode=1 conf=0.00 lost=2 L=0.36 R=1.29
th=120 steer=25.6 ex=41.27cm ang=43.1deg z=80.4cm tg=1.00 mode=1 conf=0.00 lost=6 L=0.35 R=1.30
th=115 steer=11.0 ex=41.27cm ang=43.1deg z=80.4cm tg=1.00 mode=1 conf=0.00 lost=14 L=0.62 R=1.03
th=120 steer=11.0 ex=41.27cm ang=43.1deg z=80.4cm tg=1.00 mode=1 conf=0.00 lost=22 L=0.62 R=1.03
th=120 steer=11.0 ex=41.27cm ang=43.1deg z=80.4cm tg=1.00 mode=1 conf=0.00 lost=30 L=0.62 R=1.03
th=120 steer=11.0 ex=41.27cm ang=43.1deg z=80.4cm tg=1.00 mode=1 conf=0.00 lost=38 L=0.62 R=1.03
th=120 steer=11.0 ex=41.27cm ang=43.1deg z=80.4cm tg=1.00 mode=1 conf=0.00 lost=46 L=0.62 R=1.03
th=120 steer=-26.2 ex=17.49cm ang=27.8deg z=171.1cm tg=0.80 mode=1 conf=0.34 lost=0 L=1.76 R=0.80
th=120 steer=-26.0 ex=13.55cm ang=27.3deg z=171.1cm tg=0.80 mode=1 conf=0.34 lost=0 L=1.76 R=0.80
th=120 steer=-16.1 ex=20.26cm ang=27.0deg z=171.1cm tg=0.80 mode=1 conf=0.44 lost=0 L=1.58 R=0.98
th=120 steer=-10.0 ex=32.29cm ang=7.0deg z=171.1cm tg=0.80 mode=1 conf=0.25 lost=0 L=1.46 R=1.10
th=120 steer=-1.9 ex=32.29cm ang=5.0deg z=171.1cm tg=1.00 mode=1 conf=0.00 lost=5 L=0.86 R=0.79
th=120 steer=-11.0 ex=32.29cm ang=5.0deg z=171.1cm tg=1.00 mode=1 conf=0.00 lost=13 L=1.03 R=0.62
th=120 steer=-11.0 ex=32.29cm ang=5.0deg z=171.1cm tg=1.00 mode=1 conf=0.00 lost=21 L=1.03 R=0.62
th=120 steer=25.1 ex=32.18cm ang=43.0deg z=72.4cm tg=1.00 mode=1 conf=0.00 lost=3 L=0.36 R=1.29
th=120 steer=11.0 ex=32.18cm ang=43.0deg z=72.4cm tg=1.00 mode=1 conf=0.00 lost=11 L=0.62 R=1.03
th=120 steer=11.0 ex=32.18cm ang=43.0deg z=72.4cm tg=1.00 mode=1 conf=0.00 lost=19 L=0.62 R=1.03
th=120 steer=11.0 ex=32.18cm ang=43.0deg z=72.4cm tg=1.00 mode=1 conf=0.00 lost=27 L=0.62 R=1.03
th=120 steer=2.8 ex=13.90cm ang=25.0deg z=171.1cm tg=1.00 mode=1 conf=0.00 lost=6 L=0.77 R=0.88
th=120 steer=-36.7 ex=-81.30cm ang=-19.3deg z=159.0cm tg=0.80 mode=1 conf=0.50 lost=0 L=1.96 R=0.60
th=120 steer=2.0 ex=11.93cm ang=24.5deg z=159.0cm tg=0.80 mode=1 conf=0.66 lost=0 L=1.24 R=1.32
th=120 steer=-14.2 ex=9.82cm ang=22.3deg z=171.1cm tg=0.80 mode=1 conf=0.54 lost=0 L=1.54 R=1.02
th=120 steer=-20.2 ex=13.94cm ang=22.0deg z=171.1cm tg=0.80 mode=1 conf=0.64 lost=0 L=1.65 R=0.91
th=120 steer=-25.7 ex=13.17cm ang=21.5deg z=171.1cm tg=0.80 mode=1 conf=0.64 lost=0 L=1.75 R=0.81
th=120 steer=-26.8 ex=11.10cm ang=21.3deg z=171.1cm tg=0.80 mode=1 conf=0.64 lost=0 L=1.77 R=0.79
th=120 steer=-27.4 ex=9.55cm ang=20.6deg z=171.1cm tg=0.80 mode=1 conf=0.65 lost=0 L=1.78 R=0.78
th=120 steer=30.0 ex=8.26cm ang=64.7deg z=77.5cm tg=0.80 mode=1 conf=0.98 lost=0 L=0.73 R=1.83
th=120 steer=-29.6 ex=7.49cm ang=19.7deg z=171.1cm tg=0.80 mode=1 conf=0.66 lost=0 L=1.82 R=0.74
th=120 steer=27.8 ex=5.68cm ang=62.7deg z=77.5cm tg=0.80 mode=1 conf=0.98 lost=0 L=0.77 R=1.79
th=120 steer=-29.3 ex=5.42cm ang=18.8deg z=171.1cm tg=0.80 mode=1 conf=0.65 lost=0 L=1.82 R=0.74
th=120 steer=26.6 ex=3.10cm ang=61.1deg z=77.5cm tg=0.60 mode=1 conf=0.98 lost=0 L=0.97 R=1.95
th=120 steer=22.6 ex=2.58cm ang=59.7deg z=77.5cm tg=0.50 mode=1 conf=0.98 lost=0 L=1.14 R=1.97
INFO: line_follow_transfer: Terminating.
